2026-01-16 18:19:02,934 - __main__ - INFO - [Debug] 程序已启动
2026-01-16 18:19:02,934 - __main__ - INFO - [Debug] Chrome Options 配置完成
2026-01-16 18:19:02,934 - __main__ - INFO - [Debug] profile is github-marl-3h-shaq-5agent
2026-01-16 18:19:03,459 - web_test.multi_agent_thread - INFO - SHAQ initializing on device: cpu
2026-01-16 18:19:48,147 - web_test.multi_agent_thread - INFO - Thread 0: Webdriver created successfully
2026-01-16 18:19:48,152 - web_test.multi_agent_thread - INFO - Thread 0: Execution start
2026-01-16 18:19:49,069 - web_test.multi_agent_thread - INFO - Thread 1: Webdriver created successfully
2026-01-16 18:19:49,070 - web_test.multi_agent_thread - INFO - Thread 1: Execution start
2026-01-16 18:19:50,023 - web_test.multi_agent_thread - INFO - Thread 2: Webdriver created successfully
2026-01-16 18:19:50,023 - web_test.multi_agent_thread - INFO - Thread 2: Execution start
2026-01-16 18:19:51,048 - web_test.multi_agent_thread - INFO - Thread 3: Webdriver created successfully
2026-01-16 18:19:51,049 - web_test.multi_agent_thread - INFO - Thread 3: Execution start
2026-01-16 18:19:52,204 - web_test.multi_agent_thread - INFO - Thread 4: Webdriver created successfully
2026-01-16 18:19:52,204 - web_test.multi_agent_thread - INFO - Thread 4: Execution start
2026-01-16 18:20:08,211 - web_test.multi_agent_thread - INFO - Thread 0: Detect browser error: {'level': 'SEVERE', 'message': "https://github.githubassets.com/assets/78298-e2b301acbc0e.js 0:4954 Uncaught DOMException: Failed to execute 'matches' on 'Element': '[open]:not(:modal)' is not a valid selector.", 'source': 'javascript', 'timestamp': 1768558792135}
2026-01-16 18:20:08,211 - web_test.multi_agent_thread - INFO - Thread 0: Detect browser error: {'level': 'SEVERE', 'message': "https://github.githubassets.com/assets/78298-e2b301acbc0e.js 0:4954 Uncaught DOMException: Failed to execute 'matches' on 'Element': '[open]:not(:modal)' is not a valid selector.", 'source': 'javascript', 'timestamp': 1768558792141}
2026-01-16 18:20:08,211 - web_test.multi_agent_thread - INFO - Thread 0: Detect browser error: {'level': 'WARNING', 'message': 'https://github.githubassets.com/assets/14312-5e06208defc2.js 9 Deprecated API for given entry type.', 'source': 'javascript', 'timestamp': 1768558792262}
2026-01-16 18:20:08,212 - web_test.multi_agent_thread - INFO - Thread 0: Detect browser error: {'level': 'WARNING', 'message': "https://github.com/ - The resource https://github.githubassets.com/assets/mona-sans-14595085164a.woff2 was preloaded using link preload but not used within a few seconds from the window's load event. Please make sure it has an appropriate `as` value and it is preloaded intentionally.", 'source': 'javascript', 'timestamp': 1768558798552}
2026-01-16 18:20:08,212 - web_test.multi_agent_thread - INFO - Thread 0: Initial state: ActionSetWithExecutionTimesState(action_number=101, action_execution_time_histogram=[101, 0, 0, 0, 0, 0, 0, 0, 0, 0], url=https://github.com/)
2026-01-16 18:20:11,914 - web_test.multi_agent_thread - INFO - Thread 2: Detect browser error: {'level': 'SEVERE', 'message': "https://github.githubassets.com/assets/78298-e2b301acbc0e.js 0:4954 Uncaught DOMException: Failed to execute 'matches' on 'Element': '[open]:not(:modal)' is not a valid selector.", 'source': 'javascript', 'timestamp': 1768558794505}
2026-01-16 18:20:11,914 - web_test.multi_agent_thread - INFO - Thread 2: Detect browser error: {'level': 'SEVERE', 'message': "https://github.githubassets.com/assets/78298-e2b301acbc0e.js 0:4954 Uncaught DOMException: Failed to execute 'matches' on 'Element': '[open]:not(:modal)' is not a valid selector.", 'source': 'javascript', 'timestamp': 1768558794508}
2026-01-16 18:20:11,914 - web_test.multi_agent_thread - INFO - Thread 2: Detect browser error: {'level': 'WARNING', 'message': 'https://github.githubassets.com/assets/14312-5e06208defc2.js 9 Deprecated API for given entry type.', 'source': 'javascript', 'timestamp': 1768558795582}
2026-01-16 18:20:11,914 - web_test.multi_agent_thread - INFO - Thread 2: Detect browser error: {'level': 'WARNING', 'message': "https://github.com/ - The resource https://github.githubassets.com/assets/mona-sans-14595085164a.woff2 was preloaded using link preload but not used within a few seconds from the window's load event. Please make sure it has an appropriate `as` value and it is preloaded intentionally.", 'source': 'javascript', 'timestamp': 1768558802795}
2026-01-16 18:20:11,914 - web_test.multi_agent_thread - INFO - Thread 2: Initial state: ActionSetWithExecutionTimesState(action_number=101, action_execution_time_histogram=[101, 0, 0, 0, 0, 0, 0, 0, 0, 0], url=https://github.com/)
2026-01-16 18:20:12,029 - web_test.multi_agent_thread - INFO - Thread 3: Detect browser error: {'level': 'SEVERE', 'message': "https://github.githubassets.com/assets/78298-e2b301acbc0e.js 0:4954 Uncaught DOMException: Failed to execute 'matches' on 'Element': '[open]:not(:modal)' is not a valid selector.", 'source': 'javascript', 'timestamp': 1768558795070}
2026-01-16 18:20:12,029 - web_test.multi_agent_thread - INFO - Thread 3: Detect browser error: {'level': 'SEVERE', 'message': "https://github.githubassets.com/assets/78298-e2b301acbc0e.js 0:4954 Uncaught DOMException: Failed to execute 'matches' on 'Element': '[open]:not(:modal)' is not a valid selector.", 'source': 'javascript', 'timestamp': 1768558795073}
2026-01-16 18:20:12,029 - web_test.multi_agent_thread - INFO - Thread 3: Detect browser error: {'level': 'WARNING', 'message': 'https://github.githubassets.com/assets/14312-5e06208defc2.js 9 Deprecated API for given entry type.', 'source': 'javascript', 'timestamp': 1768558795232}
2026-01-16 18:20:12,029 - web_test.multi_agent_thread - INFO - Thread 3: Detect browser error: {'level': 'WARNING', 'message': "https://github.com/ - The resource https://github.githubassets.com/assets/mona-sans-14595085164a.woff2 was preloaded using link preload but not used within a few seconds from the window's load event. Please make sure it has an appropriate `as` value and it is preloaded intentionally.", 'source': 'javascript', 'timestamp': 1768558802967}
2026-01-16 18:20:12,030 - web_test.multi_agent_thread - INFO - Thread 3: Initial state: ActionSetWithExecutionTimesState(action_number=101, action_execution_time_histogram=[101, 0, 0, 0, 0, 0, 0, 0, 0, 0], url=https://github.com/)
2026-01-16 18:20:12,123 - web_test.multi_agent_thread - INFO - Thread 1: Detect browser error: {'level': 'SEVERE', 'message': "https://github.githubassets.com/assets/78298-e2b301acbc0e.js 0:4954 Uncaught DOMException: Failed to execute 'matches' on 'Element': '[open]:not(:modal)' is not a valid selector.", 'source': 'javascript', 'timestamp': 1768558793682}
2026-01-16 18:20:12,123 - web_test.multi_agent_thread - INFO - Thread 1: Detect browser error: {'level': 'SEVERE', 'message': "https://github.githubassets.com/assets/78298-e2b301acbc0e.js 0:4954 Uncaught DOMException: Failed to execute 'matches' on 'Element': '[open]:not(:modal)' is not a valid selector.", 'source': 'javascript', 'timestamp': 1768558793685}
2026-01-16 18:20:12,123 - web_test.multi_agent_thread - INFO - Thread 1: Detect browser error: {'level': 'WARNING', 'message': 'https://github.githubassets.com/assets/14312-5e06208defc2.js 9 Deprecated API for given entry type.', 'source': 'javascript', 'timestamp': 1768558794939}
2026-01-16 18:20:12,123 - web_test.multi_agent_thread - INFO - Thread 1: Detect browser error: {'level': 'WARNING', 'message': "https://github.com/ - The resource https://github.githubassets.com/assets/mona-sans-14595085164a.woff2 was preloaded using link preload but not used within a few seconds from the window's load event. Please make sure it has an appropriate `as` value and it is preloaded intentionally.", 'source': 'javascript', 'timestamp': 1768558803720}
2026-01-16 18:20:12,123 - web_test.multi_agent_thread - INFO - Thread 1: Initial state: ActionSetWithExecutionTimesState(action_number=101, action_execution_time_histogram=[101, 0, 0, 0, 0, 0, 0, 0, 0, 0], url=https://github.com/)
2026-01-16 18:20:14,929 - web_test.multi_agent_thread - INFO - Thread 4: Detect browser error: {'level': 'SEVERE', 'message': "https://github.githubassets.com/assets/78298-e2b301acbc0e.js 0:4954 Uncaught DOMException: Failed to execute 'matches' on 'Element': '[open]:not(:modal)' is not a valid selector.", 'source': 'javascript', 'timestamp': 1768558797595}
2026-01-16 18:20:14,929 - web_test.multi_agent_thread - INFO - Thread 4: Detect browser error: {'level': 'SEVERE', 'message': "https://github.githubassets.com/assets/78298-e2b301acbc0e.js 0:4954 Uncaught DOMException: Failed to execute 'matches' on 'Element': '[open]:not(:modal)' is not a valid selector.", 'source': 'javascript', 'timestamp': 1768558797596}
2026-01-16 18:20:14,929 - web_test.multi_agent_thread - INFO - Thread 4: Detect browser error: {'level': 'WARNING', 'message': 'https://github.githubassets.com/assets/14312-5e06208defc2.js 9 Deprecated API for given entry type.', 'source': 'javascript', 'timestamp': 1768558798518}
2026-01-16 18:20:14,929 - web_test.multi_agent_thread - INFO - Thread 4: Detect browser error: {'level': 'WARNING', 'message': "https://github.com/ - The resource https://github.githubassets.com/assets/mona-sans-14595085164a.woff2 was preloaded using link preload but not used within a few seconds from the window's load event. Please make sure it has an appropriate `as` value and it is preloaded intentionally.", 'source': 'javascript', 'timestamp': 1768558809886}
2026-01-16 18:20:14,930 - web_test.multi_agent_thread - INFO - Thread 4: Initial state: ActionSetWithExecutionTimesState(action_number=101, action_execution_time_histogram=[101, 0, 0, 0, 0, 0, 0, 0, 0, 0], url=https://github.com/)
2026-01-16 18:20:18,414 - multi_agent.multi_agent_system - INFO - [0] State initialized.
2026-01-16 18:20:18,507 - multi_agent.multi_agent_system - ERROR - [0] Error in generating action: Given groups=1, weight of size [24, 1, 7], expected input[1, 101, 52] to have 1 channels, but got 101 channels instead
2026-01-16 18:20:18,507 - web_test.multi_agent_thread - ERROR - Thread 0: Error happened
Traceback (most recent call last):
  File "/Users/harryhou/artifacts/web_test/multi_agent_thread.py", line 89, in run
    chosen_action = self.multi_agent_system.get_action(self.current_state, html, self.agent_name,
                                                       self.current_url, self.check_result)
  File "/Users/harryhou/artifacts/multi_agent/multi_agent_system.py", line 93, in get_action
    raise e  # 根据需要，可选择抛异常或返回默认动作
    ^^^^^^^
  File "/Users/harryhou/artifacts/multi_agent/multi_agent_system.py", line 83, in get_action
    chosen_action = self.get_action_algorithm(web_state, html, agent_name)
  File "/Users/harryhou/artifacts/multi_agent/impl/shaq.py", line 225, in get_action_algorithm
    q_values = self.agents_q[agent_name](input_tensor).flatten()
               ~~~~~~~~~~~~~~~~~~~~~~~~~^^^^^^^^^^^^^^
  File "/Users/harryhou/miniconda3/lib/python3.13/site-packages/torch/nn/modules/module.py", line 1775, in _wrapped_call_impl
    return self._call_impl(*args, **kwargs)
           ~~~~~~~~~~~~~~~^^^^^^^^^^^^^^^^^
  File "/Users/harryhou/miniconda3/lib/python3.13/site-packages/torch/nn/modules/module.py", line 1786, in _call_impl
    return forward_call(*args, **kwargs)
  File "/Users/harryhou/artifacts/model/dense_net.py", line 75, in forward
    x = self.conv1(x)
  File "/Users/harryhou/miniconda3/lib/python3.13/site-packages/torch/nn/modules/module.py", line 1775, in _wrapped_call_impl
    return self._call_impl(*args, **kwargs)
           ~~~~~~~~~~~~~~~^^^^^^^^^^^^^^^^^
  File "/Users/harryhou/miniconda3/lib/python3.13/site-packages/torch/nn/modules/module.py", line 1786, in _call_impl
    return forward_call(*args, **kwargs)
  File "/Users/harryhou/miniconda3/lib/python3.13/site-packages/torch/nn/modules/conv.py", line 371, in forward
    return self._conv_forward(input, self.weight, self.bias)
           ~~~~~~~~~~~~~~~~~~^^^^^^^^^^^^^^^^^^^^^^^^^^^^^^^
  File "/Users/harryhou/miniconda3/lib/python3.13/site-packages/torch/nn/modules/conv.py", line 366, in _conv_forward
    return F.conv1d(
           ~~~~~~~~^
        input, weight, bias, self.stride, self.padding, self.dilation, self.groups
        ^^^^^^^^^^^^^^^^^^^^^^^^^^^^^^^^^^^^^^^^^^^^^^^^^^^^^^^^^^^^^^^^^^^^^^^^^^
    )
    ^
RuntimeError: Given groups=1, weight of size [24, 1, 7], expected input[1, 101, 52] to have 1 channels, but got 101 channels instead
2026-01-16 18:20:19,565 - web_test.multi_agent_thread - INFO - Thread 0: Webdriver restart successfully
2026-01-16 18:20:22,110 - multi_agent.multi_agent_system - INFO - [2] State initialized.
2026-01-16 18:20:22,145 - multi_agent.multi_agent_system - ERROR - [2] Error in generating action: Given groups=1, weight of size [24, 1, 7], expected input[1, 101, 52] to have 1 channels, but got 101 channels instead
2026-01-16 18:20:22,145 - web_test.multi_agent_thread - ERROR - Thread 2: Error happened
Traceback (most recent call last):
  File "/Users/harryhou/artifacts/web_test/multi_agent_thread.py", line 89, in run
    chosen_action = self.multi_agent_system.get_action(self.current_state, html, self.agent_name,
                                                       self.current_url, self.check_result)
  File "/Users/harryhou/artifacts/multi_agent/multi_agent_system.py", line 93, in get_action
    raise e  # 根据需要，可选择抛异常或返回默认动作
    ^^^^^^^
  File "/Users/harryhou/artifacts/multi_agent/multi_agent_system.py", line 83, in get_action
    chosen_action = self.get_action_algorithm(web_state, html, agent_name)
  File "/Users/harryhou/artifacts/multi_agent/impl/shaq.py", line 225, in get_action_algorithm
    q_values = self.agents_q[agent_name](input_tensor).flatten()
               ~~~~~~~~~~~~~~~~~~~~~~~~~^^^^^^^^^^^^^^
  File "/Users/harryhou/miniconda3/lib/python3.13/site-packages/torch/nn/modules/module.py", line 1775, in _wrapped_call_impl
    return self._call_impl(*args, **kwargs)
           ~~~~~~~~~~~~~~~^^^^^^^^^^^^^^^^^
  File "/Users/harryhou/miniconda3/lib/python3.13/site-packages/torch/nn/modules/module.py", line 1786, in _call_impl
    return forward_call(*args, **kwargs)
  File "/Users/harryhou/artifacts/model/dense_net.py", line 75, in forward
    x = self.conv1(x)
  File "/Users/harryhou/miniconda3/lib/python3.13/site-packages/torch/nn/modules/module.py", line 1775, in _wrapped_call_impl
    return self._call_impl(*args, **kwargs)
           ~~~~~~~~~~~~~~~^^^^^^^^^^^^^^^^^
  File "/Users/harryhou/miniconda3/lib/python3.13/site-packages/torch/nn/modules/module.py", line 1786, in _call_impl
    return forward_call(*args, **kwargs)
  File "/Users/harryhou/miniconda3/lib/python3.13/site-packages/torch/nn/modules/conv.py", line 371, in forward
    return self._conv_forward(input, self.weight, self.bias)
           ~~~~~~~~~~~~~~~~~~^^^^^^^^^^^^^^^^^^^^^^^^^^^^^^^
  File "/Users/harryhou/miniconda3/lib/python3.13/site-packages/torch/nn/modules/conv.py", line 366, in _conv_forward
    return F.conv1d(
           ~~~~~~~~^
        input, weight, bias, self.stride, self.padding, self.dilation, self.groups
        ^^^^^^^^^^^^^^^^^^^^^^^^^^^^^^^^^^^^^^^^^^^^^^^^^^^^^^^^^^^^^^^^^^^^^^^^^^
    )
    ^
RuntimeError: Given groups=1, weight of size [24, 1, 7], expected input[1, 101, 52] to have 1 channels, but got 101 channels instead
2026-01-16 18:20:22,282 - multi_agent.multi_agent_system - INFO - [3] State initialized.
2026-01-16 18:20:22,314 - multi_agent.multi_agent_system - ERROR - [3] Error in generating action: Given groups=1, weight of size [24, 1, 7], expected input[1, 101, 52] to have 1 channels, but got 101 channels instead
2026-01-16 18:20:22,314 - web_test.multi_agent_thread - ERROR - Thread 3: Error happened
Traceback (most recent call last):
  File "/Users/harryhou/artifacts/web_test/multi_agent_thread.py", line 89, in run
    chosen_action = self.multi_agent_system.get_action(self.current_state, html, self.agent_name,
                                                       self.current_url, self.check_result)
  File "/Users/harryhou/artifacts/multi_agent/multi_agent_system.py", line 93, in get_action
    raise e  # 根据需要，可选择抛异常或返回默认动作
    ^^^^^^^
  File "/Users/harryhou/artifacts/multi_agent/multi_agent_system.py", line 83, in get_action
    chosen_action = self.get_action_algorithm(web_state, html, agent_name)
  File "/Users/harryhou/artifacts/multi_agent/impl/shaq.py", line 225, in get_action_algorithm
    q_values = self.agents_q[agent_name](input_tensor).flatten()
               ~~~~~~~~~~~~~~~~~~~~~~~~~^^^^^^^^^^^^^^
  File "/Users/harryhou/miniconda3/lib/python3.13/site-packages/torch/nn/modules/module.py", line 1775, in _wrapped_call_impl
    return self._call_impl(*args, **kwargs)
           ~~~~~~~~~~~~~~~^^^^^^^^^^^^^^^^^
  File "/Users/harryhou/miniconda3/lib/python3.13/site-packages/torch/nn/modules/module.py", line 1786, in _call_impl
    return forward_call(*args, **kwargs)
  File "/Users/harryhou/artifacts/model/dense_net.py", line 75, in forward
    x = self.conv1(x)
  File "/Users/harryhou/miniconda3/lib/python3.13/site-packages/torch/nn/modules/module.py", line 1775, in _wrapped_call_impl
    return self._call_impl(*args, **kwargs)
           ~~~~~~~~~~~~~~~^^^^^^^^^^^^^^^^^
  File "/Users/harryhou/miniconda3/lib/python3.13/site-packages/torch/nn/modules/module.py", line 1786, in _call_impl
    return forward_call(*args, **kwargs)
  File "/Users/harryhou/miniconda3/lib/python3.13/site-packages/torch/nn/modules/conv.py", line 371, in forward
    return self._conv_forward(input, self.weight, self.bias)
           ~~~~~~~~~~~~~~~~~~^^^^^^^^^^^^^^^^^^^^^^^^^^^^^^^
  File "/Users/harryhou/miniconda3/lib/python3.13/site-packages/torch/nn/modules/conv.py", line 366, in _conv_forward
    return F.conv1d(
           ~~~~~~~~^
        input, weight, bias, self.stride, self.padding, self.dilation, self.groups
        ^^^^^^^^^^^^^^^^^^^^^^^^^^^^^^^^^^^^^^^^^^^^^^^^^^^^^^^^^^^^^^^^^^^^^^^^^^
    )
    ^
RuntimeError: Given groups=1, weight of size [24, 1, 7], expected input[1, 101, 52] to have 1 channels, but got 101 channels instead
2026-01-16 18:20:22,356 - multi_agent.multi_agent_system - INFO - [1] State initialized.
2026-01-16 18:20:22,390 - multi_agent.multi_agent_system - ERROR - [1] Error in generating action: Given groups=1, weight of size [24, 1, 7], expected input[1, 101, 52] to have 1 channels, but got 101 channels instead
2026-01-16 18:20:22,390 - web_test.multi_agent_thread - ERROR - Thread 1: Error happened
Traceback (most recent call last):
  File "/Users/harryhou/artifacts/web_test/multi_agent_thread.py", line 89, in run
    chosen_action = self.multi_agent_system.get_action(self.current_state, html, self.agent_name,
                                                       self.current_url, self.check_result)
  File "/Users/harryhou/artifacts/multi_agent/multi_agent_system.py", line 93, in get_action
    raise e  # 根据需要，可选择抛异常或返回默认动作
    ^^^^^^^
  File "/Users/harryhou/artifacts/multi_agent/multi_agent_system.py", line 83, in get_action
    chosen_action = self.get_action_algorithm(web_state, html, agent_name)
  File "/Users/harryhou/artifacts/multi_agent/impl/shaq.py", line 225, in get_action_algorithm
    q_values = self.agents_q[agent_name](input_tensor).flatten()
               ~~~~~~~~~~~~~~~~~~~~~~~~~^^^^^^^^^^^^^^
  File "/Users/harryhou/miniconda3/lib/python3.13/site-packages/torch/nn/modules/module.py", line 1775, in _wrapped_call_impl
    return self._call_impl(*args, **kwargs)
           ~~~~~~~~~~~~~~~^^^^^^^^^^^^^^^^^
  File "/Users/harryhou/miniconda3/lib/python3.13/site-packages/torch/nn/modules/module.py", line 1786, in _call_impl
    return forward_call(*args, **kwargs)
  File "/Users/harryhou/artifacts/model/dense_net.py", line 75, in forward
    x = self.conv1(x)
  File "/Users/harryhou/miniconda3/lib/python3.13/site-packages/torch/nn/modules/module.py", line 1775, in _wrapped_call_impl
    return self._call_impl(*args, **kwargs)
           ~~~~~~~~~~~~~~~^^^^^^^^^^^^^^^^^
  File "/Users/harryhou/miniconda3/lib/python3.13/site-packages/torch/nn/modules/module.py", line 1786, in _call_impl
    return forward_call(*args, **kwargs)
  File "/Users/harryhou/miniconda3/lib/python3.13/site-packages/torch/nn/modules/conv.py", line 371, in forward
    return self._conv_forward(input, self.weight, self.bias)
           ~~~~~~~~~~~~~~~~~~^^^^^^^^^^^^^^^^^^^^^^^^^^^^^^^
  File "/Users/harryhou/miniconda3/lib/python3.13/site-packages/torch/nn/modules/conv.py", line 366, in _conv_forward
    return F.conv1d(
           ~~~~~~~~^
        input, weight, bias, self.stride, self.padding, self.dilation, self.groups
        ^^^^^^^^^^^^^^^^^^^^^^^^^^^^^^^^^^^^^^^^^^^^^^^^^^^^^^^^^^^^^^^^^^^^^^^^^^
    )
    ^
RuntimeError: Given groups=1, weight of size [24, 1, 7], expected input[1, 101, 52] to have 1 channels, but got 101 channels instead
2026-01-16 18:20:23,887 - web_test.multi_agent_thread - INFO - Thread 2: Webdriver restart successfully
2026-01-16 18:20:24,048 - web_test.multi_agent_thread - INFO - Thread 3: Webdriver restart successfully
2026-01-16 18:20:24,222 - web_test.multi_agent_thread - INFO - Thread 1: Webdriver restart successfully
2026-01-16 18:20:25,296 - multi_agent.multi_agent_system - INFO - [4] State initialized.
2026-01-16 18:20:25,330 - multi_agent.multi_agent_system - ERROR - [4] Error in generating action: Given groups=1, weight of size [24, 1, 7], expected input[1, 101, 52] to have 1 channels, but got 101 channels instead
2026-01-16 18:20:25,330 - web_test.multi_agent_thread - ERROR - Thread 4: Error happened
Traceback (most recent call last):
  File "/Users/harryhou/artifacts/web_test/multi_agent_thread.py", line 89, in run
    chosen_action = self.multi_agent_system.get_action(self.current_state, html, self.agent_name,
                                                       self.current_url, self.check_result)
  File "/Users/harryhou/artifacts/multi_agent/multi_agent_system.py", line 93, in get_action
    raise e  # 根据需要，可选择抛异常或返回默认动作
    ^^^^^^^
  File "/Users/harryhou/artifacts/multi_agent/multi_agent_system.py", line 83, in get_action
    chosen_action = self.get_action_algorithm(web_state, html, agent_name)
  File "/Users/harryhou/artifacts/multi_agent/impl/shaq.py", line 225, in get_action_algorithm
    q_values = self.agents_q[agent_name](input_tensor).flatten()
               ~~~~~~~~~~~~~~~~~~~~~~~~~^^^^^^^^^^^^^^
  File "/Users/harryhou/miniconda3/lib/python3.13/site-packages/torch/nn/modules/module.py", line 1775, in _wrapped_call_impl
    return self._call_impl(*args, **kwargs)
           ~~~~~~~~~~~~~~~^^^^^^^^^^^^^^^^^
  File "/Users/harryhou/miniconda3/lib/python3.13/site-packages/torch/nn/modules/module.py", line 1786, in _call_impl
    return forward_call(*args, **kwargs)
  File "/Users/harryhou/artifacts/model/dense_net.py", line 75, in forward
    x = self.conv1(x)
  File "/Users/harryhou/miniconda3/lib/python3.13/site-packages/torch/nn/modules/module.py", line 1775, in _wrapped_call_impl
    return self._call_impl(*args, **kwargs)
           ~~~~~~~~~~~~~~~^^^^^^^^^^^^^^^^^
  File "/Users/harryhou/miniconda3/lib/python3.13/site-packages/torch/nn/modules/module.py", line 1786, in _call_impl
    return forward_call(*args, **kwargs)
  File "/Users/harryhou/miniconda3/lib/python3.13/site-packages/torch/nn/modules/conv.py", line 371, in forward
    return self._conv_forward(input, self.weight, self.bias)
           ~~~~~~~~~~~~~~~~~~^^^^^^^^^^^^^^^^^^^^^^^^^^^^^^^
  File "/Users/harryhou/miniconda3/lib/python3.13/site-packages/torch/nn/modules/conv.py", line 366, in _conv_forward
    return F.conv1d(
           ~~~~~~~~^
        input, weight, bias, self.stride, self.padding, self.dilation, self.groups
        ^^^^^^^^^^^^^^^^^^^^^^^^^^^^^^^^^^^^^^^^^^^^^^^^^^^^^^^^^^^^^^^^^^^^^^^^^^
    )
    ^
RuntimeError: Given groups=1, weight of size [24, 1, 7], expected input[1, 101, 52] to have 1 channels, but got 101 channels instead
2026-01-16 18:20:26,577 - web_test.multi_agent_thread - INFO - Thread 4: Webdriver restart successfully
2026-01-16 18:20:39,578 - web_test.multi_agent_thread - INFO - Thread 0: Detect browser error: {'level': 'SEVERE', 'message': "https://github.githubassets.com/assets/78298-e2b301acbc0e.js 0:4954 Uncaught DOMException: Failed to execute 'matches' on 'Element': '[open]:not(:modal)' is not a valid selector.", 'source': 'javascript', 'timestamp': 1768558823909}
2026-01-16 18:20:39,578 - web_test.multi_agent_thread - INFO - Thread 0: Detect browser error: {'level': 'SEVERE', 'message': "https://github.githubassets.com/assets/78298-e2b301acbc0e.js 0:4954 Uncaught DOMException: Failed to execute 'matches' on 'Element': '[open]:not(:modal)' is not a valid selector.", 'source': 'javascript', 'timestamp': 1768558823911}
2026-01-16 18:20:39,578 - web_test.multi_agent_thread - INFO - Thread 0: Detect browser error: {'level': 'WARNING', 'message': 'https://github.githubassets.com/assets/14312-5e06208defc2.js 9 Deprecated API for given entry type.', 'source': 'javascript', 'timestamp': 1768558824367}
2026-01-16 18:20:39,578 - web_test.multi_agent_thread - INFO - Thread 0: Detect browser error: {'level': 'WARNING', 'message': "https://github.com/ - The resource https://github.githubassets.com/assets/mona-sans-14595085164a.woff2 was preloaded using link preload but not used within a few seconds from the window's load event. Please make sure it has an appropriate `as` value and it is preloaded intentionally.", 'source': 'javascript', 'timestamp': 1768558830378}
2026-01-16 18:20:39,578 - web_test.multi_agent_thread - INFO - Thread 0: Detect browser error: {'level': 'WARNING', 'message': "https://github.com/ - The resource https://github.githubassets.com/assets/mona-sans-14595085164a.woff2 was preloaded using link preload but not used within a few seconds from the window's load event. Please make sure it has an appropriate `as` value and it is preloaded intentionally.", 'source': 'javascript', 'timestamp': 1768558834313}
2026-01-16 18:20:39,580 - web_test.multi_agent_thread - INFO - Thread 0: Initial state: ActionSetWithExecutionTimesState(action_number=101, action_execution_time_histogram=[101, 0, 0, 0, 0, 0, 0, 0, 0, 0], url=https://github.com/)
2026-01-16 18:20:39,580 - multi_agent.multi_agent_system - ERROR - [0] Handling exception, resetting state.
2026-01-16 18:20:39,580 - multi_agent.multi_agent_system - INFO - [0] State initialized.
2026-01-16 18:20:41,638 - web_test.multi_agent_thread - INFO - Thread 3: Detect browser error: {'level': 'SEVERE', 'message': "https://github.githubassets.com/assets/78298-e2b301acbc0e.js 0:4954 Uncaught DOMException: Failed to execute 'matches' on 'Element': '[open]:not(:modal)' is not a valid selector.", 'source': 'javascript', 'timestamp': 1768558828354}
2026-01-16 18:20:41,638 - web_test.multi_agent_thread - INFO - Thread 3: Detect browser error: {'level': 'SEVERE', 'message': "https://github.githubassets.com/assets/78298-e2b301acbc0e.js 0:4954 Uncaught DOMException: Failed to execute 'matches' on 'Element': '[open]:not(:modal)' is not a valid selector.", 'source': 'javascript', 'timestamp': 1768558828359}
2026-01-16 18:20:41,638 - web_test.multi_agent_thread - INFO - Thread 3: Detect browser error: {'level': 'WARNING', 'message': 'https://github.githubassets.com/assets/14312-5e06208defc2.js 9 Deprecated API for given entry type.', 'source': 'javascript', 'timestamp': 1768558828507}
2026-01-16 18:20:41,638 - web_test.multi_agent_thread - INFO - Thread 3: Detect browser error: {'level': 'WARNING', 'message': "https://github.com/ - The resource https://github.githubassets.com/assets/mona-sans-14595085164a.woff2 was preloaded using link preload but not used within a few seconds from the window's load event. Please make sure it has an appropriate `as` value and it is preloaded intentionally.", 'source': 'javascript', 'timestamp': 1768558834607}
2026-01-16 18:20:41,639 - web_test.multi_agent_thread - INFO - Thread 3: Initial state: ActionSetWithExecutionTimesState(action_number=101, action_execution_time_histogram=[101, 0, 0, 0, 0, 0, 0, 0, 0, 0], url=https://github.com/)
2026-01-16 18:20:41,639 - multi_agent.multi_agent_system - ERROR - [3] Handling exception, resetting state.
2026-01-16 18:20:41,639 - multi_agent.multi_agent_system - INFO - [3] State initialized.
2026-01-16 18:20:42,044 - web_test.multi_agent_thread - INFO - Thread 2: Detect browser error: {'level': 'SEVERE', 'message': "https://github.githubassets.com/assets/78298-e2b301acbc0e.js 0:4954 Uncaught DOMException: Failed to execute 'matches' on 'Element': '[open]:not(:modal)' is not a valid selector.", 'source': 'javascript', 'timestamp': 1768558827806}
2026-01-16 18:20:42,044 - web_test.multi_agent_thread - INFO - Thread 2: Detect browser error: {'level': 'SEVERE', 'message': "https://github.githubassets.com/assets/78298-e2b301acbc0e.js 0:4954 Uncaught DOMException: Failed to execute 'matches' on 'Element': '[open]:not(:modal)' is not a valid selector.", 'source': 'javascript', 'timestamp': 1768558827817}
2026-01-16 18:20:42,044 - web_test.multi_agent_thread - INFO - Thread 2: Detect browser error: {'level': 'WARNING', 'message': 'https://github.githubassets.com/assets/14312-5e06208defc2.js 9 Deprecated API for given entry type.', 'source': 'javascript', 'timestamp': 1768558827989}
2026-01-16 18:20:42,044 - web_test.multi_agent_thread - INFO - Thread 2: Initial state: ActionSetWithExecutionTimesState(action_number=101, action_execution_time_histogram=[101, 0, 0, 0, 0, 0, 0, 0, 0, 0], url=https://github.com/)
2026-01-16 18:20:42,045 - multi_agent.multi_agent_system - ERROR - [2] Handling exception, resetting state.
2026-01-16 18:20:42,045 - multi_agent.multi_agent_system - INFO - [2] State initialized.
2026-01-16 18:20:42,150 - web_test.multi_agent_thread - INFO - Thread 1: Detect browser error: {'level': 'SEVERE', 'message': "https://github.githubassets.com/assets/78298-e2b301acbc0e.js 0:4954 Uncaught DOMException: Failed to execute 'matches' on 'Element': '[open]:not(:modal)' is not a valid selector.", 'source': 'javascript', 'timestamp': 1768558828850}
2026-01-16 18:20:42,150 - web_test.multi_agent_thread - INFO - Thread 1: Detect browser error: {'level': 'SEVERE', 'message': "https://github.githubassets.com/assets/78298-e2b301acbc0e.js 0:4954 Uncaught DOMException: Failed to execute 'matches' on 'Element': '[open]:not(:modal)' is not a valid selector.", 'source': 'javascript', 'timestamp': 1768558828863}
2026-01-16 18:20:42,150 - web_test.multi_agent_thread - INFO - Thread 1: Detect browser error: {'level': 'WARNING', 'message': 'https://github.githubassets.com/assets/14312-5e06208defc2.js 9 Deprecated API for given entry type.', 'source': 'javascript', 'timestamp': 1768558829962}
2026-01-16 18:20:42,150 - web_test.multi_agent_thread - INFO - Thread 1: Detect browser error: {'level': 'WARNING', 'message': "https://github.com/ - The resource https://github.githubassets.com/assets/mona-sans-14595085164a.woff2 was preloaded using link preload but not used within a few seconds from the window's load event. Please make sure it has an appropriate `as` value and it is preloaded intentionally.", 'source': 'javascript', 'timestamp': 1768558837119}
2026-01-16 18:20:42,150 - web_test.multi_agent_thread - INFO - Thread 1: Detect browser error: {'level': 'WARNING', 'message': "https://github.com/ - The resource https://github.githubassets.com/assets/mona-sans-14595085164a.woff2 was preloaded using link preload but not used within a few seconds from the window's load event. Please make sure it has an appropriate `as` value and it is preloaded intentionally.", 'source': 'javascript', 'timestamp': 1768558840983}
2026-01-16 18:20:42,150 - web_test.multi_agent_thread - INFO - Thread 1: Initial state: ActionSetWithExecutionTimesState(action_number=101, action_execution_time_histogram=[101, 0, 0, 0, 0, 0, 0, 0, 0, 0], url=https://github.com/)
2026-01-16 18:20:42,150 - multi_agent.multi_agent_system - ERROR - [1] Handling exception, resetting state.
2026-01-16 18:20:42,150 - multi_agent.multi_agent_system - INFO - [1] State initialized.
2026-01-16 18:20:42,737 - web_test.multi_agent_thread - INFO - Thread 4: Detect browser error: {'level': 'SEVERE', 'message': "https://github.githubassets.com/assets/78298-e2b301acbc0e.js 0:4954 Uncaught DOMException: Failed to execute 'matches' on 'Element': '[open]:not(:modal)' is not a valid selector.", 'source': 'javascript', 'timestamp': 1768558831288}
2026-01-16 18:20:42,737 - web_test.multi_agent_thread - INFO - Thread 4: Detect browser error: {'level': 'SEVERE', 'message': "https://github.githubassets.com/assets/78298-e2b301acbc0e.js 0:4954 Uncaught DOMException: Failed to execute 'matches' on 'Element': '[open]:not(:modal)' is not a valid selector.", 'source': 'javascript', 'timestamp': 1768558831290}
2026-01-16 18:20:42,737 - web_test.multi_agent_thread - INFO - Thread 4: Detect browser error: {'level': 'WARNING', 'message': 'https://github.githubassets.com/assets/14312-5e06208defc2.js 9 Deprecated API for given entry type.', 'source': 'javascript', 'timestamp': 1768558832324}
2026-01-16 18:20:42,737 - web_test.multi_agent_thread - INFO - Thread 4: Detect browser error: {'level': 'WARNING', 'message': "https://github.com/ - The resource https://github.githubassets.com/assets/mona-sans-14595085164a.woff2 was preloaded using link preload but not used within a few seconds from the window's load event. Please make sure it has an appropriate `as` value and it is preloaded intentionally.", 'source': 'javascript', 'timestamp': 1768558839837}
2026-01-16 18:20:42,737 - web_test.multi_agent_thread - INFO - Thread 4: Initial state: ActionSetWithExecutionTimesState(action_number=101, action_execution_time_histogram=[101, 0, 0, 0, 0, 0, 0, 0, 0, 0], url=https://github.com/)
2026-01-16 18:20:42,737 - multi_agent.multi_agent_system - ERROR - [4] Handling exception, resetting state.
2026-01-16 18:20:42,738 - multi_agent.multi_agent_system - INFO - [4] State initialized.
