2026-01-16 19:00:23,314 - __main__ - INFO - [Debug] 程序已启动
2026-01-16 19:00:23,314 - __main__ - INFO - [Debug] Chrome Options 配置完成
2026-01-16 19:00:23,314 - __main__ - INFO - [Debug] profile is github-marl-3h-shaq-5agent
2026-01-16 19:00:23,859 - web_test.multi_agent_thread - INFO - SHAQ initializing on device: cpu
2026-01-16 19:01:10,405 - web_test.multi_agent_thread - INFO - Thread 0: Webdriver created successfully
2026-01-16 19:01:10,408 - web_test.multi_agent_thread - INFO - Thread 0: Execution start
2026-01-16 19:01:11,320 - web_test.multi_agent_thread - INFO - Thread 1: Webdriver created successfully
2026-01-16 19:01:11,322 - web_test.multi_agent_thread - INFO - Thread 1: Execution start
2026-01-16 19:01:12,271 - web_test.multi_agent_thread - INFO - Thread 2: Webdriver created successfully
2026-01-16 19:01:12,271 - web_test.multi_agent_thread - INFO - Thread 2: Execution start
2026-01-16 19:01:13,242 - web_test.multi_agent_thread - INFO - Thread 3: Webdriver created successfully
2026-01-16 19:01:13,243 - web_test.multi_agent_thread - INFO - Thread 3: Execution start
2026-01-16 19:01:14,332 - web_test.multi_agent_thread - INFO - Thread 4: Webdriver created successfully
2026-01-16 19:01:14,335 - web_test.multi_agent_thread - INFO - Thread 4: Execution start
2026-01-16 19:01:32,578 - web_test.multi_agent_thread - INFO - Thread 1: Detect browser error: {'level': 'SEVERE', 'message': "https://github.githubassets.com/assets/78298-e2b301acbc0e.js 0:4954 Uncaught DOMException: Failed to execute 'matches' on 'Element': '[open]:not(:modal)' is not a valid selector.", 'source': 'javascript', 'timestamp': 1768561275580}
2026-01-16 19:01:32,578 - web_test.multi_agent_thread - INFO - Thread 1: Detect browser error: {'level': 'SEVERE', 'message': "https://github.githubassets.com/assets/78298-e2b301acbc0e.js 0:4954 Uncaught DOMException: Failed to execute 'matches' on 'Element': '[open]:not(:modal)' is not a valid selector.", 'source': 'javascript', 'timestamp': 1768561275583}
2026-01-16 19:01:32,578 - web_test.multi_agent_thread - INFO - Thread 1: Detect browser error: {'level': 'WARNING', 'message': 'https://github.githubassets.com/assets/14312-5e06208defc2.js 9 Deprecated API for given entry type.', 'source': 'javascript', 'timestamp': 1768561275714}
2026-01-16 19:01:32,578 - web_test.multi_agent_thread - INFO - Thread 1: Detect browser error: {'level': 'WARNING', 'message': "https://github.com/ - The resource https://github.githubassets.com/assets/mona-sans-14595085164a.woff2 was preloaded using link preload but not used within a few seconds from the window's load event. Please make sure it has an appropriate `as` value and it is preloaded intentionally.", 'source': 'javascript', 'timestamp': 1768561284367}
2026-01-16 19:01:32,578 - web_test.multi_agent_thread - INFO - Thread 1: Initial state: ActionSetWithExecutionTimesState(action_number=101, action_execution_time_histogram=[101, 0, 0, 0, 0, 0, 0, 0, 0, 0], url=https://github.com/)
2026-01-16 19:01:34,099 - web_test.multi_agent_thread - INFO - Thread 0: Detect browser error: {'level': 'SEVERE', 'message': "https://github.githubassets.com/assets/78298-e2b301acbc0e.js 0:4954 Uncaught DOMException: Failed to execute 'matches' on 'Element': '[open]:not(:modal)' is not a valid selector.", 'source': 'javascript', 'timestamp': 1768561274943}
2026-01-16 19:01:34,099 - web_test.multi_agent_thread - INFO - Thread 0: Detect browser error: {'level': 'SEVERE', 'message': "https://github.githubassets.com/assets/78298-e2b301acbc0e.js 0:4954 Uncaught DOMException: Failed to execute 'matches' on 'Element': '[open]:not(:modal)' is not a valid selector.", 'source': 'javascript', 'timestamp': 1768561274948}
2026-01-16 19:01:34,099 - web_test.multi_agent_thread - INFO - Thread 0: Detect browser error: {'level': 'WARNING', 'message': 'https://github.githubassets.com/assets/14312-5e06208defc2.js 9 Deprecated API for given entry type.', 'source': 'javascript', 'timestamp': 1768561276406}
2026-01-16 19:01:34,099 - web_test.multi_agent_thread - INFO - Thread 0: Detect browser error: {'level': 'WARNING', 'message': "https://github.com/ - The resource https://github.githubassets.com/assets/mona-sans-14595085164a.woff2 was preloaded using link preload but not used within a few seconds from the window's load event. Please make sure it has an appropriate `as` value and it is preloaded intentionally.", 'source': 'javascript', 'timestamp': 1768561286490}
2026-01-16 19:01:34,099 - web_test.multi_agent_thread - INFO - Thread 0: Initial state: ActionSetWithExecutionTimesState(action_number=101, action_execution_time_histogram=[101, 0, 0, 0, 0, 0, 0, 0, 0, 0], url=https://github.com/)
2026-01-16 19:01:36,257 - web_test.multi_agent_thread - INFO - Thread 2: Detect browser error: {'level': 'SEVERE', 'message': "https://github.githubassets.com/assets/78298-e2b301acbc0e.js 0:4954 Uncaught DOMException: Failed to execute 'matches' on 'Element': '[open]:not(:modal)' is not a valid selector.", 'source': 'javascript', 'timestamp': 1768561277492}
2026-01-16 19:01:36,258 - web_test.multi_agent_thread - INFO - Thread 2: Detect browser error: {'level': 'SEVERE', 'message': "https://github.githubassets.com/assets/78298-e2b301acbc0e.js 0:4954 Uncaught DOMException: Failed to execute 'matches' on 'Element': '[open]:not(:modal)' is not a valid selector.", 'source': 'javascript', 'timestamp': 1768561277495}
2026-01-16 19:01:36,258 - web_test.multi_agent_thread - INFO - Thread 2: Detect browser error: {'level': 'WARNING', 'message': 'https://github.githubassets.com/assets/14312-5e06208defc2.js 9 Deprecated API for given entry type.', 'source': 'javascript', 'timestamp': 1768561278519}
2026-01-16 19:01:36,258 - web_test.multi_agent_thread - INFO - Thread 2: Detect browser error: {'level': 'WARNING', 'message': "https://github.com/ - The resource https://github.githubassets.com/assets/mona-sans-14595085164a.woff2 was preloaded using link preload but not used within a few seconds from the window's load event. Please make sure it has an appropriate `as` value and it is preloaded intentionally.", 'source': 'javascript', 'timestamp': 1768561290981}
2026-01-16 19:01:36,258 - web_test.multi_agent_thread - INFO - Thread 2: Initial state: ActionSetWithExecutionTimesState(action_number=101, action_execution_time_histogram=[101, 0, 0, 0, 0, 0, 0, 0, 0, 0], url=https://github.com/)
2026-01-16 19:01:37,964 - web_test.multi_agent_thread - INFO - Thread 3: Detect browser error: {'level': 'SEVERE', 'message': "https://github.githubassets.com/assets/78298-e2b301acbc0e.js 0:4954 Uncaught DOMException: Failed to execute 'matches' on 'Element': '[open]:not(:modal)' is not a valid selector.", 'source': 'javascript', 'timestamp': 1768561279669}
2026-01-16 19:01:37,964 - web_test.multi_agent_thread - INFO - Thread 3: Detect browser error: {'level': 'SEVERE', 'message': "https://github.githubassets.com/assets/78298-e2b301acbc0e.js 0:4954 Uncaught DOMException: Failed to execute 'matches' on 'Element': '[open]:not(:modal)' is not a valid selector.", 'source': 'javascript', 'timestamp': 1768561279671}
2026-01-16 19:01:37,964 - web_test.multi_agent_thread - INFO - Thread 3: Detect browser error: {'level': 'WARNING', 'message': 'https://github.githubassets.com/assets/14312-5e06208defc2.js 9 Deprecated API for given entry type.', 'source': 'javascript', 'timestamp': 1768561280753}
2026-01-16 19:01:37,964 - web_test.multi_agent_thread - INFO - Thread 3: Detect browser error: {'level': 'WARNING', 'message': "https://github.com/ - The resource https://github.githubassets.com/assets/mona-sans-14595085164a.woff2 was preloaded using link preload but not used within a few seconds from the window's load event. Please make sure it has an appropriate `as` value and it is preloaded intentionally.", 'source': 'javascript', 'timestamp': 1768561292759}
2026-01-16 19:01:37,965 - web_test.multi_agent_thread - INFO - Thread 3: Initial state: ActionSetWithExecutionTimesState(action_number=101, action_execution_time_histogram=[101, 0, 0, 0, 0, 0, 0, 0, 0, 0], url=https://github.com/)
2026-01-16 19:01:38,422 - web_test.multi_agent_thread - INFO - Thread 4: Detect browser error: {'level': 'SEVERE', 'message': "https://github.githubassets.com/assets/78298-e2b301acbc0e.js 0:4954 Uncaught DOMException: Failed to execute 'matches' on 'Element': '[open]:not(:modal)' is not a valid selector.", 'source': 'javascript', 'timestamp': 1768561280256}
2026-01-16 19:01:38,422 - web_test.multi_agent_thread - INFO - Thread 4: Detect browser error: {'level': 'SEVERE', 'message': "https://github.githubassets.com/assets/78298-e2b301acbc0e.js 0:4954 Uncaught DOMException: Failed to execute 'matches' on 'Element': '[open]:not(:modal)' is not a valid selector.", 'source': 'javascript', 'timestamp': 1768561280265}
2026-01-16 19:01:38,422 - web_test.multi_agent_thread - INFO - Thread 4: Detect browser error: {'level': 'WARNING', 'message': 'https://github.githubassets.com/assets/14312-5e06208defc2.js 9 Deprecated API for given entry type.', 'source': 'javascript', 'timestamp': 1768561281432}
2026-01-16 19:01:38,422 - web_test.multi_agent_thread - INFO - Thread 4: Detect browser error: {'level': 'WARNING', 'message': "https://github.com/ - The resource https://github.githubassets.com/assets/mona-sans-14595085164a.woff2 was preloaded using link preload but not used within a few seconds from the window's load event. Please make sure it has an appropriate `as` value and it is preloaded intentionally.", 'source': 'javascript', 'timestamp': 1768561293134}
2026-01-16 19:01:38,422 - web_test.multi_agent_thread - INFO - Thread 4: Initial state: ActionSetWithExecutionTimesState(action_number=101, action_execution_time_histogram=[101, 0, 0, 0, 0, 0, 0, 0, 0, 0], url=https://github.com/)
2026-01-16 19:01:42,791 - multi_agent.multi_agent_system - INFO - [1] State initialized.
2026-01-16 19:01:42,891 - multi_agent.multi_agent_system - ERROR - [1] Error in generating action: 'SHAQ' object has no attribute 'action_count'
2026-01-16 19:01:42,891 - web_test.multi_agent_thread - ERROR - Thread 1: Error happened
Traceback (most recent call last):
  File "/Users/harryhou/artifacts/web_test/multi_agent_thread.py", line 89, in run
    chosen_action = self.multi_agent_system.get_action(self.current_state, html, self.agent_name,
                                                       self.current_url, self.check_result)
  File "/Users/harryhou/artifacts/multi_agent/multi_agent_system.py", line 93, in get_action
    raise e  # 根据需要，可选择抛异常或返回默认动作
    ^^^^^^^
  File "/Users/harryhou/artifacts/multi_agent/multi_agent_system.py", line 83, in get_action
    chosen_action = self.get_action_algorithm(web_state, html, agent_name)
  File "/Users/harryhou/artifacts/multi_agent/impl/shaq.py", line 160, in get_action_algorithm
    self.action_count[chosen_action] += 1
    ^^^^^^^^^^^^^^^^^
AttributeError: 'SHAQ' object has no attribute 'action_count'. Did you mean: 'action_dict'?
2026-01-16 19:01:43,999 - web_test.multi_agent_thread - INFO - Thread 1: Webdriver restart successfully
2026-01-16 19:01:44,349 - multi_agent.multi_agent_system - INFO - [0] State initialized.
2026-01-16 19:01:44,413 - multi_agent.multi_agent_system - ERROR - [0] Error in generating action: 'SHAQ' object has no attribute 'action_count'
2026-01-16 19:01:44,413 - web_test.multi_agent_thread - ERROR - Thread 0: Error happened
Traceback (most recent call last):
  File "/Users/harryhou/artifacts/web_test/multi_agent_thread.py", line 89, in run
    chosen_action = self.multi_agent_system.get_action(self.current_state, html, self.agent_name,
                                                       self.current_url, self.check_result)
  File "/Users/harryhou/artifacts/multi_agent/multi_agent_system.py", line 93, in get_action
    raise e  # 根据需要，可选择抛异常或返回默认动作
    ^^^^^^^
  File "/Users/harryhou/artifacts/multi_agent/multi_agent_system.py", line 83, in get_action
    chosen_action = self.get_action_algorithm(web_state, html, agent_name)
  File "/Users/harryhou/artifacts/multi_agent/impl/shaq.py", line 160, in get_action_algorithm
    self.action_count[chosen_action] += 1
    ^^^^^^^^^^^^^^^^^
AttributeError: 'SHAQ' object has no attribute 'action_count'. Did you mean: 'action_dict'?
2026-01-16 19:01:45,790 - web_test.multi_agent_thread - INFO - Thread 0: Webdriver restart successfully
2026-01-16 19:01:46,625 - multi_agent.multi_agent_system - INFO - [2] State initialized.
2026-01-16 19:01:46,696 - multi_agent.multi_agent_system - ERROR - [2] Error in generating action: 'SHAQ' object has no attribute 'action_count'
2026-01-16 19:01:46,696 - web_test.multi_agent_thread - ERROR - Thread 2: Error happened
Traceback (most recent call last):
  File "/Users/harryhou/artifacts/web_test/multi_agent_thread.py", line 89, in run
    chosen_action = self.multi_agent_system.get_action(self.current_state, html, self.agent_name,
                                                       self.current_url, self.check_result)
  File "/Users/harryhou/artifacts/multi_agent/multi_agent_system.py", line 93, in get_action
    raise e  # 根据需要，可选择抛异常或返回默认动作
    ^^^^^^^
  File "/Users/harryhou/artifacts/multi_agent/multi_agent_system.py", line 83, in get_action
    chosen_action = self.get_action_algorithm(web_state, html, agent_name)
  File "/Users/harryhou/artifacts/multi_agent/impl/shaq.py", line 160, in get_action_algorithm
    self.action_count[chosen_action] += 1
    ^^^^^^^^^^^^^^^^^
AttributeError: 'SHAQ' object has no attribute 'action_count'. Did you mean: 'action_dict'?
2026-01-16 19:01:47,857 - web_test.multi_agent_thread - INFO - Thread 2: Webdriver restart successfully
2026-01-16 19:01:48,208 - multi_agent.multi_agent_system - INFO - [3] State initialized.
2026-01-16 19:01:48,268 - multi_agent.multi_agent_system - ERROR - [3] Error in generating action: 'SHAQ' object has no attribute 'action_count'
2026-01-16 19:01:48,268 - web_test.multi_agent_thread - ERROR - Thread 3: Error happened
Traceback (most recent call last):
  File "/Users/harryhou/artifacts/web_test/multi_agent_thread.py", line 89, in run
    chosen_action = self.multi_agent_system.get_action(self.current_state, html, self.agent_name,
                                                       self.current_url, self.check_result)
  File "/Users/harryhou/artifacts/multi_agent/multi_agent_system.py", line 93, in get_action
    raise e  # 根据需要，可选择抛异常或返回默认动作
    ^^^^^^^
  File "/Users/harryhou/artifacts/multi_agent/multi_agent_system.py", line 83, in get_action
    chosen_action = self.get_action_algorithm(web_state, html, agent_name)
  File "/Users/harryhou/artifacts/multi_agent/impl/shaq.py", line 160, in get_action_algorithm
    self.action_count[chosen_action] += 1
    ^^^^^^^^^^^^^^^^^
AttributeError: 'SHAQ' object has no attribute 'action_count'. Did you mean: 'action_dict'?
2026-01-16 19:01:48,671 - multi_agent.multi_agent_system - INFO - [4] State initialized.
2026-01-16 19:01:48,868 - multi_agent.multi_agent_system - ERROR - [4] Error in generating action: 'SHAQ' object has no attribute 'action_count'
2026-01-16 19:01:48,868 - web_test.multi_agent_thread - ERROR - Thread 4: Error happened
Traceback (most recent call last):
  File "/Users/harryhou/artifacts/web_test/multi_agent_thread.py", line 89, in run
    chosen_action = self.multi_agent_system.get_action(self.current_state, html, self.agent_name,
                                                       self.current_url, self.check_result)
  File "/Users/harryhou/artifacts/multi_agent/multi_agent_system.py", line 93, in get_action
    raise e  # 根据需要，可选择抛异常或返回默认动作
    ^^^^^^^
  File "/Users/harryhou/artifacts/multi_agent/multi_agent_system.py", line 83, in get_action
    chosen_action = self.get_action_algorithm(web_state, html, agent_name)
  File "/Users/harryhou/artifacts/multi_agent/impl/shaq.py", line 160, in get_action_algorithm
    self.action_count[chosen_action] += 1
    ^^^^^^^^^^^^^^^^^
AttributeError: 'SHAQ' object has no attribute 'action_count'. Did you mean: 'action_dict'?
2026-01-16 19:01:49,864 - web_test.multi_agent_thread - INFO - Thread 3: Webdriver restart successfully
2026-01-16 19:01:50,543 - web_test.multi_agent_thread - INFO - Thread 4: Webdriver restart successfully
