2026-01-15 17:58:30,167 - __main__ - INFO - [Debug] 程序已启动
2026-01-15 17:58:30,167 - __main__ - INFO - [Debug] Chrome Options 配置完成
2026-01-15 17:58:30,167 - __main__ - INFO - [Debug] profile is quick-test-mac
2026-01-15 17:58:32,538 - web_test.multi_agent_thread - INFO - Thread 0: Webdriver created successfully
2026-01-15 17:58:32,541 - web_test.multi_agent_thread - INFO - Thread 0: Execution start
2026-01-15 17:58:33,450 - web_test.multi_agent_thread - INFO - Thread 1: Webdriver created successfully
2026-01-15 17:58:33,453 - web_test.multi_agent_thread - INFO - Thread 1: Execution start
2026-01-15 17:58:51,549 - web_test.multi_agent_thread - INFO - Thread 0: Detect browser error: {'level': 'SEVERE', 'message': "https://github.githubassets.com/assets/78298-e2b301acbc0e.js 0:4954 Uncaught DOMException: Failed to execute 'matches' on 'Element': '[open]:not(:modal)' is not a valid selector.", 'source': 'javascript', 'timestamp': 1768471116771}
2026-01-15 17:58:51,549 - web_test.multi_agent_thread - INFO - Thread 0: Detect browser error: {'level': 'SEVERE', 'message': "https://github.githubassets.com/assets/78298-e2b301acbc0e.js 0:4954 Uncaught DOMException: Failed to execute 'matches' on 'Element': '[open]:not(:modal)' is not a valid selector.", 'source': 'javascript', 'timestamp': 1768471116774}
2026-01-15 17:58:51,549 - web_test.multi_agent_thread - INFO - Thread 0: Detect browser error: {'level': 'WARNING', 'message': 'https://github.githubassets.com/assets/24077-adc459723b71.js 9 Deprecated API for given entry type.', 'source': 'javascript', 'timestamp': 1768471116910}
2026-01-15 17:58:51,549 - web_test.multi_agent_thread - INFO - Thread 0: Detect browser error: {'level': 'WARNING', 'message': "https://github.com/ - The resource https://github.githubassets.com/assets/mona-sans-14595085164a.woff2 was preloaded using link preload but not used within a few seconds from the window's load event. Please make sure it has an appropriate `as` value and it is preloaded intentionally.", 'source': 'javascript', 'timestamp': 1768471122745}
2026-01-15 17:58:51,550 - web_test.multi_agent_thread - INFO - Thread 0: Initial state: ActionSetWithExecutionTimesState(action_number=101, action_execution_time_histogram=[101, 0, 0, 0, 0, 0, 0, 0, 0, 0], url=https://github.com/)
2026-01-15 17:58:54,541 - web_test.multi_agent_thread - INFO - Thread 1: Detect browser error: {'level': 'SEVERE', 'message': "https://github.githubassets.com/assets/78298-e2b301acbc0e.js 0:4954 Uncaught DOMException: Failed to execute 'matches' on 'Element': '[open]:not(:modal)' is not a valid selector.", 'source': 'javascript', 'timestamp': 1768471117722}
2026-01-15 17:58:54,541 - web_test.multi_agent_thread - INFO - Thread 1: Detect browser error: {'level': 'SEVERE', 'message': "https://github.githubassets.com/assets/78298-e2b301acbc0e.js 0:4954 Uncaught DOMException: Failed to execute 'matches' on 'Element': '[open]:not(:modal)' is not a valid selector.", 'source': 'javascript', 'timestamp': 1768471117725}
2026-01-15 17:58:54,541 - web_test.multi_agent_thread - INFO - Thread 1: Detect browser error: {'level': 'WARNING', 'message': 'https://github.githubassets.com/assets/24077-adc459723b71.js 9 Deprecated API for given entry type.', 'source': 'javascript', 'timestamp': 1768471118768}
2026-01-15 17:58:54,541 - web_test.multi_agent_thread - INFO - Thread 1: Detect browser error: {'level': 'WARNING', 'message': "https://github.com/ - The resource https://github.githubassets.com/assets/mona-sans-14595085164a.woff2 was preloaded using link preload but not used within a few seconds from the window's load event. Please make sure it has an appropriate `as` value and it is preloaded intentionally.", 'source': 'javascript', 'timestamp': 1768471125634}
2026-01-15 17:58:54,541 - web_test.multi_agent_thread - INFO - Thread 1: Initial state: ActionSetWithExecutionTimesState(action_number=101, action_execution_time_histogram=[101, 0, 0, 0, 0, 0, 0, 0, 0, 0], url=https://github.com/)
2026-01-15 17:59:01,879 - web_test.multi_agent_thread - INFO - Thread 0: Chosen action: ClickAction(locator=ElementLocator.XPATH, location=/html/body/div[1]/footer/div[1]/div/section/a[2], text=Subscribe)
2026-01-15 17:59:04,875 - web_test.multi_agent_thread - INFO - Thread 1: Chosen action: ClickAction(locator=ElementLocator.XPATH, location=/html/body/div[1]/div[4]/header/div/div[2]/div/div/a, text=Sign up)
2026-01-15 17:59:08,146 - web_test.multi_agent_thread - INFO - Thread 1: Detect browser error: {'level': 'SEVERE', 'message': "https://github.githubassets.com/assets/78298-e2b301acbc0e.js 0:4954 Uncaught DOMException: Failed to execute 'matches' on 'Element': '[open]:not(:modal)' is not a valid selector.", 'source': 'javascript', 'timestamp': 1768471145664}
2026-01-15 17:59:08,146 - web_test.multi_agent_thread - INFO - Thread 1: Detect browser error: {'level': 'WARNING', 'message': 'https://github.githubassets.com/assets/24077-adc459723b71.js 9 Deprecated API for given entry type.', 'source': 'javascript', 'timestamp': 1768471145734}
2026-01-15 17:59:08,146 - web_test.multi_agent_thread - INFO - Thread 1: Detect browser error: {'level': 'SEVERE', 'message': 'https://github.githubassets.com/assets/MonaSansVF[wdth,wght,opsz].woff2 - Failed to load resource: the server responded with a status of 404 ()', 'source': 'network', 'timestamp': 1768471145929}
2026-01-15 17:59:08,832 - web_test.multi_agent_thread - INFO - Thread 1: Execute action success, New state: ActionSetWithExecutionTimesState(action_number=8, action_execution_time_histogram=[8, 0, 0, 0, 0, 0, 0, 0, 0, 0], url=https://github.com/signup?ref_cta=Sign+up&ref_loc=header+logged+out&ref_page=%2F&source=header-home)
2026-01-15 17:59:10,335 - web_test.multi_agent_thread - INFO - Thread 0: Detect browser error: {'level': 'SEVERE', 'message': "https://github.githubassets.com/assets/78298-e2b301acbc0e.js 0:4954 Uncaught DOMException: Failed to execute 'matches' on 'Element': '[open]:not(:modal)' is not a valid selector.", 'source': 'javascript', 'timestamp': 1768471142560}
2026-01-15 17:59:10,336 - web_test.multi_agent_thread - INFO - Thread 0: Detect browser error: {'level': 'SEVERE', 'message': "https://github.githubassets.com/assets/78298-e2b301acbc0e.js 0:4954 Uncaught DOMException: Failed to execute 'matches' on 'Element': '[open]:not(:modal)' is not a valid selector.", 'source': 'javascript', 'timestamp': 1768471142563}
2026-01-15 17:59:10,336 - web_test.multi_agent_thread - INFO - Thread 0: Detect browser error: {'level': 'WARNING', 'message': 'https://github.githubassets.com/assets/24077-adc459723b71.js 9 Deprecated API for given entry type.', 'source': 'javascript', 'timestamp': 1768471142622}
2026-01-15 17:59:10,336 - web_test.multi_agent_thread - INFO - Thread 0: Detect browser error: {'level': 'SEVERE', 'message': 'https://github.com/images/spinners/octocat-spinner-128.gif - Failed to load resource: the server responded with a status of 404 ()', 'source': 'network', 'timestamp': 1768471142987}
2026-01-15 17:59:11,711 - web_test.multi_agent_thread - INFO - Thread 0: Execute action success, New state: ActionSetWithExecutionTimesState(action_number=66, action_execution_time_histogram=[66, 0, 0, 0, 0, 0, 0, 0, 0, 0], url=https://github.com/newsletter)
2026-01-15 17:59:19,125 - web_test.multi_agent_thread - INFO - Thread 1: Chosen action: RandomInputAction(locator=ElementLocator.XPATH, location=/html/body/div[1]/div[5]/div/main/div/div[2]/div[2]/div/div[2]/div/signup-form/form/div[1]/div[1]/div/auto-check/input[1], text=Email*)
2026-01-15 17:59:21,497 - web_test.multi_agent_thread - INFO - Thread 1: Execute action success, New state: ActionSetWithExecutionTimesState(action_number=8, action_execution_time_histogram=[7, 1, 0, 0, 0, 0, 0, 0, 0, 0], url=https://github.com/signup?ref_cta=Sign+up&ref_loc=header+logged+out&ref_page=%2F&source=header-home)
2026-01-15 17:59:22,169 - web_test.multi_agent_thread - INFO - Thread 0: Chosen action: ClickAction(locator=ElementLocator.XPATH, location=/html/body/div[1]/footer/div[2]/div/nav[2]/ul/li[6]/a, text=GitHub on Twitch)
2026-01-15 17:59:30,174 - data_collector.data_collector_multi_agent - INFO - Data saved successfully
2026-01-15 17:59:31,934 - web_test.multi_agent_thread - INFO - Thread 1: Chosen action: RandomInputAction(locator=ElementLocator.XPATH, location=/html/body/div[1]/div[5]/div/main/div/div[2]/div[2]/div/div[2]/div/signup-form/form/div[1]/div[3]/div[2]/div[1]/auto-check/input, text=Username*)
2026-01-15 17:59:34,006 - web_test.multi_agent_thread - INFO - Thread 1: Detect browser error: {'level': 'SEVERE', 'message': 'https://github.com/email_validity_checks - Failed to load resource: the server responded with a status of 422 ()', 'source': 'network', 'timestamp': 1768471172579}
2026-01-15 17:59:34,006 - web_test.multi_agent_thread - INFO - Thread 1: Detect browser error: {'level': 'SEVERE', 'message': "https://github.githubassets.com/assets/78298-e2b301acbc0e.js 0:4954 Uncaught DOMException: Failed to execute 'querySelector' on 'Document': ':modal' is not a valid selector.", 'source': 'javascript', 'timestamp': 1768471172590}
2026-01-15 17:59:34,173 - web_test.multi_agent_thread - INFO - Thread 1: Execute action success, New state: ActionSetWithExecutionTimesState(action_number=3, action_execution_time_histogram=[3, 0, 0, 0, 0, 0, 0, 0, 0, 0], url=https://github.com/signup?ref_cta=Sign+up&ref_loc=header+logged+out&ref_page=%2F&source=header-home)
2026-01-15 17:59:34,532 - web_test.multi_agent_thread - WARNING - Thread 0: Out of domain, New state: OutOfDomainState(action=RestartAction(restart_url=https://github.com/newsletter))
2026-01-15 17:59:44,511 - web_test.multi_agent_thread - INFO - Thread 1: Chosen action: ClickAction(locator=ElementLocator.XPATH, location=/html/body/div[1]/div[5]/div/main/div/div[2]/div[2]/div/div[2]/div/signup-form/div[2]/form[1]/button, text=Continue with Google)
2026-01-15 17:59:44,854 - web_test.multi_agent_thread - INFO - Thread 0: Chosen action: RestartAction(restart_url=https://github.com/newsletter)
2026-01-15 17:59:51,120 - web_test.multi_agent_thread - INFO - Thread 0: Detect browser error: {'level': 'WARNING', 'message': "https://github.com/newsletter - The resource https://github.githubassets.com/assets/mona-sans-14595085164a.woff2 was preloaded using link preload but not used within a few seconds from the window's load event. Please make sure it has an appropriate `as` value and it is preloaded intentionally.", 'source': 'javascript', 'timestamp': 1768471153456}
2026-01-15 17:59:51,120 - web_test.multi_agent_thread - INFO - Thread 0: Detect browser error: {'level': 'WARNING', 'message': "https://github.com/newsletter - The resource https://github.githubassets.com/assets/mona-sans-14595085164a.woff2 was preloaded using link preload but not used within a few seconds from the window's load event. Please make sure it has an appropriate `as` value and it is preloaded intentionally.", 'source': 'javascript', 'timestamp': 1768471159705}
2026-01-15 17:59:51,120 - web_test.multi_agent_thread - INFO - Thread 0: Detect browser error: {'level': 'WARNING', 'message': 'https://assets.twitch.tv/assets/player-core-variant-a-3b9f488b443b45db3784.js 0:89356 "17:59:27 - [VideoTransformer]" "WebGPU unavailable"', 'source': 'console-api', 'timestamp': 1768471167220}
2026-01-15 17:59:51,121 - web_test.multi_agent_thread - INFO - Thread 0: Detect browser error: {'level': 'WARNING', 'message': 'https://assets.twitch.tv/assets/player-core-variant-a-3b9f488b443b45db3784.js 0:89356 "17:59:27 - [VideoTransformer]" "WebGPU unavailable"', 'source': 'console-api', 'timestamp': 1768471167237}
2026-01-15 17:59:51,121 - web_test.multi_agent_thread - INFO - Thread 0: Detect browser error: {'level': 'WARNING', 'message': 'https://assets.twitch.tv/assets/32731-dfe1bb12be58aea7989d.js 0:27973 MaxListenersExceededWarning: Possible EventEmitter memory leak detected. 11 Playing listeners added. Use emitter.setMaxListeners() to increase limit\n    at c (https://assets.twitch.tv/assets/32731-dfe1bb12be58aea7989d.js:1:27715)\n    at o.addListener (https://assets.twitch.tv/assets/32731-dfe1bb12be58aea7989d.js:1:30299)\n    at t.on (https://assets.twitch.tv/assets/player-core-variant-a-3b9f488b443b45db3784.js:1:144427)\n    at t.addEventListener (https://assets.twitch.tv/assets/player-core-variant-a-3b9f488b443b45db3784.js:1:321653)\n    at t.addEventListener (https://assets.twitch.tv/assets/player-core-variant-a-3b9f488b443b45db3784.js:1:338020)\n    at t.addEventListener (https://assets.twitch.tv/assets/91646-43ab6bf4c86e2557034f.js:1:6589)\n    at t.componentDidMount (https://assets.twitch.tv/assets/93814-eeb9ea613fddcc93322b.js:1:128570)\n    at ws (https://assets.twitch.tv/assets/39783-458d77f9f2c96c982712.js:1:610984)\n    at ys (https://assets.twitch.tv/assets/39783-458d77f9f2c96c982712.js:1:610759)\n    at bs (https://assets.twitch.tv/assets/39783-458d77f9f2c96c982712.js:1:610297)', 'source': 'console-api', 'timestamp': 1768471167874}
2026-01-15 17:59:51,121 - web_test.multi_agent_thread - INFO - Thread 0: Detect browser error: {'level': 'SEVERE', 'message': 'https://passport.twitch.tv/149e9513-01fa-4fb0-aad4-566afd725d1b/2d206a39-8ed7-437e-a3be-862e0f06eea3/fp?x-kpsdk-v=j-1.2.118 - Failed to load resource: the server responded with a status of 429 (Too Many Requests)', 'source': 'network', 'timestamp': 1768471169606}
2026-01-15 17:59:51,121 - web_test.multi_agent_thread - INFO - Thread 0: Detect browser error: {'level': 'SEVERE', 'message': 'https://gql.twitch.tv/149e9513-01fa-4fb0-aad4-566afd725d1b/2d206a39-8ed7-437e-a3be-862e0f06eea3/fp?x-kpsdk-v=j-1.2.118 - Failed to load resource: the server responded with a status of 429 ()', 'source': 'network', 'timestamp': 1768471169726}
2026-01-15 17:59:51,121 - web_test.multi_agent_thread - INFO - Thread 0: Detect browser error: {'level': 'SEVERE', 'message': 'https://assets.twitch.tv/assets/9457-cd7ee8df817d6bb7ff0e.js 0:428119 "[GraphQL] One or more GraphQL errors were detected on request 01KF0HH3KD69AYHBV6DQC7Z2XS. PinnedChatSettings: unauthenticated" Array(1)', 'source': 'console-api', 'timestamp': 1768471170509}
2026-01-15 17:59:51,121 - web_test.multi_agent_thread - INFO - Thread 0: Detect browser error: {'level': 'WARNING', 'message': 'javascript 2 Encrypted Media access has been blocked because of a Feature Policy applied to the current document. See https://goo.gl/EuHzyv for more details.', 'source': 'javascript', 'timestamp': 1768471171163}
2026-01-15 17:59:51,121 - web_test.multi_agent_thread - INFO - Thread 0: Detect browser error: {'level': 'WARNING', 'message': 'javascript 2 Encrypted Media access has been blocked because of a Feature Policy applied to the current document. See https://goo.gl/EuHzyv for more details.', 'source': 'javascript', 'timestamp': 1768471171167}
2026-01-15 17:59:51,121 - web_test.multi_agent_thread - INFO - Thread 0: Detect browser error: {'level': 'WARNING', 'message': 'javascript 2 Encrypted Media access has been blocked because of a Feature Policy applied to the current document. See https://goo.gl/EuHzyv for more details.', 'source': 'javascript', 'timestamp': 1768471171168}
2026-01-15 17:59:51,121 - web_test.multi_agent_thread - INFO - Thread 0: Detect browser error: {'level': 'WARNING', 'message': 'javascript 2 Encrypted Media access has been blocked because of a Feature Policy applied to the current document. See https://goo.gl/EuHzyv for more details.', 'source': 'javascript', 'timestamp': 1768471171169}
2026-01-15 17:59:51,121 - web_test.multi_agent_thread - INFO - Thread 0: Detect browser error: {'level': 'WARNING', 'message': 'javascript 2 Encrypted Media access has been blocked because of a Feature Policy applied to the current document. See https://goo.gl/EuHzyv for more details.', 'source': 'javascript', 'timestamp': 1768471171432}
2026-01-15 17:59:51,121 - web_test.multi_agent_thread - INFO - Thread 0: Detect browser error: {'level': 'WARNING', 'message': 'javascript 2 Encrypted Media access has been blocked because of a Feature Policy applied to the current document. See https://goo.gl/EuHzyv for more details.', 'source': 'javascript', 'timestamp': 1768471171432}
2026-01-15 17:59:51,121 - web_test.multi_agent_thread - INFO - Thread 0: Detect browser error: {'level': 'WARNING', 'message': 'javascript 2 Encrypted Media access has been blocked because of a Feature Policy applied to the current document. See https://goo.gl/EuHzyv for more details.', 'source': 'javascript', 'timestamp': 1768471171433}
2026-01-15 17:59:51,122 - web_test.multi_agent_thread - INFO - Thread 0: Detect browser error: {'level': 'WARNING', 'message': 'javascript 2 Encrypted Media access has been blocked because of a Feature Policy applied to the current document. See https://goo.gl/EuHzyv for more details.', 'source': 'javascript', 'timestamp': 1768471171433}
2026-01-15 17:59:51,122 - web_test.multi_agent_thread - INFO - Thread 0: Detect browser error: {'level': 'SEVERE', 'message': 'https://passport.twitch.tv/149e9513-01fa-4fb0-aad4-566afd725d1b/2d206a39-8ed7-437e-a3be-862e0f06eea3/fp?x-kpsdk-v=j-1.2.118 0:0 Uncaught DOMException: getLayoutMap() must be called from a top-level browsing context or allowed by the permission policy.', 'source': 'javascript', 'timestamp': 1768471171508}
2026-01-15 17:59:51,122 - web_test.multi_agent_thread - INFO - Thread 0: Detect browser error: {'level': 'WARNING', 'message': 'javascript 2 Deprecated API for given entry type.', 'source': 'javascript', 'timestamp': 1768471171699}
2026-01-15 17:59:51,122 - web_test.multi_agent_thread - INFO - Thread 0: Detect browser error: {'level': 'SEVERE', 'message': 'https://gql.twitch.tv/149e9513-01fa-4fb0-aad4-566afd725d1b/2d206a39-8ed7-437e-a3be-862e0f06eea3/fp?x-kpsdk-v=j-1.2.118 0:0 Uncaught DOMException: getLayoutMap() must be called from a top-level browsing context or allowed by the permission policy.', 'source': 'javascript', 'timestamp': 1768471171874}
2026-01-15 17:59:51,122 - web_test.multi_agent_thread - INFO - Thread 0: Detect browser error: {'level': 'SEVERE', 'message': 'https://assets.twitch.tv/assets/9457-cd7ee8df817d6bb7ff0e.js 0:428119 "[GraphQL] One or more GraphQL errors were detected on request 01KF0HH3RMWZZRS3W5ABYH6BY6. HomeOfflineCarousel: failed integrity check" Array(1)', 'source': 'console-api', 'timestamp': 1768471171964}
2026-01-15 17:59:51,122 - web_test.multi_agent_thread - INFO - Thread 0: Detect browser error: {'level': 'WARNING', 'message': 'javascript 2 Deprecated API for given entry type.', 'source': 'javascript', 'timestamp': 1768471172052}
2026-01-15 17:59:51,122 - web_test.multi_agent_thread - INFO - Thread 0: Detect browser error: {'level': 'WARNING', 'message': 'https://assets.twitch.tv/assets/player-core-variant-a-3b9f488b443b45db3784.js 0:89356 "17:59:33 - [VideoTransformer]" "WebGPU unavailable"', 'source': 'console-api', 'timestamp': 1768471173249}
2026-01-15 17:59:51,122 - web_test.multi_agent_thread - INFO - Thread 0: Detect browser error: {'level': 'SEVERE', 'message': 'https://assets.twitch.tv/assets/9457-cd7ee8df817d6bb7ff0e.js 0:428119 "[GraphQL] One or more GraphQL errors were detected on request 01KF0HH6VCY1BRKK9SZ9AGF093. PinnedChatSettings: unauthenticated" Array(1)', 'source': 'console-api', 'timestamp': 1768471173952}
2026-01-15 17:59:51,122 - web_test.multi_agent_thread - INFO - Thread 0: Detect browser error: {'level': 'SEVERE', 'message': 'https://assets.twitch.tv/assets/9457-cd7ee8df817d6bb7ff0e.js 0:428119 "[GraphQL] One or more GraphQL errors were detected on request 01KF0HH7G84YPG2Z4QPC1CN09B. PinnedChatSettings: unauthenticated" Array(1)', 'source': 'console-api', 'timestamp': 1768471174462}
2026-01-15 17:59:51,122 - web_test.multi_agent_thread - INFO - Thread 0: Detect browser error: {'level': 'SEVERE', 'message': 'https://assets.twitch.tv/assets/amazon-ivs-wasmworker.min-d93ef086db8694d73a04.js 0 Player stopping playback - error Player:2 (ErrorNotSupported code 0 - No playable format)', 'source': 'worker', 'timestamp': 1768471174714}
2026-01-15 17:59:51,122 - web_test.multi_agent_thread - INFO - Thread 0: Detect browser error: {'level': 'SEVERE', 'message': 'https://assets.twitch.tv/assets/9457-cd7ee8df817d6bb7ff0e.js 0:428119 "[GraphQL] One or more GraphQL errors were detected on request 01KF0HHARFBCQWK57H0Z4ACDRA. PinnedChatSettings: unauthenticated" Array(1)', 'source': 'console-api', 'timestamp': 1768471177723}
2026-01-15 17:59:51,122 - web_test.multi_agent_thread - INFO - Thread 0: Detect browser error: {'level': 'SEVERE', 'message': "https://github.githubassets.com/assets/78298-e2b301acbc0e.js 0:4954 Uncaught DOMException: Failed to execute 'matches' on 'Element': '[open]:not(:modal)' is not a valid selector.", 'source': 'javascript', 'timestamp': 1768471186856}
2026-01-15 17:59:51,122 - web_test.multi_agent_thread - INFO - Thread 0: Detect browser error: {'level': 'SEVERE', 'message': "https://github.githubassets.com/assets/78298-e2b301acbc0e.js 0:4954 Uncaught DOMException: Failed to execute 'matches' on 'Element': '[open]:not(:modal)' is not a valid selector.", 'source': 'javascript', 'timestamp': 1768471186858}
2026-01-15 17:59:51,122 - web_test.multi_agent_thread - INFO - Thread 0: Detect browser error: {'level': 'WARNING', 'message': 'https://github.githubassets.com/assets/24077-adc459723b71.js 9 Deprecated API for given entry type.', 'source': 'javascript', 'timestamp': 1768471186902}
2026-01-15 17:59:51,122 - web_test.multi_agent_thread - INFO - Thread 0: Detect browser error: {'level': 'SEVERE', 'message': 'https://github.com/images/spinners/octocat-spinner-128.gif - Failed to load resource: the server responded with a status of 404 ()', 'source': 'network', 'timestamp': 1768471187139}
2026-01-15 17:59:51,728 - web_test.multi_agent_thread - INFO - Thread 0: Execute action success, New state: ActionSetWithExecutionTimesState(action_number=58, action_execution_time_histogram=[58, 0, 0, 0, 0, 0, 0, 0, 0, 0], url=https://github.com/newsletter)
2026-01-15 17:59:59,182 - web_test.multi_agent_thread - WARNING - Thread 1: Out of domain, New state: OutOfDomainState(action=RestartAction(restart_url=https://github.com/newsletter))
2026-01-15 18:00:02,083 - web_test.multi_agent_thread - INFO - Thread 0: Chosen action: ClickAction(locator=ElementLocator.XPATH, location=/html/body/div[1]/footer/div[1]/div/nav[4]/ul/li[6]/a, text=Careers)
2026-01-15 18:00:09,545 - web_test.multi_agent_thread - INFO - Thread 1: Chosen action: RestartAction(restart_url=https://github.com/newsletter)
2026-01-15 18:00:18,629 - web_test.multi_agent_thread - WARNING - Thread 0: Out of domain, New state: OutOfDomainState(action=RestartAction(restart_url=https://github.com/newsletter))
2026-01-15 18:00:19,027 - web_test.multi_agent_thread - INFO - Thread 1: Detect browser error: {'level': 'WARNING', 'message': "security - Error with Permissions-Policy header: Unrecognized feature: 'ch-ua-form-factors'.", 'source': 'security', 'timestamp': 1768471186723}
2026-01-15 18:00:19,027 - web_test.multi_agent_thread - INFO - Thread 1: Detect browser error: {'level': 'WARNING', 'message': 'https://www.gstatic.com/_/mss/boq-identity/_/js/k=boq-identity.AccountsSignInUi.zh_TW.zh07ysImrlU.es5.O/ck=boq-identity.AccountsSignInUi.7XMrDBH97XY.L.B1.O/am=Kf____8YAAAiRX7JBDjyBwAwQBywBJoAMgAAAAAAAAAAYAMAAGEE/d=1/exm=CMcBD,DiaQ5,DqMihc,E87wgc,EFQ78c,Fndnac,GCY0Tb,GwYlN,IZT63,K0PMbc,K1ZKnb,KUM7Z,L9OGUe,LDQI,LEikZe,MY7mZe,MpJwZc,NLiXbe,PHUIyb,PrPYRd,SCuOPb,SD8Jgb,SpsfSb,Tbb4sb,UUJqVe,Uas9Hd,WpP9Yc,YHI3We,YTxL4,YgOFye,_b,_tp,bTi8wc,byfTOb,cYShmd,cciGGe,f8Gu1e,gJzDyc,hc6Ubd,inNHtf,lkFgGf,lsjVmc,ltDFwf,lwddkf,m9oV,mvkUhe,mzzZzc,n73qwf,oLggrd,oqkvIf,pxq3x,qPYxq,qmdT9,rCcCxc,rmumx,siKnQd,soHxf,t2srLd,tUnxGc,vHEMJe,vfuNJf,vjKJJ,ws9Tlc,xQtZb,xiZRqc,y5vRwf,yGfSdd,yRXbo,ywOR5c,z0u0L,zbML3c,zr1jrb,zy0vNb/excm=_b,_tp,identifierview/ed=1/wt=2/ujg=1/rs=AOaEmlHQKMbM-CKp7uwj6F_3-i1lsg0v9w/ee=ASJRFf:DAnQ7e;Al0B8:kibjWe;DaIJ8c:iAskyc;EVNhjf:pw70Gc;EkYFhd:GwYlN;EmZ2Bf:zr1jrb;JsbNhc:Xd8iUd;K5nYTd:ZDZcre;LBgRLc:XVMNvd;Me32dd:MEeYgc;NJ1rfe:yGfSdd;NPKaK:PVlQOd;NSEoX:lazG7b;Pjplud:EEDORb;QGR0gd:Mlhmy;SMDL4c:K0PMbc;SNUn3:ZwDk9d;ScI3Yc:e7Hzgb;UpnZUd:nnwwYc;Uvc8o:VDovNc;XdiAjb:NLiXbe;YIZmRd:A1yn5d;a56pNe:JEfCwb;cEt90b:ws9Tlc;dIoSBb:SpsfSb;dowIGb:ebZ3mb;eBAeSb:zbML3c;iFQyKf:vfuNJf;lOO0Vd:OTA3Ae;nTuGK:JKNPM;oGtAuc:sOXFj;oSUNyd:K0PMbc;oXZmbc:tUnxGc;pXdRYb:L9OGUe;qQEoOc:KUM7Z;qafBPd:yDVVkb;qddgKe:xQtZb;sHdTOe:nSePib;vNjB7d:YTxL4;wR5FRb:siKnQd;wc73nd:kqeOEd;yxTchf:KUM7Z/dti=1/m=p3hmRc,LvGhrf,RqjULd 22 Deprecated API for given entry type.', 'source': 'javascript', 'timestamp': 1768471195687}
2026-01-15 18:00:19,027 - web_test.multi_agent_thread - INFO - Thread 1: Detect browser error: {'level': 'WARNING', 'message': "security - Error with Permissions-Policy header: Unrecognized feature: 'ch-ua-form-factors'.", 'source': 'security', 'timestamp': 1768471196145}
2026-01-15 18:00:19,027 - web_test.multi_agent_thread - INFO - Thread 1: Detect browser error: {'level': 'SEVERE', 'message': "https://github.githubassets.com/assets/78298-e2b301acbc0e.js 0:4954 Uncaught DOMException: Failed to execute 'matches' on 'Element': '[open]:not(:modal)' is not a valid selector.", 'source': 'javascript', 'timestamp': 1768471210292}
2026-01-15 18:00:19,027 - web_test.multi_agent_thread - INFO - Thread 1: Detect browser error: {'level': 'SEVERE', 'message': "https://github.githubassets.com/assets/78298-e2b301acbc0e.js 0:4954 Uncaught DOMException: Failed to execute 'matches' on 'Element': '[open]:not(:modal)' is not a valid selector.", 'source': 'javascript', 'timestamp': 1768471210295}
2026-01-15 18:00:19,028 - web_test.multi_agent_thread - INFO - Thread 1: Detect browser error: {'level': 'WARNING', 'message': 'https://github.githubassets.com/assets/24077-adc459723b71.js 9 Deprecated API for given entry type.', 'source': 'javascript', 'timestamp': 1768471210338}
2026-01-15 18:00:19,028 - web_test.multi_agent_thread - INFO - Thread 1: Detect browser error: {'level': 'SEVERE', 'message': 'https://github.com/images/spinners/octocat-spinner-128.gif - Failed to load resource: the server responded with a status of 404 ()', 'source': 'network', 'timestamp': 1768471210460}
2026-01-15 18:00:19,669 - web_test.multi_agent_thread - INFO - Thread 1: Execute action success, New state: ActionSetWithExecutionTimesState(action_number=58, action_execution_time_histogram=[57, 1, 0, 0, 0, 0, 0, 0, 0, 0], url=https://github.com/newsletter)
2026-01-15 18:00:28,976 - web_test.multi_agent_thread - INFO - Thread 0: Chosen action: RestartAction(restart_url=https://github.com/newsletter)
2026-01-15 18:00:30,028 - web_test.multi_agent_thread - INFO - Thread 1: Chosen action: ClickAction(locator=ElementLocator.XPATH, location=/html/body/div[1]/footer/div[1]/div/nav[4]/ul/li[10]/a, text=Shop)
2026-01-15 18:00:30,181 - data_collector.data_collector_multi_agent - INFO - Data saved successfully
2026-01-15 18:00:36,310 - web_test.multi_agent_thread - INFO - Thread 0: Detect browser error: {'level': 'WARNING', 'message': "https://github.com/newsletter - The resource https://github.githubassets.com/assets/mona-sans-14595085164a.woff2 was preloaded using link preload but not used within a few seconds from the window's load event. Please make sure it has an appropriate `as` value and it is preloaded intentionally.", 'source': 'javascript', 'timestamp': 1768471193156}
2026-01-15 18:00:36,310 - web_test.multi_agent_thread - INFO - Thread 0: Detect browser error: {'level': 'SEVERE', 'message': "https://www.github.careers/careers-home 1509:15 Uncaught TypeError: Cannot read properties of null (reading 'appendChild')", 'source': 'javascript', 'timestamp': 1768471209803}
2026-01-15 18:00:36,310 - web_test.multi_agent_thread - INFO - Thread 0: Detect browser error: {'level': 'SEVERE', 'message': 'https://app.jibecdn.com/prod/personalization/1.1.58/main.js 0:472605 Uncaught Error: In this configuration Angular requires Zone.js', 'source': 'javascript', 'timestamp': 1768471209922}
2026-01-15 18:00:36,310 - web_test.multi_agent_thread - INFO - Thread 0: Detect browser error: {'level': 'SEVERE', 'message': "https://github.githubassets.com/assets/78298-e2b301acbc0e.js 0:4954 Uncaught DOMException: Failed to execute 'matches' on 'Element': '[open]:not(:modal)' is not a valid selector.", 'source': 'javascript', 'timestamp': 1768471230922}
2026-01-15 18:00:36,310 - web_test.multi_agent_thread - INFO - Thread 0: Detect browser error: {'level': 'SEVERE', 'message': "https://github.githubassets.com/assets/78298-e2b301acbc0e.js 0:4954 Uncaught DOMException: Failed to execute 'matches' on 'Element': '[open]:not(:modal)' is not a valid selector.", 'source': 'javascript', 'timestamp': 1768471230925}
2026-01-15 18:00:36,310 - web_test.multi_agent_thread - INFO - Thread 0: Detect browser error: {'level': 'WARNING', 'message': 'https://github.githubassets.com/assets/24077-adc459723b71.js 9 Deprecated API for given entry type.', 'source': 'javascript', 'timestamp': 1768471230967}
2026-01-15 18:00:36,310 - web_test.multi_agent_thread - INFO - Thread 0: Detect browser error: {'level': 'SEVERE', 'message': 'https://github.com/images/spinners/octocat-spinner-128.gif - Failed to load resource: the server responded with a status of 404 ()', 'source': 'network', 'timestamp': 1768471231203}
2026-01-15 18:00:36,978 - web_test.multi_agent_thread - INFO - Thread 0: Execute action success, New state: ActionSetWithExecutionTimesState(action_number=58, action_execution_time_histogram=[57, 1, 0, 0, 0, 0, 0, 0, 0, 0], url=https://github.com/newsletter)
2026-01-15 18:00:46,155 - web_test.multi_agent_thread - WARNING - Thread 1: Out of domain, New state: OutOfDomainState(action=RestartAction(restart_url=https://github.com/signup?ref_cta=Sign+up&ref_loc=header+logged+out&ref_page=%2F&source=header-home))
2026-01-15 18:00:47,215 - web_test.multi_agent_thread - INFO - Thread 0: Chosen action: ClickAction(locator=ElementLocator.XPATH, location=/html/body/div[1]/footer/div[2]/div/nav[2]/ul/li[1]/a, text=GitHub on LinkedIn)
2026-01-15 18:00:52,366 - web_test.multi_agent_thread - WARNING - Thread 0: Out of domain, New state: OutOfDomainState(action=RestartAction(restart_url=https://github.com/signup?ref_cta=Sign+up&ref_loc=header+logged+out&ref_page=%2F&source=header-home))
2026-01-15 18:00:56,429 - web_test.multi_agent_thread - INFO - Thread 1: Chosen action: RestartAction(restart_url=https://github.com/signup?ref_cta=Sign+up&ref_loc=header+logged+out&ref_page=%2F&source=header-home)
2026-01-15 18:01:01,285 - web_test.multi_agent_thread - INFO - Thread 1: Detect browser error: {'level': 'WARNING', 'message': "https://github.com/newsletter - The resource https://github.githubassets.com/assets/mona-sans-14595085164a.woff2 was preloaded using link preload but not used within a few seconds from the window's load event. Please make sure it has an appropriate `as` value and it is preloaded intentionally.", 'source': 'javascript', 'timestamp': 1768471222267}
2026-01-15 18:01:01,286 - web_test.multi_agent_thread - INFO - Thread 1: Detect browser error: {'level': 'WARNING', 'message': 'https://thegithubshop.com/cdn/shopifycloud/perf-kit/shopify-perf-kit-3.0.3.min.js 0 Deprecated API for given entry type.', 'source': 'javascript', 'timestamp': 1768471235195}
2026-01-15 18:01:01,286 - web_test.multi_agent_thread - INFO - Thread 1: Detect browser error: {'level': 'WARNING', 'message': 'https://thegithubshop.com/cdn/wpm/s7cecd0b6w90c54c6cpe92089d5m57a67346m.js 0:71669 "In a sandboxed environment, addEventListener may not behave as expected."', 'source': 'console-api', 'timestamp': 1768471240450}
2026-01-15 18:01:01,286 - web_test.multi_agent_thread - INFO - Thread 1: Detect browser error: {'level': 'WARNING', 'message': "https://connect.facebook.net/en_US/fbevents.js 333 Unrecognized feature: 'attribution-reporting'.", 'source': 'other', 'timestamp': 1768471240921}
2026-01-15 18:01:01,286 - web_test.multi_agent_thread - INFO - Thread 1: Detect browser error: {'level': 'WARNING', 'message': "https://connect.facebook.net/signals/config/857795940282924?v=2.9.249&r=stable&domain=thegithubshop.com&hme=55aefe1c49be5a19d8e824ed1e4d1aa19c2218c89fb7f12848983e28aeeccbb5&ex_m=93%2C155%2C133%2C20%2C66%2C67%2C126%2C62%2C42%2C127%2C71%2C61%2C10%2C140%2C79%2C15%2C92%2C121%2C114%2C69%2C72%2C120%2C137%2C101%2C142%2C7%2C3%2C4%2C6%2C5%2C2%2C80%2C90%2C143%2C222%2C166%2C56%2C224%2C225%2C49%2C181%2C27%2C68%2C230%2C229%2C169%2C29%2C55%2C9%2C58%2C86%2C87%2C88%2C94%2C117%2C28%2C26%2C119%2C116%2C115%2C134%2C70%2C136%2C135%2C44%2C54%2C110%2C14%2C139%2C39%2C211%2C213%2C176%2C23%2C24%2C25%2C17%2C18%2C38%2C34%2C36%2C35%2C75%2C81%2C85%2C99%2C125%2C128%2C40%2C100%2C21%2C19%2C106%2C63%2C32%2C130%2C129%2C131%2C122%2C22%2C31%2C53%2C98%2C138%2C64%2C16%2C132%2C103%2C30%2C191%2C162%2C281%2C209%2C153%2C194%2C187%2C163%2C96%2C118%2C74%2C108%2C48%2C43%2C102%2C41%2C107%2C113%2C52%2C59%2C112%2C47%2C50%2C46%2C89%2C141%2C0%2C111%2C13%2C109%2C11%2C1%2C51%2C82%2C57%2C60%2C105%2C78%2C77%2C144%2C145%2C83%2C84%2C8%2C91%2C45%2C123%2C76%2C73%2C65%2C104%2C95%2C37%2C124%2C33%2C97%2C12%2C146 119 Unrecognized feature: 'browsing-topics'.", 'source': 'other', 'timestamp': 1768471242600}
2026-01-15 18:01:01,286 - web_test.multi_agent_thread - INFO - Thread 1: Detect browser error: {'level': 'SEVERE', 'message': "https://github.githubassets.com/assets/78298-e2b301acbc0e.js 0:4954 Uncaught DOMException: Failed to execute 'matches' on 'Element': '[open]:not(:modal)' is not a valid selector.", 'source': 'javascript', 'timestamp': 1768471258062}
2026-01-15 18:01:01,286 - web_test.multi_agent_thread - INFO - Thread 1: Detect browser error: {'level': 'WARNING', 'message': 'https://github.githubassets.com/assets/24077-adc459723b71.js 9 Deprecated API for given entry type.', 'source': 'javascript', 'timestamp': 1768471258111}
2026-01-15 18:01:01,286 - web_test.multi_agent_thread - INFO - Thread 1: Detect browser error: {'level': 'SEVERE', 'message': 'https://github.githubassets.com/assets/MonaSansVF[wdth,wght,opsz].woff2 - Failed to load resource: the server responded with a status of 404 ()', 'source': 'network', 'timestamp': 1768471259226}
2026-01-15 18:01:01,485 - web_test.multi_agent_thread - INFO - Thread 1: Execute action success, New state: ActionSetWithExecutionTimesState(action_number=3, action_execution_time_histogram=[2, 1, 0, 0, 0, 0, 0, 0, 0, 0], url=https://github.com/signup?ref_cta=Sign+up&ref_loc=header+logged+out&ref_page=%2F&source=header-home)
2026-01-15 18:01:02,755 - web_test.multi_agent_thread - INFO - Thread 0: Chosen action: RestartAction(restart_url=https://github.com/signup?ref_cta=Sign+up&ref_loc=header+logged+out&ref_page=%2F&source=header-home)
2026-01-15 18:01:07,594 - web_test.multi_agent_thread - INFO - Thread 0: Detect browser error: {'level': 'WARNING', 'message': "https://github.com/newsletter - The resource https://github.githubassets.com/assets/mona-sans-14595085164a.woff2 was preloaded using link preload but not used within a few seconds from the window's load event. Please make sure it has an appropriate `as` value and it is preloaded intentionally.", 'source': 'javascript', 'timestamp': 1768471239564}
2026-01-15 18:01:07,595 - web_test.multi_agent_thread - INFO - Thread 0: Detect browser error: {'level': 'WARNING', 'message': 'https://static.licdn.com/aero-v1/sc/h/61kh9r8s4jkws4ihmtbavez5v 1:252153 "Element with id: cover-image not found"', 'source': 'console-api', 'timestamp': 1768471250241}
2026-01-15 18:01:07,595 - web_test.multi_agent_thread - INFO - Thread 0: Detect browser error: {'level': 'WARNING', 'message': 'https://static.licdn.com/aero-v1/sc/h/61kh9r8s4jkws4ihmtbavez5v 1:252153 "Element with id: joinUrl not found"', 'source': 'console-api', 'timestamp': 1768471250251}
2026-01-15 18:01:07,595 - web_test.multi_agent_thread - INFO - Thread 0: Detect browser error: {'level': 'WARNING', 'message': 'https://static.licdn.com/aero-v1/sc/h/61kh9r8s4jkws4ihmtbavez5v 1:252153 "Element with id: isMergeSignInSignUpV2Enabled not found"', 'source': 'console-api', 'timestamp': 1768471250251}
2026-01-15 18:01:07,595 - web_test.multi_agent_thread - INFO - Thread 0: Detect browser error: {'level': 'WARNING', 'message': 'https://static.licdn.com/aero-v1/sc/h/61kh9r8s4jkws4ihmtbavez5v 1:252153 "Element with id: mergeSignInSignUpLixValue not found"', 'source': 'console-api', 'timestamp': 1768471250251}
2026-01-15 18:01:07,595 - web_test.multi_agent_thread - INFO - Thread 0: Detect browser error: {'level': 'WARNING', 'message': 'https://static.licdn.com/aero-v1/sc/h/61kh9r8s4jkws4ihmtbavez5v 1:242212 "No outlet was found with a data-modal attribute equal to the provided dataCustomOutlet param base-contextual-sign-in-modal"', 'source': 'console-api', 'timestamp': 1768471250251}
2026-01-15 18:01:07,595 - web_test.multi_agent_thread - INFO - Thread 0: Detect browser error: {'level': 'WARNING', 'message': "https://static.licdn.com/aero-v1/sc/h/29rdkxlvag0d3cpj96fiilbju 268 Unrecognized feature: 'identity-credentials-get'.", 'source': 'other', 'timestamp': 1768471250550}
2026-01-15 18:01:07,595 - web_test.multi_agent_thread - INFO - Thread 0: Detect browser error: {'level': 'WARNING', 'message': 'https://static.licdn.com/aero-v1/sc/h/29rdkxlvag0d3cpj96fiilbju 168:166 "[GSI_LOGGER]: Your client application may not display the Google One Tap in its default position. When FedCM becomes mandatory, One Tap only displays in the default position. Refer to the migration guide to update your code accordingly and opt-in to FedCM to test your changes. Learn more: https://developers.google.com/identity/gsi/web/guides/fedcm-migration?s=dc#layout"', 'source': 'console-api', 'timestamp': 1768471250556}
2026-01-15 18:01:07,595 - web_test.multi_agent_thread - INFO - Thread 0: Detect browser error: {'level': 'WARNING', 'message': 'https://static.licdn.com/aero-v1/sc/h/29rdkxlvag0d3cpj96fiilbju 168:166 "[GSI_LOGGER]: Your client application uses one of the Google One Tap prompt UI status methods that may stop functioning when FedCM becomes mandatory. Refer to the migration guide to update your code accordingly and opt-in to FedCM to test your changes. Learn more: https://developers.google.com/identity/gsi/web/guides/fedcm-migration?s=dc#display_moment and https://developers.google.com/identity/gsi/web/guides/fedcm-migration?s=dc#skipped_moment"', 'source': 'console-api', 'timestamp': 1768471250557}
2026-01-15 18:01:07,595 - web_test.multi_agent_thread - INFO - Thread 0: Detect browser error: {'level': 'WARNING', 'message': 'https://static.licdn.com/aero-v1/sc/h/985sqoiudwdfnuemt74raqc27 13:78938 "VIDEOJS:" "WARN:" "Player \\"[object HTMLVideoElement]\\" is already initialised. Options will not be applied."', 'source': 'console-api', 'timestamp': 1768471250650}
2026-01-15 18:01:07,595 - web_test.multi_agent_thread - INFO - Thread 0: Detect browser error: {'level': 'WARNING', 'message': 'https://static.licdn.com/aero-v1/sc/h/985sqoiudwdfnuemt74raqc27 13:78938 "VIDEOJS:" "WARN:" "Player \\"[object HTMLVideoElement]\\" is already initialised. Options will not be applied."', 'source': 'console-api', 'timestamp': 1768471250651}
2026-01-15 18:01:07,595 - web_test.multi_agent_thread - INFO - Thread 0: Detect browser error: {'level': 'WARNING', 'message': 'https://static.licdn.com/aero-v1/sc/h/985sqoiudwdfnuemt74raqc27 13:78938 "VIDEOJS:" "WARN:" "Player \\"[object HTMLVideoElement]\\" is already initialised. Options will not be applied."', 'source': 'console-api', 'timestamp': 1768471250653}
2026-01-15 18:01:07,595 - web_test.multi_agent_thread - INFO - Thread 0: Detect browser error: {'level': 'WARNING', 'message': 'https://static.licdn.com/aero-v1/sc/h/985sqoiudwdfnuemt74raqc27 13:78938 "VIDEOJS:" "WARN:" "Calling addRemoteTextTrack without explicitly setting the \\"manualCleanup\\" parameter to `true` is deprecated and default to `false` in future version of video.js"', 'source': 'console-api', 'timestamp': 1768471250657}
2026-01-15 18:01:07,595 - web_test.multi_agent_thread - INFO - Thread 0: Detect browser error: {'level': 'WARNING', 'message': 'https://static.licdn.com/aero-v1/sc/h/985sqoiudwdfnuemt74raqc27 13:78938 "VIDEOJS:" "WARN:" "Calling addRemoteTextTrack without explicitly setting the \\"manualCleanup\\" parameter to `true` is deprecated and default to `false` in future version of video.js"', 'source': 'console-api', 'timestamp': 1768471250659}
2026-01-15 18:01:07,595 - web_test.multi_agent_thread - INFO - Thread 0: Detect browser error: {'level': 'WARNING', 'message': 'https://static.licdn.com/aero-v1/sc/h/985sqoiudwdfnuemt74raqc27 13:78938 "VIDEOJS:" "WARN:" "Using the tech directly can be dangerous. I hope you know what you\'re doing.\\nSee https://github.com/videojs/video.js/issues/2617 for more info.\\n"', 'source': 'console-api', 'timestamp': 1768471250680}
2026-01-15 18:01:07,596 - web_test.multi_agent_thread - INFO - Thread 0: Detect browser error: {'level': 'WARNING', 'message': 'https://static.licdn.com/aero-v1/sc/h/985sqoiudwdfnuemt74raqc27 13:78938 "VIDEOJS:" "WARN:" "Using the tech directly can be dangerous. I hope you know what you\'re doing.\\nSee https://github.com/videojs/video.js/issues/2617 for more info.\\n"', 'source': 'console-api', 'timestamp': 1768471250680}
2026-01-15 18:01:07,596 - web_test.multi_agent_thread - INFO - Thread 0: Detect browser error: {'level': 'WARNING', 'message': 'https://static.licdn.com/aero-v1/sc/h/985sqoiudwdfnuemt74raqc27 13:78938 "VIDEOJS:" "WARN:" "Using the tech directly can be dangerous. I hope you know what you\'re doing.\\nSee https://github.com/videojs/video.js/issues/2617 for more info.\\n"', 'source': 'console-api', 'timestamp': 1768471250681}
2026-01-15 18:01:07,596 - web_test.multi_agent_thread - INFO - Thread 0: Detect browser error: {'level': 'WARNING', 'message': 'https://static.licdn.com/aero-v1/sc/h/985sqoiudwdfnuemt74raqc27 13:78938 "VIDEOJS:" "WARN:" "Using the tech directly can be dangerous. I hope you know what you\'re doing.\\nSee https://github.com/videojs/video.js/issues/2617 for more info.\\n"', 'source': 'console-api', 'timestamp': 1768471250682}
2026-01-15 18:01:07,596 - web_test.multi_agent_thread - INFO - Thread 0: Detect browser error: {'level': 'WARNING', 'message': 'https://static.licdn.com/aero-v1/sc/h/985sqoiudwdfnuemt74raqc27 13:78938 "VIDEOJS:" "WARN:" "Using the tech directly can be dangerous. I hope you know what you\'re doing.\\nSee https://github.com/videojs/video.js/issues/2617 for more info.\\n"', 'source': 'console-api', 'timestamp': 1768471250684}
2026-01-15 18:01:07,596 - web_test.multi_agent_thread - INFO - Thread 0: Detect browser error: {'level': 'WARNING', 'message': 'https://static.licdn.com/aero-v1/sc/h/985sqoiudwdfnuemt74raqc27 13:78938 "VIDEOJS:" "WARN:" "Using the tech directly can be dangerous. I hope you know what you\'re doing.\\nSee https://github.com/videojs/video.js/issues/2617 for more info.\\n"', 'source': 'console-api', 'timestamp': 1768471250685}
2026-01-15 18:01:07,596 - web_test.multi_agent_thread - INFO - Thread 0: Detect browser error: {'level': 'SEVERE', 'message': 'https://static.licdn.com/aero-v1/sc/h/985sqoiudwdfnuemt74raqc27 13:78938 "VIDEOJS:" "ERROR:" Q', 'source': 'console-api', 'timestamp': 1768471250960}
2026-01-15 18:01:07,596 - web_test.multi_agent_thread - INFO - Thread 0: Detect browser error: {'level': 'SEVERE', 'message': 'https://static.licdn.com/aero-v1/sc/h/985sqoiudwdfnuemt74raqc27 13:78938 "VIDEOJS:" "ERROR:" Q', 'source': 'console-api', 'timestamp': 1768471250965}
2026-01-15 18:01:07,596 - web_test.multi_agent_thread - INFO - Thread 0: Detect browser error: {'level': 'SEVERE', 'message': 'https://static.licdn.com/aero-v1/sc/h/985sqoiudwdfnuemt74raqc27 13:78938 "VIDEOJS:" "ERROR:" "(CODE:4 MEDIA_ERR_SRC_NOT_SUPPORTED)" "The media could not be loaded, either because the server or network failed or because the format is not supported." Ds', 'source': 'console-api', 'timestamp': 1768471252234}
2026-01-15 18:01:07,596 - web_test.multi_agent_thread - INFO - Thread 0: Detect browser error: {'level': 'SEVERE', 'message': 'https://static.licdn.com/aero-v1/sc/h/985sqoiudwdfnuemt74raqc27 13:78938 "VIDEOJS:" "ERROR:" "(CODE:4 MEDIA_ERR_SRC_NOT_SUPPORTED)" "The media could not be loaded, either because the server or network failed or because the format is not supported." Ds', 'source': 'console-api', 'timestamp': 1768471252717}
2026-01-15 18:01:07,596 - web_test.multi_agent_thread - INFO - Thread 0: Detect browser error: {'level': 'SEVERE', 'message': 'https://static.licdn.com/aero-v1/sc/h/985sqoiudwdfnuemt74raqc27 13:78938 "VIDEOJS:" "ERROR:" "(CODE:4 MEDIA_ERR_SRC_NOT_SUPPORTED)" "The media could not be loaded, either because the server or network failed or because the format is not supported." Ds', 'source': 'console-api', 'timestamp': 1768471254296}
2026-01-15 18:01:07,596 - web_test.multi_agent_thread - INFO - Thread 0: Detect browser error: {'level': 'SEVERE', 'message': "https://github.githubassets.com/assets/78298-e2b301acbc0e.js 0:4954 Uncaught DOMException: Failed to execute 'matches' on 'Element': '[open]:not(:modal)' is not a valid selector.", 'source': 'javascript', 'timestamp': 1768471265121}
2026-01-15 18:01:07,596 - web_test.multi_agent_thread - INFO - Thread 0: Detect browser error: {'level': 'WARNING', 'message': 'https://github.githubassets.com/assets/24077-adc459723b71.js 9 Deprecated API for given entry type.', 'source': 'javascript', 'timestamp': 1768471265169}
2026-01-15 18:01:07,596 - web_test.multi_agent_thread - INFO - Thread 0: Detect browser error: {'level': 'SEVERE', 'message': 'https://github.githubassets.com/assets/MonaSansVF[wdth,wght,opsz].woff2 - Failed to load resource: the server responded with a status of 404 ()', 'source': 'network', 'timestamp': 1768471265245}
2026-01-15 18:01:07,823 - web_test.multi_agent_thread - INFO - Thread 0: Execute action success, New state: ActionSetWithExecutionTimesState(action_number=4, action_execution_time_histogram=[4, 0, 0, 0, 0, 0, 0, 0, 0, 0], url=https://github.com/signup?ref_cta=Sign+up&ref_loc=header+logged+out&ref_page=%2F&source=header-home)
2026-01-15 18:01:11,839 - web_test.multi_agent_thread - INFO - Thread 1: Chosen action: ClickAction(locator=ElementLocator.XPATH, location=/html/body/div[1]/div[5]/div/main/div/div[1]/div/details/summary, text=See what's included )
2026-01-15 18:01:14,037 - web_test.multi_agent_thread - INFO - Thread 1: Execute action success, New state: ActionSetWithExecutionTimesState(action_number=2, action_execution_time_histogram=[2, 0, 0, 0, 0, 0, 0, 0, 0, 0], url=https://github.com/signup?ref_cta=Sign+up&ref_loc=header+logged+out&ref_page=%2F&source=header-home)
2026-01-15 18:01:18,182 - web_test.multi_agent_thread - INFO - Thread 0: Chosen action: ClickAction(locator=ElementLocator.XPATH, location=/html/body/div[1]/div[5]/div/main/div/div[1]/div/details/summary, text=See what's included )
2026-01-15 18:01:20,384 - web_test.multi_agent_thread - INFO - Thread 0: Execute action success, New state: ActionSetWithExecutionTimesState(action_number=2, action_execution_time_histogram=[2, 0, 0, 0, 0, 0, 0, 0, 0, 0], url=https://github.com/signup?ref_cta=Sign+up&ref_loc=header+logged+out&ref_page=%2F&source=header-home)
2026-01-15 18:01:24,394 - web_test.multi_agent_thread - INFO - Thread 1: Chosen action: ClickAction(locator=ElementLocator.XPATH, location=/html/body/div[1]/div[2]/header/div/div/a, text=Sign in →)
2026-01-15 18:01:26,485 - web_test.multi_agent_thread - INFO - Thread 1: Detect browser error: {'level': 'WARNING', 'message': 'https://github.githubassets.com/assets/24077-adc459723b71.js 9 Deprecated API for given entry type.', 'source': 'javascript', 'timestamp': 1768471285662}
2026-01-15 18:01:26,593 - web_test.multi_agent_thread - INFO - Thread 1: Execute action success, New state: ActionSetWithExecutionTimesState(action_number=6, action_execution_time_histogram=[6, 0, 0, 0, 0, 0, 0, 0, 0, 0], url=https://github.com/login?return_to=https%3A%2F%2Fgithub.com%2Fsignup%3Fref_cta%3DSign%2Bup%26ref_loc%3Dheader%2Blogged%2Bout%26ref_page%3D%252F%26source%3Dheader-home)
2026-01-15 18:01:30,190 - data_collector.data_collector_multi_agent - INFO - Data saved successfully
2026-01-15 18:01:30,717 - web_test.multi_agent_thread - INFO - Thread 0: Chosen action: ClickAction(locator=ElementLocator.XPATH, location=/html/body/div[1]/div[2]/header/div/div/a, text=Sign in →)
2026-01-15 18:01:32,804 - web_test.multi_agent_thread - INFO - Thread 0: Detect browser error: {'level': 'WARNING', 'message': 'https://github.githubassets.com/assets/24077-adc459723b71.js 9 Deprecated API for given entry type.', 'source': 'javascript', 'timestamp': 1768471291741}
2026-01-15 18:01:32,943 - web_test.multi_agent_thread - INFO - Thread 0: Execute action success, New state: ActionSetWithExecutionTimesState(action_number=7, action_execution_time_histogram=[7, 0, 0, 0, 0, 0, 0, 0, 0, 0], url=https://github.com/login?return_to=https%3A%2F%2Fgithub.com%2Fsignup%3Fref_cta%3DSign%2Bup%26ref_loc%3Dheader%2Blogged%2Bout%26ref_page%3D%252F%26source%3Dheader-home)
2026-01-15 18:01:36,928 - web_test.multi_agent_thread - INFO - Thread 1: Chosen action: ClickAction(locator=ElementLocator.XPATH, location=/html/body/div[1]/div[4]/main/div/div[2]/webauthn-status/form[2]/button, text=Continue with Google)
2026-01-15 18:01:43,414 - web_test.multi_agent_thread - WARNING - Thread 1: Out of domain, New state: OutOfDomainState(action=RestartAction(restart_url=https://github.com/login?return_to=https%3A%2F%2Fgithub.com%2Fsignup%3Fref_cta%3DSign%2Bup%26ref_loc%3Dheader%2Blogged%2Bout%26ref_page%3D%252F%26source%3Dheader-home))
2026-01-15 18:01:43,438 - web_test.multi_agent_thread - INFO - Thread 0: Chosen action: RandomInputAction(locator=ElementLocator.XPATH, location=/html/body/div[1]/div[4]/main/div/div[2]/form/div[2]/input[1], text=Password)
2026-01-15 18:01:45,695 - web_test.multi_agent_thread - INFO - Thread 0: Execute action success, New state: ActionSetWithExecutionTimesState(action_number=7, action_execution_time_histogram=[6, 1, 0, 0, 0, 0, 0, 0, 0, 0], url=https://github.com/login?return_to=https%3A%2F%2Fgithub.com%2Fsignup%3Fref_cta%3DSign%2Bup%26ref_loc%3Dheader%2Blogged%2Bout%26ref_page%3D%252F%26source%3Dheader-home)
2026-01-15 18:01:53,832 - web_test.multi_agent_thread - INFO - Thread 1: Chosen action: RestartAction(restart_url=https://github.com/login?return_to=https%3A%2F%2Fgithub.com%2Fsignup%3Fref_cta%3DSign%2Bup%26ref_loc%3Dheader%2Blogged%2Bout%26ref_page%3D%252F%26source%3Dheader-home)
2026-01-15 18:01:56,054 - web_test.multi_agent_thread - INFO - Thread 0: Chosen action: ClickAction(locator=ElementLocator.XPATH, location=/html/body/div[1]/div[4]/main/div/div[2]/webauthn-status/form[3]/button, text=Continue with Apple)
2026-01-15 18:01:56,490 - web_test.multi_agent_thread - INFO - Thread 1: Detect browser error: {'level': 'WARNING', 'message': "security - Error with Permissions-Policy header: Unrecognized feature: 'ch-ua-form-factors'.", 'source': 'security', 'timestamp': 1768471299145}
2026-01-15 18:01:56,490 - web_test.multi_agent_thread - INFO - Thread 1: Detect browser error: {'level': 'WARNING', 'message': 'https://www.gstatic.com/_/mss/boq-identity/_/js/k=boq-identity.AccountsSignInUi.zh_TW.zh07ysImrlU.es5.O/ck=boq-identity.AccountsSignInUi.7XMrDBH97XY.L.B1.O/am=Kf____8YAAAiRX7JBDjyBwAwQBywBJoAMgAAAAAAAAAAYAMAAGEE/d=1/exm=CMcBD,DiaQ5,DqMihc,E87wgc,EFQ78c,Fndnac,GCY0Tb,GwYlN,IZT63,K0PMbc,K1ZKnb,KUM7Z,L9OGUe,LDQI,LEikZe,MY7mZe,MpJwZc,NLiXbe,PHUIyb,PrPYRd,SCuOPb,SD8Jgb,SpsfSb,Tbb4sb,UUJqVe,Uas9Hd,WpP9Yc,YHI3We,YTxL4,YgOFye,_b,_tp,bTi8wc,byfTOb,cYShmd,cciGGe,f8Gu1e,gJzDyc,hc6Ubd,inNHtf,lkFgGf,lsjVmc,ltDFwf,lwddkf,m9oV,mvkUhe,mzzZzc,n73qwf,oLggrd,oqkvIf,pxq3x,qPYxq,qmdT9,rCcCxc,rmumx,siKnQd,soHxf,t2srLd,tUnxGc,vHEMJe,vfuNJf,vjKJJ,ws9Tlc,xQtZb,xiZRqc,y5vRwf,yGfSdd,yRXbo,ywOR5c,z0u0L,zbML3c,zr1jrb,zy0vNb/excm=_b,_tp,identifierview/ed=1/wt=2/ujg=1/rs=AOaEmlHQKMbM-CKp7uwj6F_3-i1lsg0v9w/ee=ASJRFf:DAnQ7e;Al0B8:kibjWe;DaIJ8c:iAskyc;EVNhjf:pw70Gc;EkYFhd:GwYlN;EmZ2Bf:zr1jrb;JsbNhc:Xd8iUd;K5nYTd:ZDZcre;LBgRLc:XVMNvd;Me32dd:MEeYgc;NJ1rfe:yGfSdd;NPKaK:PVlQOd;NSEoX:lazG7b;Pjplud:EEDORb;QGR0gd:Mlhmy;SMDL4c:K0PMbc;SNUn3:ZwDk9d;ScI3Yc:e7Hzgb;UpnZUd:nnwwYc;Uvc8o:VDovNc;XdiAjb:NLiXbe;YIZmRd:A1yn5d;a56pNe:JEfCwb;cEt90b:ws9Tlc;dIoSBb:SpsfSb;dowIGb:ebZ3mb;eBAeSb:zbML3c;iFQyKf:vfuNJf;lOO0Vd:OTA3Ae;nTuGK:JKNPM;oGtAuc:sOXFj;oSUNyd:K0PMbc;oXZmbc:tUnxGc;pXdRYb:L9OGUe;qQEoOc:KUM7Z;qafBPd:yDVVkb;qddgKe:xQtZb;sHdTOe:nSePib;vNjB7d:YTxL4;wR5FRb:siKnQd;wc73nd:kqeOEd;yxTchf:KUM7Z/dti=1/m=p3hmRc,LvGhrf,RqjULd 22 Deprecated API for given entry type.', 'source': 'javascript', 'timestamp': 1768471300021}
2026-01-15 18:01:56,490 - web_test.multi_agent_thread - INFO - Thread 1: Detect browser error: {'level': 'WARNING', 'message': "security - Error with Permissions-Policy header: Unrecognized feature: 'ch-ua-form-factors'.", 'source': 'security', 'timestamp': 1768471300305}
2026-01-15 18:01:56,490 - web_test.multi_agent_thread - INFO - Thread 1: Detect browser error: {'level': 'WARNING', 'message': 'https://github.githubassets.com/assets/24077-adc459723b71.js 9 Deprecated API for given entry type.', 'source': 'javascript', 'timestamp': 1768471314418}
2026-01-15 18:01:56,630 - web_test.multi_agent_thread - INFO - Thread 1: Execute action success, New state: ActionSetWithExecutionTimesState(action_number=12, action_execution_time_histogram=[12, 0, 0, 0, 0, 0, 0, 0, 0, 0], url=https://github.com/login?return_to=https%3A%2F%2Fgithub.com%2Fsignup%3Fref_cta%3DSign%2Bup%26ref_loc%3Dheader%2Blogged%2Bout%26ref_page%3D%252F%26source%3Dheader-home)
2026-01-15 18:02:03,415 - web_test.multi_agent_thread - WARNING - Thread 0: Out of domain, New state: OutOfDomainState(action=RestartAction(restart_url=https://github.com/login?return_to=https%3A%2F%2Fgithub.com%2Fsignup%3Fref_cta%3DSign%2Bup%26ref_loc%3Dheader%2Blogged%2Bout%26ref_page%3D%252F%26source%3Dheader-home))
2026-01-15 18:02:07,002 - web_test.multi_agent_thread - INFO - Thread 1: Chosen action: ClickAction(locator=ElementLocator.XPATH, location=/html/body/div[1]/div[4]/main/div/div[3]/div/p/a, text=Create an account)
2026-01-15 18:02:09,191 - web_test.multi_agent_thread - INFO - Thread 1: Execute action success, New state: ActionSetWithExecutionTimesState(action_number=12, action_execution_time_histogram=[11, 1, 0, 0, 0, 0, 0, 0, 0, 0], url=https://github.com/login?return_to=https%3A%2F%2Fgithub.com%2Fsignup%3Fref_cta%3DSign%2Bup%26ref_loc%3Dheader%2Blogged%2Bout%26ref_page%3D%252F%26source%3Dheader-home)
2026-01-15 18:02:13,766 - web_test.multi_agent_thread - INFO - Thread 0: Chosen action: RestartAction(restart_url=https://github.com/login?return_to=https%3A%2F%2Fgithub.com%2Fsignup%3Fref_cta%3DSign%2Bup%26ref_loc%3Dheader%2Blogged%2Bout%26ref_page%3D%252F%26source%3Dheader-home)
2026-01-15 18:02:16,255 - web_test.multi_agent_thread - INFO - Thread 0: Detect browser error: {'level': 'SEVERE', 'message': "https://appleid.apple.com/auth/authorize?client_id=com.github.social-oidc&redirect_uri=https%3A%2F%2Fgithub.com%2Fsessions%2Fsocial%2Fapple%2Fcallback&nonce=731f7ce0f255e09f019d5cac90f8132f&state=669a53e73633ac1d994b886beb33e5ca&scope=email&response_mode=form_post&response_type=code - Access to font at 'https://www.apple.com/ac/globalfooter/7/zh_TW/assets/ac-footer/legacy/appleicons_text.woff' from origin 'https://appleid.apple.com' has been blocked by CORS policy: No 'Access-Control-Allow-Origin' header is present on the requested resource.", 'source': 'javascript', 'timestamp': 1768471322254}
2026-01-15 18:02:16,255 - web_test.multi_agent_thread - INFO - Thread 0: Detect browser error: {'level': 'SEVERE', 'message': 'https://www.apple.com/ac/globalfooter/7/zh_TW/assets/ac-footer/legacy/appleicons_text.woff - Failed to load resource: net::ERR_FAILED', 'source': 'network', 'timestamp': 1768471322254}
2026-01-15 18:02:16,255 - web_test.multi_agent_thread - INFO - Thread 0: Detect browser error: {'level': 'SEVERE', 'message': "https://appleid.apple.com/auth/authorize?client_id=com.github.social-oidc&redirect_uri=https%3A%2F%2Fgithub.com%2Fsessions%2Fsocial%2Fapple%2Fcallback&nonce=731f7ce0f255e09f019d5cac90f8132f&state=669a53e73633ac1d994b886beb33e5ca&scope=email&response_mode=form_post&response_type=code - Access to font at 'https://www.apple.com/ac/globalfooter/7/zh_TW/assets/ac-footer/legacy/appleicons_text.ttf' from origin 'https://appleid.apple.com' has been blocked by CORS policy: No 'Access-Control-Allow-Origin' header is present on the requested resource.", 'source': 'javascript', 'timestamp': 1768471322308}
2026-01-15 18:02:16,255 - web_test.multi_agent_thread - INFO - Thread 0: Detect browser error: {'level': 'SEVERE', 'message': 'https://www.apple.com/ac/globalfooter/7/zh_TW/assets/ac-footer/legacy/appleicons_text.ttf - Failed to load resource: net::ERR_FAILED', 'source': 'network', 'timestamp': 1768471322308}
2026-01-15 18:02:16,256 - web_test.multi_agent_thread - INFO - Thread 0: Detect browser error: {'level': 'WARNING', 'message': 'https://github.githubassets.com/assets/24077-adc459723b71.js 9 Deprecated API for given entry type.', 'source': 'javascript', 'timestamp': 1768471334175}
2026-01-15 18:02:16,425 - web_test.multi_agent_thread - INFO - Thread 0: Execute action success, New state: ActionSetWithExecutionTimesState(action_number=12, action_execution_time_histogram=[11, 1, 0, 0, 0, 0, 0, 0, 0, 0], url=https://github.com/login?return_to=https%3A%2F%2Fgithub.com%2Fsignup%3Fref_cta%3DSign%2Bup%26ref_loc%3Dheader%2Blogged%2Bout%26ref_page%3D%252F%26source%3Dheader-home)
2026-01-15 18:02:19,525 - web_test.multi_agent_thread - INFO - Thread 1: Chosen action: ClickAction(locator=ElementLocator.XPATH, location=/html/body/div[1]/div[4]/main/div/div[2]/form/div[3]/input, text=)
2026-01-15 18:02:21,701 - web_test.multi_agent_thread - INFO - Thread 1: Execute action success, New state: ActionSetWithExecutionTimesState(action_number=12, action_execution_time_histogram=[10, 2, 0, 0, 0, 0, 0, 0, 0, 0], url=https://github.com/login?return_to=https%3A%2F%2Fgithub.com%2Fsignup%3Fref_cta%3DSign%2Bup%26ref_loc%3Dheader%2Blogged%2Bout%26ref_page%3D%252F%26source%3Dheader-home)
2026-01-15 18:02:26,760 - web_test.multi_agent_thread - INFO - Thread 0: Chosen action: RandomInputAction(locator=ElementLocator.XPATH, location=/html/body/div[1]/div[4]/main/div/div[2]/form/div[2]/input[1], text=Password)
2026-01-15 18:02:28,965 - web_test.multi_agent_thread - INFO - Thread 0: Execute action success, New state: ActionSetWithExecutionTimesState(action_number=12, action_execution_time_histogram=[9, 3, 0, 0, 0, 0, 0, 0, 0, 0], url=https://github.com/login?return_to=https%3A%2F%2Fgithub.com%2Fsignup%3Fref_cta%3DSign%2Bup%26ref_loc%3Dheader%2Blogged%2Bout%26ref_page%3D%252F%26source%3Dheader-home)
2026-01-15 18:02:30,201 - data_collector.data_collector_multi_agent - INFO - Data saved successfully
2026-01-15 18:02:32,013 - web_test.multi_agent_thread - INFO - Thread 1: Chosen action: ClickAction(locator=ElementLocator.XPATH, location=/html/body/div[1]/div[5]/ul/li[6]/cookie-consent-link/button, text=Do not share my personal information)
2026-01-15 18:02:34,184 - web_test.multi_agent_thread - INFO - Thread 1: Execute action success, New state: ActionSetWithExecutionTimesState(action_number=12, action_execution_time_histogram=[8, 4, 0, 0, 0, 0, 0, 0, 0, 0], url=https://github.com/login?return_to=https%3A%2F%2Fgithub.com%2Fsignup%3Fref_cta%3DSign%2Bup%26ref_loc%3Dheader%2Blogged%2Bout%26ref_page%3D%252F%26source%3Dheader-home)
2026-01-15 18:02:39,293 - web_test.multi_agent_thread - INFO - Thread 0: Chosen action: ClickAction(locator=ElementLocator.XPATH, location=/html/body/div[1]/div[4]/main/div/div[2]/form/div[2]/a, text=Forgot password?)
2026-01-15 18:02:44,474 - web_test.multi_agent_thread - INFO - Thread 1: Chosen action: ClickAction(locator=ElementLocator.XPATH, location=/html/body/div[1]/div[5]/ul/li[2]/a, text=Privacy)
2026-01-15 18:02:45,463 - web_test.multi_agent_thread - INFO - Thread 0: Detect browser error: {'level': 'WARNING', 'message': 'https://github.githubassets.com/assets/24077-adc459723b71.js 9 Deprecated API for given entry type.', 'source': 'javascript', 'timestamp': 1768471359825}
2026-01-15 18:02:45,482 - web_test.multi_agent_thread - INFO - Thread 0: Execute action success, New state: ActionSetWithExecutionTimesState(action_number=1, action_execution_time_histogram=[1, 0, 0, 0, 0, 0, 0, 0, 0, 0], url=https://github.com/password_reset)
2026-01-15 18:02:50,131 - web_test.multi_agent_thread - INFO - Thread 1: Detect browser error: {'level': 'SEVERE', 'message': "https://github.githubassets.com/assets/78298-e2b301acbc0e.js 0:4954 Uncaught DOMException: Failed to execute 'matches' on 'Element': '[open]:not(:modal)' is not a valid selector.", 'source': 'javascript', 'timestamp': 1768471366818}
2026-01-15 18:02:50,131 - web_test.multi_agent_thread - INFO - Thread 1: Detect browser error: {'level': 'WARNING', 'message': 'https://github.githubassets.com/assets/24077-adc459723b71.js 9 Deprecated API for given entry type.', 'source': 'javascript', 'timestamp': 1768471366846}
2026-01-15 18:02:50,131 - web_test.multi_agent_thread - INFO - Thread 1: Detect browser error: {'level': 'SEVERE', 'message': 'https://github.githubassets.com/assets/MonaSansVF[wdth,wght,opsz].woff2 - Failed to load resource: the server responded with a status of 404 ()', 'source': 'network', 'timestamp': 1768471368090}
2026-01-15 18:02:50,330 - web_test.multi_agent_thread - INFO - Thread 1: Execute action success, New state: ActionSetWithExecutionTimesState(action_number=3, action_execution_time_histogram=[3, 0, 0, 0, 0, 0, 0, 0, 0, 0], url=https://github.com/signup?return_to=https%3A%2F%2Fgithub.com%2Fsignup%3Fref_cta%3DSign%2Bup%26ref_loc%3Dheader%2Blogged%2Bout%26ref_page%3D%252F%26source%3Dheader-home&source=login)
2026-01-15 18:02:55,806 - web_test.multi_agent_thread - INFO - Thread 0: Chosen action: RandomInputAction(locator=ElementLocator.XPATH, location=/html/body/div[1]/div[4]/main/div/div[2]/form/div/input[1], text=Email)
2026-01-15 18:02:57,912 - web_test.multi_agent_thread - INFO - Thread 0: Execute action success, New state: ActionSetWithExecutionTimesState(action_number=1, action_execution_time_histogram=[0, 1, 0, 0, 0, 0, 0, 0, 0, 0], url=https://github.com/password_reset)
2026-01-15 18:03:00,912 - web_test.multi_agent_thread - INFO - Thread 1: Chosen action: ClickAction(locator=ElementLocator.XPATH, location=/html/body/div[1]/div[5]/div/main/div/div[2]/div[2]/div/div[2]/div/signup-form/div[2]/form[1]/button, text=Continue with Google)
2026-01-15 18:03:07,400 - web_test.multi_agent_thread - WARNING - Thread 1: Out of domain, New state: OutOfDomainState(action=RestartAction(restart_url=https://github.com/password_reset))
2026-01-15 18:03:08,231 - web_test.multi_agent_thread - INFO - Thread 0: Chosen action: RandomInputAction(locator=ElementLocator.XPATH, location=/html/body/div[1]/div[4]/main/div/div[2]/form/div/input[1], text=Email)
2026-01-15 18:03:10,333 - web_test.multi_agent_thread - INFO - Thread 0: Execute action success, New state: ActionSetWithExecutionTimesState(action_number=1, action_execution_time_histogram=[0, 0, 1, 0, 0, 0, 0, 0, 0, 0], url=https://github.com/password_reset)
2026-01-15 18:03:17,801 - web_test.multi_agent_thread - INFO - Thread 1: Chosen action: RestartAction(restart_url=https://github.com/password_reset)
2026-01-15 18:03:20,726 - web_test.multi_agent_thread - INFO - Thread 0: Chosen action: RandomInputAction(locator=ElementLocator.XPATH, location=/html/body/div[1]/div[4]/main/div/div[2]/form/div/input[1], text=Email)
2026-01-15 18:03:22,833 - web_test.multi_agent_thread - INFO - Thread 0: Execute action success, New state: ActionSetWithExecutionTimesState(action_number=1, action_execution_time_histogram=[0, 0, 0, 1, 0, 0, 0, 0, 0, 0], url=https://github.com/password_reset)
2026-01-15 18:03:24,147 - web_test.multi_agent_thread - INFO - Thread 1: Detect browser error: {'level': 'WARNING', 'message': "security - Error with Permissions-Policy header: Unrecognized feature: 'ch-ua-form-factors'.", 'source': 'security', 'timestamp': 1768471383162}
2026-01-15 18:03:24,147 - web_test.multi_agent_thread - INFO - Thread 1: Detect browser error: {'level': 'WARNING', 'message': 'https://www.gstatic.com/_/mss/boq-identity/_/js/k=boq-identity.AccountsSignInUi.zh_TW.zh07ysImrlU.es5.O/ck=boq-identity.AccountsSignInUi.7XMrDBH97XY.L.B1.O/am=Kf____8YAAAiRX7JBDjyBwAwQBywBJoAMgAAAAAAAAAAYAMAAGEE/d=1/exm=CMcBD,DiaQ5,DqMihc,E87wgc,EFQ78c,Fndnac,GCY0Tb,GwYlN,IZT63,K0PMbc,K1ZKnb,KUM7Z,L9OGUe,LDQI,LEikZe,MY7mZe,MpJwZc,NLiXbe,PHUIyb,PrPYRd,SCuOPb,SD8Jgb,SpsfSb,Tbb4sb,UUJqVe,Uas9Hd,WpP9Yc,YHI3We,YTxL4,YgOFye,_b,_tp,bTi8wc,byfTOb,cYShmd,cciGGe,f8Gu1e,gJzDyc,hc6Ubd,inNHtf,lkFgGf,lsjVmc,ltDFwf,lwddkf,m9oV,mvkUhe,mzzZzc,n73qwf,oLggrd,oqkvIf,pxq3x,qPYxq,qmdT9,rCcCxc,rmumx,siKnQd,soHxf,t2srLd,tUnxGc,vHEMJe,vfuNJf,vjKJJ,ws9Tlc,xQtZb,xiZRqc,y5vRwf,yGfSdd,yRXbo,ywOR5c,z0u0L,zbML3c,zr1jrb,zy0vNb/excm=_b,_tp,identifierview/ed=1/wt=2/ujg=1/rs=AOaEmlHQKMbM-CKp7uwj6F_3-i1lsg0v9w/ee=ASJRFf:DAnQ7e;Al0B8:kibjWe;DaIJ8c:iAskyc;EVNhjf:pw70Gc;EkYFhd:GwYlN;EmZ2Bf:zr1jrb;JsbNhc:Xd8iUd;K5nYTd:ZDZcre;LBgRLc:XVMNvd;Me32dd:MEeYgc;NJ1rfe:yGfSdd;NPKaK:PVlQOd;NSEoX:lazG7b;Pjplud:EEDORb;QGR0gd:Mlhmy;SMDL4c:K0PMbc;SNUn3:ZwDk9d;ScI3Yc:e7Hzgb;UpnZUd:nnwwYc;Uvc8o:VDovNc;XdiAjb:NLiXbe;YIZmRd:A1yn5d;a56pNe:JEfCwb;cEt90b:ws9Tlc;dIoSBb:SpsfSb;dowIGb:ebZ3mb;eBAeSb:zbML3c;iFQyKf:vfuNJf;lOO0Vd:OTA3Ae;nTuGK:JKNPM;oGtAuc:sOXFj;oSUNyd:K0PMbc;oXZmbc:tUnxGc;pXdRYb:L9OGUe;qQEoOc:KUM7Z;qafBPd:yDVVkb;qddgKe:xQtZb;sHdTOe:nSePib;vNjB7d:YTxL4;wR5FRb:siKnQd;wc73nd:kqeOEd;yxTchf:KUM7Z/dti=1/m=p3hmRc,LvGhrf,RqjULd 22 Deprecated API for given entry type.', 'source': 'javascript', 'timestamp': 1768471383989}
2026-01-15 18:03:24,147 - web_test.multi_agent_thread - INFO - Thread 1: Detect browser error: {'level': 'WARNING', 'message': "security - Error with Permissions-Policy header: Unrecognized feature: 'ch-ua-form-factors'.", 'source': 'security', 'timestamp': 1768471384364}
2026-01-15 18:03:24,147 - web_test.multi_agent_thread - INFO - Thread 1: Detect browser error: {'level': 'WARNING', 'message': 'https://github.githubassets.com/assets/24077-adc459723b71.js 9 Deprecated API for given entry type.', 'source': 'javascript', 'timestamp': 1768471398376}
2026-01-15 18:03:24,195 - web_test.multi_agent_thread - INFO - Thread 1: Execute action success, New state: ActionSetWithExecutionTimesState(action_number=1, action_execution_time_histogram=[0, 0, 0, 1, 0, 0, 0, 0, 0, 0], url=https://github.com/password_reset)
2026-01-15 18:03:30,210 - data_collector.data_collector_multi_agent - INFO - Data saved successfully
2026-01-15 18:03:30,437 - web_test.multi_agent_thread - INFO - Thread 1: Chosen action: RandomInputAction(locator=ElementLocator.XPATH, location=/html/body/div[1]/div[4]/main/div/div[2]/form/div/input[1], text=Email)
2026-01-15 18:03:30,439 - web_test.multi_agent_thread - ERROR - Thread 1: Error happened
Traceback (most recent call last):
  File "/Users/harryhou/miniconda3/lib/python3.13/site-packages/urllib3/connection.py", line 204, in _new_conn
    sock = connection.create_connection(
        (self._dns_host, self.port),
    ...<2 lines>...
        socket_options=self.socket_options,
    )
  File "/Users/harryhou/miniconda3/lib/python3.13/site-packages/urllib3/util/connection.py", line 85, in create_connection
    raise err
  File "/Users/harryhou/miniconda3/lib/python3.13/site-packages/urllib3/util/connection.py", line 73, in create_connection
    sock.connect(sa)
    ~~~~~~~~~~~~^^^^
ConnectionRefusedError: [Errno 61] Connection refused

The above exception was the direct cause of the following exception:

Traceback (most recent call last):
  File "/Users/harryhou/miniconda3/lib/python3.13/site-packages/urllib3/connectionpool.py", line 787, in urlopen
    response = self._make_request(
        conn,
    ...<10 lines>...
        **response_kw,
    )
  File "/Users/harryhou/miniconda3/lib/python3.13/site-packages/urllib3/connectionpool.py", line 493, in _make_request
    conn.request(
    ~~~~~~~~~~~~^
        method,
        ^^^^^^^
    ...<6 lines>...
        enforce_content_length=enforce_content_length,
        ^^^^^^^^^^^^^^^^^^^^^^^^^^^^^^^^^^^^^^^^^^^^^^
    )
    ^
  File "/Users/harryhou/miniconda3/lib/python3.13/site-packages/urllib3/connection.py", line 500, in request
    self.endheaders()
    ~~~~~~~~~~~~~~~^^
  File "/Users/harryhou/miniconda3/lib/python3.13/http/client.py", line 1333, in endheaders
    self._send_output(message_body, encode_chunked=encode_chunked)
    ~~~~~~~~~~~~~~~~~^^^^^^^^^^^^^^^^^^^^^^^^^^^^^^^^^^^^^^^^^^^^^
  File "/Users/harryhou/miniconda3/lib/python3.13/http/client.py", line 1093, in _send_output
    self.send(msg)
    ~~~~~~~~~^^^^^
  File "/Users/harryhou/miniconda3/lib/python3.13/http/client.py", line 1037, in send
    self.connect()
    ~~~~~~~~~~~~^^
  File "/Users/harryhou/miniconda3/lib/python3.13/site-packages/urllib3/connection.py", line 331, in connect
    self.sock = self._new_conn()
                ~~~~~~~~~~~~~~^^
  File "/Users/harryhou/miniconda3/lib/python3.13/site-packages/urllib3/connection.py", line 219, in _new_conn
    raise NewConnectionError(
        self, f"Failed to establish a new connection: {e}"
    ) from e
urllib3.exceptions.NewConnectionError: HTTPConnection(host='localhost', port=59076): Failed to establish a new connection: [Errno 61] Connection refused

The above exception was the direct cause of the following exception:

Traceback (most recent call last):
  File "/Users/harryhou/artifacts/web_test/multi_agent_thread.py", line 100, in run
    chosen_action.execute(self.driver)
    ~~~~~~~~~~~~~~~~~~~~~^^^^^^^^^^^^^
  File "/Users/harryhou/artifacts/action/impl/random_input_action.py", line 22, in execute
    web_element = self.locator.locate(driver, self.location)
  File "/Users/harryhou/artifacts/action/element_locator.py", line 23, in locate
    return driver.find_element(By.XPATH, location)
           ~~~~~~~~~~~~~~~~~~~^^^^^^^^^^^^^^^^^^^^
  File "/Users/harryhou/miniconda3/lib/python3.13/site-packages/selenium/webdriver/remote/webdriver.py", line 802, in find_element
    return self.execute(Command.FIND_ELEMENT, {"using": by, "value": value})["value"]
           ~~~~~~~~~~~~^^^^^^^^^^^^^^^^^^^^^^^^^^^^^^^^^^^^^^^^^^^^^^^^^^^^^
  File "/Users/harryhou/miniconda3/lib/python3.13/site-packages/selenium/webdriver/remote/webdriver.py", line 429, in execute
    response = cast(RemoteConnection, self.command_executor).execute(driver_command, params)
  File "/Users/harryhou/miniconda3/lib/python3.13/site-packages/selenium/webdriver/remote/remote_connection.py", line 405, in execute
    return self._request(command_info[0], url, body=data)
           ~~~~~~~~~~~~~^^^^^^^^^^^^^^^^^^^^^^^^^^^^^^^^^
  File "/Users/harryhou/miniconda3/lib/python3.13/site-packages/selenium/webdriver/remote/remote_connection.py", line 429, in _request
    response = self._conn.request(method, url, body=body, headers=headers, timeout=self._client_config.timeout)
  File "/Users/harryhou/miniconda3/lib/python3.13/site-packages/urllib3/_request_methods.py", line 143, in request
    return self.request_encode_body(
           ~~~~~~~~~~~~~~~~~~~~~~~~^
        method, url, fields=fields, headers=headers, **urlopen_kw
        ^^^^^^^^^^^^^^^^^^^^^^^^^^^^^^^^^^^^^^^^^^^^^^^^^^^^^^^^^
    )
    ^
  File "/Users/harryhou/miniconda3/lib/python3.13/site-packages/urllib3/_request_methods.py", line 278, in request_encode_body
    return self.urlopen(method, url, **extra_kw)
           ~~~~~~~~~~~~^^^^^^^^^^^^^^^^^^^^^^^^^
  File "/Users/harryhou/miniconda3/lib/python3.13/site-packages/urllib3/poolmanager.py", line 457, in urlopen
    response = conn.urlopen(method, u.request_uri, **kw)
  File "/Users/harryhou/miniconda3/lib/python3.13/site-packages/urllib3/connectionpool.py", line 871, in urlopen
    return self.urlopen(
           ~~~~~~~~~~~~^
        method,
        ^^^^^^^
    ...<13 lines>...
        **response_kw,
        ^^^^^^^^^^^^^^
    )
    ^
  File "/Users/harryhou/miniconda3/lib/python3.13/site-packages/urllib3/connectionpool.py", line 871, in urlopen
    return self.urlopen(
           ~~~~~~~~~~~~^
        method,
        ^^^^^^^
    ...<13 lines>...
        **response_kw,
        ^^^^^^^^^^^^^^
    )
    ^
  File "/Users/harryhou/miniconda3/lib/python3.13/site-packages/urllib3/connectionpool.py", line 871, in urlopen
    return self.urlopen(
           ~~~~~~~~~~~~^
        method,
        ^^^^^^^
    ...<13 lines>...
        **response_kw,
        ^^^^^^^^^^^^^^
    )
    ^
  File "/Users/harryhou/miniconda3/lib/python3.13/site-packages/urllib3/connectionpool.py", line 841, in urlopen
    retries = retries.increment(
        method, url, error=new_e, _pool=self, _stacktrace=sys.exc_info()[2]
    )
  File "/Users/harryhou/miniconda3/lib/python3.13/site-packages/urllib3/util/retry.py", line 519, in increment
    raise MaxRetryError(_pool, url, reason) from reason  # type: ignore[arg-type]
    ^^^^^^^^^^^^^^^^^^^^^^^^^^^^^^^^^^^^^^^^^^^^^^^^^^^
urllib3.exceptions.MaxRetryError: HTTPConnectionPool(host='localhost', port=59076): Max retries exceeded with url: /session/3a3e3b352a920c3c60705649ceb2bd2b/element (Caused by NewConnectionError("HTTPConnection(host='localhost', port=59076): Failed to establish a new connection: [Errno 61] Connection refused"))
2026-01-15 18:03:30,573 - web_test.multi_agent_thread - INFO - Thread 0: Chosen action: RandomInputAction(locator=ElementLocator.XPATH, location=/html/body/div[1]/div[4]/main/div/div[2]/form/div/input[1], text=Email)
2026-01-15 18:03:30,575 - web_test.multi_agent_thread - ERROR - Thread 0: Error happened
Traceback (most recent call last):
  File "/Users/harryhou/miniconda3/lib/python3.13/site-packages/urllib3/connection.py", line 204, in _new_conn
    sock = connection.create_connection(
        (self._dns_host, self.port),
    ...<2 lines>...
        socket_options=self.socket_options,
    )
  File "/Users/harryhou/miniconda3/lib/python3.13/site-packages/urllib3/util/connection.py", line 85, in create_connection
    raise err
  File "/Users/harryhou/miniconda3/lib/python3.13/site-packages/urllib3/util/connection.py", line 73, in create_connection
    sock.connect(sa)
    ~~~~~~~~~~~~^^^^
ConnectionRefusedError: [Errno 61] Connection refused

The above exception was the direct cause of the following exception:

Traceback (most recent call last):
  File "/Users/harryhou/miniconda3/lib/python3.13/site-packages/urllib3/connectionpool.py", line 787, in urlopen
    response = self._make_request(
        conn,
    ...<10 lines>...
        **response_kw,
    )
  File "/Users/harryhou/miniconda3/lib/python3.13/site-packages/urllib3/connectionpool.py", line 493, in _make_request
    conn.request(
    ~~~~~~~~~~~~^
        method,
        ^^^^^^^
    ...<6 lines>...
        enforce_content_length=enforce_content_length,
        ^^^^^^^^^^^^^^^^^^^^^^^^^^^^^^^^^^^^^^^^^^^^^^
    )
    ^
  File "/Users/harryhou/miniconda3/lib/python3.13/site-packages/urllib3/connection.py", line 500, in request
    self.endheaders()
    ~~~~~~~~~~~~~~~^^
  File "/Users/harryhou/miniconda3/lib/python3.13/http/client.py", line 1333, in endheaders
    self._send_output(message_body, encode_chunked=encode_chunked)
    ~~~~~~~~~~~~~~~~~^^^^^^^^^^^^^^^^^^^^^^^^^^^^^^^^^^^^^^^^^^^^^
  File "/Users/harryhou/miniconda3/lib/python3.13/http/client.py", line 1093, in _send_output
    self.send(msg)
    ~~~~~~~~~^^^^^
  File "/Users/harryhou/miniconda3/lib/python3.13/http/client.py", line 1037, in send
    self.connect()
    ~~~~~~~~~~~~^^
  File "/Users/harryhou/miniconda3/lib/python3.13/site-packages/urllib3/connection.py", line 331, in connect
    self.sock = self._new_conn()
                ~~~~~~~~~~~~~~^^
  File "/Users/harryhou/miniconda3/lib/python3.13/site-packages/urllib3/connection.py", line 219, in _new_conn
    raise NewConnectionError(
        self, f"Failed to establish a new connection: {e}"
    ) from e
urllib3.exceptions.NewConnectionError: HTTPConnection(host='localhost', port=59035): Failed to establish a new connection: [Errno 61] Connection refused

The above exception was the direct cause of the following exception:

Traceback (most recent call last):
  File "/Users/harryhou/artifacts/web_test/multi_agent_thread.py", line 100, in run
    chosen_action.execute(self.driver)
    ~~~~~~~~~~~~~~~~~~~~~^^^^^^^^^^^^^
  File "/Users/harryhou/artifacts/action/impl/random_input_action.py", line 22, in execute
    web_element = self.locator.locate(driver, self.location)
  File "/Users/harryhou/artifacts/action/element_locator.py", line 23, in locate
    return driver.find_element(By.XPATH, location)
           ~~~~~~~~~~~~~~~~~~~^^^^^^^^^^^^^^^^^^^^
  File "/Users/harryhou/miniconda3/lib/python3.13/site-packages/selenium/webdriver/remote/webdriver.py", line 802, in find_element
    return self.execute(Command.FIND_ELEMENT, {"using": by, "value": value})["value"]
           ~~~~~~~~~~~~^^^^^^^^^^^^^^^^^^^^^^^^^^^^^^^^^^^^^^^^^^^^^^^^^^^^^
  File "/Users/harryhou/miniconda3/lib/python3.13/site-packages/selenium/webdriver/remote/webdriver.py", line 429, in execute
    response = cast(RemoteConnection, self.command_executor).execute(driver_command, params)
  File "/Users/harryhou/miniconda3/lib/python3.13/site-packages/selenium/webdriver/remote/remote_connection.py", line 405, in execute
    return self._request(command_info[0], url, body=data)
           ~~~~~~~~~~~~~^^^^^^^^^^^^^^^^^^^^^^^^^^^^^^^^^
  File "/Users/harryhou/miniconda3/lib/python3.13/site-packages/selenium/webdriver/remote/remote_connection.py", line 429, in _request
    response = self._conn.request(method, url, body=body, headers=headers, timeout=self._client_config.timeout)
  File "/Users/harryhou/miniconda3/lib/python3.13/site-packages/urllib3/_request_methods.py", line 143, in request
    return self.request_encode_body(
           ~~~~~~~~~~~~~~~~~~~~~~~~^
        method, url, fields=fields, headers=headers, **urlopen_kw
        ^^^^^^^^^^^^^^^^^^^^^^^^^^^^^^^^^^^^^^^^^^^^^^^^^^^^^^^^^
    )
    ^
  File "/Users/harryhou/miniconda3/lib/python3.13/site-packages/urllib3/_request_methods.py", line 278, in request_encode_body
    return self.urlopen(method, url, **extra_kw)
           ~~~~~~~~~~~~^^^^^^^^^^^^^^^^^^^^^^^^^
  File "/Users/harryhou/miniconda3/lib/python3.13/site-packages/urllib3/poolmanager.py", line 457, in urlopen
    response = conn.urlopen(method, u.request_uri, **kw)
  File "/Users/harryhou/miniconda3/lib/python3.13/site-packages/urllib3/connectionpool.py", line 871, in urlopen
    return self.urlopen(
           ~~~~~~~~~~~~^
        method,
        ^^^^^^^
    ...<13 lines>...
        **response_kw,
        ^^^^^^^^^^^^^^
    )
    ^
  File "/Users/harryhou/miniconda3/lib/python3.13/site-packages/urllib3/connectionpool.py", line 871, in urlopen
    return self.urlopen(
           ~~~~~~~~~~~~^
        method,
        ^^^^^^^
    ...<13 lines>...
        **response_kw,
        ^^^^^^^^^^^^^^
    )
    ^
  File "/Users/harryhou/miniconda3/lib/python3.13/site-packages/urllib3/connectionpool.py", line 871, in urlopen
    return self.urlopen(
           ~~~~~~~~~~~~^
        method,
        ^^^^^^^
    ...<13 lines>...
        **response_kw,
        ^^^^^^^^^^^^^^
    )
    ^
  File "/Users/harryhou/miniconda3/lib/python3.13/site-packages/urllib3/connectionpool.py", line 841, in urlopen
    retries = retries.increment(
        method, url, error=new_e, _pool=self, _stacktrace=sys.exc_info()[2]
    )
  File "/Users/harryhou/miniconda3/lib/python3.13/site-packages/urllib3/util/retry.py", line 519, in increment
    raise MaxRetryError(_pool, url, reason) from reason  # type: ignore[arg-type]
    ^^^^^^^^^^^^^^^^^^^^^^^^^^^^^^^^^^^^^^^^^^^^^^^^^^^
urllib3.exceptions.MaxRetryError: HTTPConnectionPool(host='localhost', port=59035): Max retries exceeded with url: /session/dc6182c3e06c66d9869b0b13b274390f/element (Caused by NewConnectionError("HTTPConnection(host='localhost', port=59035): Failed to establish a new connection: [Errno 61] Connection refused"))
2026-01-15 18:03:31,708 - web_test.multi_agent_thread - INFO - Thread 0: Webdriver restart successfully
2026-01-15 18:03:32,038 - web_test.multi_agent_thread - INFO - Thread 1: Webdriver restart successfully
2026-01-15 18:03:33,461 - data_collector.data_collector_multi_agent - INFO - Data saved successfully
2026-01-15 18:03:34,494 - web_test.multi_agent_thread - INFO - Thread 0: Webdriver created successfully
2026-01-15 18:03:34,495 - web_test.multi_agent_thread - INFO - Thread 0: Execution start
2026-01-15 18:03:35,566 - web_test.multi_agent_thread - INFO - Thread 1: Webdriver created successfully
2026-01-15 18:03:35,567 - web_test.multi_agent_thread - INFO - Thread 1: Execution start
2026-01-15 18:04:03,441 - web_test.multi_agent_thread - INFO - Thread 0: Detect browser error: {'level': 'SEVERE', 'message': "https://github.githubassets.com/assets/78298-e2b301acbc0e.js 0:4954 Uncaught DOMException: Failed to execute 'matches' on 'Element': '[open]:not(:modal)' is not a valid selector.", 'source': 'javascript', 'timestamp': 1768471421103}
2026-01-15 18:04:03,441 - web_test.multi_agent_thread - INFO - Thread 0: Detect browser error: {'level': 'SEVERE', 'message': "https://github.githubassets.com/assets/78298-e2b301acbc0e.js 0:4954 Uncaught DOMException: Failed to execute 'matches' on 'Element': '[open]:not(:modal)' is not a valid selector.", 'source': 'javascript', 'timestamp': 1768471421106}
2026-01-15 18:04:03,441 - web_test.multi_agent_thread - INFO - Thread 0: Detect browser error: {'level': 'WARNING', 'message': 'https://github.githubassets.com/assets/24077-adc459723b71.js 9 Deprecated API for given entry type.', 'source': 'javascript', 'timestamp': 1768471423531}
2026-01-15 18:04:03,441 - web_test.multi_agent_thread - INFO - Thread 0: Detect browser error: {'level': 'WARNING', 'message': "https://github.com/ - The resource https://github.githubassets.com/assets/mona-sans-14595085164a.woff2 was preloaded using link preload but not used within a few seconds from the window's load event. Please make sure it has an appropriate `as` value and it is preloaded intentionally.", 'source': 'javascript', 'timestamp': 1768471435303}
2026-01-15 18:04:03,441 - web_test.multi_agent_thread - INFO - Thread 0: Initial state: ActionSetWithExecutionTimesState(action_number=101, action_execution_time_histogram=[101, 0, 0, 0, 0, 0, 0, 0, 0, 0], url=https://github.com/)
2026-01-15 18:04:05,208 - web_test.multi_agent_thread - INFO - Thread 1: Detect browser error: {'level': 'SEVERE', 'message': "https://github.githubassets.com/assets/78298-e2b301acbc0e.js 0:4954 Uncaught DOMException: Failed to execute 'matches' on 'Element': '[open]:not(:modal)' is not a valid selector.", 'source': 'javascript', 'timestamp': 1768471422047}
2026-01-15 18:04:05,208 - web_test.multi_agent_thread - INFO - Thread 1: Detect browser error: {'level': 'SEVERE', 'message': "https://github.githubassets.com/assets/78298-e2b301acbc0e.js 0:4954 Uncaught DOMException: Failed to execute 'matches' on 'Element': '[open]:not(:modal)' is not a valid selector.", 'source': 'javascript', 'timestamp': 1768471422050}
2026-01-15 18:04:05,208 - web_test.multi_agent_thread - INFO - Thread 1: Detect browser error: {'level': 'WARNING', 'message': 'https://github.githubassets.com/assets/24077-adc459723b71.js 9 Deprecated API for given entry type.', 'source': 'javascript', 'timestamp': 1768471424384}
2026-01-15 18:04:05,208 - web_test.multi_agent_thread - INFO - Thread 1: Detect browser error: {'level': 'WARNING', 'message': "https://github.com/ - The resource https://github.githubassets.com/assets/mona-sans-14595085164a.woff2 was preloaded using link preload but not used within a few seconds from the window's load event. Please make sure it has an appropriate `as` value and it is preloaded intentionally.", 'source': 'javascript', 'timestamp': 1768471436971}
2026-01-15 18:04:05,208 - web_test.multi_agent_thread - INFO - Thread 1: Initial state: ActionSetWithExecutionTimesState(action_number=101, action_execution_time_histogram=[101, 0, 0, 0, 0, 0, 0, 0, 0, 0], url=https://github.com/)
2026-01-15 18:04:13,868 - web_test.multi_agent_thread - INFO - Thread 0: Chosen action: ClickAction(locator=ElementLocator.XPATH, location=/html/body/div[1]/div[7]/main/react-app/div/div/div/section[5]/div[1]/div[2]/div/div[1]/div/button[2], text=By size)
2026-01-15 18:04:15,682 - web_test.multi_agent_thread - INFO - Thread 1: Chosen action: ClickAction(locator=ElementLocator.XPATH, location=/html/body/div[1]/div[4]/header/div/div[2]/div/div/qbsearch-input/div[1]/button, text=)
2026-01-15 18:04:20,412 - web_test.multi_agent_thread - INFO - Thread 0: Execute action success, New state: ActionSetWithExecutionTimesState(action_number=90, action_execution_time_histogram=[90, 0, 0, 0, 0, 0, 0, 0, 0, 0], url=https://github.com/)
2026-01-15 18:04:23,924 - web_test.multi_agent_thread - INFO - Thread 1: Execute action success, New state: ActionSetWithExecutionTimesState(action_number=101, action_execution_time_histogram=[99, 2, 0, 0, 0, 0, 0, 0, 0, 0], url=https://github.com/)
2026-01-15 18:04:30,893 - web_test.multi_agent_thread - INFO - Thread 0: Chosen action: ClickAction(locator=ElementLocator.XPATH, location=/html/body/div[1]/footer/div[1]/div/nav[3]/ul/li[3]/a, text=Professional Services)
2026-01-15 18:04:33,472 - data_collector.data_collector_multi_agent - INFO - Data saved successfully
2026-01-15 18:04:34,294 - web_test.multi_agent_thread - INFO - Thread 1: Chosen action: ClickAction(locator=ElementLocator.XPATH, location=/html/body/div[1]/div[7]/main/react-app/div/div/div/section[2]/div/div[3]/div/div/div[2]/dl/div[3]/dt/button, text=Keep momentum on the go)
2026-01-15 18:04:36,357 - web_test.multi_agent_thread - INFO - Thread 1: Detect browser error: {'level': 'WARNING', 'message': "https://github.com/ - The resource https://github.githubassets.com/assets/mona-sans-14595085164a.woff2 was preloaded using link preload but not used within a few seconds from the window's load event. Please make sure it has an appropriate `as` value and it is preloaded intentionally.", 'source': 'javascript', 'timestamp': 1768471458963}
2026-01-15 18:04:36,357 - web_test.multi_agent_thread - INFO - Thread 1: Detect browser error: {'level': 'WARNING', 'message': "https://github.com/ - The resource https://github.githubassets.com/assets/mona-sans-14595085164a.woff2 was preloaded using link preload but not used within a few seconds from the window's load event. Please make sure it has an appropriate `as` value and it is preloaded intentionally.", 'source': 'javascript', 'timestamp': 1768471468311}
2026-01-15 18:04:38,354 - web_test.multi_agent_thread - INFO - Thread 0: Detect browser error: {'level': 'WARNING', 'message': "https://github.com/ - The resource https://github.githubassets.com/assets/mona-sans-14595085164a.woff2 was preloaded using link preload but not used within a few seconds from the window's load event. Please make sure it has an appropriate `as` value and it is preloaded intentionally.", 'source': 'javascript', 'timestamp': 1768471458636}
2026-01-15 18:04:38,354 - web_test.multi_agent_thread - INFO - Thread 0: Detect browser error: {'level': 'WARNING', 'message': "https://github.com/ - The resource https://github.githubassets.com/assets/mona-sans-14595085164a.woff2 was preloaded using link preload but not used within a few seconds from the window's load event. Please make sure it has an appropriate `as` value and it is preloaded intentionally.", 'source': 'javascript', 'timestamp': 1768471463998}
2026-01-15 18:04:38,354 - web_test.multi_agent_thread - INFO - Thread 0: Detect browser error: {'level': 'WARNING', 'message': "https://github.com/ - The resource https://github.githubassets.com/assets/mona-sans-14595085164a.woff2 was preloaded using link preload but not used within a few seconds from the window's load event. Please make sure it has an appropriate `as` value and it is preloaded intentionally.", 'source': 'javascript', 'timestamp': 1768471469034}
2026-01-15 18:04:38,354 - web_test.multi_agent_thread - INFO - Thread 0: Detect browser error: {'level': 'WARNING', 'message': "https://github.com/ - The resource https://github.githubassets.com/assets/mona-sans-14595085164a.woff2 was preloaded using link preload but not used within a few seconds from the window's load event. Please make sure it has an appropriate `as` value and it is preloaded intentionally.", 'source': 'javascript', 'timestamp': 1768471474199}
2026-01-15 18:04:38,354 - web_test.multi_agent_thread - INFO - Thread 0: Detect browser error: {'level': 'SEVERE', 'message': "https://github.githubassets.com/assets/78298-e2b301acbc0e.js 0:4954 Uncaught DOMException: Failed to execute 'matches' on 'Element': '[open]:not(:modal)' is not a valid selector.", 'source': 'javascript', 'timestamp': 1768471474627}
2026-01-15 18:04:38,354 - web_test.multi_agent_thread - INFO - Thread 0: Detect browser error: {'level': 'SEVERE', 'message': "https://github.githubassets.com/assets/78298-e2b301acbc0e.js 0:4954 Uncaught DOMException: Failed to execute 'matches' on 'Element': '[open]:not(:modal)' is not a valid selector.", 'source': 'javascript', 'timestamp': 1768471474630}
2026-01-15 18:04:38,354 - web_test.multi_agent_thread - INFO - Thread 0: Detect browser error: {'level': 'WARNING', 'message': 'https://github.githubassets.com/assets/24077-adc459723b71.js 9 Deprecated API for given entry type.', 'source': 'javascript', 'timestamp': 1768471474697}
2026-01-15 18:04:39,164 - web_test.multi_agent_thread - INFO - Thread 1: Execute action success, New state: ActionSetWithExecutionTimesState(action_number=90, action_execution_time_histogram=[90, 0, 0, 0, 0, 0, 0, 0, 0, 0], url=https://github.com/)
2026-01-15 18:04:39,837 - web_test.multi_agent_thread - INFO - Thread 0: Execute action success, New state: ActionSetWithExecutionTimesState(action_number=129, action_execution_time_histogram=[129, 0, 0, 0, 0, 0, 0, 0, 0, 0], url=https://github.com/services/)
2026-01-15 18:04:49,492 - web_test.multi_agent_thread - INFO - Thread 1: Chosen action: ClickAction(locator=ElementLocator.XPATH, location=/html/body/div[1]/div[7]/main/react-app/div/div/div/section[1]/div[2]/div/div[1]/div/button[4], text=Automate)
2026-01-15 18:04:50,229 - web_test.multi_agent_thread - INFO - Thread 0: Chosen action: RandomInputAction(locator=ElementLocator.XPATH, location=/html/body/div[1]/div[5]/main/div[8]/div[2]/div/div/div[2]/form/fieldset/div/dl[4]/dd/input, text=What can we help you with?)
2026-01-15 18:04:50,557 - web_test.multi_agent_thread - WARNING - Thread 1: Execute action failed (ElementClickInterceptedException), New state: ActionExecuteFailedState(action=RestartAction(restart_url=https://github.com/services/))
2026-01-15 18:04:52,415 - web_test.multi_agent_thread - INFO - Thread 0: Detect browser error: {'level': 'WARNING', 'message': "https://github.com/services/ - The resource https://github.githubassets.com/assets/mona-sans-14595085164a.woff2 was preloaded using link preload but not used within a few seconds from the window's load event. Please make sure it has an appropriate `as` value and it is preloaded intentionally.", 'source': 'javascript', 'timestamp': 1768471479788}
2026-01-15 18:04:52,415 - web_test.multi_agent_thread - INFO - Thread 0: Detect browser error: {'level': 'WARNING', 'message': "https://github.com/services/ - The resource https://github.githubassets.com/assets/mona-sans-14595085164a.woff2 was preloaded using link preload but not used within a few seconds from the window's load event. Please make sure it has an appropriate `as` value and it is preloaded intentionally.", 'source': 'javascript', 'timestamp': 1768471491979}
2026-01-15 18:04:53,901 - web_test.multi_agent_thread - INFO - Thread 0: Execute action success, New state: ActionSetWithExecutionTimesState(action_number=125, action_execution_time_histogram=[125, 0, 0, 0, 0, 0, 0, 0, 0, 0], url=https://github.com/services/)
2026-01-15 18:05:01,105 - web_test.multi_agent_thread - INFO - Thread 1: Chosen action: RestartAction(restart_url=https://github.com/services/)
2026-01-15 18:05:03,989 - web_test.multi_agent_thread - INFO - Thread 0: Chosen action: ClickAction(locator=ElementLocator.XPATH, location=/html/body/div[1]/footer/div[2]/div/nav[1]/ul/li[3]/a[2], text=(Updated 02/2024)
02/2024)
2026-01-15 18:05:06,929 - web_test.multi_agent_thread - INFO - Thread 1: Detect browser error: {'level': 'WARNING', 'message': "https://github.com/ - The resource https://github.githubassets.com/assets/mona-sans-14595085164a.woff2 was preloaded using link preload but not used within a few seconds from the window's load event. Please make sure it has an appropriate `as` value and it is preloaded intentionally.", 'source': 'javascript', 'timestamp': 1768471477572}
2026-01-15 18:05:06,929 - web_test.multi_agent_thread - INFO - Thread 1: Detect browser error: {'level': 'WARNING', 'message': "https://github.com/ - The resource https://github.githubassets.com/assets/mona-sans-14595085164a.woff2 was preloaded using link preload but not used within a few seconds from the window's load event. Please make sure it has an appropriate `as` value and it is preloaded intentionally.", 'source': 'javascript', 'timestamp': 1768471495737}
2026-01-15 18:05:06,930 - web_test.multi_agent_thread - INFO - Thread 1: Detect browser error: {'level': 'WARNING', 'message': "https://github.com/ - The resource https://github.githubassets.com/assets/mona-sans-14595085164a.woff2 was preloaded using link preload but not used within a few seconds from the window's load event. Please make sure it has an appropriate `as` value and it is preloaded intentionally.", 'source': 'javascript', 'timestamp': 1768471502171}
2026-01-15 18:05:06,930 - web_test.multi_agent_thread - INFO - Thread 1: Detect browser error: {'level': 'SEVERE', 'message': "https://github.githubassets.com/assets/78298-e2b301acbc0e.js 0:4954 Uncaught DOMException: Failed to execute 'matches' on 'Element': '[open]:not(:modal)' is not a valid selector.", 'source': 'javascript', 'timestamp': 1768471503141}
2026-01-15 18:05:06,930 - web_test.multi_agent_thread - INFO - Thread 1: Detect browser error: {'level': 'SEVERE', 'message': "https://github.githubassets.com/assets/78298-e2b301acbc0e.js 0:4954 Uncaught DOMException: Failed to execute 'matches' on 'Element': '[open]:not(:modal)' is not a valid selector.", 'source': 'javascript', 'timestamp': 1768471503143}
2026-01-15 18:05:06,930 - web_test.multi_agent_thread - INFO - Thread 1: Detect browser error: {'level': 'WARNING', 'message': 'https://github.githubassets.com/assets/24077-adc459723b71.js 9 Deprecated API for given entry type.', 'source': 'javascript', 'timestamp': 1768471503209}
2026-01-15 18:05:08,306 - web_test.multi_agent_thread - INFO - Thread 1: Execute action success, New state: ActionSetWithExecutionTimesState(action_number=129, action_execution_time_histogram=[128, 1, 0, 0, 0, 0, 0, 0, 0, 0], url=https://github.com/services/)
2026-01-15 18:05:18,695 - web_test.multi_agent_thread - INFO - Thread 1: Chosen action: ClickAction(locator=ElementLocator.XPATH, location=/html/body/div[1]/div[5]/main/div[6]/div/div[2]/div[36]/div/div/a, text=Learn more )
2026-01-15 18:05:21,374 - web_test.multi_agent_thread - INFO - Thread 1: Detect browser error: {'level': 'WARNING', 'message': "https://github.com/services/ - The resource https://github.githubassets.com/assets/mona-sans-14595085164a.woff2 was preloaded using link preload but not used within a few seconds from the window's load event. Please make sure it has an appropriate `as` value and it is preloaded intentionally.", 'source': 'javascript', 'timestamp': 1768471509606}
2026-01-15 18:05:21,374 - web_test.multi_agent_thread - INFO - Thread 1: Detect browser error: {'level': 'SEVERE', 'message': "https://github.githubassets.com/assets/78298-e2b301acbc0e.js 0:4954 Uncaught DOMException: Failed to execute 'matches' on 'Element': '[open]:not(:modal)' is not a valid selector.", 'source': 'javascript', 'timestamp': 1768471519291}
2026-01-15 18:05:21,374 - web_test.multi_agent_thread - INFO - Thread 1: Detect browser error: {'level': 'SEVERE', 'message': "https://github.githubassets.com/assets/78298-e2b301acbc0e.js 0:4954 Uncaught DOMException: Failed to execute 'matches' on 'Element': '[open]:not(:modal)' is not a valid selector.", 'source': 'javascript', 'timestamp': 1768471519294}
2026-01-15 18:05:21,374 - web_test.multi_agent_thread - INFO - Thread 1: Detect browser error: {'level': 'WARNING', 'message': 'https://github.githubassets.com/assets/24077-adc459723b71.js 9 Deprecated API for given entry type.', 'source': 'javascript', 'timestamp': 1768471519323}
2026-01-15 18:05:22,224 - web_test.multi_agent_thread - INFO - Thread 1: Execute action success, New state: ActionSetWithExecutionTimesState(action_number=79, action_execution_time_histogram=[79, 0, 0, 0, 0, 0, 0, 0, 0, 0], url=https://github.com/services/implementation-github-enterprise-cloud)
2026-01-15 18:05:28,523 - web_test.multi_agent_thread - INFO - Thread 0: Detect browser error: {'level': 'WARNING', 'message': "https://github.com/services/ - The resource https://github.githubassets.com/assets/mona-sans-14595085164a.woff2 was preloaded using link preload but not used within a few seconds from the window's load event. Please make sure it has an appropriate `as` value and it is preloaded intentionally.", 'source': 'javascript', 'timestamp': 1768471496766}
2026-01-15 18:05:28,523 - web_test.multi_agent_thread - INFO - Thread 0: Detect browser error: {'level': 'WARNING', 'message': "https://github.com/services/ - The resource https://github.githubassets.com/assets/mona-sans-14595085164a.woff2 was preloaded using link preload but not used within a few seconds from the window's load event. Please make sure it has an appropriate `as` value and it is preloaded intentionally.", 'source': 'javascript', 'timestamp': 1768471503182}
2026-01-15 18:05:28,523 - web_test.multi_agent_thread - INFO - Thread 0: Detect browser error: {'level': 'WARNING', 'message': "https://github.com/services/ - The resource https://github.githubassets.com/assets/mona-sans-14595085164a.woff2 was preloaded using link preload but not used within a few seconds from the window's load event. Please make sure it has an appropriate `as` value and it is preloaded intentionally.", 'source': 'javascript', 'timestamp': 1768471507273}
2026-01-15 18:05:28,523 - web_test.multi_agent_thread - INFO - Thread 0: Detect browser error: {'level': 'SEVERE', 'message': "https://github.githubassets.com/assets/78298-e2b301acbc0e.js 0:4954 Uncaught DOMException: Failed to execute 'matches' on 'Element': '[open]:not(:modal)' is not a valid selector.", 'source': 'javascript', 'timestamp': 1768471508972}
2026-01-15 18:05:28,523 - web_test.multi_agent_thread - INFO - Thread 0: Detect browser error: {'level': 'SEVERE', 'message': "https://github.githubassets.com/assets/78298-e2b301acbc0e.js 0:4954 Uncaught DOMException: Failed to execute 'matches' on 'Element': '[open]:not(:modal)' is not a valid selector.", 'source': 'javascript', 'timestamp': 1768471508976}
2026-01-15 18:05:28,524 - web_test.multi_agent_thread - INFO - Thread 0: Detect browser error: {'level': 'WARNING', 'message': 'https://github.githubassets.com/assets/24077-adc459723b71.js 9 Deprecated API for given entry type.', 'source': 'javascript', 'timestamp': 1768471509111}
2026-01-15 18:05:28,524 - web_test.multi_agent_thread - INFO - Thread 0: Detect browser error: {'level': 'SEVERE', 'message': "https://github.githubassets.com/assets/78298-e2b301acbc0e.js 0:4954 Uncaught DOMException: Failed to execute 'matches' on 'Element': '[open]:not(:modal)' is not a valid selector.", 'source': 'javascript', 'timestamp': 1768471510450}
2026-01-15 18:05:32,518 - web_test.multi_agent_thread - INFO - Thread 1: Chosen action: ClickAction(locator=ElementLocator.XPATH, location=/html/body/div[1]/div[5]/main/div[3]/div/div/div/div[2]/form/div[1]/div[2]/button, text=Subscribe)
2026-01-15 18:05:33,476 - data_collector.data_collector_multi_agent - INFO - Data saved successfully
2026-01-15 18:05:34,557 - web_test.multi_agent_thread - INFO - Thread 1: Detect browser error: {'level': 'WARNING', 'message': "https://github.com/services/implementation-github-enterprise-cloud - The resource https://github.githubassets.com/assets/mona-sans-14595085164a.woff2 was preloaded using link preload but not used within a few seconds from the window's load event. Please make sure it has an appropriate `as` value and it is preloaded intentionally.", 'source': 'javascript', 'timestamp': 1768471522935}
2026-01-15 18:05:35,466 - web_test.multi_agent_thread - INFO - Thread 1: Execute action success, New state: ActionSetWithExecutionTimesState(action_number=75, action_execution_time_histogram=[75, 0, 0, 0, 0, 0, 0, 0, 0, 0], url=https://github.com/services/implementation-github-enterprise-cloud)
2026-01-15 18:05:38,269 - web_test.multi_agent_thread - INFO - Thread 0: Execute action success, New state: ActionSetWithExecutionTimesState(action_number=557, action_execution_time_histogram=[557, 0, 0, 0, 0, 0, 0, 0, 0, 0], url=https://github.com/github/site-policy/pull/582)
2026-01-15 18:05:45,797 - web_test.multi_agent_thread - INFO - Thread 1: Chosen action: ClickAction(locator=ElementLocator.XPATH, location=/html/body/div[1]/div[5]/main/div[2]/div[1]/div/div/div/ul[6]/li[3]/a, text=SAML services)
2026-01-15 18:05:46,842 - web_test.multi_agent_thread - WARNING - Thread 1: Execute action failed (ElementClickInterceptedException), New state: ActionExecuteFailedState(action=RestartAction(restart_url=https://github.com/services/implementation-github-enterprise-cloud))
2026-01-15 18:05:48,995 - web_test.multi_agent_thread - INFO - Thread 0: Chosen action: ClickAction(locator=ElementLocator.XPATH, location=/html/body/div[1]/div[5]/div/main/turbo-frame/div/div[2]/div[1]/div[4]/div/div[1]/div/div[1]/div[14]/div/div[1]/a, text=)
2026-01-15 18:05:52,406 - web_test.multi_agent_thread - INFO - Thread 0: Execute action success, New state: ActionSetWithExecutionTimesState(action_number=42, action_execution_time_histogram=[42, 0, 0, 0, 0, 0, 0, 0, 0, 0], url=https://github.com/afkvido)
2026-01-15 18:05:57,191 - web_test.multi_agent_thread - INFO - Thread 1: Chosen action: RestartAction(restart_url=https://github.com/services/implementation-github-enterprise-cloud)
2026-01-15 18:06:01,364 - web_test.multi_agent_thread - INFO - Thread 1: Detect browser error: {'level': 'WARNING', 'message': "https://github.com/services/implementation-github-enterprise-cloud - The resource https://github.githubassets.com/assets/mona-sans-14595085164a.woff2 was preloaded using link preload but not used within a few seconds from the window's load event. Please make sure it has an appropriate `as` value and it is preloaded intentionally.", 'source': 'javascript', 'timestamp': 1768471535980}
2026-01-15 18:06:01,364 - web_test.multi_agent_thread - INFO - Thread 1: Detect browser error: {'level': 'WARNING', 'message': "https://github.com/services/implementation-github-enterprise-cloud - The resource https://github.githubassets.com/assets/mona-sans-14595085164a.woff2 was preloaded using link preload but not used within a few seconds from the window's load event. Please make sure it has an appropriate `as` value and it is preloaded intentionally.", 'source': 'javascript', 'timestamp': 1768471551806}
2026-01-15 18:06:01,365 - web_test.multi_agent_thread - INFO - Thread 1: Detect browser error: {'level': 'SEVERE', 'message': "https://github.githubassets.com/assets/78298-e2b301acbc0e.js 0:4954 Uncaught DOMException: Failed to execute 'matches' on 'Element': '[open]:not(:modal)' is not a valid selector.", 'source': 'javascript', 'timestamp': 1768471559114}
2026-01-15 18:06:01,365 - web_test.multi_agent_thread - INFO - Thread 1: Detect browser error: {'level': 'SEVERE', 'message': "https://github.githubassets.com/assets/78298-e2b301acbc0e.js 0:4954 Uncaught DOMException: Failed to execute 'matches' on 'Element': '[open]:not(:modal)' is not a valid selector.", 'source': 'javascript', 'timestamp': 1768471559118}
2026-01-15 18:06:01,365 - web_test.multi_agent_thread - INFO - Thread 1: Detect browser error: {'level': 'WARNING', 'message': 'https://github.githubassets.com/assets/24077-adc459723b71.js 9 Deprecated API for given entry type.', 'source': 'javascript', 'timestamp': 1768471559146}
2026-01-15 18:06:02,182 - web_test.multi_agent_thread - INFO - Thread 1: Execute action success, New state: ActionSetWithExecutionTimesState(action_number=75, action_execution_time_histogram=[74, 1, 0, 0, 0, 0, 0, 0, 0, 0], url=https://github.com/services/implementation-github-enterprise-cloud)
2026-01-15 18:06:02,758 - web_test.multi_agent_thread - INFO - Thread 0: Chosen action: ClickAction(locator=ElementLocator.XPATH, location=/html/body/div[1]/div[5]/main/div[1]/div/div/div[2]/div/nav/a[3], text=Projects)
2026-01-15 18:06:04,859 - web_test.multi_agent_thread - INFO - Thread 0: Detect browser error: {'level': 'SEVERE', 'message': "https://github.githubassets.com/assets/78298-e2b301acbc0e.js 0:4954 Uncaught DOMException: Failed to execute 'matches' on 'Element': '[open]:not(:modal)' is not a valid selector.", 'source': 'javascript', 'timestamp': 1768471551728}
2026-01-15 18:06:04,860 - web_test.multi_agent_thread - INFO - Thread 0: Detect browser error: {'level': 'SEVERE', 'message': "https://github.githubassets.com/assets/78298-e2b301acbc0e.js 0:4954 Uncaught DOMException: Failed to execute 'matches' on 'Element': '[open]:not(:modal)' is not a valid selector.", 'source': 'javascript', 'timestamp': 1768471551729}
2026-01-15 18:06:04,860 - web_test.multi_agent_thread - INFO - Thread 0: Detect browser error: {'level': 'SEVERE', 'message': "https://github.githubassets.com/assets/78298-e2b301acbc0e.js 0:4954 Uncaught DOMException: Failed to execute 'matches' on 'Element': '[open]:not(:modal)' is not a valid selector.", 'source': 'javascript', 'timestamp': 1768471551734}
2026-01-15 18:06:04,860 - web_test.multi_agent_thread - INFO - Thread 0: Detect browser error: {'level': 'SEVERE', 'message': "https://github.githubassets.com/assets/78298-e2b301acbc0e.js 0:4954 Uncaught DOMException: Failed to execute 'querySelector' on 'Document': ':modal' is not a valid selector.", 'source': 'javascript', 'timestamp': 1768471551883}
2026-01-15 18:06:05,332 - web_test.multi_agent_thread - INFO - Thread 0: Execute action success, New state: ActionSetWithExecutionTimesState(action_number=43, action_execution_time_histogram=[43, 0, 0, 0, 0, 0, 0, 0, 0, 0], url=https://github.com/afkvido?tab=projects)
2026-01-15 18:06:12,278 - web_test.multi_agent_thread - INFO - Thread 1: Chosen action: ClickAction(locator=ElementLocator.XPATH, location=/html/body/div[1]/footer/div[2]/div/nav[1]/ul/li[5]/a, text=What is Git?)
2026-01-15 18:06:15,811 - web_test.multi_agent_thread - INFO - Thread 0: Chosen action: ClickAction(locator=ElementLocator.XPATH, location=/html/body/div[1]/div[5]/main/div[1]/div/div/div[2]/div/nav/a[5], text=Stars
739)
2026-01-15 18:06:16,449 - web_test.multi_agent_thread - INFO - Thread 1: Detect browser error: {'level': 'WARNING', 'message': "https://github.com/services/implementation-github-enterprise-cloud - The resource https://github.githubassets.com/assets/mona-sans-14595085164a.woff2 was preloaded using link preload but not used within a few seconds from the window's load event. Please make sure it has an appropriate `as` value and it is preloaded intentionally.", 'source': 'javascript', 'timestamp': 1768471562647}
2026-01-15 18:06:16,449 - web_test.multi_agent_thread - INFO - Thread 1: Detect browser error: {'level': 'WARNING', 'message': "https://github.com/services/implementation-github-enterprise-cloud - The resource https://github.githubassets.com/assets/mona-sans-14595085164a.woff2 was preloaded using link preload but not used within a few seconds from the window's load event. Please make sure it has an appropriate `as` value and it is preloaded intentionally.", 'source': 'javascript', 'timestamp': 1768471571068}
2026-01-15 18:06:16,450 - web_test.multi_agent_thread - INFO - Thread 1: Detect browser error: {'level': 'SEVERE', 'message': "https://github.githubassets.com/assets/78298-e2b301acbc0e.js 0:4954 Uncaught DOMException: Failed to execute 'matches' on 'Element': '[open]:not(:modal)' is not a valid selector.", 'source': 'javascript', 'timestamp': 1768471574116}
2026-01-15 18:06:16,450 - web_test.multi_agent_thread - INFO - Thread 1: Detect browser error: {'level': 'SEVERE', 'message': "https://github.githubassets.com/assets/78298-e2b301acbc0e.js 0:4954 Uncaught DOMException: Failed to execute 'matches' on 'Element': '[open]:not(:modal)' is not a valid selector.", 'source': 'javascript', 'timestamp': 1768471574119}
2026-01-15 18:06:16,450 - web_test.multi_agent_thread - INFO - Thread 1: Detect browser error: {'level': 'WARNING', 'message': 'https://github.githubassets.com/assets/24077-adc459723b71.js 9 Deprecated API for given entry type.', 'source': 'javascript', 'timestamp': 1768471574151}
2026-01-15 18:06:17,568 - web_test.multi_agent_thread - INFO - Thread 1: Execute action success, New state: ActionSetWithExecutionTimesState(action_number=105, action_execution_time_histogram=[105, 0, 0, 0, 0, 0, 0, 0, 0, 0], url=https://github.com/git-guides)
2026-01-15 18:06:18,416 - web_test.multi_agent_thread - INFO - Thread 0: Execute action success, New state: ActionSetWithExecutionTimesState(action_number=43, action_execution_time_histogram=[43, 0, 0, 0, 0, 0, 0, 0, 0, 0], url=https://github.com/afkvido?tab=stars)
2026-01-15 18:06:27,961 - web_test.multi_agent_thread - INFO - Thread 1: Chosen action: ClickAction(locator=ElementLocator.XPATH, location=/html/body/div[1]/footer/div[1]/div/nav[2]/ul/li[7]/a, text=GitHub Marketplace)
2026-01-15 18:06:28,791 - web_test.multi_agent_thread - INFO - Thread 0: Chosen action: ClickAction(locator=ElementLocator.XPATH, location=/html/body/div[1]/div[2]/header/div/div[2]/div/react-partial/div/nav/ul/li[3]/div/button, text=Resources)
2026-01-15 18:06:31,443 - web_test.multi_agent_thread - INFO - Thread 0: Execute action success, New state: ActionSetWithExecutionTimesState(action_number=50, action_execution_time_histogram=[50, 0, 0, 0, 0, 0, 0, 0, 0, 0], url=https://github.com/afkvido?tab=stars)
2026-01-15 18:06:33,487 - data_collector.data_collector_multi_agent - INFO - Data saved successfully
2026-01-15 18:06:36,631 - web_test.multi_agent_thread - INFO - Thread 1: Detect browser error: {'level': 'WARNING', 'message': "https://github.com/git-guides - The resource https://github.githubassets.com/assets/mona-sans-14595085164a.woff2 was preloaded using link preload but not used within a few seconds from the window's load event. Please make sure it has an appropriate `as` value and it is preloaded intentionally.", 'source': 'javascript', 'timestamp': 1768471577877}
2026-01-15 18:06:36,631 - web_test.multi_agent_thread - INFO - Thread 1: Detect browser error: {'level': 'SEVERE', 'message': "https://github.githubassets.com/assets/78298-e2b301acbc0e.js 0:4954 Uncaught DOMException: Failed to execute 'matches' on 'Element': '[open]:not(:modal)' is not a valid selector.", 'source': 'javascript', 'timestamp': 1768471588921}
2026-01-15 18:06:36,631 - web_test.multi_agent_thread - INFO - Thread 1: Detect browser error: {'level': 'SEVERE', 'message': "https://github.githubassets.com/assets/78298-e2b301acbc0e.js 0:4954 Uncaught DOMException: Failed to execute 'matches' on 'Element': '[open]:not(:modal)' is not a valid selector.", 'source': 'javascript', 'timestamp': 1768471588924}
2026-01-15 18:06:36,631 - web_test.multi_agent_thread - INFO - Thread 1: Detect browser error: {'level': 'WARNING', 'message': 'https://github.githubassets.com/assets/24077-adc459723b71.js 9 Deprecated API for given entry type.', 'source': 'javascript', 'timestamp': 1768471588951}
2026-01-15 18:06:37,729 - web_test.multi_agent_thread - INFO - Thread 1: Execute action success, New state: ActionSetWithExecutionTimesState(action_number=101, action_execution_time_histogram=[101, 0, 0, 0, 0, 0, 0, 0, 0, 0], url=https://github.com/marketplace)
2026-01-15 18:06:41,802 - web_test.multi_agent_thread - INFO - Thread 0: Chosen action: ClickAction(locator=ElementLocator.XPATH, location=/html/body/div[1]/footer/div/nav/ul/li[8]/cookie-consent-link/button, text=Manage cookies)
2026-01-15 18:06:43,942 - web_test.multi_agent_thread - INFO - Thread 0: Execute action success, New state: ActionSetWithExecutionTimesState(action_number=0, action_execution_time_histogram=[0, 0, 0, 0, 0, 0, 0, 0, 0, 0], url=https://github.com/afkvido?tab=stars)
2026-01-15 18:06:48,142 - web_test.multi_agent_thread - INFO - Thread 1: Chosen action: ClickAction(locator=ElementLocator.XPATH, location=/html/body/div[1]/footer/div[1]/div/nav[1]/ul/li[1]/a, text=Features)
2026-01-15 18:06:51,280 - web_test.multi_agent_thread - INFO - Thread 1: Execute action success, New state: ActionSetWithExecutionTimesState(action_number=101, action_execution_time_histogram=[100, 1, 0, 0, 0, 0, 0, 0, 0, 0], url=https://github.com/marketplace)
2026-01-15 18:06:54,285 - web_test.multi_agent_thread - WARNING - Thread 0: Choose action failed, no actions, New state: ActionExecuteFailedState(action=RestartAction(restart_url=https://github.com/github/site-policy/pull/582))
2026-01-15 18:07:04,398 - web_test.multi_agent_thread - INFO - Thread 1: Chosen action: ClickAction(locator=ElementLocator.XPATH, location=/html/body/div[1]/footer/div[1]/div/nav[4]/ul/li[10]/a, text=Shop)
2026-01-15 18:07:04,641 - web_test.multi_agent_thread - INFO - Thread 0: Chosen action: RestartAction(restart_url=https://github.com/github/site-policy/pull/582)
2026-01-15 18:07:12,922 - web_test.multi_agent_thread - INFO - Thread 0: Detect browser error: {'level': 'SEVERE', 'message': "https://github.githubassets.com/assets/78298-e2b301acbc0e.js 0:4954 Uncaught DOMException: Failed to execute 'matches' on 'Element': '[open]:not(:modal)' is not a valid selector.", 'source': 'javascript', 'timestamp': 1768471628604}
2026-01-15 18:07:12,922 - web_test.multi_agent_thread - INFO - Thread 0: Detect browser error: {'level': 'SEVERE', 'message': "https://github.githubassets.com/assets/78298-e2b301acbc0e.js 0:4954 Uncaught DOMException: Failed to execute 'matches' on 'Element': '[open]:not(:modal)' is not a valid selector.", 'source': 'javascript', 'timestamp': 1768471628607}
2026-01-15 18:07:12,922 - web_test.multi_agent_thread - INFO - Thread 0: Detect browser error: {'level': 'WARNING', 'message': 'https://github.githubassets.com/assets/24077-adc459723b71.js 9 Deprecated API for given entry type.', 'source': 'javascript', 'timestamp': 1768471628746}
2026-01-15 18:07:12,922 - web_test.multi_agent_thread - INFO - Thread 0: Detect browser error: {'level': 'SEVERE', 'message': "https://github.githubassets.com/assets/78298-e2b301acbc0e.js 0:4954 Uncaught DOMException: Failed to execute 'matches' on 'Element': '[open]:not(:modal)' is not a valid selector.", 'source': 'javascript', 'timestamp': 1768471629750}
2026-01-15 18:07:19,488 - web_test.multi_agent_thread - WARNING - Thread 1: Out of domain, New state: OutOfDomainState(action=RestartAction(restart_url=https://github.com/github/site-policy/pull/582))
2026-01-15 18:07:25,183 - web_test.multi_agent_thread - INFO - Thread 0: Execute action success, New state: ActionSetWithExecutionTimesState(action_number=557, action_execution_time_histogram=[556, 1, 0, 0, 0, 0, 0, 0, 0, 0], url=https://github.com/github/site-policy/pull/582)
2026-01-15 18:07:29,765 - web_test.multi_agent_thread - INFO - Thread 1: Chosen action: RestartAction(restart_url=https://github.com/github/site-policy/pull/582)
2026-01-15 18:07:33,504 - data_collector.data_collector_multi_agent - INFO - Data saved successfully
2026-01-15 18:07:35,807 - web_test.multi_agent_thread - INFO - Thread 0: Chosen action: ClickAction(locator=ElementLocator.XPATH, location=/html/body/div[1]/div[5]/div/main/turbo-frame/div/div[2]/div[1]/div[4]/div/div[1]/div/div[1]/div[36]/div/div[2]/div/div[1]/h3/div/a, text=)
2026-01-15 18:07:42,406 - web_test.multi_agent_thread - INFO - Thread 1: Detect browser error: {'level': 'SEVERE', 'message': "https://github.githubassets.com/assets/78298-e2b301acbc0e.js 0:4954 Uncaught DOMException: Failed to execute 'matches' on 'Element': '[open]:not(:modal)' is not a valid selector.", 'source': 'javascript', 'timestamp': 1768471622321}
2026-01-15 18:07:42,406 - web_test.multi_agent_thread - INFO - Thread 1: Detect browser error: {'level': 'SEVERE', 'message': "https://github.githubassets.com/assets/78298-e2b301acbc0e.js 0:4954 Uncaught DOMException: Failed to execute 'matches' on 'Element': '[open]:not(:modal)' is not a valid selector.", 'source': 'javascript', 'timestamp': 1768471622324}
2026-01-15 18:07:42,406 - web_test.multi_agent_thread - INFO - Thread 1: Detect browser error: {'level': 'WARNING', 'message': 'https://github.githubassets.com/assets/24077-adc459723b71.js 9 Deprecated API for given entry type.', 'source': 'javascript', 'timestamp': 1768471622353}
2026-01-15 18:07:42,406 - web_test.multi_agent_thread - INFO - Thread 1: Detect browser error: {'level': 'SEVERE', 'message': "https://github.githubassets.com/assets/78298-e2b301acbc0e.js 0:4954 Uncaught DOMException: Failed to execute 'querySelector' on 'Document': ':modal' is not a valid selector.", 'source': 'javascript', 'timestamp': 1768471622813}
2026-01-15 18:07:42,406 - web_test.multi_agent_thread - INFO - Thread 1: Detect browser error: {'level': 'WARNING', 'message': 'https://thegithubshop.com/cdn/shopifycloud/perf-kit/shopify-perf-kit-3.0.3.min.js 0 Deprecated API for given entry type.', 'source': 'javascript', 'timestamp': 1768471629532}
2026-01-15 18:07:42,406 - web_test.multi_agent_thread - INFO - Thread 1: Detect browser error: {'level': 'WARNING', 'message': 'https://thegithubshop.com/cdn/wpm/s7cecd0b6w90c54c6cpe92089d5m57a67346m.js 0:71669 "In a sandboxed environment, addEventListener may not behave as expected."', 'source': 'console-api', 'timestamp': 1768471634220}
2026-01-15 18:07:42,406 - web_test.multi_agent_thread - INFO - Thread 1: Detect browser error: {'level': 'WARNING', 'message': "https://connect.facebook.net/en_US/fbevents.js 333 Unrecognized feature: 'attribution-reporting'.", 'source': 'other', 'timestamp': 1768471635604}
2026-01-15 18:07:42,406 - web_test.multi_agent_thread - INFO - Thread 1: Detect browser error: {'level': 'WARNING', 'message': "https://connect.facebook.net/signals/config/857795940282924?v=2.9.249&r=c2&domain=thegithubshop.com&hme=55aefe1c49be5a19d8e824ed1e4d1aa19c2218c89fb7f12848983e28aeeccbb5&ex_m=93%2C155%2C133%2C20%2C66%2C67%2C126%2C62%2C42%2C127%2C71%2C61%2C10%2C140%2C79%2C15%2C92%2C121%2C114%2C69%2C72%2C120%2C137%2C101%2C142%2C7%2C3%2C4%2C6%2C5%2C2%2C80%2C90%2C143%2C222%2C166%2C56%2C224%2C225%2C49%2C181%2C27%2C68%2C230%2C229%2C169%2C29%2C55%2C9%2C58%2C86%2C87%2C88%2C94%2C117%2C28%2C26%2C119%2C116%2C115%2C134%2C70%2C136%2C135%2C44%2C54%2C110%2C14%2C139%2C39%2C211%2C213%2C176%2C23%2C24%2C25%2C17%2C18%2C38%2C34%2C36%2C35%2C75%2C81%2C85%2C99%2C125%2C128%2C40%2C100%2C21%2C19%2C106%2C63%2C32%2C130%2C129%2C131%2C122%2C22%2C31%2C53%2C98%2C138%2C64%2C16%2C132%2C103%2C30%2C191%2C162%2C281%2C209%2C153%2C194%2C187%2C163%2C96%2C118%2C74%2C108%2C48%2C43%2C102%2C41%2C107%2C113%2C52%2C59%2C112%2C47%2C50%2C46%2C89%2C141%2C0%2C111%2C13%2C109%2C11%2C1%2C51%2C82%2C57%2C60%2C105%2C78%2C77%2C144%2C145%2C83%2C84%2C8%2C91%2C45%2C123%2C76%2C73%2C65%2C104%2C95%2C37%2C124%2C33%2C97%2C12%2C146 119 Unrecognized feature: 'browsing-topics'.", 'source': 'other', 'timestamp': 1768471636089}
2026-01-15 18:07:42,406 - web_test.multi_agent_thread - INFO - Thread 1: Detect browser error: {'level': 'SEVERE', 'message': 'https://store.xecurify.com/moas/rest/shopify/check?shop=5d5d2b-a4.myshopify.com 0:0 Uncaught ReferenceError: jQuery is not defined', 'source': 'javascript', 'timestamp': 1768471638972}
2026-01-15 18:07:42,406 - web_test.multi_agent_thread - INFO - Thread 1: Detect browser error: {'level': 'SEVERE', 'message': "https://github.githubassets.com/assets/78298-e2b301acbc0e.js 0:4954 Uncaught DOMException: Failed to execute 'matches' on 'Element': '[open]:not(:modal)' is not a valid selector.", 'source': 'javascript', 'timestamp': 1768471655933}
2026-01-15 18:07:42,406 - web_test.multi_agent_thread - INFO - Thread 1: Detect browser error: {'level': 'SEVERE', 'message': "https://github.githubassets.com/assets/78298-e2b301acbc0e.js 0:4954 Uncaught DOMException: Failed to execute 'matches' on 'Element': '[open]:not(:modal)' is not a valid selector.", 'source': 'javascript', 'timestamp': 1768471655938}
2026-01-15 18:07:42,406 - web_test.multi_agent_thread - INFO - Thread 1: Detect browser error: {'level': 'WARNING', 'message': 'https://github.githubassets.com/assets/24077-adc459723b71.js 9 Deprecated API for given entry type.', 'source': 'javascript', 'timestamp': 1768471656114}
2026-01-15 18:07:42,406 - web_test.multi_agent_thread - INFO - Thread 1: Detect browser error: {'level': 'SEVERE', 'message': "https://github.githubassets.com/assets/78298-e2b301acbc0e.js 0:4954 Uncaught DOMException: Failed to execute 'matches' on 'Element': '[open]:not(:modal)' is not a valid selector.", 'source': 'javascript', 'timestamp': 1768471656795}
2026-01-15 18:07:46,747 - web_test.multi_agent_thread - INFO - Thread 0: Execute action success, New state: ActionSetWithExecutionTimesState(action_number=553, action_execution_time_histogram=[553, 0, 0, 0, 0, 0, 0, 0, 0, 0], url=https://github.com/github/site-policy/pull/582#issuecomment-3314262982)
2026-01-15 18:07:53,094 - web_test.multi_agent_thread - INFO - Thread 1: Execute action success, New state: ActionSetWithExecutionTimesState(action_number=557, action_execution_time_histogram=[555, 2, 0, 0, 0, 0, 0, 0, 0, 0], url=https://github.com/github/site-policy/pull/582)
2026-01-15 18:07:57,470 - web_test.multi_agent_thread - INFO - Thread 0: Chosen action: ClickAction(locator=ElementLocator.XPATH, location=/html/body/div[1]/div[5]/div/main/turbo-frame/div/div[2]/div[1]/div[4]/div/div[1]/div/div[1]/div[13]/div/div[2]/div/div[2]/div/div/div/form/div/button[3], text=🎉
1)
2026-01-15 18:07:58,530 - web_test.multi_agent_thread - WARNING - Thread 0: Execute action failed (ElementClickInterceptedException), New state: ActionExecuteFailedState(action=RestartAction(restart_url=https://github.com/afkvido))
2026-01-15 18:08:03,930 - web_test.multi_agent_thread - INFO - Thread 1: Chosen action: ClickAction(locator=ElementLocator.XPATH, location=/html/body/div[1]/div[5]/div/main/turbo-frame/div/div[2]/div[1]/div[4]/div/div[1]/div/div[1]/div[33]/div/div[2]/div/div[2]/task-lists/table/tbody/tr/td/blockquote/p[1]/a[1], text=resources.github.com)
2026-01-15 18:08:08,984 - web_test.multi_agent_thread - INFO - Thread 0: Chosen action: RestartAction(restart_url=https://github.com/afkvido)
2026-01-15 18:08:09,183 - web_test.multi_agent_thread - WARNING - Thread 1: Out of domain, New state: OutOfDomainState(action=RestartAction(restart_url=https://github.com/afkvido))
2026-01-15 18:08:13,203 - web_test.multi_agent_thread - INFO - Thread 0: Detect browser error: {'level': 'SEVERE', 'message': "https://github.githubassets.com/assets/78298-e2b301acbc0e.js 0:4954 Uncaught DOMException: Failed to execute 'matches' on 'Element': '[open]:not(:modal)' is not a valid selector.", 'source': 'javascript', 'timestamp': 1768471690898}
2026-01-15 18:08:13,203 - web_test.multi_agent_thread - INFO - Thread 0: Detect browser error: {'level': 'SEVERE', 'message': "https://github.githubassets.com/assets/78298-e2b301acbc0e.js 0:4954 Uncaught DOMException: Failed to execute 'matches' on 'Element': '[open]:not(:modal)' is not a valid selector.", 'source': 'javascript', 'timestamp': 1768471690900}
2026-01-15 18:08:13,203 - web_test.multi_agent_thread - INFO - Thread 0: Detect browser error: {'level': 'SEVERE', 'message': "https://github.githubassets.com/assets/78298-e2b301acbc0e.js 0:4954 Uncaught DOMException: Failed to execute 'matches' on 'Element': '[open]:not(:modal)' is not a valid selector.", 'source': 'javascript', 'timestamp': 1768471690901}
2026-01-15 18:08:13,203 - web_test.multi_agent_thread - INFO - Thread 0: Detect browser error: {'level': 'WARNING', 'message': 'https://github.githubassets.com/assets/24077-adc459723b71.js 9 Deprecated API for given entry type.', 'source': 'javascript', 'timestamp': 1768471690926}
2026-01-15 18:08:13,873 - web_test.multi_agent_thread - INFO - Thread 0: Execute action success, New state: ActionSetWithExecutionTimesState(action_number=56, action_execution_time_histogram=[56, 0, 0, 0, 0, 0, 0, 0, 0, 0], url=https://github.com/afkvido)
2026-01-15 18:08:19,598 - web_test.multi_agent_thread - INFO - Thread 1: Chosen action: RestartAction(restart_url=https://github.com/afkvido)
2026-01-15 18:08:24,215 - web_test.multi_agent_thread - INFO - Thread 0: Chosen action: ClickAction(locator=ElementLocator.XPATH, location=/html/body/div[1]/div[5]/main/div[2]/div/div[2]/turbo-frame/div/div[3]/div/div[2]/div/ul/li[4]/a, text=2023)
2026-01-15 18:08:24,766 - web_test.multi_agent_thread - INFO - Thread 1: Detect browser error: {'level': 'SEVERE', 'message': 'https://resources.github.com/_next/static/chunks/framework-d484d26e10a55d5f.js 0:50475 Uncaught Error: Minified React error #425; visit https://reactjs.o… for full errors and additional helpful warnings.', 'source': 'javascript', 'timestamp': 1768471687134}
2026-01-15 18:08:24,767 - web_test.multi_agent_thread - INFO - Thread 1: Detect browser error: {'level': 'SEVERE', 'message': 'https://resources.github.com/_next/static/chunks/framework-d484d26e10a55d5f.js 0:56766 Uncaught Error: Minified React error #418; visit https://reactjs.o… for full errors and additional helpful warnings.', 'source': 'javascript', 'timestamp': 1768471687135}
2026-01-15 18:08:24,767 - web_test.multi_agent_thread - INFO - Thread 1: Detect browser error: {'level': 'SEVERE', 'message': 'https://resources.github.com/_next/static/chunks/framework-d484d26e10a55d5f.js 0:56766 Uncaught Error: Minified React error #418; visit https://reactjs.o… for full errors and additional helpful warnings.', 'source': 'javascript', 'timestamp': 1768471687135}
2026-01-15 18:08:24,767 - web_test.multi_agent_thread - INFO - Thread 1: Detect browser error: {'level': 'SEVERE', 'message': 'https://resources.github.com/_next/static/chunks/framework-d484d26e10a55d5f.js 0:56766 Uncaught Error: Minified React error #418; visit https://reactjs.o… for full errors and additional helpful warnings.', 'source': 'javascript', 'timestamp': 1768471687135}
2026-01-15 18:08:24,767 - web_test.multi_agent_thread - INFO - Thread 1: Detect browser error: {'level': 'SEVERE', 'message': 'https://resources.github.com/_next/static/chunks/framework-d484d26e10a55d5f.js 0:56766 Uncaught Error: Minified React error #418; visit https://reactjs.o… for full errors and additional helpful warnings.', 'source': 'javascript', 'timestamp': 1768471687135}
2026-01-15 18:08:24,767 - web_test.multi_agent_thread - INFO - Thread 1: Detect browser error: {'level': 'SEVERE', 'message': 'https://resources.github.com/_next/static/chunks/framework-d484d26e10a55d5f.js 0:56766 Uncaught Error: Minified React error #418; visit https://reactjs.o… for full errors and additional helpful warnings.', 'source': 'javascript', 'timestamp': 1768471687135}
2026-01-15 18:08:24,768 - web_test.multi_agent_thread - INFO - Thread 1: Detect browser error: {'level': 'SEVERE', 'message': 'https://resources.github.com/_next/static/chunks/framework-d484d26e10a55d5f.js 0:130980 Uncaught Error: Minified React error #423; visit https://reactjs.o… for full errors and additional helpful warnings.', 'source': 'javascript', 'timestamp': 1768471687135}
2026-01-15 18:08:24,768 - web_test.multi_agent_thread - INFO - Thread 1: Detect browser error: {'level': 'SEVERE', 'message': 'https://resources.github.com/_next/static/chunks/main-cf297c2e4284cac9.js 0 Refused to prefetch content from \'https://resources.github.com/_next/static/chunks/843-19fdd0aa4c2a451b.js\' because it violates the following Content Security Policy directive: "default-src \'none\'". Note that \'prefetch-src\' was not explicitly set, so \'default-src\' is used as a fallback.\n', 'source': 'security', 'timestamp': 1768471688051}
2026-01-15 18:08:24,768 - web_test.multi_agent_thread - INFO - Thread 1: Detect browser error: {'level': 'SEVERE', 'message': 'https://resources.github.com/_next/static/chunks/main-cf297c2e4284cac9.js 0 Refused to prefetch content from \'https://resources.github.com/_next/static/chunks/pages/%5B...path%5D-29a00f6c4b6523b6.js\' because it violates the following Content Security Policy directive: "default-src \'none\'". Note that \'prefetch-src\' was not explicitly set, so \'default-src\' is used as a fallback.\n', 'source': 'security', 'timestamp': 1768471688052}
2026-01-15 18:08:24,768 - web_test.multi_agent_thread - INFO - Thread 1: Detect browser error: {'level': 'SEVERE', 'message': "https://github.githubassets.com/assets/78298-e2b301acbc0e.js 0:4954 Uncaught DOMException: Failed to execute 'matches' on 'Element': '[open]:not(:modal)' is not a valid selector.", 'source': 'javascript', 'timestamp': 1768471701524}
2026-01-15 18:08:24,768 - web_test.multi_agent_thread - INFO - Thread 1: Detect browser error: {'level': 'SEVERE', 'message': "https://github.githubassets.com/assets/78298-e2b301acbc0e.js 0:4954 Uncaught DOMException: Failed to execute 'matches' on 'Element': '[open]:not(:modal)' is not a valid selector.", 'source': 'javascript', 'timestamp': 1768471701526}
2026-01-15 18:08:24,768 - web_test.multi_agent_thread - INFO - Thread 1: Detect browser error: {'level': 'SEVERE', 'message': "https://github.githubassets.com/assets/78298-e2b301acbc0e.js 0:4954 Uncaught DOMException: Failed to execute 'matches' on 'Element': '[open]:not(:modal)' is not a valid selector.", 'source': 'javascript', 'timestamp': 1768471701527}
2026-01-15 18:08:24,768 - web_test.multi_agent_thread - INFO - Thread 1: Detect browser error: {'level': 'WARNING', 'message': 'https://github.githubassets.com/assets/24077-adc459723b71.js 9 Deprecated API for given entry type.', 'source': 'javascript', 'timestamp': 1768471701572}
2026-01-15 18:08:25,424 - web_test.multi_agent_thread - INFO - Thread 1: Execute action success, New state: ActionSetWithExecutionTimesState(action_number=56, action_execution_time_histogram=[56, 0, 0, 0, 0, 0, 0, 0, 0, 0], url=https://github.com/afkvido)
2026-01-15 18:08:26,824 - web_test.multi_agent_thread - INFO - Thread 0: Execute action success, New state: ActionSetWithExecutionTimesState(action_number=63, action_execution_time_histogram=[63, 0, 0, 0, 0, 0, 0, 0, 0, 0], url=https://github.com/afkvido?tab=overview&from=2023-12-01&to=2023-12-31)
2026-01-15 18:08:33,517 - data_collector.data_collector_multi_agent - INFO - Data saved successfully
2026-01-15 18:08:33,605 - web_test.multi_agent_thread - INFO - Thread 0: Chosen action: ClickAction(locator=ElementLocator.XPATH, location=/html/body/div[1]/div[2]/header/div/div[1]/a, text=)
2026-01-15 18:08:33,650 - web_test.multi_agent_thread - ERROR - Thread 0: Error happened
Traceback (most recent call last):
  File "/Users/harryhou/miniconda3/lib/python3.13/site-packages/urllib3/connection.py", line 204, in _new_conn
    sock = connection.create_connection(
        (self._dns_host, self.port),
    ...<2 lines>...
        socket_options=self.socket_options,
    )
  File "/Users/harryhou/miniconda3/lib/python3.13/site-packages/urllib3/util/connection.py", line 85, in create_connection
    raise err
  File "/Users/harryhou/miniconda3/lib/python3.13/site-packages/urllib3/util/connection.py", line 73, in create_connection
    sock.connect(sa)
    ~~~~~~~~~~~~^^^^
ConnectionRefusedError: [Errno 61] Connection refused

The above exception was the direct cause of the following exception:

Traceback (most recent call last):
  File "/Users/harryhou/miniconda3/lib/python3.13/site-packages/urllib3/connectionpool.py", line 787, in urlopen
    response = self._make_request(
        conn,
    ...<10 lines>...
        **response_kw,
    )
  File "/Users/harryhou/miniconda3/lib/python3.13/site-packages/urllib3/connectionpool.py", line 493, in _make_request
    conn.request(
    ~~~~~~~~~~~~^
        method,
        ^^^^^^^
    ...<6 lines>...
        enforce_content_length=enforce_content_length,
        ^^^^^^^^^^^^^^^^^^^^^^^^^^^^^^^^^^^^^^^^^^^^^^
    )
    ^
  File "/Users/harryhou/miniconda3/lib/python3.13/site-packages/urllib3/connection.py", line 500, in request
    self.endheaders()
    ~~~~~~~~~~~~~~~^^
  File "/Users/harryhou/miniconda3/lib/python3.13/http/client.py", line 1333, in endheaders
    self._send_output(message_body, encode_chunked=encode_chunked)
    ~~~~~~~~~~~~~~~~~^^^^^^^^^^^^^^^^^^^^^^^^^^^^^^^^^^^^^^^^^^^^^
  File "/Users/harryhou/miniconda3/lib/python3.13/http/client.py", line 1093, in _send_output
    self.send(msg)
    ~~~~~~~~~^^^^^
  File "/Users/harryhou/miniconda3/lib/python3.13/http/client.py", line 1037, in send
    self.connect()
    ~~~~~~~~~~~~^^
  File "/Users/harryhou/miniconda3/lib/python3.13/site-packages/urllib3/connection.py", line 331, in connect
    self.sock = self._new_conn()
                ~~~~~~~~~~~~~~^^
  File "/Users/harryhou/miniconda3/lib/python3.13/site-packages/urllib3/connection.py", line 219, in _new_conn
    raise NewConnectionError(
        self, f"Failed to establish a new connection: {e}"
    ) from e
urllib3.exceptions.NewConnectionError: HTTPConnection(host='localhost', port=60100): Failed to establish a new connection: [Errno 61] Connection refused

The above exception was the direct cause of the following exception:

Traceback (most recent call last):
  File "/Users/harryhou/artifacts/web_test/multi_agent_thread.py", line 100, in run
    chosen_action.execute(self.driver)
    ~~~~~~~~~~~~~~~~~~~~~^^^^^^^^^^^^^
  File "/Users/harryhou/artifacts/action/impl/click_action.py", line 17, in execute
    web_element = self.locator.locate(driver, self.location)
  File "/Users/harryhou/artifacts/action/element_locator.py", line 23, in locate
    return driver.find_element(By.XPATH, location)
           ~~~~~~~~~~~~~~~~~~~^^^^^^^^^^^^^^^^^^^^
  File "/Users/harryhou/miniconda3/lib/python3.13/site-packages/selenium/webdriver/remote/webdriver.py", line 802, in find_element
    return self.execute(Command.FIND_ELEMENT, {"using": by, "value": value})["value"]
           ~~~~~~~~~~~~^^^^^^^^^^^^^^^^^^^^^^^^^^^^^^^^^^^^^^^^^^^^^^^^^^^^^
  File "/Users/harryhou/miniconda3/lib/python3.13/site-packages/selenium/webdriver/remote/webdriver.py", line 429, in execute
    response = cast(RemoteConnection, self.command_executor).execute(driver_command, params)
  File "/Users/harryhou/miniconda3/lib/python3.13/site-packages/selenium/webdriver/remote/remote_connection.py", line 405, in execute
    return self._request(command_info[0], url, body=data)
           ~~~~~~~~~~~~~^^^^^^^^^^^^^^^^^^^^^^^^^^^^^^^^^
  File "/Users/harryhou/miniconda3/lib/python3.13/site-packages/selenium/webdriver/remote/remote_connection.py", line 429, in _request
    response = self._conn.request(method, url, body=body, headers=headers, timeout=self._client_config.timeout)
  File "/Users/harryhou/miniconda3/lib/python3.13/site-packages/urllib3/_request_methods.py", line 143, in request
    return self.request_encode_body(
           ~~~~~~~~~~~~~~~~~~~~~~~~^
        method, url, fields=fields, headers=headers, **urlopen_kw
        ^^^^^^^^^^^^^^^^^^^^^^^^^^^^^^^^^^^^^^^^^^^^^^^^^^^^^^^^^
    )
    ^
  File "/Users/harryhou/miniconda3/lib/python3.13/site-packages/urllib3/_request_methods.py", line 278, in request_encode_body
    return self.urlopen(method, url, **extra_kw)
           ~~~~~~~~~~~~^^^^^^^^^^^^^^^^^^^^^^^^^
  File "/Users/harryhou/miniconda3/lib/python3.13/site-packages/urllib3/poolmanager.py", line 457, in urlopen
    response = conn.urlopen(method, u.request_uri, **kw)
  File "/Users/harryhou/miniconda3/lib/python3.13/site-packages/urllib3/connectionpool.py", line 871, in urlopen
    return self.urlopen(
           ~~~~~~~~~~~~^
        method,
        ^^^^^^^
    ...<13 lines>...
        **response_kw,
        ^^^^^^^^^^^^^^
    )
    ^
  File "/Users/harryhou/miniconda3/lib/python3.13/site-packages/urllib3/connectionpool.py", line 871, in urlopen
    return self.urlopen(
           ~~~~~~~~~~~~^
        method,
        ^^^^^^^
    ...<13 lines>...
        **response_kw,
        ^^^^^^^^^^^^^^
    )
    ^
  File "/Users/harryhou/miniconda3/lib/python3.13/site-packages/urllib3/connectionpool.py", line 871, in urlopen
    return self.urlopen(
           ~~~~~~~~~~~~^
        method,
        ^^^^^^^
    ...<13 lines>...
        **response_kw,
        ^^^^^^^^^^^^^^
    )
    ^
  File "/Users/harryhou/miniconda3/lib/python3.13/site-packages/urllib3/connectionpool.py", line 841, in urlopen
    retries = retries.increment(
        method, url, error=new_e, _pool=self, _stacktrace=sys.exc_info()[2]
    )
  File "/Users/harryhou/miniconda3/lib/python3.13/site-packages/urllib3/util/retry.py", line 519, in increment
    raise MaxRetryError(_pool, url, reason) from reason  # type: ignore[arg-type]
    ^^^^^^^^^^^^^^^^^^^^^^^^^^^^^^^^^^^^^^^^^^^^^^^^^^^
urllib3.exceptions.MaxRetryError: HTTPConnectionPool(host='localhost', port=60100): Max retries exceeded with url: /session/01a57a88b3671d41d9db3d3ff85aec93/element (Caused by NewConnectionError("HTTPConnection(host='localhost', port=60100): Failed to establish a new connection: [Errno 61] Connection refused"))
2026-01-15 18:08:33,748 - web_test.multi_agent_thread - INFO - Thread 1: Chosen action: ClickAction(locator=ElementLocator.XPATH, location=/html/body/div[1]/div[5]/main/div[2]/div/div[2]/turbo-frame/div/div[2]/div/ol/li/div/div/p[2]/a[2], text= 66)
2026-01-15 18:08:33,750 - web_test.multi_agent_thread - ERROR - Thread 1: Error happened
Traceback (most recent call last):
  File "/Users/harryhou/miniconda3/lib/python3.13/site-packages/urllib3/connection.py", line 204, in _new_conn
    sock = connection.create_connection(
        (self._dns_host, self.port),
    ...<2 lines>...
        socket_options=self.socket_options,
    )
  File "/Users/harryhou/miniconda3/lib/python3.13/site-packages/urllib3/util/connection.py", line 85, in create_connection
    raise err
  File "/Users/harryhou/miniconda3/lib/python3.13/site-packages/urllib3/util/connection.py", line 73, in create_connection
    sock.connect(sa)
    ~~~~~~~~~~~~^^^^
ConnectionRefusedError: [Errno 61] Connection refused

The above exception was the direct cause of the following exception:

Traceback (most recent call last):
  File "/Users/harryhou/miniconda3/lib/python3.13/site-packages/urllib3/connectionpool.py", line 787, in urlopen
    response = self._make_request(
        conn,
    ...<10 lines>...
        **response_kw,
    )
  File "/Users/harryhou/miniconda3/lib/python3.13/site-packages/urllib3/connectionpool.py", line 493, in _make_request
    conn.request(
    ~~~~~~~~~~~~^
        method,
        ^^^^^^^
    ...<6 lines>...
        enforce_content_length=enforce_content_length,
        ^^^^^^^^^^^^^^^^^^^^^^^^^^^^^^^^^^^^^^^^^^^^^^
    )
    ^
  File "/Users/harryhou/miniconda3/lib/python3.13/site-packages/urllib3/connection.py", line 500, in request
    self.endheaders()
    ~~~~~~~~~~~~~~~^^
  File "/Users/harryhou/miniconda3/lib/python3.13/http/client.py", line 1333, in endheaders
    self._send_output(message_body, encode_chunked=encode_chunked)
    ~~~~~~~~~~~~~~~~~^^^^^^^^^^^^^^^^^^^^^^^^^^^^^^^^^^^^^^^^^^^^^
  File "/Users/harryhou/miniconda3/lib/python3.13/http/client.py", line 1093, in _send_output
    self.send(msg)
    ~~~~~~~~~^^^^^
  File "/Users/harryhou/miniconda3/lib/python3.13/http/client.py", line 1037, in send
    self.connect()
    ~~~~~~~~~~~~^^
  File "/Users/harryhou/miniconda3/lib/python3.13/site-packages/urllib3/connection.py", line 331, in connect
    self.sock = self._new_conn()
                ~~~~~~~~~~~~~~^^
  File "/Users/harryhou/miniconda3/lib/python3.13/site-packages/urllib3/connection.py", line 219, in _new_conn
    raise NewConnectionError(
        self, f"Failed to establish a new connection: {e}"
    ) from e
urllib3.exceptions.NewConnectionError: HTTPConnection(host='localhost', port=60131): Failed to establish a new connection: [Errno 61] Connection refused

The above exception was the direct cause of the following exception:

Traceback (most recent call last):
  File "/Users/harryhou/artifacts/web_test/multi_agent_thread.py", line 100, in run
    chosen_action.execute(self.driver)
    ~~~~~~~~~~~~~~~~~~~~~^^^^^^^^^^^^^
  File "/Users/harryhou/artifacts/action/impl/click_action.py", line 17, in execute
    web_element = self.locator.locate(driver, self.location)
  File "/Users/harryhou/artifacts/action/element_locator.py", line 23, in locate
    return driver.find_element(By.XPATH, location)
           ~~~~~~~~~~~~~~~~~~~^^^^^^^^^^^^^^^^^^^^
  File "/Users/harryhou/miniconda3/lib/python3.13/site-packages/selenium/webdriver/remote/webdriver.py", line 802, in find_element
    return self.execute(Command.FIND_ELEMENT, {"using": by, "value": value})["value"]
           ~~~~~~~~~~~~^^^^^^^^^^^^^^^^^^^^^^^^^^^^^^^^^^^^^^^^^^^^^^^^^^^^^
  File "/Users/harryhou/miniconda3/lib/python3.13/site-packages/selenium/webdriver/remote/webdriver.py", line 429, in execute
    response = cast(RemoteConnection, self.command_executor).execute(driver_command, params)
  File "/Users/harryhou/miniconda3/lib/python3.13/site-packages/selenium/webdriver/remote/remote_connection.py", line 405, in execute
    return self._request(command_info[0], url, body=data)
           ~~~~~~~~~~~~~^^^^^^^^^^^^^^^^^^^^^^^^^^^^^^^^^
  File "/Users/harryhou/miniconda3/lib/python3.13/site-packages/selenium/webdriver/remote/remote_connection.py", line 429, in _request
    response = self._conn.request(method, url, body=body, headers=headers, timeout=self._client_config.timeout)
  File "/Users/harryhou/miniconda3/lib/python3.13/site-packages/urllib3/_request_methods.py", line 143, in request
    return self.request_encode_body(
           ~~~~~~~~~~~~~~~~~~~~~~~~^
        method, url, fields=fields, headers=headers, **urlopen_kw
        ^^^^^^^^^^^^^^^^^^^^^^^^^^^^^^^^^^^^^^^^^^^^^^^^^^^^^^^^^
    )
    ^
  File "/Users/harryhou/miniconda3/lib/python3.13/site-packages/urllib3/_request_methods.py", line 278, in request_encode_body
    return self.urlopen(method, url, **extra_kw)
           ~~~~~~~~~~~~^^^^^^^^^^^^^^^^^^^^^^^^^
  File "/Users/harryhou/miniconda3/lib/python3.13/site-packages/urllib3/poolmanager.py", line 457, in urlopen
    response = conn.urlopen(method, u.request_uri, **kw)
  File "/Users/harryhou/miniconda3/lib/python3.13/site-packages/urllib3/connectionpool.py", line 871, in urlopen
    return self.urlopen(
           ~~~~~~~~~~~~^
        method,
        ^^^^^^^
    ...<13 lines>...
        **response_kw,
        ^^^^^^^^^^^^^^
    )
    ^
  File "/Users/harryhou/miniconda3/lib/python3.13/site-packages/urllib3/connectionpool.py", line 871, in urlopen
    return self.urlopen(
           ~~~~~~~~~~~~^
        method,
        ^^^^^^^
    ...<13 lines>...
        **response_kw,
        ^^^^^^^^^^^^^^
    )
    ^
  File "/Users/harryhou/miniconda3/lib/python3.13/site-packages/urllib3/connectionpool.py", line 871, in urlopen
    return self.urlopen(
           ~~~~~~~~~~~~^
        method,
        ^^^^^^^
    ...<13 lines>...
        **response_kw,
        ^^^^^^^^^^^^^^
    )
    ^
  File "/Users/harryhou/miniconda3/lib/python3.13/site-packages/urllib3/connectionpool.py", line 841, in urlopen
    retries = retries.increment(
        method, url, error=new_e, _pool=self, _stacktrace=sys.exc_info()[2]
    )
  File "/Users/harryhou/miniconda3/lib/python3.13/site-packages/urllib3/util/retry.py", line 519, in increment
    raise MaxRetryError(_pool, url, reason) from reason  # type: ignore[arg-type]
    ^^^^^^^^^^^^^^^^^^^^^^^^^^^^^^^^^^^^^^^^^^^^^^^^^^^
urllib3.exceptions.MaxRetryError: HTTPConnectionPool(host='localhost', port=60131): Max retries exceeded with url: /session/6893a7dcde6a03ee605e611892f66011/element (Caused by NewConnectionError("HTTPConnection(host='localhost', port=60131): Failed to establish a new connection: [Errno 61] Connection refused"))
2026-01-15 18:08:34,900 - web_test.multi_agent_thread - INFO - Thread 0: Webdriver restart successfully
2026-01-15 18:08:35,137 - web_test.multi_agent_thread - INFO - Thread 1: Webdriver restart successfully
2026-01-15 18:08:35,591 - data_collector.data_collector_multi_agent - INFO - Data saved successfully
