2026-01-16 19:08:30,870 - __main__ - INFO - [Debug] 程序已启动
2026-01-16 19:08:30,870 - __main__ - INFO - [Debug] Chrome Options 配置完成
2026-01-16 19:08:30,870 - __main__ - INFO - [Debug] profile is github-marl-3h-shaq-5agent
2026-01-16 19:08:31,395 - web_test.multi_agent_thread - INFO - SHAQ initializing on device: cpu
2026-01-16 19:09:16,399 - web_test.multi_agent_thread - INFO - Thread 0: Webdriver created successfully
2026-01-16 19:09:16,403 - web_test.multi_agent_thread - INFO - Thread 0: Execution start
2026-01-16 19:09:17,302 - web_test.multi_agent_thread - INFO - Thread 1: Webdriver created successfully
2026-01-16 19:09:17,302 - web_test.multi_agent_thread - INFO - Thread 1: Execution start
2026-01-16 19:09:18,255 - web_test.multi_agent_thread - INFO - Thread 2: Webdriver created successfully
2026-01-16 19:09:18,256 - web_test.multi_agent_thread - INFO - Thread 2: Execution start
2026-01-16 19:09:19,586 - web_test.multi_agent_thread - INFO - Thread 3: Webdriver created successfully
2026-01-16 19:09:19,587 - web_test.multi_agent_thread - INFO - Thread 3: Execution start
2026-01-16 19:09:20,762 - web_test.multi_agent_thread - INFO - Thread 4: Webdriver created successfully
2026-01-16 19:09:20,762 - web_test.multi_agent_thread - INFO - Thread 4: Execution start
2026-01-16 19:09:38,846 - web_test.multi_agent_thread - INFO - Thread 0: Detect browser error: {'level': 'SEVERE', 'message': "https://github.githubassets.com/assets/78298-e2b301acbc0e.js 0:4954 Uncaught DOMException: Failed to execute 'matches' on 'Element': '[open]:not(:modal)' is not a valid selector.", 'source': 'javascript', 'timestamp': 1768561760743}
2026-01-16 19:09:38,846 - web_test.multi_agent_thread - INFO - Thread 0: Detect browser error: {'level': 'SEVERE', 'message': "https://github.githubassets.com/assets/78298-e2b301acbc0e.js 0:4954 Uncaught DOMException: Failed to execute 'matches' on 'Element': '[open]:not(:modal)' is not a valid selector.", 'source': 'javascript', 'timestamp': 1768561760747}
2026-01-16 19:09:38,846 - web_test.multi_agent_thread - INFO - Thread 0: Detect browser error: {'level': 'WARNING', 'message': 'https://github.githubassets.com/assets/14312-5e06208defc2.js 9 Deprecated API for given entry type.', 'source': 'javascript', 'timestamp': 1768561761066}
2026-01-16 19:09:38,846 - web_test.multi_agent_thread - INFO - Thread 0: Detect browser error: {'level': 'WARNING', 'message': "https://github.com/ - The resource https://github.githubassets.com/assets/mona-sans-14595085164a.woff2 was preloaded using link preload but not used within a few seconds from the window's load event. Please make sure it has an appropriate `as` value and it is preloaded intentionally.", 'source': 'javascript', 'timestamp': 1768561772859}
2026-01-16 19:09:38,847 - web_test.multi_agent_thread - INFO - Thread 0: Initial state: ActionSetWithExecutionTimesState(action_number=101, action_execution_time_histogram=[101, 0, 0, 0, 0, 0, 0, 0, 0, 0], url=https://github.com/)
2026-01-16 19:09:39,833 - web_test.multi_agent_thread - INFO - Thread 1: Detect browser error: {'level': 'SEVERE', 'message': "https://github.githubassets.com/assets/78298-e2b301acbc0e.js 0:4954 Uncaught DOMException: Failed to execute 'matches' on 'Element': '[open]:not(:modal)' is not a valid selector.", 'source': 'javascript', 'timestamp': 1768561761625}
2026-01-16 19:09:39,833 - web_test.multi_agent_thread - INFO - Thread 1: Detect browser error: {'level': 'SEVERE', 'message': "https://github.githubassets.com/assets/78298-e2b301acbc0e.js 0:4954 Uncaught DOMException: Failed to execute 'matches' on 'Element': '[open]:not(:modal)' is not a valid selector.", 'source': 'javascript', 'timestamp': 1768561761629}
2026-01-16 19:09:39,833 - web_test.multi_agent_thread - INFO - Thread 1: Detect browser error: {'level': 'WARNING', 'message': 'https://github.githubassets.com/assets/14312-5e06208defc2.js 9 Deprecated API for given entry type.', 'source': 'javascript', 'timestamp': 1768561761829}
2026-01-16 19:09:39,833 - web_test.multi_agent_thread - INFO - Thread 1: Detect browser error: {'level': 'WARNING', 'message': "https://github.com/ - The resource https://github.githubassets.com/assets/mona-sans-14595085164a.woff2 was preloaded using link preload but not used within a few seconds from the window's load event. Please make sure it has an appropriate `as` value and it is preloaded intentionally.", 'source': 'javascript', 'timestamp': 1768561774409}
2026-01-16 19:09:39,833 - web_test.multi_agent_thread - INFO - Thread 1: Initial state: ActionSetWithExecutionTimesState(action_number=101, action_execution_time_histogram=[101, 0, 0, 0, 0, 0, 0, 0, 0, 0], url=https://github.com/)
2026-01-16 19:09:41,605 - web_test.multi_agent_thread - INFO - Thread 2: Detect browser error: {'level': 'SEVERE', 'message': "https://github.githubassets.com/assets/78298-e2b301acbc0e.js 0:4954 Uncaught DOMException: Failed to execute 'matches' on 'Element': '[open]:not(:modal)' is not a valid selector.", 'source': 'javascript', 'timestamp': 1768561763615}
2026-01-16 19:09:41,605 - web_test.multi_agent_thread - INFO - Thread 2: Detect browser error: {'level': 'SEVERE', 'message': "https://github.githubassets.com/assets/78298-e2b301acbc0e.js 0:4954 Uncaught DOMException: Failed to execute 'matches' on 'Element': '[open]:not(:modal)' is not a valid selector.", 'source': 'javascript', 'timestamp': 1768561763618}
2026-01-16 19:09:41,605 - web_test.multi_agent_thread - INFO - Thread 2: Detect browser error: {'level': 'WARNING', 'message': 'https://github.githubassets.com/assets/14312-5e06208defc2.js 9 Deprecated API for given entry type.', 'source': 'javascript', 'timestamp': 1768561763814}
2026-01-16 19:09:41,605 - web_test.multi_agent_thread - INFO - Thread 2: Detect browser error: {'level': 'WARNING', 'message': "https://github.com/ - The resource https://github.githubassets.com/assets/mona-sans-14595085164a.woff2 was preloaded using link preload but not used within a few seconds from the window's load event. Please make sure it has an appropriate `as` value and it is preloaded intentionally.", 'source': 'javascript', 'timestamp': 1768561776349}
2026-01-16 19:09:41,605 - web_test.multi_agent_thread - INFO - Thread 2: Initial state: ActionSetWithExecutionTimesState(action_number=101, action_execution_time_histogram=[101, 0, 0, 0, 0, 0, 0, 0, 0, 0], url=https://github.com/)
2026-01-16 19:09:44,351 - web_test.multi_agent_thread - INFO - Thread 3: Detect browser error: {'level': 'SEVERE', 'message': "https://github.githubassets.com/assets/78298-e2b301acbc0e.js 0:4954 Uncaught DOMException: Failed to execute 'matches' on 'Element': '[open]:not(:modal)' is not a valid selector.", 'source': 'javascript', 'timestamp': 1768561766014}
2026-01-16 19:09:44,351 - web_test.multi_agent_thread - INFO - Thread 3: Detect browser error: {'level': 'SEVERE', 'message': "https://github.githubassets.com/assets/78298-e2b301acbc0e.js 0:4954 Uncaught DOMException: Failed to execute 'matches' on 'Element': '[open]:not(:modal)' is not a valid selector.", 'source': 'javascript', 'timestamp': 1768561766015}
2026-01-16 19:09:44,351 - web_test.multi_agent_thread - INFO - Thread 3: Detect browser error: {'level': 'WARNING', 'message': 'https://github.githubassets.com/assets/14312-5e06208defc2.js 9 Deprecated API for given entry type.', 'source': 'javascript', 'timestamp': 1768561766840}
2026-01-16 19:09:44,351 - web_test.multi_agent_thread - INFO - Thread 3: Detect browser error: {'level': 'WARNING', 'message': "https://github.com/ - The resource https://github.githubassets.com/assets/mona-sans-14595085164a.woff2 was preloaded using link preload but not used within a few seconds from the window's load event. Please make sure it has an appropriate `as` value and it is preloaded intentionally.", 'source': 'javascript', 'timestamp': 1768561775532}
2026-01-16 19:09:44,351 - web_test.multi_agent_thread - INFO - Thread 3: Initial state: ActionSetWithExecutionTimesState(action_number=101, action_execution_time_histogram=[101, 0, 0, 0, 0, 0, 0, 0, 0, 0], url=https://github.com/)
2026-01-16 19:09:44,496 - web_test.multi_agent_thread - INFO - Thread 4: Detect browser error: {'level': 'SEVERE', 'message': "https://github.githubassets.com/assets/78298-e2b301acbc0e.js 0:4954 Uncaught DOMException: Failed to execute 'matches' on 'Element': '[open]:not(:modal)' is not a valid selector.", 'source': 'javascript', 'timestamp': 1768561766871}
2026-01-16 19:09:44,496 - web_test.multi_agent_thread - INFO - Thread 4: Detect browser error: {'level': 'SEVERE', 'message': "https://github.githubassets.com/assets/78298-e2b301acbc0e.js 0:4954 Uncaught DOMException: Failed to execute 'matches' on 'Element': '[open]:not(:modal)' is not a valid selector.", 'source': 'javascript', 'timestamp': 1768561766875}
2026-01-16 19:09:44,496 - web_test.multi_agent_thread - INFO - Thread 4: Detect browser error: {'level': 'WARNING', 'message': 'https://github.githubassets.com/assets/14312-5e06208defc2.js 9 Deprecated API for given entry type.', 'source': 'javascript', 'timestamp': 1768561767089}
2026-01-16 19:09:44,497 - web_test.multi_agent_thread - INFO - Thread 4: Detect browser error: {'level': 'WARNING', 'message': "https://github.com/ - The resource https://github.githubassets.com/assets/mona-sans-14595085164a.woff2 was preloaded using link preload but not used within a few seconds from the window's load event. Please make sure it has an appropriate `as` value and it is preloaded intentionally.", 'source': 'javascript', 'timestamp': 1768561776406}
2026-01-16 19:09:44,497 - web_test.multi_agent_thread - INFO - Thread 4: Initial state: ActionSetWithExecutionTimesState(action_number=101, action_execution_time_histogram=[101, 0, 0, 0, 0, 0, 0, 0, 0, 0], url=https://github.com/)
2026-01-16 19:09:49,045 - multi_agent.multi_agent_system - INFO - [0] State initialized.
2026-01-16 19:09:49,045 - multi_agent.multi_agent_system - ERROR - [0] Error in generating action: 'SHAQ' object has no attribute 'state_list'
2026-01-16 19:09:49,045 - web_test.multi_agent_thread - ERROR - Thread 0: Error happened
Traceback (most recent call last):
  File "/Users/harryhou/artifacts/web_test/multi_agent_thread.py", line 89, in run
    chosen_action = self.multi_agent_system.get_action(self.current_state, html, self.agent_name,
                                                       self.current_url, self.check_result)
  File "/Users/harryhou/artifacts/multi_agent/multi_agent_system.py", line 93, in get_action
    raise e  # 根据需要，可选择抛异常或返回默认动作
    ^^^^^^^
  File "/Users/harryhou/artifacts/multi_agent/multi_agent_system.py", line 83, in get_action
    chosen_action = self.get_action_algorithm(web_state, html, agent_name)
  File "/Users/harryhou/artifacts/multi_agent/impl/shaq.py", line 139, in get_action_algorithm
    self.update(web_state, html, agent_name)
    ~~~~~~~~~~~^^^^^^^^^^^^^^^^^^^^^^^^^^^^^
  File "/Users/harryhou/artifacts/multi_agent/impl/shaq.py", line 244, in update
    if web_state not in self.state_list:
                        ^^^^^^^^^^^^^^^
AttributeError: 'SHAQ' object has no attribute 'state_list'. Did you mean: 'state_dict'?
2026-01-16 19:09:50,043 - multi_agent.multi_agent_system - INFO - [1] State initialized.
2026-01-16 19:09:50,043 - multi_agent.multi_agent_system - ERROR - [1] Error in generating action: 'SHAQ' object has no attribute 'state_list'
2026-01-16 19:09:50,043 - web_test.multi_agent_thread - ERROR - Thread 1: Error happened
Traceback (most recent call last):
  File "/Users/harryhou/artifacts/web_test/multi_agent_thread.py", line 89, in run
    chosen_action = self.multi_agent_system.get_action(self.current_state, html, self.agent_name,
                                                       self.current_url, self.check_result)
  File "/Users/harryhou/artifacts/multi_agent/multi_agent_system.py", line 93, in get_action
    raise e  # 根据需要，可选择抛异常或返回默认动作
    ^^^^^^^
  File "/Users/harryhou/artifacts/multi_agent/multi_agent_system.py", line 83, in get_action
    chosen_action = self.get_action_algorithm(web_state, html, agent_name)
  File "/Users/harryhou/artifacts/multi_agent/impl/shaq.py", line 139, in get_action_algorithm
    self.update(web_state, html, agent_name)
    ~~~~~~~~~~~^^^^^^^^^^^^^^^^^^^^^^^^^^^^^
  File "/Users/harryhou/artifacts/multi_agent/impl/shaq.py", line 244, in update
    if web_state not in self.state_list:
                        ^^^^^^^^^^^^^^^
AttributeError: 'SHAQ' object has no attribute 'state_list'. Did you mean: 'state_dict'?
2026-01-16 19:09:50,207 - web_test.multi_agent_thread - INFO - Thread 0: Webdriver restart successfully
2026-01-16 19:09:51,097 - web_test.multi_agent_thread - INFO - Thread 1: Webdriver restart successfully
2026-01-16 19:09:51,844 - multi_agent.multi_agent_system - INFO - [2] State initialized.
2026-01-16 19:09:51,845 - multi_agent.multi_agent_system - ERROR - [2] Error in generating action: 'SHAQ' object has no attribute 'state_list'
2026-01-16 19:09:51,845 - web_test.multi_agent_thread - ERROR - Thread 2: Error happened
Traceback (most recent call last):
  File "/Users/harryhou/artifacts/web_test/multi_agent_thread.py", line 89, in run
    chosen_action = self.multi_agent_system.get_action(self.current_state, html, self.agent_name,
                                                       self.current_url, self.check_result)
  File "/Users/harryhou/artifacts/multi_agent/multi_agent_system.py", line 93, in get_action
    raise e  # 根据需要，可选择抛异常或返回默认动作
    ^^^^^^^
  File "/Users/harryhou/artifacts/multi_agent/multi_agent_system.py", line 83, in get_action
    chosen_action = self.get_action_algorithm(web_state, html, agent_name)
  File "/Users/harryhou/artifacts/multi_agent/impl/shaq.py", line 139, in get_action_algorithm
    self.update(web_state, html, agent_name)
    ~~~~~~~~~~~^^^^^^^^^^^^^^^^^^^^^^^^^^^^^
  File "/Users/harryhou/artifacts/multi_agent/impl/shaq.py", line 244, in update
    if web_state not in self.state_list:
                        ^^^^^^^^^^^^^^^
AttributeError: 'SHAQ' object has no attribute 'state_list'. Did you mean: 'state_dict'?
2026-01-16 19:09:52,920 - web_test.multi_agent_thread - INFO - Thread 2: Webdriver restart successfully
2026-01-16 19:09:54,591 - multi_agent.multi_agent_system - INFO - [3] State initialized.
2026-01-16 19:09:54,591 - multi_agent.multi_agent_system - ERROR - [3] Error in generating action: 'SHAQ' object has no attribute 'state_list'
2026-01-16 19:09:54,591 - web_test.multi_agent_thread - ERROR - Thread 3: Error happened
Traceback (most recent call last):
  File "/Users/harryhou/artifacts/web_test/multi_agent_thread.py", line 89, in run
    chosen_action = self.multi_agent_system.get_action(self.current_state, html, self.agent_name,
                                                       self.current_url, self.check_result)
  File "/Users/harryhou/artifacts/multi_agent/multi_agent_system.py", line 93, in get_action
    raise e  # 根据需要，可选择抛异常或返回默认动作
    ^^^^^^^
  File "/Users/harryhou/artifacts/multi_agent/multi_agent_system.py", line 83, in get_action
    chosen_action = self.get_action_algorithm(web_state, html, agent_name)
  File "/Users/harryhou/artifacts/multi_agent/impl/shaq.py", line 139, in get_action_algorithm
    self.update(web_state, html, agent_name)
    ~~~~~~~~~~~^^^^^^^^^^^^^^^^^^^^^^^^^^^^^
  File "/Users/harryhou/artifacts/multi_agent/impl/shaq.py", line 244, in update
    if web_state not in self.state_list:
                        ^^^^^^^^^^^^^^^
AttributeError: 'SHAQ' object has no attribute 'state_list'. Did you mean: 'state_dict'?
2026-01-16 19:09:54,791 - multi_agent.multi_agent_system - INFO - [4] State initialized.
2026-01-16 19:09:54,792 - multi_agent.multi_agent_system - ERROR - [4] Error in generating action: 'SHAQ' object has no attribute 'state_list'
2026-01-16 19:09:54,792 - web_test.multi_agent_thread - ERROR - Thread 4: Error happened
Traceback (most recent call last):
  File "/Users/harryhou/artifacts/web_test/multi_agent_thread.py", line 89, in run
    chosen_action = self.multi_agent_system.get_action(self.current_state, html, self.agent_name,
                                                       self.current_url, self.check_result)
  File "/Users/harryhou/artifacts/multi_agent/multi_agent_system.py", line 93, in get_action
    raise e  # 根据需要，可选择抛异常或返回默认动作
    ^^^^^^^
  File "/Users/harryhou/artifacts/multi_agent/multi_agent_system.py", line 83, in get_action
    chosen_action = self.get_action_algorithm(web_state, html, agent_name)
  File "/Users/harryhou/artifacts/multi_agent/impl/shaq.py", line 139, in get_action_algorithm
    self.update(web_state, html, agent_name)
    ~~~~~~~~~~~^^^^^^^^^^^^^^^^^^^^^^^^^^^^^
  File "/Users/harryhou/artifacts/multi_agent/impl/shaq.py", line 244, in update
    if web_state not in self.state_list:
                        ^^^^^^^^^^^^^^^
AttributeError: 'SHAQ' object has no attribute 'state_list'. Did you mean: 'state_dict'?
2026-01-16 19:09:56,157 - web_test.multi_agent_thread - INFO - Thread 3: Webdriver restart successfully
2026-01-16 19:09:56,371 - web_test.multi_agent_thread - INFO - Thread 4: Webdriver restart successfully
