2026-01-16 18:57:37,737 - __main__ - INFO - [Debug] 程序已启动
2026-01-16 18:57:37,737 - __main__ - INFO - [Debug] Chrome Options 配置完成
2026-01-16 18:57:37,737 - __main__ - INFO - [Debug] profile is github-marl-3h-shaq-5agent
2026-01-16 18:57:38,170 - web_test.multi_agent_thread - INFO - SHAQ initializing on device: cpu
2026-01-16 18:58:23,770 - web_test.multi_agent_thread - INFO - Thread 0: Webdriver created successfully
2026-01-16 18:58:23,774 - web_test.multi_agent_thread - INFO - Thread 0: Execution start
2026-01-16 18:58:24,678 - web_test.multi_agent_thread - INFO - Thread 1: Webdriver created successfully
2026-01-16 18:58:24,678 - web_test.multi_agent_thread - INFO - Thread 1: Execution start
2026-01-16 18:58:25,630 - web_test.multi_agent_thread - INFO - Thread 2: Webdriver created successfully
2026-01-16 18:58:25,630 - web_test.multi_agent_thread - INFO - Thread 2: Execution start
2026-01-16 18:58:26,713 - web_test.multi_agent_thread - INFO - Thread 3: Webdriver created successfully
2026-01-16 18:58:26,714 - web_test.multi_agent_thread - INFO - Thread 3: Execution start
2026-01-16 18:58:27,946 - web_test.multi_agent_thread - INFO - Thread 4: Webdriver created successfully
2026-01-16 18:58:27,949 - web_test.multi_agent_thread - INFO - Thread 4: Execution start
2026-01-16 18:58:47,785 - web_test.multi_agent_thread - INFO - Thread 0: Detect browser error: {'level': 'SEVERE', 'message': "https://github.githubassets.com/assets/78298-e2b301acbc0e.js 0:4954 Uncaught DOMException: Failed to execute 'matches' on 'Element': '[open]:not(:modal)' is not a valid selector.", 'source': 'javascript', 'timestamp': 1768561108503}
2026-01-16 18:58:47,785 - web_test.multi_agent_thread - INFO - Thread 0: Detect browser error: {'level': 'SEVERE', 'message': "https://github.githubassets.com/assets/78298-e2b301acbc0e.js 0:4954 Uncaught DOMException: Failed to execute 'matches' on 'Element': '[open]:not(:modal)' is not a valid selector.", 'source': 'javascript', 'timestamp': 1768561108507}
2026-01-16 18:58:47,785 - web_test.multi_agent_thread - INFO - Thread 0: Detect browser error: {'level': 'WARNING', 'message': 'https://github.githubassets.com/assets/14312-5e06208defc2.js 9 Deprecated API for given entry type.', 'source': 'javascript', 'timestamp': 1768561108649}
2026-01-16 18:58:47,785 - web_test.multi_agent_thread - INFO - Thread 0: Detect browser error: {'level': 'WARNING', 'message': "https://github.com/ - The resource https://github.githubassets.com/assets/mona-sans-14595085164a.woff2 was preloaded using link preload but not used within a few seconds from the window's load event. Please make sure it has an appropriate `as` value and it is preloaded intentionally.", 'source': 'javascript', 'timestamp': 1768561118909}
2026-01-16 18:58:47,786 - web_test.multi_agent_thread - INFO - Thread 0: Initial state: ActionSetWithExecutionTimesState(action_number=101, action_execution_time_histogram=[101, 0, 0, 0, 0, 0, 0, 0, 0, 0], url=https://github.com/)
2026-01-16 18:58:50,104 - web_test.multi_agent_thread - INFO - Thread 1: Detect browser error: {'level': 'SEVERE', 'message': "https://github.githubassets.com/assets/78298-e2b301acbc0e.js 0:4954 Uncaught DOMException: Failed to execute 'matches' on 'Element': '[open]:not(:modal)' is not a valid selector.", 'source': 'javascript', 'timestamp': 1768561110632}
2026-01-16 18:58:50,104 - web_test.multi_agent_thread - INFO - Thread 1: Detect browser error: {'level': 'SEVERE', 'message': "https://github.githubassets.com/assets/78298-e2b301acbc0e.js 0:4954 Uncaught DOMException: Failed to execute 'matches' on 'Element': '[open]:not(:modal)' is not a valid selector.", 'source': 'javascript', 'timestamp': 1768561110635}
2026-01-16 18:58:50,104 - web_test.multi_agent_thread - INFO - Thread 1: Detect browser error: {'level': 'WARNING', 'message': 'https://github.githubassets.com/assets/14312-5e06208defc2.js 9 Deprecated API for given entry type.', 'source': 'javascript', 'timestamp': 1768561112228}
2026-01-16 18:58:50,104 - web_test.multi_agent_thread - INFO - Thread 1: Detect browser error: {'level': 'WARNING', 'message': "https://github.com/ - The resource https://github.githubassets.com/assets/mona-sans-14595085164a.woff2 was preloaded using link preload but not used within a few seconds from the window's load event. Please make sure it has an appropriate `as` value and it is preloaded intentionally.", 'source': 'javascript', 'timestamp': 1768561121439}
2026-01-16 18:58:50,105 - web_test.multi_agent_thread - INFO - Thread 1: Initial state: ActionSetWithExecutionTimesState(action_number=101, action_execution_time_histogram=[101, 0, 0, 0, 0, 0, 0, 0, 0, 0], url=https://github.com/)
2026-01-16 18:58:51,929 - web_test.multi_agent_thread - INFO - Thread 3: Detect browser error: {'level': 'SEVERE', 'message': "https://github.githubassets.com/assets/78298-e2b301acbc0e.js 0:4954 Uncaught DOMException: Failed to execute 'matches' on 'Element': '[open]:not(:modal)' is not a valid selector.", 'source': 'javascript', 'timestamp': 1768561114264}
2026-01-16 18:58:51,929 - web_test.multi_agent_thread - INFO - Thread 3: Detect browser error: {'level': 'SEVERE', 'message': "https://github.githubassets.com/assets/78298-e2b301acbc0e.js 0:4954 Uncaught DOMException: Failed to execute 'matches' on 'Element': '[open]:not(:modal)' is not a valid selector.", 'source': 'javascript', 'timestamp': 1768561114267}
2026-01-16 18:58:51,929 - web_test.multi_agent_thread - INFO - Thread 3: Detect browser error: {'level': 'WARNING', 'message': 'https://github.githubassets.com/assets/14312-5e06208defc2.js 9 Deprecated API for given entry type.', 'source': 'javascript', 'timestamp': 1768561115262}
2026-01-16 18:58:51,929 - web_test.multi_agent_thread - INFO - Thread 3: Detect browser error: {'level': 'WARNING', 'message': "https://github.com/ - The resource https://github.githubassets.com/assets/mona-sans-14595085164a.woff2 was preloaded using link preload but not used within a few seconds from the window's load event. Please make sure it has an appropriate `as` value and it is preloaded intentionally.", 'source': 'javascript', 'timestamp': 1768561126995}
2026-01-16 18:58:51,930 - web_test.multi_agent_thread - INFO - Thread 3: Initial state: ActionSetWithExecutionTimesState(action_number=101, action_execution_time_histogram=[101, 0, 0, 0, 0, 0, 0, 0, 0, 0], url=https://github.com/)
2026-01-16 18:58:54,011 - web_test.multi_agent_thread - INFO - Thread 2: Detect browser error: {'level': 'SEVERE', 'message': "https://github.githubassets.com/assets/78298-e2b301acbc0e.js 0:4954 Uncaught DOMException: Failed to execute 'matches' on 'Element': '[open]:not(:modal)' is not a valid selector.", 'source': 'javascript', 'timestamp': 1768561113489}
2026-01-16 18:58:54,011 - web_test.multi_agent_thread - INFO - Thread 2: Detect browser error: {'level': 'SEVERE', 'message': "https://github.githubassets.com/assets/78298-e2b301acbc0e.js 0:4954 Uncaught DOMException: Failed to execute 'matches' on 'Element': '[open]:not(:modal)' is not a valid selector.", 'source': 'javascript', 'timestamp': 1768561113491}
2026-01-16 18:58:54,011 - web_test.multi_agent_thread - INFO - Thread 2: Detect browser error: {'level': 'WARNING', 'message': 'https://github.githubassets.com/assets/14312-5e06208defc2.js 9 Deprecated API for given entry type.', 'source': 'javascript', 'timestamp': 1768561114656}
2026-01-16 18:58:54,011 - web_test.multi_agent_thread - INFO - Thread 2: Detect browser error: {'level': 'WARNING', 'message': "https://github.com/ - The resource https://github.githubassets.com/assets/mona-sans-14595085164a.woff2 was preloaded using link preload but not used within a few seconds from the window's load event. Please make sure it has an appropriate `as` value and it is preloaded intentionally.", 'source': 'javascript', 'timestamp': 1768561126744}
2026-01-16 18:58:54,011 - web_test.multi_agent_thread - INFO - Thread 2: Initial state: ActionSetWithExecutionTimesState(action_number=101, action_execution_time_histogram=[101, 0, 0, 0, 0, 0, 0, 0, 0, 0], url=https://github.com/)
2026-01-16 18:58:55,657 - web_test.multi_agent_thread - INFO - Thread 4: Detect browser error: {'level': 'SEVERE', 'message': "https://github.githubassets.com/assets/78298-e2b301acbc0e.js 0:4954 Uncaught DOMException: Failed to execute 'matches' on 'Element': '[open]:not(:modal)' is not a valid selector.", 'source': 'javascript', 'timestamp': 1768561117946}
2026-01-16 18:58:55,657 - web_test.multi_agent_thread - INFO - Thread 4: Detect browser error: {'level': 'SEVERE', 'message': "https://github.githubassets.com/assets/78298-e2b301acbc0e.js 0:4954 Uncaught DOMException: Failed to execute 'matches' on 'Element': '[open]:not(:modal)' is not a valid selector.", 'source': 'javascript', 'timestamp': 1768561117952}
2026-01-16 18:58:55,657 - web_test.multi_agent_thread - INFO - Thread 4: Detect browser error: {'level': 'WARNING', 'message': 'https://github.githubassets.com/assets/14312-5e06208defc2.js 9 Deprecated API for given entry type.', 'source': 'javascript', 'timestamp': 1768561118925}
2026-01-16 18:58:55,657 - web_test.multi_agent_thread - INFO - Thread 4: Detect browser error: {'level': 'WARNING', 'message': "https://github.com/ - The resource https://github.githubassets.com/assets/mona-sans-14595085164a.woff2 was preloaded using link preload but not used within a few seconds from the window's load event. Please make sure it has an appropriate `as` value and it is preloaded intentionally.", 'source': 'javascript', 'timestamp': 1768561127684}
2026-01-16 18:58:55,657 - web_test.multi_agent_thread - INFO - Thread 4: Initial state: ActionSetWithExecutionTimesState(action_number=101, action_execution_time_histogram=[101, 0, 0, 0, 0, 0, 0, 0, 0, 0], url=https://github.com/)
2026-01-16 18:58:57,973 - multi_agent.multi_agent_system - INFO - [0] State initialized.
2026-01-16 18:58:58,088 - multi_agent.multi_agent_system - ERROR - [0] Error in generating action: 'SHAQ' object has no attribute 'start_time'
2026-01-16 18:58:58,088 - web_test.multi_agent_thread - ERROR - Thread 0: Error happened
Traceback (most recent call last):
  File "/Users/harryhou/artifacts/web_test/multi_agent_thread.py", line 89, in run
    chosen_action = self.multi_agent_system.get_action(self.current_state, html, self.agent_name,
                                                       self.current_url, self.check_result)
  File "/Users/harryhou/artifacts/multi_agent/multi_agent_system.py", line 93, in get_action
    raise e  # 根据需要，可选择抛异常或返回默认动作
    ^^^^^^^
  File "/Users/harryhou/artifacts/multi_agent/multi_agent_system.py", line 83, in get_action
    chosen_action = self.get_action_algorithm(web_state, html, agent_name)
  File "/Users/harryhou/artifacts/multi_agent/impl/shaq.py", line 149, in get_action_algorithm
    epsilon = self._calculate_epsilon()  # 调用修复后的 _calculate_epsilon
  File "/Users/harryhou/artifacts/multi_agent/impl/shaq.py", line 191, in _calculate_epsilon
    time_diff = (datetime.now() - self.start_time).total_seconds()
                                  ^^^^^^^^^^^^^^^
AttributeError: 'SHAQ' object has no attribute 'start_time'
2026-01-16 18:58:59,202 - web_test.multi_agent_thread - INFO - Thread 0: Webdriver restart successfully
2026-01-16 18:59:00,336 - multi_agent.multi_agent_system - INFO - [1] State initialized.
2026-01-16 18:59:00,398 - multi_agent.multi_agent_system - ERROR - [1] Error in generating action: 'SHAQ' object has no attribute 'start_time'
2026-01-16 18:59:00,398 - web_test.multi_agent_thread - ERROR - Thread 1: Error happened
Traceback (most recent call last):
  File "/Users/harryhou/artifacts/web_test/multi_agent_thread.py", line 89, in run
    chosen_action = self.multi_agent_system.get_action(self.current_state, html, self.agent_name,
                                                       self.current_url, self.check_result)
  File "/Users/harryhou/artifacts/multi_agent/multi_agent_system.py", line 93, in get_action
    raise e  # 根据需要，可选择抛异常或返回默认动作
    ^^^^^^^
  File "/Users/harryhou/artifacts/multi_agent/multi_agent_system.py", line 83, in get_action
    chosen_action = self.get_action_algorithm(web_state, html, agent_name)
  File "/Users/harryhou/artifacts/multi_agent/impl/shaq.py", line 149, in get_action_algorithm
    epsilon = self._calculate_epsilon()  # 调用修复后的 _calculate_epsilon
  File "/Users/harryhou/artifacts/multi_agent/impl/shaq.py", line 191, in _calculate_epsilon
    time_diff = (datetime.now() - self.start_time).total_seconds()
                                  ^^^^^^^^^^^^^^^
AttributeError: 'SHAQ' object has no attribute 'start_time'
2026-01-16 18:59:01,507 - web_test.multi_agent_thread - INFO - Thread 1: Webdriver restart successfully
2026-01-16 18:59:02,130 - multi_agent.multi_agent_system - INFO - [3] State initialized.
2026-01-16 18:59:02,204 - multi_agent.multi_agent_system - ERROR - [3] Error in generating action: 'SHAQ' object has no attribute 'start_time'
2026-01-16 18:59:02,204 - web_test.multi_agent_thread - ERROR - Thread 3: Error happened
Traceback (most recent call last):
  File "/Users/harryhou/artifacts/web_test/multi_agent_thread.py", line 89, in run
    chosen_action = self.multi_agent_system.get_action(self.current_state, html, self.agent_name,
                                                       self.current_url, self.check_result)
  File "/Users/harryhou/artifacts/multi_agent/multi_agent_system.py", line 93, in get_action
    raise e  # 根据需要，可选择抛异常或返回默认动作
    ^^^^^^^
  File "/Users/harryhou/artifacts/multi_agent/multi_agent_system.py", line 83, in get_action
    chosen_action = self.get_action_algorithm(web_state, html, agent_name)
  File "/Users/harryhou/artifacts/multi_agent/impl/shaq.py", line 149, in get_action_algorithm
    epsilon = self._calculate_epsilon()  # 调用修复后的 _calculate_epsilon
  File "/Users/harryhou/artifacts/multi_agent/impl/shaq.py", line 191, in _calculate_epsilon
    time_diff = (datetime.now() - self.start_time).total_seconds()
                                  ^^^^^^^^^^^^^^^
AttributeError: 'SHAQ' object has no attribute 'start_time'
2026-01-16 18:59:03,386 - web_test.multi_agent_thread - INFO - Thread 3: Webdriver restart successfully
2026-01-16 18:59:04,268 - multi_agent.multi_agent_system - INFO - [2] State initialized.
2026-01-16 18:59:04,345 - multi_agent.multi_agent_system - ERROR - [2] Error in generating action: 'SHAQ' object has no attribute 'start_time'
2026-01-16 18:59:04,345 - web_test.multi_agent_thread - ERROR - Thread 2: Error happened
Traceback (most recent call last):
  File "/Users/harryhou/artifacts/web_test/multi_agent_thread.py", line 89, in run
    chosen_action = self.multi_agent_system.get_action(self.current_state, html, self.agent_name,
                                                       self.current_url, self.check_result)
  File "/Users/harryhou/artifacts/multi_agent/multi_agent_system.py", line 93, in get_action
    raise e  # 根据需要，可选择抛异常或返回默认动作
    ^^^^^^^
  File "/Users/harryhou/artifacts/multi_agent/multi_agent_system.py", line 83, in get_action
    chosen_action = self.get_action_algorithm(web_state, html, agent_name)
  File "/Users/harryhou/artifacts/multi_agent/impl/shaq.py", line 149, in get_action_algorithm
    epsilon = self._calculate_epsilon()  # 调用修复后的 _calculate_epsilon
  File "/Users/harryhou/artifacts/multi_agent/impl/shaq.py", line 191, in _calculate_epsilon
    time_diff = (datetime.now() - self.start_time).total_seconds()
                                  ^^^^^^^^^^^^^^^
AttributeError: 'SHAQ' object has no attribute 'start_time'
2026-01-16 18:59:05,664 - web_test.multi_agent_thread - INFO - Thread 2: Webdriver restart successfully
2026-01-16 18:59:06,134 - multi_agent.multi_agent_system - INFO - [4] State initialized.
2026-01-16 18:59:06,212 - multi_agent.multi_agent_system - ERROR - [4] Error in generating action: 'SHAQ' object has no attribute 'start_time'
2026-01-16 18:59:06,212 - web_test.multi_agent_thread - ERROR - Thread 4: Error happened
Traceback (most recent call last):
  File "/Users/harryhou/artifacts/web_test/multi_agent_thread.py", line 89, in run
    chosen_action = self.multi_agent_system.get_action(self.current_state, html, self.agent_name,
                                                       self.current_url, self.check_result)
  File "/Users/harryhou/artifacts/multi_agent/multi_agent_system.py", line 93, in get_action
    raise e  # 根据需要，可选择抛异常或返回默认动作
    ^^^^^^^
  File "/Users/harryhou/artifacts/multi_agent/multi_agent_system.py", line 83, in get_action
    chosen_action = self.get_action_algorithm(web_state, html, agent_name)
  File "/Users/harryhou/artifacts/multi_agent/impl/shaq.py", line 149, in get_action_algorithm
    epsilon = self._calculate_epsilon()  # 调用修复后的 _calculate_epsilon
  File "/Users/harryhou/artifacts/multi_agent/impl/shaq.py", line 191, in _calculate_epsilon
    time_diff = (datetime.now() - self.start_time).total_seconds()
                                  ^^^^^^^^^^^^^^^
AttributeError: 'SHAQ' object has no attribute 'start_time'
2026-01-16 18:59:07,961 - web_test.multi_agent_thread - INFO - Thread 4: Webdriver restart successfully
2026-01-16 18:59:17,310 - web_test.multi_agent_thread - INFO - Thread 0: Detect browser error: {'level': 'SEVERE', 'message': "https://github.githubassets.com/assets/78298-e2b301acbc0e.js 0:4954 Uncaught DOMException: Failed to execute 'matches' on 'Element': '[open]:not(:modal)' is not a valid selector.", 'source': 'javascript', 'timestamp': 1768561143575}
2026-01-16 18:59:17,311 - web_test.multi_agent_thread - INFO - Thread 0: Detect browser error: {'level': 'SEVERE', 'message': "https://github.githubassets.com/assets/78298-e2b301acbc0e.js 0:4954 Uncaught DOMException: Failed to execute 'matches' on 'Element': '[open]:not(:modal)' is not a valid selector.", 'source': 'javascript', 'timestamp': 1768561143578}
2026-01-16 18:59:17,311 - web_test.multi_agent_thread - INFO - Thread 0: Detect browser error: {'level': 'WARNING', 'message': 'https://github.githubassets.com/assets/14312-5e06208defc2.js 9 Deprecated API for given entry type.', 'source': 'javascript', 'timestamp': 1768561143698}
2026-01-16 18:59:17,311 - web_test.multi_agent_thread - INFO - Thread 0: Detect browser error: {'level': 'WARNING', 'message': "https://github.com/ - The resource https://github.githubassets.com/assets/mona-sans-14595085164a.woff2 was preloaded using link preload but not used within a few seconds from the window's load event. Please make sure it has an appropriate `as` value and it is preloaded intentionally.", 'source': 'javascript', 'timestamp': 1768561150172}
2026-01-16 18:59:17,316 - web_test.multi_agent_thread - INFO - Thread 0: Initial state: ActionSetWithExecutionTimesState(action_number=101, action_execution_time_histogram=[101, 0, 0, 0, 0, 0, 0, 0, 0, 0], url=https://github.com/)
2026-01-16 18:59:17,316 - multi_agent.multi_agent_system - ERROR - [0] Handling exception, resetting state.
2026-01-16 18:59:17,316 - multi_agent.multi_agent_system - INFO - [0] State initialized.
