2026-01-16 18:54:40,282 - __main__ - INFO - [Debug] 程序已启动
2026-01-16 18:54:40,282 - __main__ - INFO - [Debug] Chrome Options 配置完成
2026-01-16 18:54:40,282 - __main__ - INFO - [Debug] profile is github-marl-3h-shaq-5agent
2026-01-16 18:54:40,824 - web_test.multi_agent_thread - INFO - SHAQ initializing on device: cpu
2026-01-16 18:55:26,667 - web_test.multi_agent_thread - INFO - Thread 0: Webdriver created successfully
2026-01-16 18:55:26,672 - web_test.multi_agent_thread - INFO - Thread 0: Execution start
2026-01-16 18:55:27,587 - web_test.multi_agent_thread - INFO - Thread 1: Webdriver created successfully
2026-01-16 18:55:27,588 - web_test.multi_agent_thread - INFO - Thread 1: Execution start
2026-01-16 18:55:28,550 - web_test.multi_agent_thread - INFO - Thread 2: Webdriver created successfully
2026-01-16 18:55:28,552 - web_test.multi_agent_thread - INFO - Thread 2: Execution start
2026-01-16 18:55:29,581 - web_test.multi_agent_thread - INFO - Thread 3: Webdriver created successfully
2026-01-16 18:55:29,583 - web_test.multi_agent_thread - INFO - Thread 3: Execution start
2026-01-16 18:55:30,692 - web_test.multi_agent_thread - INFO - Thread 4: Webdriver created successfully
2026-01-16 18:55:30,694 - web_test.multi_agent_thread - INFO - Thread 4: Execution start
2026-01-16 18:55:47,006 - web_test.multi_agent_thread - INFO - Thread 0: Detect browser error: {'level': 'SEVERE', 'message': "https://github.githubassets.com/assets/78298-e2b301acbc0e.js 0:4954 Uncaught DOMException: Failed to execute 'matches' on 'Element': '[open]:not(:modal)' is not a valid selector.", 'source': 'javascript', 'timestamp': 1768560931164}
2026-01-16 18:55:47,006 - web_test.multi_agent_thread - INFO - Thread 0: Detect browser error: {'level': 'SEVERE', 'message': "https://github.githubassets.com/assets/78298-e2b301acbc0e.js 0:4954 Uncaught DOMException: Failed to execute 'matches' on 'Element': '[open]:not(:modal)' is not a valid selector.", 'source': 'javascript', 'timestamp': 1768560931168}
2026-01-16 18:55:47,006 - web_test.multi_agent_thread - INFO - Thread 0: Detect browser error: {'level': 'WARNING', 'message': 'https://github.githubassets.com/assets/14312-5e06208defc2.js 9 Deprecated API for given entry type.', 'source': 'javascript', 'timestamp': 1768560931291}
2026-01-16 18:55:47,006 - web_test.multi_agent_thread - INFO - Thread 0: Detect browser error: {'level': 'WARNING', 'message': "https://github.com/ - The resource https://github.githubassets.com/assets/mona-sans-14595085164a.woff2 was preloaded using link preload but not used within a few seconds from the window's load event. Please make sure it has an appropriate `as` value and it is preloaded intentionally.", 'source': 'javascript', 'timestamp': 1768560938637}
2026-01-16 18:55:47,006 - web_test.multi_agent_thread - INFO - Thread 0: Initial state: ActionSetWithExecutionTimesState(action_number=101, action_execution_time_histogram=[101, 0, 0, 0, 0, 0, 0, 0, 0, 0], url=https://github.com/)
2026-01-16 18:55:49,732 - web_test.multi_agent_thread - INFO - Thread 2: Detect browser error: {'level': 'SEVERE', 'message': "https://github.githubassets.com/assets/78298-e2b301acbc0e.js 0:4954 Uncaught DOMException: Failed to execute 'matches' on 'Element': '[open]:not(:modal)' is not a valid selector.", 'source': 'javascript', 'timestamp': 1768560933361}
2026-01-16 18:55:49,732 - web_test.multi_agent_thread - INFO - Thread 2: Detect browser error: {'level': 'SEVERE', 'message': "https://github.githubassets.com/assets/78298-e2b301acbc0e.js 0:4954 Uncaught DOMException: Failed to execute 'matches' on 'Element': '[open]:not(:modal)' is not a valid selector.", 'source': 'javascript', 'timestamp': 1768560933363}
2026-01-16 18:55:49,732 - web_test.multi_agent_thread - INFO - Thread 2: Detect browser error: {'level': 'WARNING', 'message': 'https://github.githubassets.com/assets/14312-5e06208defc2.js 9 Deprecated API for given entry type.', 'source': 'javascript', 'timestamp': 1768560933491}
2026-01-16 18:55:49,732 - web_test.multi_agent_thread - INFO - Thread 2: Detect browser error: {'level': 'WARNING', 'message': "https://github.com/ - The resource https://github.githubassets.com/assets/mona-sans-14595085164a.woff2 was preloaded using link preload but not used within a few seconds from the window's load event. Please make sure it has an appropriate `as` value and it is preloaded intentionally.", 'source': 'javascript', 'timestamp': 1768560940383}
2026-01-16 18:55:49,732 - web_test.multi_agent_thread - INFO - Thread 2: Initial state: ActionSetWithExecutionTimesState(action_number=101, action_execution_time_histogram=[101, 0, 0, 0, 0, 0, 0, 0, 0, 0], url=https://github.com/)
2026-01-16 18:55:50,825 - web_test.multi_agent_thread - INFO - Thread 1: Detect browser error: {'level': 'SEVERE', 'message': "https://github.githubassets.com/assets/78298-e2b301acbc0e.js 0:4954 Uncaught DOMException: Failed to execute 'matches' on 'Element': '[open]:not(:modal)' is not a valid selector.", 'source': 'javascript', 'timestamp': 1768560932063}
2026-01-16 18:55:50,825 - web_test.multi_agent_thread - INFO - Thread 1: Detect browser error: {'level': 'SEVERE', 'message': "https://github.githubassets.com/assets/78298-e2b301acbc0e.js 0:4954 Uncaught DOMException: Failed to execute 'matches' on 'Element': '[open]:not(:modal)' is not a valid selector.", 'source': 'javascript', 'timestamp': 1768560932066}
2026-01-16 18:55:50,825 - web_test.multi_agent_thread - INFO - Thread 1: Detect browser error: {'level': 'WARNING', 'message': 'https://github.githubassets.com/assets/14312-5e06208defc2.js 9 Deprecated API for given entry type.', 'source': 'javascript', 'timestamp': 1768560933338}
2026-01-16 18:55:50,825 - web_test.multi_agent_thread - INFO - Thread 1: Detect browser error: {'level': 'WARNING', 'message': "https://github.com/ - The resource https://github.githubassets.com/assets/mona-sans-14595085164a.woff2 was preloaded using link preload but not used within a few seconds from the window's load event. Please make sure it has an appropriate `as` value and it is preloaded intentionally.", 'source': 'javascript', 'timestamp': 1768560940388}
2026-01-16 18:55:50,825 - web_test.multi_agent_thread - INFO - Thread 1: Initial state: ActionSetWithExecutionTimesState(action_number=103, action_execution_time_histogram=[103, 0, 0, 0, 0, 0, 0, 0, 0, 0], url=https://github.com/)
2026-01-16 18:55:57,209 - multi_agent.multi_agent_system - INFO - [0] State initialized.
2026-01-16 18:55:57,321 - multi_agent.multi_agent_system - ERROR - [0] Error in generating action: 'SHAQ' object has no attribute '_calculate_epsilon'
2026-01-16 18:55:57,321 - web_test.multi_agent_thread - ERROR - Thread 0: Error happened
Traceback (most recent call last):
  File "/Users/harryhou/artifacts/web_test/multi_agent_thread.py", line 89, in run
    chosen_action = self.multi_agent_system.get_action(self.current_state, html, self.agent_name,
                                                       self.current_url, self.check_result)
  File "/Users/harryhou/artifacts/multi_agent/multi_agent_system.py", line 93, in get_action
    raise e  # 根据需要，可选择抛异常或返回默认动作
    ^^^^^^^
  File "/Users/harryhou/artifacts/multi_agent/multi_agent_system.py", line 83, in get_action
    chosen_action = self.get_action_algorithm(web_state, html, agent_name)
  File "/Users/harryhou/artifacts/multi_agent/impl/shaq.py", line 149, in get_action_algorithm
    epsilon = self._calculate_epsilon()
              ^^^^^^^^^^^^^^^^^^^^^^^
AttributeError: 'SHAQ' object has no attribute '_calculate_epsilon'
2026-01-16 18:55:58,449 - web_test.multi_agent_thread - INFO - Thread 0: Webdriver restart successfully
2026-01-16 18:55:59,954 - multi_agent.multi_agent_system - INFO - [2] State initialized.
2026-01-16 18:56:00,026 - multi_agent.multi_agent_system - ERROR - [2] Error in generating action: 'SHAQ' object has no attribute '_calculate_epsilon'
2026-01-16 18:56:00,026 - web_test.multi_agent_thread - ERROR - Thread 2: Error happened
Traceback (most recent call last):
  File "/Users/harryhou/artifacts/web_test/multi_agent_thread.py", line 89, in run
    chosen_action = self.multi_agent_system.get_action(self.current_state, html, self.agent_name,
                                                       self.current_url, self.check_result)
  File "/Users/harryhou/artifacts/multi_agent/multi_agent_system.py", line 93, in get_action
    raise e  # 根据需要，可选择抛异常或返回默认动作
    ^^^^^^^
  File "/Users/harryhou/artifacts/multi_agent/multi_agent_system.py", line 83, in get_action
    chosen_action = self.get_action_algorithm(web_state, html, agent_name)
  File "/Users/harryhou/artifacts/multi_agent/impl/shaq.py", line 149, in get_action_algorithm
    epsilon = self._calculate_epsilon()
              ^^^^^^^^^^^^^^^^^^^^^^^
AttributeError: 'SHAQ' object has no attribute '_calculate_epsilon'
2026-01-16 18:56:01,087 - multi_agent.multi_agent_system - INFO - [1] State initialized.
2026-01-16 18:56:01,145 - web_test.multi_agent_thread - INFO - Thread 2: Webdriver restart successfully
2026-01-16 18:56:01,220 - multi_agent.multi_agent_system - ERROR - [1] Error in generating action: 'SHAQ' object has no attribute '_calculate_epsilon'
2026-01-16 18:56:01,220 - web_test.multi_agent_thread - ERROR - Thread 1: Error happened
Traceback (most recent call last):
  File "/Users/harryhou/artifacts/web_test/multi_agent_thread.py", line 89, in run
    chosen_action = self.multi_agent_system.get_action(self.current_state, html, self.agent_name,
                                                       self.current_url, self.check_result)
  File "/Users/harryhou/artifacts/multi_agent/multi_agent_system.py", line 93, in get_action
    raise e  # 根据需要，可选择抛异常或返回默认动作
    ^^^^^^^
  File "/Users/harryhou/artifacts/multi_agent/multi_agent_system.py", line 83, in get_action
    chosen_action = self.get_action_algorithm(web_state, html, agent_name)
  File "/Users/harryhou/artifacts/multi_agent/impl/shaq.py", line 149, in get_action_algorithm
    epsilon = self._calculate_epsilon()
              ^^^^^^^^^^^^^^^^^^^^^^^
AttributeError: 'SHAQ' object has no attribute '_calculate_epsilon'
2026-01-16 18:56:02,300 - web_test.multi_agent_thread - INFO - Thread 1: Webdriver restart successfully
