2026-01-16 18:40:50,464 - __main__ - INFO - [Debug] 程序已启动
2026-01-16 18:40:50,464 - __main__ - INFO - [Debug] Chrome Options 配置完成
2026-01-16 18:40:50,464 - __main__ - INFO - [Debug] profile is github-marl-3h-shaq-5agent
2026-01-16 18:40:51,001 - web_test.multi_agent_thread - INFO - SHAQ initializing on device: cpu
2026-01-16 18:41:36,293 - web_test.multi_agent_thread - INFO - Thread 0: Webdriver created successfully
2026-01-16 18:41:36,296 - web_test.multi_agent_thread - INFO - Thread 0: Execution start
2026-01-16 18:41:37,527 - web_test.multi_agent_thread - INFO - Thread 1: Webdriver created successfully
2026-01-16 18:41:37,528 - web_test.multi_agent_thread - INFO - Thread 1: Execution start
2026-01-16 18:41:38,494 - web_test.multi_agent_thread - INFO - Thread 2: Webdriver created successfully
2026-01-16 18:41:38,494 - web_test.multi_agent_thread - INFO - Thread 2: Execution start
2026-01-16 18:41:39,525 - web_test.multi_agent_thread - INFO - Thread 3: Webdriver created successfully
2026-01-16 18:41:39,528 - web_test.multi_agent_thread - INFO - Thread 3: Execution start
2026-01-16 18:41:40,649 - web_test.multi_agent_thread - INFO - Thread 4: Webdriver created successfully
2026-01-16 18:41:40,650 - web_test.multi_agent_thread - INFO - Thread 4: Execution start
2026-01-16 18:41:59,488 - web_test.multi_agent_thread - INFO - Thread 1: Detect browser error: {'level': 'SEVERE', 'message': "https://github.githubassets.com/assets/78298-e2b301acbc0e.js 0:4954 Uncaught DOMException: Failed to execute 'matches' on 'Element': '[open]:not(:modal)' is not a valid selector.", 'source': 'javascript', 'timestamp': 1768560102356}
2026-01-16 18:41:59,488 - web_test.multi_agent_thread - INFO - Thread 1: Detect browser error: {'level': 'SEVERE', 'message': "https://github.githubassets.com/assets/78298-e2b301acbc0e.js 0:4954 Uncaught DOMException: Failed to execute 'matches' on 'Element': '[open]:not(:modal)' is not a valid selector.", 'source': 'javascript', 'timestamp': 1768560102359}
2026-01-16 18:41:59,488 - web_test.multi_agent_thread - INFO - Thread 1: Detect browser error: {'level': 'WARNING', 'message': 'https://github.githubassets.com/assets/14312-5e06208defc2.js 9 Deprecated API for given entry type.', 'source': 'javascript', 'timestamp': 1768560102640}
2026-01-16 18:41:59,488 - web_test.multi_agent_thread - INFO - Thread 1: Detect browser error: {'level': 'WARNING', 'message': "https://github.com/ - The resource https://github.githubassets.com/assets/mona-sans-14595085164a.woff2 was preloaded using link preload but not used within a few seconds from the window's load event. Please make sure it has an appropriate `as` value and it is preloaded intentionally.", 'source': 'javascript', 'timestamp': 1768560111409}
2026-01-16 18:41:59,489 - web_test.multi_agent_thread - INFO - Thread 1: Initial state: ActionSetWithExecutionTimesState(action_number=101, action_execution_time_histogram=[101, 0, 0, 0, 0, 0, 0, 0, 0, 0], url=https://github.com/)
2026-01-16 18:42:00,153 - web_test.multi_agent_thread - INFO - Thread 0: Detect browser error: {'level': 'SEVERE', 'message': "https://github.githubassets.com/assets/78298-e2b301acbc0e.js 0:4954 Uncaught DOMException: Failed to execute 'matches' on 'Element': '[open]:not(:modal)' is not a valid selector.", 'source': 'javascript', 'timestamp': 1768560101191}
2026-01-16 18:42:00,153 - web_test.multi_agent_thread - INFO - Thread 0: Detect browser error: {'level': 'SEVERE', 'message': "https://github.githubassets.com/assets/78298-e2b301acbc0e.js 0:4954 Uncaught DOMException: Failed to execute 'matches' on 'Element': '[open]:not(:modal)' is not a valid selector.", 'source': 'javascript', 'timestamp': 1768560101194}
2026-01-16 18:42:00,153 - web_test.multi_agent_thread - INFO - Thread 0: Detect browser error: {'level': 'WARNING', 'message': 'https://github.githubassets.com/assets/14312-5e06208defc2.js 9 Deprecated API for given entry type.', 'source': 'javascript', 'timestamp': 1768560102241}
2026-01-16 18:42:00,153 - web_test.multi_agent_thread - INFO - Thread 0: Detect browser error: {'level': 'WARNING', 'message': "https://github.com/ - The resource https://github.githubassets.com/assets/mona-sans-14595085164a.woff2 was preloaded using link preload but not used within a few seconds from the window's load event. Please make sure it has an appropriate `as` value and it is preloaded intentionally.", 'source': 'javascript', 'timestamp': 1768560114481}
2026-01-16 18:42:00,153 - web_test.multi_agent_thread - INFO - Thread 0: Initial state: ActionSetWithExecutionTimesState(action_number=101, action_execution_time_histogram=[101, 0, 0, 0, 0, 0, 0, 0, 0, 0], url=https://github.com/)
2026-01-16 18:42:02,125 - web_test.multi_agent_thread - INFO - Thread 2: Detect browser error: {'level': 'SEVERE', 'message': "https://github.githubassets.com/assets/78298-e2b301acbc0e.js 0:4954 Uncaught DOMException: Failed to execute 'matches' on 'Element': '[open]:not(:modal)' is not a valid selector.", 'source': 'javascript', 'timestamp': 1768560103289}
2026-01-16 18:42:02,125 - web_test.multi_agent_thread - INFO - Thread 2: Detect browser error: {'level': 'SEVERE', 'message': "https://github.githubassets.com/assets/78298-e2b301acbc0e.js 0:4954 Uncaught DOMException: Failed to execute 'matches' on 'Element': '[open]:not(:modal)' is not a valid selector.", 'source': 'javascript', 'timestamp': 1768560103292}
2026-01-16 18:42:02,126 - web_test.multi_agent_thread - INFO - Thread 2: Detect browser error: {'level': 'WARNING', 'message': 'https://github.githubassets.com/assets/14312-5e06208defc2.js 9 Deprecated API for given entry type.', 'source': 'javascript', 'timestamp': 1768560104898}
2026-01-16 18:42:02,126 - web_test.multi_agent_thread - INFO - Thread 2: Detect browser error: {'level': 'WARNING', 'message': "https://github.com/ - The resource https://github.githubassets.com/assets/mona-sans-14595085164a.woff2 was preloaded using link preload but not used within a few seconds from the window's load event. Please make sure it has an appropriate `as` value and it is preloaded intentionally.", 'source': 'javascript', 'timestamp': 1768560117070}
2026-01-16 18:42:02,126 - web_test.multi_agent_thread - INFO - Thread 2: Initial state: ActionSetWithExecutionTimesState(action_number=101, action_execution_time_histogram=[101, 0, 0, 0, 0, 0, 0, 0, 0, 0], url=https://github.com/)
2026-01-16 18:42:03,239 - web_test.multi_agent_thread - INFO - Thread 3: Detect browser error: {'level': 'SEVERE', 'message': "https://github.githubassets.com/assets/78298-e2b301acbc0e.js 0:4954 Uncaught DOMException: Failed to execute 'matches' on 'Element': '[open]:not(:modal)' is not a valid selector.", 'source': 'javascript', 'timestamp': 1768560105176}
2026-01-16 18:42:03,239 - web_test.multi_agent_thread - INFO - Thread 3: Detect browser error: {'level': 'SEVERE', 'message': "https://github.githubassets.com/assets/78298-e2b301acbc0e.js 0:4954 Uncaught DOMException: Failed to execute 'matches' on 'Element': '[open]:not(:modal)' is not a valid selector.", 'source': 'javascript', 'timestamp': 1768560105179}
2026-01-16 18:42:03,239 - web_test.multi_agent_thread - INFO - Thread 3: Detect browser error: {'level': 'WARNING', 'message': 'https://github.githubassets.com/assets/14312-5e06208defc2.js 9 Deprecated API for given entry type.', 'source': 'javascript', 'timestamp': 1768560106125}
2026-01-16 18:42:03,239 - web_test.multi_agent_thread - INFO - Thread 3: Detect browser error: {'level': 'WARNING', 'message': "https://github.com/ - The resource https://github.githubassets.com/assets/mona-sans-14595085164a.woff2 was preloaded using link preload but not used within a few seconds from the window's load event. Please make sure it has an appropriate `as` value and it is preloaded intentionally.", 'source': 'javascript', 'timestamp': 1768560115262}
2026-01-16 18:42:03,240 - web_test.multi_agent_thread - INFO - Thread 3: Initial state: ActionSetWithExecutionTimesState(action_number=101, action_execution_time_histogram=[101, 0, 0, 0, 0, 0, 0, 0, 0, 0], url=https://github.com/)
2026-01-16 18:42:04,677 - web_test.multi_agent_thread - INFO - Thread 4: Detect browser error: {'level': 'SEVERE', 'message': "https://github.githubassets.com/assets/78298-e2b301acbc0e.js 0:4954 Uncaught DOMException: Failed to execute 'matches' on 'Element': '[open]:not(:modal)' is not a valid selector.", 'source': 'javascript', 'timestamp': 1768560106990}
2026-01-16 18:42:04,677 - web_test.multi_agent_thread - INFO - Thread 4: Detect browser error: {'level': 'SEVERE', 'message': "https://github.githubassets.com/assets/78298-e2b301acbc0e.js 0:4954 Uncaught DOMException: Failed to execute 'matches' on 'Element': '[open]:not(:modal)' is not a valid selector.", 'source': 'javascript', 'timestamp': 1768560106993}
2026-01-16 18:42:04,677 - web_test.multi_agent_thread - INFO - Thread 4: Detect browser error: {'level': 'WARNING', 'message': 'https://github.githubassets.com/assets/14312-5e06208defc2.js 9 Deprecated API for given entry type.', 'source': 'javascript', 'timestamp': 1768560108008}
2026-01-16 18:42:04,677 - web_test.multi_agent_thread - INFO - Thread 4: Detect browser error: {'level': 'WARNING', 'message': "https://github.com/ - The resource https://github.githubassets.com/assets/mona-sans-14595085164a.woff2 was preloaded using link preload but not used within a few seconds from the window's load event. Please make sure it has an appropriate `as` value and it is preloaded intentionally.", 'source': 'javascript', 'timestamp': 1768560116428}
2026-01-16 18:42:04,677 - web_test.multi_agent_thread - INFO - Thread 4: Detect browser error: {'level': 'WARNING', 'message': "https://github.com/ - The resource https://github.githubassets.com/assets/mona-sans-14595085164a.woff2 was preloaded using link preload but not used within a few seconds from the window's load event. Please make sure it has an appropriate `as` value and it is preloaded intentionally.", 'source': 'javascript', 'timestamp': 1768560119733}
2026-01-16 18:42:04,677 - web_test.multi_agent_thread - INFO - Thread 4: Initial state: ActionSetWithExecutionTimesState(action_number=101, action_execution_time_histogram=[101, 0, 0, 0, 0, 0, 0, 0, 0, 0], url=https://github.com/)
2026-01-16 18:42:09,702 - multi_agent.multi_agent_system - INFO - [1] State initialized.
2026-01-16 18:42:09,818 - multi_agent.multi_agent_system - INFO - [1] Chosen action: ClickAction(locator=ElementLocator.XPATH, location=/html/body/div[1]/div[7]/main/react-app/div/div/div/section[3]/div[2]/div/div[1]/div[2]/div/div[1]/a, text=Learn about Dependabot)
2026-01-16 18:42:09,818 - web_test.multi_agent_thread - INFO - Thread 1: Chosen action: ClickAction(locator=ElementLocator.XPATH, location=/html/body/div[1]/div[7]/main/react-app/div/div/div/section[3]/div[2]/div/div[1]/div[2]/div/div[1]/a, text=Learn about Dependabot)
2026-01-16 18:42:10,349 - multi_agent.multi_agent_system - INFO - [0] State initialized.
2026-01-16 18:42:10,434 - multi_agent.multi_agent_system - INFO - [0] Chosen action: ClickAction(locator=ElementLocator.XPATH, location=/html/body/div[1]/div[4]/header/div/div[2]/div/react-partial/div/nav/ul/li[6]/a, text=Pricing)
2026-01-16 18:42:10,434 - web_test.multi_agent_thread - INFO - Thread 0: Chosen action: ClickAction(locator=ElementLocator.XPATH, location=/html/body/div[1]/div[4]/header/div/div[2]/div/react-partial/div/nav/ul/li[6]/a, text=Pricing)
2026-01-16 18:42:12,350 - multi_agent.multi_agent_system - INFO - [2] State initialized.
2026-01-16 18:42:12,413 - multi_agent.multi_agent_system - INFO - [2] Chosen action: ClickAction(locator=ElementLocator.XPATH, location=/html/body/div[1]/footer/div[2]/div/nav[1]/ul/li[2]/a, text=Terms)
2026-01-16 18:42:12,413 - web_test.multi_agent_thread - INFO - Thread 2: Chosen action: ClickAction(locator=ElementLocator.XPATH, location=/html/body/div[1]/footer/div[2]/div/nav[1]/ul/li[2]/a, text=Terms)
2026-01-16 18:42:13,460 - multi_agent.multi_agent_system - INFO - [3] State initialized.
2026-01-16 18:42:13,517 - multi_agent.multi_agent_system - INFO - [3] Chosen action: ClickAction(locator=ElementLocator.XPATH, location=/html/body/div[1]/footer/div[1]/div/nav[3]/ul/li[2]/a, text=Community Forum)
2026-01-16 18:42:13,517 - web_test.multi_agent_thread - INFO - Thread 3: Chosen action: ClickAction(locator=ElementLocator.XPATH, location=/html/body/div[1]/footer/div[1]/div/nav[3]/ul/li[2]/a, text=Community Forum)
2026-01-16 18:42:13,676 - web_test.multi_agent_thread - INFO - Thread 1: Detect browser error: {'level': 'SEVERE', 'message': "https://github.githubassets.com/assets/78298-e2b301acbc0e.js 0:4954 Uncaught DOMException: Failed to execute 'matches' on 'Element': '[open]:not(:modal)' is not a valid selector.", 'source': 'javascript', 'timestamp': 1768560130556}
2026-01-16 18:42:13,676 - web_test.multi_agent_thread - INFO - Thread 1: Detect browser error: {'level': 'SEVERE', 'message': "https://github.githubassets.com/assets/78298-e2b301acbc0e.js 0:4954 Uncaught DOMException: Failed to execute 'matches' on 'Element': '[open]:not(:modal)' is not a valid selector.", 'source': 'javascript', 'timestamp': 1768560130563}
2026-01-16 18:42:13,677 - web_test.multi_agent_thread - INFO - Thread 1: Detect browser error: {'level': 'WARNING', 'message': 'https://github.githubassets.com/assets/14312-5e06208defc2.js 9 Deprecated API for given entry type.', 'source': 'javascript', 'timestamp': 1768560130622}
2026-01-16 18:42:14,863 - web_test.multi_agent_thread - INFO - Thread 0: Detect browser error: {'level': 'SEVERE', 'message': "https://github.githubassets.com/assets/78298-e2b301acbc0e.js 0:4954 Uncaught DOMException: Failed to execute 'matches' on 'Element': '[open]:not(:modal)' is not a valid selector.", 'source': 'javascript', 'timestamp': 1768560131551}
2026-01-16 18:42:14,863 - web_test.multi_agent_thread - INFO - Thread 0: Detect browser error: {'level': 'SEVERE', 'message': "https://github.githubassets.com/assets/78298-e2b301acbc0e.js 0:4954 Uncaught DOMException: Failed to execute 'matches' on 'Element': '[open]:not(:modal)' is not a valid selector.", 'source': 'javascript', 'timestamp': 1768560131555}
2026-01-16 18:42:14,863 - web_test.multi_agent_thread - INFO - Thread 0: Detect browser error: {'level': 'WARNING', 'message': 'https://github.githubassets.com/assets/14312-5e06208defc2.js 9 Deprecated API for given entry type.', 'source': 'javascript', 'timestamp': 1768560131624}
2026-01-16 18:42:14,909 - multi_agent.multi_agent_system - INFO - [4] State initialized.
2026-01-16 18:42:15,034 - multi_agent.multi_agent_system - INFO - [4] Chosen action: ClickAction(locator=ElementLocator.XPATH, location=/html/body/div[1]/footer/div[1]/div/nav[3]/ul/li[2]/a, text=Community Forum)
2026-01-16 18:42:15,034 - web_test.multi_agent_thread - INFO - Thread 4: Chosen action: ClickAction(locator=ElementLocator.XPATH, location=/html/body/div[1]/footer/div[1]/div/nav[3]/ul/li[2]/a, text=Community Forum)
2026-01-16 18:42:15,472 - web_test.multi_agent_thread - INFO - Thread 1: Execute action success, New state: ActionSetWithExecutionTimesState(action_number=81, action_execution_time_histogram=[81, 0, 0, 0, 0, 0, 0, 0, 0, 0], url=https://github.com/security/advanced-security/software-supply-chain)
2026-01-16 18:42:18,222 - web_test.multi_agent_thread - WARNING - Thread 2: Out of domain, New state: OutOfDomainState(action=RestartAction(restart_url=https://github.com))
2026-01-16 18:42:18,539 - web_test.multi_agent_thread - INFO - Thread 0: Execute action success, New state: ActionSetWithExecutionTimesState(action_number=194, action_execution_time_histogram=[194, 0, 0, 0, 0, 0, 0, 0, 0, 0], url=https://github.com/pricing)
2026-01-16 18:42:21,879 - web_test.multi_agent_thread - INFO - Thread 3: Detect browser error: {'level': 'SEVERE', 'message': "https://github.githubassets.com/assets/78298-e2b301acbc0e.js 0:4954 Uncaught DOMException: Failed to execute 'matches' on 'Element': '[open]:not(:modal)' is not a valid selector.", 'source': 'javascript', 'timestamp': 1768560136881}
2026-01-16 18:42:21,880 - web_test.multi_agent_thread - INFO - Thread 3: Detect browser error: {'level': 'SEVERE', 'message': "https://github.githubassets.com/assets/78298-e2b301acbc0e.js 0:4954 Uncaught DOMException: Failed to execute 'matches' on 'Element': '[open]:not(:modal)' is not a valid selector.", 'source': 'javascript', 'timestamp': 1768560136884}
2026-01-16 18:42:21,880 - web_test.multi_agent_thread - INFO - Thread 3: Detect browser error: {'level': 'SEVERE', 'message': "https://github.githubassets.com/assets/78298-e2b301acbc0e.js 0:4954 Uncaught DOMException: Failed to execute 'matches' on 'Element': '[open]:not(:modal)' is not a valid selector.", 'source': 'javascript', 'timestamp': 1768560136886}
2026-01-16 18:42:21,880 - web_test.multi_agent_thread - INFO - Thread 3: Detect browser error: {'level': 'WARNING', 'message': 'https://github.githubassets.com/assets/14312-5e06208defc2.js 9 Deprecated API for given entry type.', 'source': 'javascript', 'timestamp': 1768560137012}
2026-01-16 18:42:22,419 - web_test.multi_agent_thread - INFO - Thread 4: Detect browser error: {'level': 'SEVERE', 'message': "https://github.githubassets.com/assets/78298-e2b301acbc0e.js 0:4954 Uncaught DOMException: Failed to execute 'matches' on 'Element': '[open]:not(:modal)' is not a valid selector.", 'source': 'javascript', 'timestamp': 1768560137485}
2026-01-16 18:42:22,419 - web_test.multi_agent_thread - INFO - Thread 4: Detect browser error: {'level': 'SEVERE', 'message': "https://github.githubassets.com/assets/78298-e2b301acbc0e.js 0:4954 Uncaught DOMException: Failed to execute 'matches' on 'Element': '[open]:not(:modal)' is not a valid selector.", 'source': 'javascript', 'timestamp': 1768560137489}
2026-01-16 18:42:22,419 - web_test.multi_agent_thread - INFO - Thread 4: Detect browser error: {'level': 'SEVERE', 'message': "https://github.githubassets.com/assets/78298-e2b301acbc0e.js 0:4954 Uncaught DOMException: Failed to execute 'matches' on 'Element': '[open]:not(:modal)' is not a valid selector.", 'source': 'javascript', 'timestamp': 1768560137490}
2026-01-16 18:42:22,419 - web_test.multi_agent_thread - INFO - Thread 4: Detect browser error: {'level': 'WARNING', 'message': 'https://github.githubassets.com/assets/14312-5e06208defc2.js 9 Deprecated API for given entry type.', 'source': 'javascript', 'timestamp': 1768560137611}
2026-01-16 18:42:25,684 - transformer.impl.tag_transformer - WARNING - Action ClickAction(locator=ElementLocator.XPATH, location=/html/body/div[1]/div[7]/main/react-app/div/div/div/section[3]/div[2]/div/div[1]/div[2]/div/div[1]/a, text=Learn about Dependabot) is not found in action_data. Using default values.
2026-01-16 18:42:25,684 - web_test.multi_agent_thread - INFO - Storing transition to ReplayBuffer for agent 1
2026-01-16 18:42:25,748 - multi_agent.multi_agent_system - ERROR - [1] Error in generating action: mat1 and mat2 shapes cannot be multiplied (10x253 and 265x256)
2026-01-16 18:42:25,748 - web_test.multi_agent_thread - ERROR - Thread 1: Error happened
Traceback (most recent call last):
  File "/Users/harryhou/artifacts/web_test/multi_agent_thread.py", line 89, in run
    chosen_action = self.multi_agent_system.get_action(self.current_state, html, self.agent_name,
                                                       self.current_url, self.check_result)
  File "/Users/harryhou/artifacts/multi_agent/multi_agent_system.py", line 93, in get_action
    raise e  # 根据需要，可选择抛异常或返回默认动作
    ^^^^^^^
  File "/Users/harryhou/artifacts/multi_agent/multi_agent_system.py", line 83, in get_action
    chosen_action = self.get_action_algorithm(web_state, html, agent_name)
  File "/Users/harryhou/artifacts/multi_agent/impl/shaq.py", line 259, in get_action_algorithm
    phi_i = self.compute_shapley_value(int(agent_name), global_state)
  File "/Users/harryhou/artifacts/multi_agent/impl/shaq.py", line 180, in compute_shapley_value
    v_with = self.coalition_net(in_with)
  File "/Users/harryhou/miniconda3/lib/python3.13/site-packages/torch/nn/modules/module.py", line 1775, in _wrapped_call_impl
    return self._call_impl(*args, **kwargs)
           ~~~~~~~~~~~~~~~^^^^^^^^^^^^^^^^^
  File "/Users/harryhou/miniconda3/lib/python3.13/site-packages/torch/nn/modules/module.py", line 1786, in _call_impl
    return forward_call(*args, **kwargs)
  File "/Users/harryhou/miniconda3/lib/python3.13/site-packages/torch/nn/modules/container.py", line 250, in forward
    input = module(input)
  File "/Users/harryhou/miniconda3/lib/python3.13/site-packages/torch/nn/modules/module.py", line 1775, in _wrapped_call_impl
    return self._call_impl(*args, **kwargs)
           ~~~~~~~~~~~~~~~^^^^^^^^^^^^^^^^^
  File "/Users/harryhou/miniconda3/lib/python3.13/site-packages/torch/nn/modules/module.py", line 1786, in _call_impl
    return forward_call(*args, **kwargs)
  File "/Users/harryhou/miniconda3/lib/python3.13/site-packages/torch/nn/modules/linear.py", line 134, in forward
    return F.linear(input, self.weight, self.bias)
           ~~~~~~~~^^^^^^^^^^^^^^^^^^^^^^^^^^^^^^^
RuntimeError: mat1 and mat2 shapes cannot be multiplied (10x253 and 265x256)
2026-01-16 18:42:26,488 - web_test.multi_agent_thread - INFO - Thread 3: Execute action success, New state: ActionSetWithExecutionTimesState(action_number=298, action_execution_time_histogram=[298, 0, 0, 0, 0, 0, 0, 0, 0, 0], url=https://github.com/orgs/community/discussions/)
2026-01-16 18:42:26,902 - web_test.multi_agent_thread - INFO - Thread 4: Execute action success, New state: ActionSetWithExecutionTimesState(action_number=298, action_execution_time_histogram=[298, 0, 0, 0, 0, 0, 0, 0, 0, 0], url=https://github.com/orgs/community/discussions/)
2026-01-16 18:42:26,931 - web_test.multi_agent_thread - INFO - Thread 1: Webdriver restart successfully
2026-01-16 18:42:28,532 - transformer.impl.tag_transformer - WARNING - Action ClickAction(locator=ElementLocator.XPATH, location=/html/body/div[1]/footer/div[2]/div/nav[1]/ul/li[2]/a, text=Terms) is not found in action_data. Using default values.
2026-01-16 18:42:28,536 - web_test.multi_agent_thread - INFO - Storing transition to ReplayBuffer for agent 2
2026-01-16 18:42:28,537 - multi_agent.multi_agent_system - ERROR - [2] Error in generating action: 'NoneType' object is not subscriptable
2026-01-16 18:42:28,537 - web_test.multi_agent_thread - ERROR - Thread 2: Error happened
Traceback (most recent call last):
  File "/Users/harryhou/artifacts/web_test/multi_agent_thread.py", line 89, in run
    chosen_action = self.multi_agent_system.get_action(self.current_state, html, self.agent_name,
                                                       self.current_url, self.check_result)
  File "/Users/harryhou/artifacts/multi_agent/multi_agent_system.py", line 93, in get_action
    raise e  # 根据需要，可选择抛异常或返回默认动作
    ^^^^^^^
  File "/Users/harryhou/artifacts/multi_agent/multi_agent_system.py", line 83, in get_action
    chosen_action = self.get_action_algorithm(web_state, html, agent_name)
  File "/Users/harryhou/artifacts/multi_agent/impl/shaq.py", line 246, in get_action_algorithm
    tensor = self.get_tensor(action, html, web_state)
  File "/Users/harryhou/artifacts/multi_agent/impl/shaq.py", line 195, in get_tensor
    action_tensor = self.transformer.action_to_tensor(web_state, action, execution_time)
  File "/Users/harryhou/artifacts/transformer/impl/tag_transformer.py", line 48, in action_to_tensor
    child_state = details['child_state']
                  ~~~~~~~^^^^^^^^^^^^^^^
TypeError: 'NoneType' object is not subscriptable
2026-01-16 18:42:28,899 - transformer.impl.tag_transformer - WARNING - Action ClickAction(locator=ElementLocator.XPATH, location=/html/body/div[1]/div[4]/header/div/div[2]/div/react-partial/div/nav/ul/li[6]/a, text=Pricing) is not found in action_data. Using default values.
2026-01-16 18:42:28,901 - web_test.multi_agent_thread - INFO - Storing transition to ReplayBuffer for agent 0
2026-01-16 18:42:29,048 - multi_agent.multi_agent_system - ERROR - [0] Error in generating action: mat1 and mat2 shapes cannot be multiplied (10x229 and 265x256)
2026-01-16 18:42:29,048 - web_test.multi_agent_thread - ERROR - Thread 0: Error happened
Traceback (most recent call last):
  File "/Users/harryhou/artifacts/web_test/multi_agent_thread.py", line 89, in run
    chosen_action = self.multi_agent_system.get_action(self.current_state, html, self.agent_name,
                                                       self.current_url, self.check_result)
  File "/Users/harryhou/artifacts/multi_agent/multi_agent_system.py", line 93, in get_action
    raise e  # 根据需要，可选择抛异常或返回默认动作
    ^^^^^^^
  File "/Users/harryhou/artifacts/multi_agent/multi_agent_system.py", line 83, in get_action
    chosen_action = self.get_action_algorithm(web_state, html, agent_name)
  File "/Users/harryhou/artifacts/multi_agent/impl/shaq.py", line 259, in get_action_algorithm
    phi_i = self.compute_shapley_value(int(agent_name), global_state)
  File "/Users/harryhou/artifacts/multi_agent/impl/shaq.py", line 180, in compute_shapley_value
    v_with = self.coalition_net(in_with)
  File "/Users/harryhou/miniconda3/lib/python3.13/site-packages/torch/nn/modules/module.py", line 1775, in _wrapped_call_impl
    return self._call_impl(*args, **kwargs)
           ~~~~~~~~~~~~~~~^^^^^^^^^^^^^^^^^
  File "/Users/harryhou/miniconda3/lib/python3.13/site-packages/torch/nn/modules/module.py", line 1786, in _call_impl
    return forward_call(*args, **kwargs)
  File "/Users/harryhou/miniconda3/lib/python3.13/site-packages/torch/nn/modules/container.py", line 250, in forward
    input = module(input)
  File "/Users/harryhou/miniconda3/lib/python3.13/site-packages/torch/nn/modules/module.py", line 1775, in _wrapped_call_impl
    return self._call_impl(*args, **kwargs)
           ~~~~~~~~~~~~~~~^^^^^^^^^^^^^^^^^
  File "/Users/harryhou/miniconda3/lib/python3.13/site-packages/torch/nn/modules/module.py", line 1786, in _call_impl
    return forward_call(*args, **kwargs)
  File "/Users/harryhou/miniconda3/lib/python3.13/site-packages/torch/nn/modules/linear.py", line 134, in forward
    return F.linear(input, self.weight, self.bias)
           ~~~~~~~~^^^^^^^^^^^^^^^^^^^^^^^^^^^^^^^
RuntimeError: mat1 and mat2 shapes cannot be multiplied (10x229 and 265x256)
2026-01-16 18:42:29,726 - web_test.multi_agent_thread - INFO - Thread 2: Webdriver restart successfully
2026-01-16 18:42:30,309 - web_test.multi_agent_thread - INFO - Thread 0: Webdriver restart successfully
2026-01-16 18:42:37,207 - transformer.impl.tag_transformer - WARNING - Action ClickAction(locator=ElementLocator.XPATH, location=/html/body/div[1]/footer/div[1]/div/nav[3]/ul/li[2]/a, text=Community Forum) is not found in action_data. Using default values.
2026-01-16 18:42:37,208 - web_test.multi_agent_thread - INFO - Storing transition to ReplayBuffer for agent 3
2026-01-16 18:42:37,341 - transformer.impl.tag_transformer - WARNING - Action ClickAction(locator=ElementLocator.XPATH, location=/html/body/div[1]/footer/div[1]/div/nav[3]/ul/li[2]/a, text=Community Forum) is not found in action_data. Using default values.
2026-01-16 18:42:37,343 - web_test.multi_agent_thread - INFO - Storing transition to ReplayBuffer for agent 4
2026-01-16 18:42:38,347 - multi_agent.multi_agent_system - ERROR - [3] Error in generating action: mat1 and mat2 shapes cannot be multiplied (10x205 and 265x256)
2026-01-16 18:42:38,347 - web_test.multi_agent_thread - ERROR - Thread 3: Error happened
Traceback (most recent call last):
  File "/Users/harryhou/artifacts/web_test/multi_agent_thread.py", line 89, in run
    chosen_action = self.multi_agent_system.get_action(self.current_state, html, self.agent_name,
                                                       self.current_url, self.check_result)
  File "/Users/harryhou/artifacts/multi_agent/multi_agent_system.py", line 93, in get_action
    raise e  # 根据需要，可选择抛异常或返回默认动作
    ^^^^^^^
  File "/Users/harryhou/artifacts/multi_agent/multi_agent_system.py", line 83, in get_action
    chosen_action = self.get_action_algorithm(web_state, html, agent_name)
  File "/Users/harryhou/artifacts/multi_agent/impl/shaq.py", line 259, in get_action_algorithm
    phi_i = self.compute_shapley_value(int(agent_name), global_state)
  File "/Users/harryhou/artifacts/multi_agent/impl/shaq.py", line 180, in compute_shapley_value
    v_with = self.coalition_net(in_with)
  File "/Users/harryhou/miniconda3/lib/python3.13/site-packages/torch/nn/modules/module.py", line 1775, in _wrapped_call_impl
    return self._call_impl(*args, **kwargs)
           ~~~~~~~~~~~~~~~^^^^^^^^^^^^^^^^^
  File "/Users/harryhou/miniconda3/lib/python3.13/site-packages/torch/nn/modules/module.py", line 1786, in _call_impl
    return forward_call(*args, **kwargs)
  File "/Users/harryhou/miniconda3/lib/python3.13/site-packages/torch/nn/modules/container.py", line 250, in forward
    input = module(input)
  File "/Users/harryhou/miniconda3/lib/python3.13/site-packages/torch/nn/modules/module.py", line 1775, in _wrapped_call_impl
    return self._call_impl(*args, **kwargs)
           ~~~~~~~~~~~~~~~^^^^^^^^^^^^^^^^^
  File "/Users/harryhou/miniconda3/lib/python3.13/site-packages/torch/nn/modules/module.py", line 1786, in _call_impl
    return forward_call(*args, **kwargs)
  File "/Users/harryhou/miniconda3/lib/python3.13/site-packages/torch/nn/modules/linear.py", line 134, in forward
    return F.linear(input, self.weight, self.bias)
           ~~~~~~~~^^^^^^^^^^^^^^^^^^^^^^^^^^^^^^^
RuntimeError: mat1 and mat2 shapes cannot be multiplied (10x205 and 265x256)
2026-01-16 18:42:38,402 - multi_agent.multi_agent_system - ERROR - [4] Error in generating action: mat1 and mat2 shapes cannot be multiplied (10x205 and 265x256)
2026-01-16 18:42:38,403 - web_test.multi_agent_thread - ERROR - Thread 4: Error happened
Traceback (most recent call last):
  File "/Users/harryhou/artifacts/web_test/multi_agent_thread.py", line 89, in run
    chosen_action = self.multi_agent_system.get_action(self.current_state, html, self.agent_name,
                                                       self.current_url, self.check_result)
  File "/Users/harryhou/artifacts/multi_agent/multi_agent_system.py", line 93, in get_action
    raise e  # 根据需要，可选择抛异常或返回默认动作
    ^^^^^^^
  File "/Users/harryhou/artifacts/multi_agent/multi_agent_system.py", line 83, in get_action
    chosen_action = self.get_action_algorithm(web_state, html, agent_name)
  File "/Users/harryhou/artifacts/multi_agent/impl/shaq.py", line 259, in get_action_algorithm
    phi_i = self.compute_shapley_value(int(agent_name), global_state)
  File "/Users/harryhou/artifacts/multi_agent/impl/shaq.py", line 180, in compute_shapley_value
    v_with = self.coalition_net(in_with)
  File "/Users/harryhou/miniconda3/lib/python3.13/site-packages/torch/nn/modules/module.py", line 1775, in _wrapped_call_impl
    return self._call_impl(*args, **kwargs)
           ~~~~~~~~~~~~~~~^^^^^^^^^^^^^^^^^
  File "/Users/harryhou/miniconda3/lib/python3.13/site-packages/torch/nn/modules/module.py", line 1786, in _call_impl
    return forward_call(*args, **kwargs)
  File "/Users/harryhou/miniconda3/lib/python3.13/site-packages/torch/nn/modules/container.py", line 250, in forward
    input = module(input)
  File "/Users/harryhou/miniconda3/lib/python3.13/site-packages/torch/nn/modules/module.py", line 1775, in _wrapped_call_impl
    return self._call_impl(*args, **kwargs)
           ~~~~~~~~~~~~~~~^^^^^^^^^^^^^^^^^
  File "/Users/harryhou/miniconda3/lib/python3.13/site-packages/torch/nn/modules/module.py", line 1786, in _call_impl
    return forward_call(*args, **kwargs)
  File "/Users/harryhou/miniconda3/lib/python3.13/site-packages/torch/nn/modules/linear.py", line 134, in forward
    return F.linear(input, self.weight, self.bias)
           ~~~~~~~~^^^^^^^^^^^^^^^^^^^^^^^^^^^^^^^
RuntimeError: mat1 and mat2 shapes cannot be multiplied (10x205 and 265x256)
2026-01-16 18:42:40,709 - web_test.multi_agent_thread - INFO - Thread 3: Webdriver restart successfully
2026-01-16 18:42:41,058 - web_test.multi_agent_thread - INFO - Thread 4: Webdriver restart successfully
2026-01-16 18:42:44,020 - web_test.multi_agent_thread - INFO - Thread 1: Detect browser error: {'level': 'SEVERE', 'message': "https://github.githubassets.com/assets/78298-e2b301acbc0e.js 0:4954 Uncaught DOMException: Failed to execute 'matches' on 'Element': '[open]:not(:modal)' is not a valid selector.", 'source': 'javascript', 'timestamp': 1768560151389}
2026-01-16 18:42:44,020 - web_test.multi_agent_thread - INFO - Thread 1: Detect browser error: {'level': 'SEVERE', 'message': "https://github.githubassets.com/assets/78298-e2b301acbc0e.js 0:4954 Uncaught DOMException: Failed to execute 'matches' on 'Element': '[open]:not(:modal)' is not a valid selector.", 'source': 'javascript', 'timestamp': 1768560151392}
2026-01-16 18:42:44,020 - web_test.multi_agent_thread - INFO - Thread 1: Detect browser error: {'level': 'WARNING', 'message': 'https://github.githubassets.com/assets/14312-5e06208defc2.js 9 Deprecated API for given entry type.', 'source': 'javascript', 'timestamp': 1768560151498}
2026-01-16 18:42:44,021 - web_test.multi_agent_thread - INFO - Thread 1: Detect browser error: {'level': 'WARNING', 'message': "https://github.com/ - The resource https://github.githubassets.com/assets/mona-sans-14595085164a.woff2 was preloaded using link preload but not used within a few seconds from the window's load event. Please make sure it has an appropriate `as` value and it is preloaded intentionally.", 'source': 'javascript', 'timestamp': 1768560158102}
2026-01-16 18:42:44,021 - web_test.multi_agent_thread - INFO - Thread 1: Initial state: ActionSetWithExecutionTimesState(action_number=101, action_execution_time_histogram=[97, 3, 1, 0, 0, 0, 0, 0, 0, 0], url=https://github.com/)
2026-01-16 18:42:44,022 - multi_agent.multi_agent_system - ERROR - [1] Handling exception, resetting state.
2026-01-16 18:42:44,022 - multi_agent.multi_agent_system - INFO - [1] State initialized.
2026-01-16 18:42:46,874 - web_test.multi_agent_thread - INFO - Thread 2: Detect browser error: {'level': 'SEVERE', 'message': "https://github.githubassets.com/assets/78298-e2b301acbc0e.js 0:4954 Uncaught DOMException: Failed to execute 'matches' on 'Element': '[open]:not(:modal)' is not a valid selector.", 'source': 'javascript', 'timestamp': 1768560153780}
2026-01-16 18:42:46,874 - web_test.multi_agent_thread - INFO - Thread 2: Detect browser error: {'level': 'SEVERE', 'message': "https://github.githubassets.com/assets/78298-e2b301acbc0e.js 0:4954 Uncaught DOMException: Failed to execute 'matches' on 'Element': '[open]:not(:modal)' is not a valid selector.", 'source': 'javascript', 'timestamp': 1768560153784}
2026-01-16 18:42:46,875 - web_test.multi_agent_thread - INFO - Thread 2: Detect browser error: {'level': 'WARNING', 'message': 'https://github.githubassets.com/assets/14312-5e06208defc2.js 9 Deprecated API for given entry type.', 'source': 'javascript', 'timestamp': 1768560154041}
2026-01-16 18:42:46,875 - web_test.multi_agent_thread - INFO - Thread 2: Detect browser error: {'level': 'WARNING', 'message': "https://github.com/ - The resource https://github.githubassets.com/assets/mona-sans-14595085164a.woff2 was preloaded using link preload but not used within a few seconds from the window's load event. Please make sure it has an appropriate `as` value and it is preloaded intentionally.", 'source': 'javascript', 'timestamp': 1768560161481}
2026-01-16 18:42:46,875 - web_test.multi_agent_thread - INFO - Thread 2: Detect browser error: {'level': 'WARNING', 'message': "https://github.com/ - The resource https://github.githubassets.com/assets/mona-sans-14595085164a.woff2 was preloaded using link preload but not used within a few seconds from the window's load event. Please make sure it has an appropriate `as` value and it is preloaded intentionally.", 'source': 'javascript', 'timestamp': 1768560165734}
2026-01-16 18:42:46,875 - web_test.multi_agent_thread - INFO - Thread 2: Initial state: ActionSetWithExecutionTimesState(action_number=101, action_execution_time_histogram=[97, 3, 1, 0, 0, 0, 0, 0, 0, 0], url=https://github.com/)
2026-01-16 18:42:46,875 - multi_agent.multi_agent_system - ERROR - [2] Handling exception, resetting state.
2026-01-16 18:42:46,875 - multi_agent.multi_agent_system - INFO - [2] State initialized.
2026-01-16 18:42:47,217 - web_test.multi_agent_thread - INFO - Thread 0: Detect browser error: {'level': 'SEVERE', 'message': "https://github.githubassets.com/assets/78298-e2b301acbc0e.js 0:4954 Uncaught DOMException: Failed to execute 'matches' on 'Element': '[open]:not(:modal)' is not a valid selector.", 'source': 'javascript', 'timestamp': 1768560155049}
2026-01-16 18:42:47,217 - web_test.multi_agent_thread - INFO - Thread 0: Detect browser error: {'level': 'SEVERE', 'message': "https://github.githubassets.com/assets/78298-e2b301acbc0e.js 0:4954 Uncaught DOMException: Failed to execute 'matches' on 'Element': '[open]:not(:modal)' is not a valid selector.", 'source': 'javascript', 'timestamp': 1768560155053}
2026-01-16 18:42:47,217 - web_test.multi_agent_thread - INFO - Thread 0: Detect browser error: {'level': 'WARNING', 'message': 'https://github.githubassets.com/assets/14312-5e06208defc2.js 9 Deprecated API for given entry type.', 'source': 'javascript', 'timestamp': 1768560156136}
2026-01-16 18:42:47,217 - web_test.multi_agent_thread - INFO - Thread 0: Detect browser error: {'level': 'WARNING', 'message': "https://github.com/ - The resource https://github.githubassets.com/assets/mona-sans-14595085164a.woff2 was preloaded using link preload but not used within a few seconds from the window's load event. Please make sure it has an appropriate `as` value and it is preloaded intentionally.", 'source': 'javascript', 'timestamp': 1768560163980}
2026-01-16 18:42:47,217 - web_test.multi_agent_thread - INFO - Thread 0: Initial state: ActionSetWithExecutionTimesState(action_number=101, action_execution_time_histogram=[97, 3, 1, 0, 0, 0, 0, 0, 0, 0], url=https://github.com/)
2026-01-16 18:42:47,217 - multi_agent.multi_agent_system - ERROR - [0] Handling exception, resetting state.
2026-01-16 18:42:47,217 - multi_agent.multi_agent_system - INFO - [0] State initialized.
2026-01-16 18:42:54,686 - multi_agent.multi_agent_system - ERROR - [1] Error in generating action: mat1 and mat2 shapes cannot be multiplied (10x241 and 265x256)
2026-01-16 18:42:54,686 - web_test.multi_agent_thread - ERROR - Thread 1: Error happened
Traceback (most recent call last):
  File "/Users/harryhou/artifacts/web_test/multi_agent_thread.py", line 89, in run
    chosen_action = self.multi_agent_system.get_action(self.current_state, html, self.agent_name,
                                                       self.current_url, self.check_result)
  File "/Users/harryhou/artifacts/multi_agent/multi_agent_system.py", line 93, in get_action
    raise e  # 根据需要，可选择抛异常或返回默认动作
    ^^^^^^^
  File "/Users/harryhou/artifacts/multi_agent/multi_agent_system.py", line 83, in get_action
    chosen_action = self.get_action_algorithm(web_state, html, agent_name)
  File "/Users/harryhou/artifacts/multi_agent/impl/shaq.py", line 259, in get_action_algorithm
    phi_i = self.compute_shapley_value(int(agent_name), global_state)
  File "/Users/harryhou/artifacts/multi_agent/impl/shaq.py", line 180, in compute_shapley_value
    v_with = self.coalition_net(in_with)
  File "/Users/harryhou/miniconda3/lib/python3.13/site-packages/torch/nn/modules/module.py", line 1775, in _wrapped_call_impl
    return self._call_impl(*args, **kwargs)
           ~~~~~~~~~~~~~~~^^^^^^^^^^^^^^^^^
  File "/Users/harryhou/miniconda3/lib/python3.13/site-packages/torch/nn/modules/module.py", line 1786, in _call_impl
    return forward_call(*args, **kwargs)
  File "/Users/harryhou/miniconda3/lib/python3.13/site-packages/torch/nn/modules/container.py", line 250, in forward
    input = module(input)
  File "/Users/harryhou/miniconda3/lib/python3.13/site-packages/torch/nn/modules/module.py", line 1775, in _wrapped_call_impl
    return self._call_impl(*args, **kwargs)
           ~~~~~~~~~~~~~~~^^^^^^^^^^^^^^^^^
  File "/Users/harryhou/miniconda3/lib/python3.13/site-packages/torch/nn/modules/module.py", line 1786, in _call_impl
    return forward_call(*args, **kwargs)
  File "/Users/harryhou/miniconda3/lib/python3.13/site-packages/torch/nn/modules/linear.py", line 134, in forward
    return F.linear(input, self.weight, self.bias)
           ~~~~~~~~^^^^^^^^^^^^^^^^^^^^^^^^^^^^^^^
RuntimeError: mat1 and mat2 shapes cannot be multiplied (10x241 and 265x256)
