2026-01-16 18:30:17,139 - __main__ - INFO - [Debug] 程序已启动
2026-01-16 18:30:17,139 - __main__ - INFO - [Debug] Chrome Options 配置完成
2026-01-16 18:30:17,139 - __main__ - INFO - [Debug] profile is github-marl-3h-shaq-5agent
2026-01-16 18:30:17,674 - web_test.multi_agent_thread - INFO - SHAQ initializing on device: cpu
2026-01-16 18:31:03,120 - web_test.multi_agent_thread - INFO - Thread 0: Webdriver created successfully
2026-01-16 18:31:03,125 - web_test.multi_agent_thread - INFO - Thread 0: Execution start
2026-01-16 18:31:04,022 - web_test.multi_agent_thread - INFO - Thread 1: Webdriver created successfully
2026-01-16 18:31:04,024 - web_test.multi_agent_thread - INFO - Thread 1: Execution start
2026-01-16 18:31:05,030 - web_test.multi_agent_thread - INFO - Thread 2: Webdriver created successfully
2026-01-16 18:31:05,030 - web_test.multi_agent_thread - INFO - Thread 2: Execution start
2026-01-16 18:31:06,074 - web_test.multi_agent_thread - INFO - Thread 3: Webdriver created successfully
2026-01-16 18:31:06,075 - web_test.multi_agent_thread - INFO - Thread 3: Execution start
2026-01-16 18:31:07,248 - web_test.multi_agent_thread - INFO - Thread 4: Webdriver created successfully
2026-01-16 18:31:07,250 - web_test.multi_agent_thread - INFO - Thread 4: Execution start
2026-01-16 18:31:23,285 - web_test.multi_agent_thread - INFO - Thread 0: Detect browser error: {'level': 'SEVERE', 'message': "https://github.githubassets.com/assets/78298-e2b301acbc0e.js 0:4954 Uncaught DOMException: Failed to execute 'matches' on 'Element': '[open]:not(:modal)' is not a valid selector.", 'source': 'javascript', 'timestamp': 1768559467380}
2026-01-16 18:31:23,285 - web_test.multi_agent_thread - INFO - Thread 0: Detect browser error: {'level': 'SEVERE', 'message': "https://github.githubassets.com/assets/78298-e2b301acbc0e.js 0:4954 Uncaught DOMException: Failed to execute 'matches' on 'Element': '[open]:not(:modal)' is not a valid selector.", 'source': 'javascript', 'timestamp': 1768559467384}
2026-01-16 18:31:23,285 - web_test.multi_agent_thread - INFO - Thread 0: Detect browser error: {'level': 'WARNING', 'message': 'https://github.githubassets.com/assets/14312-5e06208defc2.js 9 Deprecated API for given entry type.', 'source': 'javascript', 'timestamp': 1768559467473}
2026-01-16 18:31:23,285 - web_test.multi_agent_thread - INFO - Thread 0: Detect browser error: {'level': 'WARNING', 'message': "https://github.com/ - The resource https://github.githubassets.com/assets/mona-sans-14595085164a.woff2 was preloaded using link preload but not used within a few seconds from the window's load event. Please make sure it has an appropriate `as` value and it is preloaded intentionally.", 'source': 'javascript', 'timestamp': 1768559473876}
2026-01-16 18:31:23,285 - web_test.multi_agent_thread - INFO - Thread 0: Initial state: ActionSetWithExecutionTimesState(action_number=101, action_execution_time_histogram=[101, 0, 0, 0, 0, 0, 0, 0, 0, 0], url=https://github.com/)
2026-01-16 18:31:25,920 - web_test.multi_agent_thread - INFO - Thread 1: Detect browser error: {'level': 'SEVERE', 'message': "https://github.githubassets.com/assets/78298-e2b301acbc0e.js 0:4954 Uncaught DOMException: Failed to execute 'matches' on 'Element': '[open]:not(:modal)' is not a valid selector.", 'source': 'javascript', 'timestamp': 1768559468353}
2026-01-16 18:31:25,920 - web_test.multi_agent_thread - INFO - Thread 1: Detect browser error: {'level': 'SEVERE', 'message': "https://github.githubassets.com/assets/78298-e2b301acbc0e.js 0:4954 Uncaught DOMException: Failed to execute 'matches' on 'Element': '[open]:not(:modal)' is not a valid selector.", 'source': 'javascript', 'timestamp': 1768559468357}
2026-01-16 18:31:25,921 - web_test.multi_agent_thread - INFO - Thread 1: Detect browser error: {'level': 'WARNING', 'message': 'https://github.githubassets.com/assets/14312-5e06208defc2.js 9 Deprecated API for given entry type.', 'source': 'javascript', 'timestamp': 1768559469424}
2026-01-16 18:31:25,921 - web_test.multi_agent_thread - INFO - Thread 1: Detect browser error: {'level': 'WARNING', 'message': "https://github.com/ - The resource https://github.githubassets.com/assets/mona-sans-14595085164a.woff2 was preloaded using link preload but not used within a few seconds from the window's load event. Please make sure it has an appropriate `as` value and it is preloaded intentionally.", 'source': 'javascript', 'timestamp': 1768559476829}
2026-01-16 18:31:25,921 - web_test.multi_agent_thread - INFO - Thread 1: Detect browser error: {'level': 'WARNING', 'message': "https://github.com/ - The resource https://github.githubassets.com/assets/mona-sans-14595085164a.woff2 was preloaded using link preload but not used within a few seconds from the window's load event. Please make sure it has an appropriate `as` value and it is preloaded intentionally.", 'source': 'javascript', 'timestamp': 1768559480802}
2026-01-16 18:31:25,921 - web_test.multi_agent_thread - INFO - Thread 1: Initial state: ActionSetWithExecutionTimesState(action_number=101, action_execution_time_histogram=[101, 0, 0, 0, 0, 0, 0, 0, 0, 0], url=https://github.com/)
2026-01-16 18:31:27,099 - web_test.multi_agent_thread - INFO - Thread 3: Detect browser error: {'level': 'SEVERE', 'message': "https://github.githubassets.com/assets/78298-e2b301acbc0e.js 0:4954 Uncaught DOMException: Failed to execute 'matches' on 'Element': '[open]:not(:modal)' is not a valid selector.", 'source': 'javascript', 'timestamp': 1768559470543}
2026-01-16 18:31:27,099 - web_test.multi_agent_thread - INFO - Thread 3: Detect browser error: {'level': 'SEVERE', 'message': "https://github.githubassets.com/assets/78298-e2b301acbc0e.js 0:4954 Uncaught DOMException: Failed to execute 'matches' on 'Element': '[open]:not(:modal)' is not a valid selector.", 'source': 'javascript', 'timestamp': 1768559470545}
2026-01-16 18:31:27,099 - web_test.multi_agent_thread - INFO - Thread 3: Detect browser error: {'level': 'WARNING', 'message': 'https://github.githubassets.com/assets/14312-5e06208defc2.js 9 Deprecated API for given entry type.', 'source': 'javascript', 'timestamp': 1768559471095}
2026-01-16 18:31:27,099 - web_test.multi_agent_thread - INFO - Thread 3: Detect browser error: {'level': 'WARNING', 'message': "https://github.com/ - The resource https://github.githubassets.com/assets/mona-sans-14595085164a.woff2 was preloaded using link preload but not used within a few seconds from the window's load event. Please make sure it has an appropriate `as` value and it is preloaded intentionally.", 'source': 'javascript', 'timestamp': 1768559477953}
2026-01-16 18:31:27,100 - web_test.multi_agent_thread - INFO - Thread 3: Initial state: ActionSetWithExecutionTimesState(action_number=101, action_execution_time_histogram=[101, 0, 0, 0, 0, 0, 0, 0, 0, 0], url=https://github.com/)
2026-01-16 18:31:27,596 - web_test.multi_agent_thread - INFO - Thread 2: Detect browser error: {'level': 'SEVERE', 'message': "https://github.githubassets.com/assets/78298-e2b301acbc0e.js 0:4954 Uncaught DOMException: Failed to execute 'matches' on 'Element': '[open]:not(:modal)' is not a valid selector.", 'source': 'javascript', 'timestamp': 1768559469541}
2026-01-16 18:31:27,596 - web_test.multi_agent_thread - INFO - Thread 2: Detect browser error: {'level': 'SEVERE', 'message': "https://github.githubassets.com/assets/78298-e2b301acbc0e.js 0:4954 Uncaught DOMException: Failed to execute 'matches' on 'Element': '[open]:not(:modal)' is not a valid selector.", 'source': 'javascript', 'timestamp': 1768559469543}
2026-01-16 18:31:27,596 - web_test.multi_agent_thread - INFO - Thread 2: Detect browser error: {'level': 'WARNING', 'message': 'https://github.githubassets.com/assets/14312-5e06208defc2.js 9 Deprecated API for given entry type.', 'source': 'javascript', 'timestamp': 1768559470721}
2026-01-16 18:31:27,596 - web_test.multi_agent_thread - INFO - Thread 2: Detect browser error: {'level': 'WARNING', 'message': "https://github.com/ - The resource https://github.githubassets.com/assets/mona-sans-14595085164a.woff2 was preloaded using link preload but not used within a few seconds from the window's load event. Please make sure it has an appropriate `as` value and it is preloaded intentionally.", 'source': 'javascript', 'timestamp': 1768559482013}
2026-01-16 18:31:27,596 - web_test.multi_agent_thread - INFO - Thread 2: Initial state: ActionSetWithExecutionTimesState(action_number=101, action_execution_time_histogram=[101, 0, 0, 0, 0, 0, 0, 0, 0, 0], url=https://github.com/)
2026-01-16 18:31:29,795 - web_test.multi_agent_thread - INFO - Thread 4: Detect browser error: {'level': 'SEVERE', 'message': "https://github.githubassets.com/assets/78298-e2b301acbc0e.js 0:4954 Uncaught DOMException: Failed to execute 'matches' on 'Element': '[open]:not(:modal)' is not a valid selector.", 'source': 'javascript', 'timestamp': 1768559472006}
2026-01-16 18:31:29,795 - web_test.multi_agent_thread - INFO - Thread 4: Detect browser error: {'level': 'SEVERE', 'message': "https://github.githubassets.com/assets/78298-e2b301acbc0e.js 0:4954 Uncaught DOMException: Failed to execute 'matches' on 'Element': '[open]:not(:modal)' is not a valid selector.", 'source': 'javascript', 'timestamp': 1768559472013}
2026-01-16 18:31:29,795 - web_test.multi_agent_thread - INFO - Thread 4: Detect browser error: {'level': 'WARNING', 'message': 'https://github.githubassets.com/assets/14312-5e06208defc2.js 9 Deprecated API for given entry type.', 'source': 'javascript', 'timestamp': 1768559473173}
2026-01-16 18:31:29,795 - web_test.multi_agent_thread - INFO - Thread 4: Detect browser error: {'level': 'WARNING', 'message': "https://github.com/ - The resource https://github.githubassets.com/assets/mona-sans-14595085164a.woff2 was preloaded using link preload but not used within a few seconds from the window's load event. Please make sure it has an appropriate `as` value and it is preloaded intentionally.", 'source': 'javascript', 'timestamp': 1768559480305}
2026-01-16 18:31:29,795 - web_test.multi_agent_thread - INFO - Thread 4: Initial state: ActionSetWithExecutionTimesState(action_number=101, action_execution_time_histogram=[101, 0, 0, 0, 0, 0, 0, 0, 0, 0], url=https://github.com/)
2026-01-16 18:31:33,496 - multi_agent.multi_agent_system - INFO - [0] State initialized.
2026-01-16 18:31:33,611 - multi_agent.multi_agent_system - INFO - [0] Chosen action: ClickAction(locator=ElementLocator.XPATH, location=/html/body/div[1]/div[7]/main/react-app/div/div/div/div[1]/div/ol/li/p/a, text=)
2026-01-16 18:31:33,611 - web_test.multi_agent_thread - INFO - Thread 0: Chosen action: ClickAction(locator=ElementLocator.XPATH, location=/html/body/div[1]/div[7]/main/react-app/div/div/div/div[1]/div/ol/li/p/a, text=)
2026-01-16 18:31:36,141 - multi_agent.multi_agent_system - INFO - [1] State initialized.
2026-01-16 18:31:36,212 - multi_agent.multi_agent_system - INFO - [1] Chosen action: ClickAction(locator=ElementLocator.XPATH, location=/html/body/div[1]/div[7]/main/react-app/div/div/div/section[3]/div[2]/div/div[1]/div[1]/div/div[1]/a, text=Learn about GitHub Code Security)
2026-01-16 18:31:36,212 - web_test.multi_agent_thread - INFO - Thread 1: Chosen action: ClickAction(locator=ElementLocator.XPATH, location=/html/body/div[1]/div[7]/main/react-app/div/div/div/section[3]/div[2]/div/div[1]/div[1]/div/div[1]/a, text=Learn about GitHub Code Security)
2026-01-16 18:31:37,309 - multi_agent.multi_agent_system - INFO - [3] State initialized.
2026-01-16 18:31:37,420 - multi_agent.multi_agent_system - INFO - [3] Chosen action: ClickAction(locator=ElementLocator.XPATH, location=/html/body/div[1]/div[4]/header/div/div[2]/div/div/a, text=Sign up)
2026-01-16 18:31:37,420 - web_test.multi_agent_thread - INFO - Thread 3: Chosen action: ClickAction(locator=ElementLocator.XPATH, location=/html/body/div[1]/div[4]/header/div/div[2]/div/div/a, text=Sign up)
2026-01-16 18:31:37,832 - multi_agent.multi_agent_system - INFO - [2] State initialized.
2026-01-16 18:31:37,972 - multi_agent.multi_agent_system - INFO - [2] Chosen action: ClickAction(locator=ElementLocator.XPATH, location=/html/body/div[1]/footer/div[2]/div/nav[2]/ul/li[7]/a, text=GitHub’s organization on GitHub)
2026-01-16 18:31:37,972 - web_test.multi_agent_thread - INFO - Thread 2: Chosen action: ClickAction(locator=ElementLocator.XPATH, location=/html/body/div[1]/footer/div[2]/div/nav[2]/ul/li[7]/a, text=GitHub’s organization on GitHub)
2026-01-16 18:31:39,705 - web_test.multi_agent_thread - INFO - Thread 0: Execute action success, New state: ActionSetWithExecutionTimesState(action_number=90, action_execution_time_histogram=[90, 0, 0, 0, 0, 0, 0, 0, 0, 0], url=https://github.com/#footnote-1-ref-0)
2026-01-16 18:31:40,002 - web_test.multi_agent_thread - INFO - Thread 1: Detect browser error: {'level': 'SEVERE', 'message': "https://github.githubassets.com/assets/78298-e2b301acbc0e.js 0:4954 Uncaught DOMException: Failed to execute 'matches' on 'Element': '[open]:not(:modal)' is not a valid selector.", 'source': 'javascript', 'timestamp': 1768559497056}
2026-01-16 18:31:40,003 - web_test.multi_agent_thread - INFO - Thread 1: Detect browser error: {'level': 'SEVERE', 'message': "https://github.githubassets.com/assets/78298-e2b301acbc0e.js 0:4954 Uncaught DOMException: Failed to execute 'matches' on 'Element': '[open]:not(:modal)' is not a valid selector.", 'source': 'javascript', 'timestamp': 1768559497059}
2026-01-16 18:31:40,003 - web_test.multi_agent_thread - INFO - Thread 1: Detect browser error: {'level': 'WARNING', 'message': 'https://github.githubassets.com/assets/14312-5e06208defc2.js 9 Deprecated API for given entry type.', 'source': 'javascript', 'timestamp': 1768559497131}
2026-01-16 18:31:40,042 - multi_agent.multi_agent_system - INFO - [4] State initialized.
2026-01-16 18:31:40,138 - multi_agent.multi_agent_system - INFO - [4] Chosen action: ClickAction(locator=ElementLocator.XPATH, location=/html/body/div[1]/footer/div[1]/div/section/a[2], text=Subscribe)
2026-01-16 18:31:40,138 - web_test.multi_agent_thread - INFO - Thread 4: Chosen action: ClickAction(locator=ElementLocator.XPATH, location=/html/body/div[1]/footer/div[1]/div/section/a[2], text=Subscribe)
2026-01-16 18:31:40,743 - web_test.multi_agent_thread - INFO - Thread 3: Detect browser error: {'level': 'SEVERE', 'message': "https://github.githubassets.com/assets/78298-e2b301acbc0e.js 0:4954 Uncaught DOMException: Failed to execute 'matches' on 'Element': '[open]:not(:modal)' is not a valid selector.", 'source': 'javascript', 'timestamp': 1768559498221}
2026-01-16 18:31:40,743 - web_test.multi_agent_thread - INFO - Thread 3: Detect browser error: {'level': 'WARNING', 'message': 'https://github.githubassets.com/assets/14312-5e06208defc2.js 9 Deprecated API for given entry type.', 'source': 'javascript', 'timestamp': 1768559498299}
2026-01-16 18:31:40,743 - web_test.multi_agent_thread - INFO - Thread 3: Detect browser error: {'level': 'SEVERE', 'message': 'https://github.githubassets.com/assets/MonaSansVF[wdth,wght,opsz].woff2 - Failed to load resource: the server responded with a status of 404 ()', 'source': 'network', 'timestamp': 1768559498526}
2026-01-16 18:31:41,474 - web_test.multi_agent_thread - INFO - Thread 3: Execute action success, New state: ActionSetWithExecutionTimesState(action_number=8, action_execution_time_histogram=[8, 0, 0, 0, 0, 0, 0, 0, 0, 0], url=https://github.com/signup?ref_cta=Sign+up&ref_loc=header+logged+out&ref_page=%2F&source=header-home)
2026-01-16 18:31:42,224 - web_test.multi_agent_thread - INFO - Thread 1: Execute action success, New state: ActionSetWithExecutionTimesState(action_number=84, action_execution_time_histogram=[84, 0, 0, 0, 0, 0, 0, 0, 0, 0], url=https://github.com/security/advanced-security/code-security)
2026-01-16 18:31:43,278 - web_test.multi_agent_thread - INFO - Thread 2: Detect browser error: {'level': 'SEVERE', 'message': "https://github.githubassets.com/assets/78298-e2b301acbc0e.js 0:4954 Uncaught DOMException: Failed to execute 'matches' on 'Element': '[open]:not(:modal)' is not a valid selector.", 'source': 'javascript', 'timestamp': 1768559499352}
2026-01-16 18:31:43,278 - web_test.multi_agent_thread - INFO - Thread 2: Detect browser error: {'level': 'SEVERE', 'message': "https://github.githubassets.com/assets/78298-e2b301acbc0e.js 0:4954 Uncaught DOMException: Failed to execute 'matches' on 'Element': '[open]:not(:modal)' is not a valid selector.", 'source': 'javascript', 'timestamp': 1768559499355}
2026-01-16 18:31:43,278 - web_test.multi_agent_thread - INFO - Thread 2: Detect browser error: {'level': 'WARNING', 'message': 'https://github.githubassets.com/assets/14312-5e06208defc2.js 9 Deprecated API for given entry type.', 'source': 'javascript', 'timestamp': 1768559499452}
2026-01-16 18:31:46,556 - web_test.multi_agent_thread - INFO - Thread 2: Execute action success, New state: ActionSetWithExecutionTimesState(action_number=174, action_execution_time_histogram=[174, 0, 0, 0, 0, 0, 0, 0, 0, 0], url=https://github.com/github)
2026-01-16 18:31:48,856 - web_test.multi_agent_thread - INFO - Thread 4: Detect browser error: {'level': 'SEVERE', 'message': "https://github.githubassets.com/assets/78298-e2b301acbc0e.js 0:4954 Uncaught DOMException: Failed to execute 'matches' on 'Element': '[open]:not(:modal)' is not a valid selector.", 'source': 'javascript', 'timestamp': 1768559500911}
2026-01-16 18:31:48,856 - web_test.multi_agent_thread - INFO - Thread 4: Detect browser error: {'level': 'SEVERE', 'message': "https://github.githubassets.com/assets/78298-e2b301acbc0e.js 0:4954 Uncaught DOMException: Failed to execute 'matches' on 'Element': '[open]:not(:modal)' is not a valid selector.", 'source': 'javascript', 'timestamp': 1768559500914}
2026-01-16 18:31:48,856 - web_test.multi_agent_thread - INFO - Thread 4: Detect browser error: {'level': 'WARNING', 'message': 'https://github.githubassets.com/assets/14312-5e06208defc2.js 9 Deprecated API for given entry type.', 'source': 'javascript', 'timestamp': 1768559500982}
2026-01-16 18:31:48,856 - web_test.multi_agent_thread - INFO - Thread 4: Detect browser error: {'level': 'SEVERE', 'message': 'https://github.com/images/spinners/octocat-spinner-128.gif - Failed to load resource: the server responded with a status of 404 ()', 'source': 'network', 'timestamp': 1768559501309}
2026-01-16 18:31:49,998 - web_test.multi_agent_thread - INFO - [0] Local tensor shape: torch.Size([1, 1, 52])
2026-01-16 18:31:49,998 - web_test.multi_agent_thread - INFO - [0] Global state shape before fixing: torch.Size([1, 248])
2026-01-16 18:31:49,998 - web_test.multi_agent_thread - INFO - [0] Global state shape after fixing: torch.Size([1, 1, 248])
2026-01-16 18:31:49,999 - multi_agent.multi_agent_system - ERROR - [0] Error in generating action: ReplayBuffer.push() got an unexpected keyword argument 'is_done'
2026-01-16 18:31:49,999 - web_test.multi_agent_thread - ERROR - Thread 0: Error happened
Traceback (most recent call last):
  File "/Users/harryhou/artifacts/web_test/multi_agent_thread.py", line 89, in run
    chosen_action = self.multi_agent_system.get_action(self.current_state, html, self.agent_name,
                                                       self.current_url, self.check_result)
  File "/Users/harryhou/artifacts/multi_agent/multi_agent_system.py", line 93, in get_action
    raise e  # 根据需要，可选择抛异常或返回默认动作
    ^^^^^^^
  File "/Users/harryhou/artifacts/multi_agent/multi_agent_system.py", line 83, in get_action
    chosen_action = self.get_action_algorithm(web_state, html, agent_name)
  File "/Users/harryhou/artifacts/multi_agent/impl/shaq.py", line 237, in get_action_algorithm
    self.update(web_state, html, agent_name)
    ~~~~~~~~~~~^^^^^^^^^^^^^^^^^^^^^^^^^^^^^
  File "/Users/harryhou/artifacts/multi_agent/impl/shaq.py", line 323, in update
    self.replay_buffer_agent[agent_name].push(
    ~~~~~~~~~~~~~~~~~~~~~~~~~~~~~~~~~~~~~~~~~^
        full_tensor.unsqueeze(0),  # 增加 batch 维度
        ^^^^^^^^^^^^^^^^^^^^^^^^^^^^^^^^^^^^^^^^^^^^
    ...<4 lines>...
        is_done=False
        ^^^^^^^^^^^^^
    )
    ^
TypeError: ReplayBuffer.push() got an unexpected keyword argument 'is_done'
2026-01-16 18:31:50,230 - web_test.multi_agent_thread - INFO - Thread 4: Execute action success, New state: ActionSetWithExecutionTimesState(action_number=66, action_execution_time_histogram=[66, 0, 0, 0, 0, 0, 0, 0, 0, 0], url=https://github.com/newsletter)
2026-01-16 18:31:51,108 - web_test.multi_agent_thread - INFO - Thread 0: Webdriver restart successfully
2026-01-16 18:31:51,826 - multi_agent.multi_agent_system - ERROR - [3] Error in generating action: <action.impl.click_action.ClickAction object at 0x124f2f100>
2026-01-16 18:31:51,826 - web_test.multi_agent_thread - ERROR - Thread 3: Error happened
Traceback (most recent call last):
  File "/Users/harryhou/artifacts/web_test/multi_agent_thread.py", line 89, in run
    chosen_action = self.multi_agent_system.get_action(self.current_state, html, self.agent_name,
                                                       self.current_url, self.check_result)
  File "/Users/harryhou/artifacts/multi_agent/multi_agent_system.py", line 93, in get_action
    raise e  # 根据需要，可选择抛异常或返回默认动作
    ^^^^^^^
  File "/Users/harryhou/artifacts/multi_agent/multi_agent_system.py", line 83, in get_action
    chosen_action = self.get_action_algorithm(web_state, html, agent_name)
  File "/Users/harryhou/artifacts/multi_agent/impl/shaq.py", line 237, in get_action_algorithm
    self.update(web_state, html, agent_name)
    ~~~~~~~~~~~^^^^^^^^^^^^^^^^^^^^^^^^^^^^^
  File "/Users/harryhou/artifacts/multi_agent/impl/shaq.py", line 303, in update
    tensor_next_local = self.get_tensor(prev_action, html, web_state)  # 基于同一动作
  File "/Users/harryhou/artifacts/multi_agent/impl/shaq.py", line 195, in get_tensor
    action_tensor = self.transformer.action_to_tensor(web_state, action, execution_time)
  File "/Users/harryhou/artifacts/transformer/impl/tag_transformer.py", line 34, in action_to_tensor
    details = action_data[action]
              ~~~~~~~~~~~^^^^^^^^
KeyError: <action.impl.click_action.ClickAction object at 0x124f2f100>
2026-01-16 18:31:52,512 - multi_agent.multi_agent_system - ERROR - [1] Error in generating action: <action.impl.click_action.ClickAction object at 0x1250a8c80>
2026-01-16 18:31:52,512 - web_test.multi_agent_thread - ERROR - Thread 1: Error happened
Traceback (most recent call last):
  File "/Users/harryhou/artifacts/web_test/multi_agent_thread.py", line 89, in run
    chosen_action = self.multi_agent_system.get_action(self.current_state, html, self.agent_name,
                                                       self.current_url, self.check_result)
  File "/Users/harryhou/artifacts/multi_agent/multi_agent_system.py", line 93, in get_action
    raise e  # 根据需要，可选择抛异常或返回默认动作
    ^^^^^^^
  File "/Users/harryhou/artifacts/multi_agent/multi_agent_system.py", line 83, in get_action
    chosen_action = self.get_action_algorithm(web_state, html, agent_name)
  File "/Users/harryhou/artifacts/multi_agent/impl/shaq.py", line 237, in get_action_algorithm
    self.update(web_state, html, agent_name)
    ~~~~~~~~~~~^^^^^^^^^^^^^^^^^^^^^^^^^^^^^
  File "/Users/harryhou/artifacts/multi_agent/impl/shaq.py", line 303, in update
    tensor_next_local = self.get_tensor(prev_action, html, web_state)  # 基于同一动作
  File "/Users/harryhou/artifacts/multi_agent/impl/shaq.py", line 195, in get_tensor
    action_tensor = self.transformer.action_to_tensor(web_state, action, execution_time)
  File "/Users/harryhou/artifacts/transformer/impl/tag_transformer.py", line 34, in action_to_tensor
    details = action_data[action]
              ~~~~~~~~~~~^^^^^^^^
KeyError: <action.impl.click_action.ClickAction object at 0x1250a8c80>
2026-01-16 18:31:52,899 - web_test.multi_agent_thread - INFO - Thread 3: Webdriver restart successfully
2026-01-16 18:31:53,633 - web_test.multi_agent_thread - INFO - Thread 1: Webdriver restart successfully
2026-01-16 18:31:56,904 - multi_agent.multi_agent_system - ERROR - [2] Error in generating action: <action.impl.click_action.ClickAction object at 0x1250b5e80>
2026-01-16 18:31:56,904 - web_test.multi_agent_thread - ERROR - Thread 2: Error happened
Traceback (most recent call last):
  File "/Users/harryhou/artifacts/web_test/multi_agent_thread.py", line 89, in run
    chosen_action = self.multi_agent_system.get_action(self.current_state, html, self.agent_name,
                                                       self.current_url, self.check_result)
  File "/Users/harryhou/artifacts/multi_agent/multi_agent_system.py", line 93, in get_action
    raise e  # 根据需要，可选择抛异常或返回默认动作
    ^^^^^^^
  File "/Users/harryhou/artifacts/multi_agent/multi_agent_system.py", line 83, in get_action
    chosen_action = self.get_action_algorithm(web_state, html, agent_name)
  File "/Users/harryhou/artifacts/multi_agent/impl/shaq.py", line 237, in get_action_algorithm
    self.update(web_state, html, agent_name)
    ~~~~~~~~~~~^^^^^^^^^^^^^^^^^^^^^^^^^^^^^
  File "/Users/harryhou/artifacts/multi_agent/impl/shaq.py", line 303, in update
    tensor_next_local = self.get_tensor(prev_action, html, web_state)  # 基于同一动作
  File "/Users/harryhou/artifacts/multi_agent/impl/shaq.py", line 195, in get_tensor
    action_tensor = self.transformer.action_to_tensor(web_state, action, execution_time)
  File "/Users/harryhou/artifacts/transformer/impl/tag_transformer.py", line 34, in action_to_tensor
    details = action_data[action]
              ~~~~~~~~~~~^^^^^^^^
KeyError: <action.impl.click_action.ClickAction object at 0x1250b5e80>
2026-01-16 18:31:58,855 - web_test.multi_agent_thread - INFO - Thread 2: Webdriver restart successfully
2026-01-16 18:32:00,630 - web_test.multi_agent_thread - INFO - [4] Local tensor shape: torch.Size([1, 1, 52])
2026-01-16 18:32:00,632 - web_test.multi_agent_thread - INFO - [4] Global state shape before fixing: torch.Size([1, 200])
2026-01-16 18:32:00,632 - web_test.multi_agent_thread - INFO - [4] Global state shape after fixing: torch.Size([1, 1, 200])
2026-01-16 18:32:00,632 - multi_agent.multi_agent_system - ERROR - [4] Error in generating action: ReplayBuffer.push() got an unexpected keyword argument 'is_done'
2026-01-16 18:32:00,632 - web_test.multi_agent_thread - ERROR - Thread 4: Error happened
Traceback (most recent call last):
  File "/Users/harryhou/artifacts/web_test/multi_agent_thread.py", line 89, in run
    chosen_action = self.multi_agent_system.get_action(self.current_state, html, self.agent_name,
                                                       self.current_url, self.check_result)
  File "/Users/harryhou/artifacts/multi_agent/multi_agent_system.py", line 93, in get_action
    raise e  # 根据需要，可选择抛异常或返回默认动作
    ^^^^^^^
  File "/Users/harryhou/artifacts/multi_agent/multi_agent_system.py", line 83, in get_action
    chosen_action = self.get_action_algorithm(web_state, html, agent_name)
  File "/Users/harryhou/artifacts/multi_agent/impl/shaq.py", line 237, in get_action_algorithm
    self.update(web_state, html, agent_name)
    ~~~~~~~~~~~^^^^^^^^^^^^^^^^^^^^^^^^^^^^^
  File "/Users/harryhou/artifacts/multi_agent/impl/shaq.py", line 323, in update
    self.replay_buffer_agent[agent_name].push(
    ~~~~~~~~~~~~~~~~~~~~~~~~~~~~~~~~~~~~~~~~~^
        full_tensor.unsqueeze(0),  # 增加 batch 维度
        ^^^^^^^^^^^^^^^^^^^^^^^^^^^^^^^^^^^^^^^^^^^^
    ...<4 lines>...
        is_done=False
        ^^^^^^^^^^^^^
    )
    ^
TypeError: ReplayBuffer.push() got an unexpected keyword argument 'is_done'
2026-01-16 18:32:03,497 - web_test.multi_agent_thread - INFO - Thread 4: Webdriver restart successfully
2026-01-16 18:32:10,142 - web_test.multi_agent_thread - INFO - Thread 0: Detect browser error: {'level': 'SEVERE', 'message': "https://github.githubassets.com/assets/78298-e2b301acbc0e.js 0:4954 Uncaught DOMException: Failed to execute 'matches' on 'Element': '[open]:not(:modal)' is not a valid selector.", 'source': 'javascript', 'timestamp': 1768559515393}
2026-01-16 18:32:10,143 - web_test.multi_agent_thread - INFO - Thread 0: Detect browser error: {'level': 'SEVERE', 'message': "https://github.githubassets.com/assets/78298-e2b301acbc0e.js 0:4954 Uncaught DOMException: Failed to execute 'matches' on 'Element': '[open]:not(:modal)' is not a valid selector.", 'source': 'javascript', 'timestamp': 1768559515396}
2026-01-16 18:32:10,143 - web_test.multi_agent_thread - INFO - Thread 0: Detect browser error: {'level': 'WARNING', 'message': 'https://github.githubassets.com/assets/14312-5e06208defc2.js 9 Deprecated API for given entry type.', 'source': 'javascript', 'timestamp': 1768559515561}
2026-01-16 18:32:10,143 - web_test.multi_agent_thread - INFO - Thread 0: Detect browser error: {'level': 'WARNING', 'message': "https://github.com/ - The resource https://github.githubassets.com/assets/mona-sans-14595085164a.woff2 was preloaded using link preload but not used within a few seconds from the window's load event. Please make sure it has an appropriate `as` value and it is preloaded intentionally.", 'source': 'javascript', 'timestamp': 1768559525879}
2026-01-16 18:32:10,143 - web_test.multi_agent_thread - INFO - Thread 0: Initial state: ActionSetWithExecutionTimesState(action_number=101, action_execution_time_histogram=[96, 5, 0, 0, 0, 0, 0, 0, 0, 0], url=https://github.com/)
2026-01-16 18:32:10,143 - multi_agent.multi_agent_system - ERROR - [0] Handling exception, resetting state.
2026-01-16 18:32:10,143 - multi_agent.multi_agent_system - INFO - [0] State initialized.
2026-01-16 18:32:10,601 - web_test.multi_agent_thread - INFO - Thread 3: Detect browser error: {'level': 'SEVERE', 'message': "https://github.githubassets.com/assets/78298-e2b301acbc0e.js 0:4954 Uncaught DOMException: Failed to execute 'matches' on 'Element': '[open]:not(:modal)' is not a valid selector.", 'source': 'javascript', 'timestamp': 1768559517062}
2026-01-16 18:32:10,601 - web_test.multi_agent_thread - INFO - Thread 3: Detect browser error: {'level': 'SEVERE', 'message': "https://github.githubassets.com/assets/78298-e2b301acbc0e.js 0:4954 Uncaught DOMException: Failed to execute 'matches' on 'Element': '[open]:not(:modal)' is not a valid selector.", 'source': 'javascript', 'timestamp': 1768559517065}
2026-01-16 18:32:10,601 - web_test.multi_agent_thread - INFO - Thread 3: Detect browser error: {'level': 'WARNING', 'message': 'https://github.githubassets.com/assets/14312-5e06208defc2.js 9 Deprecated API for given entry type.', 'source': 'javascript', 'timestamp': 1768559517187}
2026-01-16 18:32:10,601 - web_test.multi_agent_thread - INFO - Thread 3: Detect browser error: {'level': 'WARNING', 'message': "https://github.com/ - The resource https://github.githubassets.com/assets/mona-sans-14595085164a.woff2 was preloaded using link preload but not used within a few seconds from the window's load event. Please make sure it has an appropriate `as` value and it is preloaded intentionally.", 'source': 'javascript', 'timestamp': 1768559523459}
2026-01-16 18:32:10,601 - web_test.multi_agent_thread - INFO - Thread 3: Detect browser error: {'level': 'WARNING', 'message': "https://github.com/ - The resource https://github.githubassets.com/assets/mona-sans-14595085164a.woff2 was preloaded using link preload but not used within a few seconds from the window's load event. Please make sure it has an appropriate `as` value and it is preloaded intentionally.", 'source': 'javascript', 'timestamp': 1768559527404}
2026-01-16 18:32:10,601 - web_test.multi_agent_thread - INFO - Thread 3: Initial state: ActionSetWithExecutionTimesState(action_number=101, action_execution_time_histogram=[96, 5, 0, 0, 0, 0, 0, 0, 0, 0], url=https://github.com/)
2026-01-16 18:32:10,601 - multi_agent.multi_agent_system - ERROR - [3] Handling exception, resetting state.
2026-01-16 18:32:10,601 - multi_agent.multi_agent_system - INFO - [3] State initialized.
2026-01-16 18:32:11,660 - web_test.multi_agent_thread - INFO - Thread 1: Detect browser error: {'level': 'SEVERE', 'message': "https://github.githubassets.com/assets/78298-e2b301acbc0e.js 0:4954 Uncaught DOMException: Failed to execute 'matches' on 'Element': '[open]:not(:modal)' is not a valid selector.", 'source': 'javascript', 'timestamp': 1768559518385}
2026-01-16 18:32:11,660 - web_test.multi_agent_thread - INFO - Thread 1: Detect browser error: {'level': 'SEVERE', 'message': "https://github.githubassets.com/assets/78298-e2b301acbc0e.js 0:4954 Uncaught DOMException: Failed to execute 'matches' on 'Element': '[open]:not(:modal)' is not a valid selector.", 'source': 'javascript', 'timestamp': 1768559518387}
2026-01-16 18:32:11,660 - web_test.multi_agent_thread - INFO - Thread 1: Detect browser error: {'level': 'WARNING', 'message': 'https://github.githubassets.com/assets/14312-5e06208defc2.js 9 Deprecated API for given entry type.', 'source': 'javascript', 'timestamp': 1768559519291}
2026-01-16 18:32:11,661 - web_test.multi_agent_thread - INFO - Thread 1: Detect browser error: {'level': 'WARNING', 'message': "https://github.com/ - The resource https://github.githubassets.com/assets/mona-sans-14595085164a.woff2 was preloaded using link preload but not used within a few seconds from the window's load event. Please make sure it has an appropriate `as` value and it is preloaded intentionally.", 'source': 'javascript', 'timestamp': 1768559527382}
2026-01-16 18:32:11,661 - web_test.multi_agent_thread - INFO - Thread 1: Detect browser error: {'level': 'WARNING', 'message': "https://github.com/ - The resource https://github.githubassets.com/assets/mona-sans-14595085164a.woff2 was preloaded using link preload but not used within a few seconds from the window's load event. Please make sure it has an appropriate `as` value and it is preloaded intentionally.", 'source': 'javascript', 'timestamp': 1768559531646}
2026-01-16 18:32:11,661 - web_test.multi_agent_thread - INFO - Thread 1: Initial state: ActionSetWithExecutionTimesState(action_number=101, action_execution_time_histogram=[96, 5, 0, 0, 0, 0, 0, 0, 0, 0], url=https://github.com/)
2026-01-16 18:32:11,661 - multi_agent.multi_agent_system - ERROR - [1] Handling exception, resetting state.
2026-01-16 18:32:11,661 - multi_agent.multi_agent_system - INFO - [1] State initialized.
2026-01-16 18:32:13,218 - web_test.multi_agent_thread - INFO - Thread 2: Detect browser error: {'level': 'SEVERE', 'message': "https://github.githubassets.com/assets/78298-e2b301acbc0e.js 0:4954 Uncaught DOMException: Failed to execute 'matches' on 'Element': '[open]:not(:modal)' is not a valid selector.", 'source': 'javascript', 'timestamp': 1768559523193}
2026-01-16 18:32:13,218 - web_test.multi_agent_thread - INFO - Thread 2: Detect browser error: {'level': 'SEVERE', 'message': "https://github.githubassets.com/assets/78298-e2b301acbc0e.js 0:4954 Uncaught DOMException: Failed to execute 'matches' on 'Element': '[open]:not(:modal)' is not a valid selector.", 'source': 'javascript', 'timestamp': 1768559523199}
2026-01-16 18:32:13,218 - web_test.multi_agent_thread - INFO - Thread 2: Detect browser error: {'level': 'WARNING', 'message': 'https://github.githubassets.com/assets/14312-5e06208defc2.js 9 Deprecated API for given entry type.', 'source': 'javascript', 'timestamp': 1768559523965}
2026-01-16 18:32:13,218 - web_test.multi_agent_thread - INFO - Thread 2: Detect browser error: {'level': 'WARNING', 'message': "https://github.com/ - The resource https://github.githubassets.com/assets/mona-sans-14595085164a.woff2 was preloaded using link preload but not used within a few seconds from the window's load event. Please make sure it has an appropriate `as` value and it is preloaded intentionally.", 'source': 'javascript', 'timestamp': 1768559529417}
2026-01-16 18:32:13,218 - web_test.multi_agent_thread - INFO - Thread 2: Initial state: ActionSetWithExecutionTimesState(action_number=101, action_execution_time_histogram=[96, 5, 0, 0, 0, 0, 0, 0, 0, 0], url=https://github.com/)
2026-01-16 18:32:13,218 - multi_agent.multi_agent_system - ERROR - [2] Handling exception, resetting state.
2026-01-16 18:32:13,218 - multi_agent.multi_agent_system - INFO - [2] State initialized.
2026-01-16 18:32:16,800 - web_test.multi_agent_thread - INFO - Thread 4: Detect browser error: {'level': 'SEVERE', 'message': "https://github.githubassets.com/assets/78298-e2b301acbc0e.js 0:4954 Uncaught DOMException: Failed to execute 'matches' on 'Element': '[open]:not(:modal)' is not a valid selector.", 'source': 'javascript', 'timestamp': 1768559527740}
2026-01-16 18:32:16,800 - web_test.multi_agent_thread - INFO - Thread 4: Detect browser error: {'level': 'SEVERE', 'message': "https://github.githubassets.com/assets/78298-e2b301acbc0e.js 0:4954 Uncaught DOMException: Failed to execute 'matches' on 'Element': '[open]:not(:modal)' is not a valid selector.", 'source': 'javascript', 'timestamp': 1768559527744}
2026-01-16 18:32:16,800 - web_test.multi_agent_thread - INFO - Thread 4: Detect browser error: {'level': 'WARNING', 'message': 'https://github.githubassets.com/assets/14312-5e06208defc2.js 9 Deprecated API for given entry type.', 'source': 'javascript', 'timestamp': 1768559527954}
2026-01-16 18:32:16,800 - web_test.multi_agent_thread - INFO - Thread 4: Detect browser error: {'level': 'WARNING', 'message': "https://github.com/ - The resource https://github.githubassets.com/assets/mona-sans-14595085164a.woff2 was preloaded using link preload but not used within a few seconds from the window's load event. Please make sure it has an appropriate `as` value and it is preloaded intentionally.", 'source': 'javascript', 'timestamp': 1768559535394}
2026-01-16 18:32:16,800 - web_test.multi_agent_thread - INFO - Thread 4: Initial state: ActionSetWithExecutionTimesState(action_number=101, action_execution_time_histogram=[96, 5, 0, 0, 0, 0, 0, 0, 0, 0], url=https://github.com/)
2026-01-16 18:32:16,800 - multi_agent.multi_agent_system - ERROR - [4] Handling exception, resetting state.
2026-01-16 18:32:16,800 - multi_agent.multi_agent_system - INFO - [4] State initialized.
2026-01-16 18:32:20,431 - multi_agent.multi_agent_system - INFO - [0] Chosen action: ClickAction(locator=ElementLocator.XPATH, location=/html/body/div[1]/div[7]/main/react-app/div/div/div/section[5]/div[1]/div[4]/div/div/div[2]/a, text=Automotive

Mercedes-Benz standardizes source code and automates onboarding

Read customer story)
2026-01-16 18:32:20,431 - web_test.multi_agent_thread - INFO - Thread 0: Chosen action: ClickAction(locator=ElementLocator.XPATH, location=/html/body/div[1]/div[7]/main/react-app/div/div/div/section[5]/div[1]/div[4]/div/div/div[2]/a, text=Automotive

Mercedes-Benz standardizes source code and automates onboarding

Read customer story)
2026-01-16 18:32:20,884 - multi_agent.multi_agent_system - INFO - [3] Chosen action: ClickAction(locator=ElementLocator.XPATH, location=/html/body/div[1]/footer/div[2]/div/nav[2]/ul/li[7]/a, text=GitHub’s organization on GitHub)
2026-01-16 18:32:20,884 - web_test.multi_agent_thread - INFO - Thread 3: Chosen action: ClickAction(locator=ElementLocator.XPATH, location=/html/body/div[1]/footer/div[2]/div/nav[2]/ul/li[7]/a, text=GitHub’s organization on GitHub)
2026-01-16 18:32:21,958 - multi_agent.multi_agent_system - INFO - [1] Chosen action: ClickAction(locator=ElementLocator.XPATH, location=/html/body/div[1]/footer/div[2]/div/nav[1]/ul/li[3]/a[1], text=Privacy)
2026-01-16 18:32:21,958 - web_test.multi_agent_thread - INFO - Thread 1: Chosen action: ClickAction(locator=ElementLocator.XPATH, location=/html/body/div[1]/footer/div[2]/div/nav[1]/ul/li[3]/a[1], text=Privacy)
2026-01-16 18:32:23,577 - multi_agent.multi_agent_system - INFO - [2] Chosen action: ClickAction(locator=ElementLocator.XPATH, location=/html/body/div[1]/footer/div[1]/div/nav[2]/ul/li[2]/a, text=Partners)
2026-01-16 18:32:23,577 - web_test.multi_agent_thread - INFO - Thread 2: Chosen action: ClickAction(locator=ElementLocator.XPATH, location=/html/body/div[1]/footer/div[1]/div/nav[2]/ul/li[2]/a, text=Partners)
2026-01-16 18:32:25,273 - web_test.multi_agent_thread - INFO - Thread 0: Detect browser error: {'level': 'SEVERE', 'message': "https://github.githubassets.com/assets/78298-e2b301acbc0e.js 0:4954 Uncaught DOMException: Failed to execute 'matches' on 'Element': '[open]:not(:modal)' is not a valid selector.", 'source': 'javascript', 'timestamp': 1768559541492}
2026-01-16 18:32:25,273 - web_test.multi_agent_thread - INFO - Thread 0: Detect browser error: {'level': 'SEVERE', 'message': "https://github.githubassets.com/assets/78298-e2b301acbc0e.js 0:4954 Uncaught DOMException: Failed to execute 'matches' on 'Element': '[open]:not(:modal)' is not a valid selector.", 'source': 'javascript', 'timestamp': 1768559541495}
2026-01-16 18:32:25,273 - web_test.multi_agent_thread - INFO - Thread 0: Detect browser error: {'level': 'WARNING', 'message': 'https://github.githubassets.com/assets/14312-5e06208defc2.js 9 Deprecated API for given entry type.', 'source': 'javascript', 'timestamp': 1768559541594}
2026-01-16 18:32:26,410 - web_test.multi_agent_thread - INFO - Thread 0: Execute action success, New state: ActionSetWithExecutionTimesState(action_number=87, action_execution_time_histogram=[87, 0, 0, 0, 0, 0, 0, 0, 0, 0], url=https://github.com/customer-stories/mercedes-benz)
2026-01-16 18:32:27,105 - multi_agent.multi_agent_system - INFO - [4] Chosen action: ClickAction(locator=ElementLocator.XPATH, location=/html/body/div[1]/div[7]/main/react-app/div/div/div/section[2]/div/div[3]/div/div/div[2]/dl/div[1]/dd/div/div/a, text=Explore GitHub Actions)
2026-01-16 18:32:27,106 - web_test.multi_agent_thread - INFO - Thread 4: Chosen action: ClickAction(locator=ElementLocator.XPATH, location=/html/body/div[1]/div[7]/main/react-app/div/div/div/section[2]/div/div[3]/div/div/div[2]/dl/div[1]/dd/div/div/a, text=Explore GitHub Actions)
2026-01-16 18:32:27,422 - web_test.multi_agent_thread - INFO - Thread 3: Detect browser error: {'level': 'SEVERE', 'message': "https://github.githubassets.com/assets/78298-e2b301acbc0e.js 0:4954 Uncaught DOMException: Failed to execute 'matches' on 'Element': '[open]:not(:modal)' is not a valid selector.", 'source': 'javascript', 'timestamp': 1768559543512}
2026-01-16 18:32:27,422 - web_test.multi_agent_thread - INFO - Thread 3: Detect browser error: {'level': 'SEVERE', 'message': "https://github.githubassets.com/assets/78298-e2b301acbc0e.js 0:4954 Uncaught DOMException: Failed to execute 'matches' on 'Element': '[open]:not(:modal)' is not a valid selector.", 'source': 'javascript', 'timestamp': 1768559543515}
2026-01-16 18:32:27,422 - web_test.multi_agent_thread - INFO - Thread 3: Detect browser error: {'level': 'WARNING', 'message': 'https://github.githubassets.com/assets/14312-5e06208defc2.js 9 Deprecated API for given entry type.', 'source': 'javascript', 'timestamp': 1768559543605}
2026-01-16 18:32:27,616 - web_test.multi_agent_thread - WARNING - Thread 1: Out of domain, New state: OutOfDomainState(action=RestartAction(restart_url=https://github.com/#footnote-1-ref-0))
2026-01-16 18:32:30,059 - web_test.multi_agent_thread - INFO - Thread 3: Execute action success, New state: ActionSetWithExecutionTimesState(action_number=174, action_execution_time_histogram=[174, 0, 0, 0, 0, 0, 0, 0, 0, 0], url=https://github.com/github)
2026-01-16 18:32:30,764 - web_test.multi_agent_thread - INFO - Thread 2: Detect browser error: {'level': 'WARNING', 'message': "https://github.com/ - The resource https://github.githubassets.com/assets/mona-sans-14595085164a.woff2 was preloaded using link preload but not used within a few seconds from the window's load event. Please make sure it has an appropriate `as` value and it is preloaded intentionally.", 'source': 'javascript', 'timestamp': 1768559533302}
2026-01-16 18:32:30,764 - web_test.multi_agent_thread - INFO - Thread 2: Detect browser error: {'level': 'WARNING', 'message': "https://github.com/partners/ 907 Unrecognized feature: 'web-share'.", 'source': 'other', 'timestamp': 1768559546135}
2026-01-16 18:32:30,764 - web_test.multi_agent_thread - INFO - Thread 2: Detect browser error: {'level': 'SEVERE', 'message': "https://github.githubassets.com/assets/78298-e2b301acbc0e.js 0:4954 Uncaught DOMException: Failed to execute 'matches' on 'Element': '[open]:not(:modal)' is not a valid selector.", 'source': 'javascript', 'timestamp': 1768559546220}
2026-01-16 18:32:30,764 - web_test.multi_agent_thread - INFO - Thread 2: Detect browser error: {'level': 'SEVERE', 'message': "https://github.githubassets.com/assets/78298-e2b301acbc0e.js 0:4954 Uncaught DOMException: Failed to execute 'matches' on 'Element': '[open]:not(:modal)' is not a valid selector.", 'source': 'javascript', 'timestamp': 1768559546222}
2026-01-16 18:32:30,764 - web_test.multi_agent_thread - INFO - Thread 2: Detect browser error: {'level': 'WARNING', 'message': 'https://github.githubassets.com/assets/14312-5e06208defc2.js 9 Deprecated API for given entry type.', 'source': 'javascript', 'timestamp': 1768559546288}
2026-01-16 18:32:31,023 - web_test.multi_agent_thread - INFO - Thread 4: Detect browser error: {'level': 'SEVERE', 'message': "https://github.githubassets.com/assets/78298-e2b301acbc0e.js 0:4954 Uncaught DOMException: Failed to execute 'matches' on 'Element': '[open]:not(:modal)' is not a valid selector.", 'source': 'javascript', 'timestamp': 1768559547826}
2026-01-16 18:32:31,023 - web_test.multi_agent_thread - INFO - Thread 4: Detect browser error: {'level': 'SEVERE', 'message': "https://github.githubassets.com/assets/78298-e2b301acbc0e.js 0:4954 Uncaught DOMException: Failed to execute 'matches' on 'Element': '[open]:not(:modal)' is not a valid selector.", 'source': 'javascript', 'timestamp': 1768559547830}
2026-01-16 18:32:31,023 - web_test.multi_agent_thread - INFO - Thread 4: Detect browser error: {'level': 'WARNING', 'message': 'https://github.githubassets.com/assets/14312-5e06208defc2.js 9 Deprecated API for given entry type.', 'source': 'javascript', 'timestamp': 1768559547894}
2026-01-16 18:32:31,785 - web_test.multi_agent_thread - INFO - Thread 2: Execute action success, New state: ActionSetWithExecutionTimesState(action_number=72, action_execution_time_histogram=[72, 0, 0, 0, 0, 0, 0, 0, 0, 0], url=https://github.com/partners/)
2026-01-16 18:32:32,195 - web_test.multi_agent_thread - INFO - Thread 4: Execute action success, New state: ActionSetWithExecutionTimesState(action_number=78, action_execution_time_histogram=[78, 0, 0, 0, 0, 0, 0, 0, 0, 0], url=https://github.com/features/actions)
2026-01-16 18:32:36,746 - multi_agent.multi_agent_system - ERROR - [0] Error in generating action: <action.impl.click_action.ClickAction object at 0x124f89d30>
2026-01-16 18:32:36,746 - web_test.multi_agent_thread - ERROR - Thread 0: Error happened
Traceback (most recent call last):
  File "/Users/harryhou/artifacts/web_test/multi_agent_thread.py", line 89, in run
    chosen_action = self.multi_agent_system.get_action(self.current_state, html, self.agent_name,
                                                       self.current_url, self.check_result)
  File "/Users/harryhou/artifacts/multi_agent/multi_agent_system.py", line 93, in get_action
    raise e  # 根据需要，可选择抛异常或返回默认动作
    ^^^^^^^
  File "/Users/harryhou/artifacts/multi_agent/multi_agent_system.py", line 83, in get_action
    chosen_action = self.get_action_algorithm(web_state, html, agent_name)
  File "/Users/harryhou/artifacts/multi_agent/impl/shaq.py", line 237, in get_action_algorithm
    self.update(web_state, html, agent_name)
    ~~~~~~~~~~~^^^^^^^^^^^^^^^^^^^^^^^^^^^^^
  File "/Users/harryhou/artifacts/multi_agent/impl/shaq.py", line 303, in update
    tensor_next_local = self.get_tensor(prev_action, html, web_state)  # 基于同一动作
  File "/Users/harryhou/artifacts/multi_agent/impl/shaq.py", line 195, in get_tensor
    action_tensor = self.transformer.action_to_tensor(web_state, action, execution_time)
  File "/Users/harryhou/artifacts/transformer/impl/tag_transformer.py", line 34, in action_to_tensor
    details = action_data[action]
              ~~~~~~~~~~~^^^^^^^^
KeyError: <action.impl.click_action.ClickAction object at 0x124f89d30>
2026-01-16 18:32:37,987 - multi_agent.multi_agent_system - ERROR - [1] Error in generating action: <action.impl.click_action.ClickAction object at 0x1250b5a20>
2026-01-16 18:32:37,987 - web_test.multi_agent_thread - ERROR - Thread 1: Error happened
Traceback (most recent call last):
  File "/Users/harryhou/artifacts/web_test/multi_agent_thread.py", line 89, in run
    chosen_action = self.multi_agent_system.get_action(self.current_state, html, self.agent_name,
                                                       self.current_url, self.check_result)
  File "/Users/harryhou/artifacts/multi_agent/multi_agent_system.py", line 93, in get_action
    raise e  # 根据需要，可选择抛异常或返回默认动作
    ^^^^^^^
  File "/Users/harryhou/artifacts/multi_agent/multi_agent_system.py", line 83, in get_action
    chosen_action = self.get_action_algorithm(web_state, html, agent_name)
  File "/Users/harryhou/artifacts/multi_agent/impl/shaq.py", line 237, in get_action_algorithm
    self.update(web_state, html, agent_name)
    ~~~~~~~~~~~^^^^^^^^^^^^^^^^^^^^^^^^^^^^^
  File "/Users/harryhou/artifacts/multi_agent/impl/shaq.py", line 303, in update
    tensor_next_local = self.get_tensor(prev_action, html, web_state)  # 基于同一动作
  File "/Users/harryhou/artifacts/multi_agent/impl/shaq.py", line 195, in get_tensor
    action_tensor = self.transformer.action_to_tensor(web_state, action, execution_time)
  File "/Users/harryhou/artifacts/transformer/impl/tag_transformer.py", line 34, in action_to_tensor
    details = action_data[action]
              ~~~~~~~~~~~^^^^^^^^
KeyError: <action.impl.click_action.ClickAction object at 0x1250b5a20>
2026-01-16 18:32:37,988 - web_test.multi_agent_thread - INFO - Thread 0: Webdriver restart successfully
2026-01-16 18:32:39,164 - web_test.multi_agent_thread - INFO - Thread 1: Webdriver restart successfully
2026-01-16 18:32:40,419 - multi_agent.multi_agent_system - ERROR - [3] Error in generating action: <action.impl.click_action.ClickAction object at 0x1250b5e80>
2026-01-16 18:32:40,419 - web_test.multi_agent_thread - ERROR - Thread 3: Error happened
Traceback (most recent call last):
  File "/Users/harryhou/artifacts/web_test/multi_agent_thread.py", line 89, in run
    chosen_action = self.multi_agent_system.get_action(self.current_state, html, self.agent_name,
                                                       self.current_url, self.check_result)
  File "/Users/harryhou/artifacts/multi_agent/multi_agent_system.py", line 93, in get_action
    raise e  # 根据需要，可选择抛异常或返回默认动作
    ^^^^^^^
  File "/Users/harryhou/artifacts/multi_agent/multi_agent_system.py", line 83, in get_action
    chosen_action = self.get_action_algorithm(web_state, html, agent_name)
  File "/Users/harryhou/artifacts/multi_agent/impl/shaq.py", line 237, in get_action_algorithm
    self.update(web_state, html, agent_name)
    ~~~~~~~~~~~^^^^^^^^^^^^^^^^^^^^^^^^^^^^^
  File "/Users/harryhou/artifacts/multi_agent/impl/shaq.py", line 303, in update
    tensor_next_local = self.get_tensor(prev_action, html, web_state)  # 基于同一动作
  File "/Users/harryhou/artifacts/multi_agent/impl/shaq.py", line 195, in get_tensor
    action_tensor = self.transformer.action_to_tensor(web_state, action, execution_time)
  File "/Users/harryhou/artifacts/transformer/impl/tag_transformer.py", line 34, in action_to_tensor
    details = action_data[action]
              ~~~~~~~~~~~^^^^^^^^
KeyError: <action.impl.click_action.ClickAction object at 0x1250b5e80>
2026-01-16 18:32:41,507 - web_test.multi_agent_thread - INFO - Thread 3: Webdriver restart successfully
2026-01-16 18:32:42,157 - web_test.multi_agent_thread - INFO - [2] Local tensor shape: torch.Size([1, 1, 52])
2026-01-16 18:32:42,157 - web_test.multi_agent_thread - INFO - [2] Global state shape before fixing: torch.Size([1, 212])
2026-01-16 18:32:42,157 - web_test.multi_agent_thread - INFO - [2] Global state shape after fixing: torch.Size([1, 1, 212])
2026-01-16 18:32:42,157 - multi_agent.multi_agent_system - ERROR - [2] Error in generating action: ReplayBuffer.push() got an unexpected keyword argument 'is_done'
2026-01-16 18:32:42,157 - web_test.multi_agent_thread - ERROR - Thread 2: Error happened
Traceback (most recent call last):
  File "/Users/harryhou/artifacts/web_test/multi_agent_thread.py", line 89, in run
    chosen_action = self.multi_agent_system.get_action(self.current_state, html, self.agent_name,
                                                       self.current_url, self.check_result)
  File "/Users/harryhou/artifacts/multi_agent/multi_agent_system.py", line 93, in get_action
    raise e  # 根据需要，可选择抛异常或返回默认动作
    ^^^^^^^
  File "/Users/harryhou/artifacts/multi_agent/multi_agent_system.py", line 83, in get_action
    chosen_action = self.get_action_algorithm(web_state, html, agent_name)
  File "/Users/harryhou/artifacts/multi_agent/impl/shaq.py", line 237, in get_action_algorithm
    self.update(web_state, html, agent_name)
    ~~~~~~~~~~~^^^^^^^^^^^^^^^^^^^^^^^^^^^^^
  File "/Users/harryhou/artifacts/multi_agent/impl/shaq.py", line 323, in update
    self.replay_buffer_agent[agent_name].push(
    ~~~~~~~~~~~~~~~~~~~~~~~~~~~~~~~~~~~~~~~~~^
        full_tensor.unsqueeze(0),  # 增加 batch 维度
        ^^^^^^^^^^^^^^^^^^^^^^^^^^^^^^^^^^^^^^^^^^^^
    ...<4 lines>...
        is_done=False
        ^^^^^^^^^^^^^
    )
    ^
TypeError: ReplayBuffer.push() got an unexpected keyword argument 'is_done'
2026-01-16 18:32:42,736 - multi_agent.multi_agent_system - ERROR - [4] Error in generating action: <action.impl.click_action.ClickAction object at 0x124f93750>
2026-01-16 18:32:42,736 - web_test.multi_agent_thread - ERROR - Thread 4: Error happened
Traceback (most recent call last):
  File "/Users/harryhou/artifacts/web_test/multi_agent_thread.py", line 89, in run
    chosen_action = self.multi_agent_system.get_action(self.current_state, html, self.agent_name,
                                                       self.current_url, self.check_result)
  File "/Users/harryhou/artifacts/multi_agent/multi_agent_system.py", line 93, in get_action
    raise e  # 根据需要，可选择抛异常或返回默认动作
    ^^^^^^^
  File "/Users/harryhou/artifacts/multi_agent/multi_agent_system.py", line 83, in get_action
    chosen_action = self.get_action_algorithm(web_state, html, agent_name)
  File "/Users/harryhou/artifacts/multi_agent/impl/shaq.py", line 237, in get_action_algorithm
    self.update(web_state, html, agent_name)
    ~~~~~~~~~~~^^^^^^^^^^^^^^^^^^^^^^^^^^^^^
  File "/Users/harryhou/artifacts/multi_agent/impl/shaq.py", line 303, in update
    tensor_next_local = self.get_tensor(prev_action, html, web_state)  # 基于同一动作
  File "/Users/harryhou/artifacts/multi_agent/impl/shaq.py", line 195, in get_tensor
    action_tensor = self.transformer.action_to_tensor(web_state, action, execution_time)
  File "/Users/harryhou/artifacts/transformer/impl/tag_transformer.py", line 34, in action_to_tensor
    details = action_data[action]
              ~~~~~~~~~~~^^^^^^^^
KeyError: <action.impl.click_action.ClickAction object at 0x124f93750>
2026-01-16 18:32:43,808 - web_test.multi_agent_thread - INFO - Thread 2: Webdriver restart successfully
2026-01-16 18:32:44,993 - web_test.multi_agent_thread - INFO - Thread 4: Webdriver restart successfully
