2026-01-16 18:03:04,071 - __main__ - INFO - [Debug] 程序已启动
2026-01-16 18:03:04,071 - __main__ - INFO - [Debug] Chrome Options 配置完成
2026-01-16 18:03:04,071 - __main__ - INFO - [Debug] profile is github-marl-3h-shaq-5agent
2026-01-16 18:03:04,595 - web_test.multi_agent_thread - INFO - SHAQ initializing on device: cpu
2026-01-16 18:03:54,257 - web_test.multi_agent_thread - INFO - Thread 0: Webdriver created successfully
2026-01-16 18:03:54,260 - web_test.multi_agent_thread - INFO - Thread 0: Execution start
2026-01-16 18:03:55,180 - web_test.multi_agent_thread - INFO - Thread 1: Webdriver created successfully
2026-01-16 18:03:55,182 - web_test.multi_agent_thread - INFO - Thread 1: Execution start
2026-01-16 18:03:56,194 - web_test.multi_agent_thread - INFO - Thread 2: Webdriver created successfully
2026-01-16 18:03:56,195 - web_test.multi_agent_thread - INFO - Thread 2: Execution start
2026-01-16 18:03:57,216 - web_test.multi_agent_thread - INFO - Thread 3: Webdriver created successfully
2026-01-16 18:03:57,219 - web_test.multi_agent_thread - INFO - Thread 3: Execution start
2026-01-16 18:03:58,374 - web_test.multi_agent_thread - INFO - Thread 4: Webdriver created successfully
2026-01-16 18:03:58,377 - web_test.multi_agent_thread - INFO - Thread 4: Execution start
2026-01-16 18:04:15,407 - web_test.multi_agent_thread - INFO - Thread 1: Detect browser error: {'level': 'SEVERE', 'message': "https://github.githubassets.com/assets/78298-e2b301acbc0e.js 0:4954 Uncaught DOMException: Failed to execute 'matches' on 'Element': '[open]:not(:modal)' is not a valid selector.", 'source': 'javascript', 'timestamp': 1768557839518}
2026-01-16 18:04:15,407 - web_test.multi_agent_thread - INFO - Thread 1: Detect browser error: {'level': 'SEVERE', 'message': "https://github.githubassets.com/assets/78298-e2b301acbc0e.js 0:4954 Uncaught DOMException: Failed to execute 'matches' on 'Element': '[open]:not(:modal)' is not a valid selector.", 'source': 'javascript', 'timestamp': 1768557839521}
2026-01-16 18:04:15,407 - web_test.multi_agent_thread - INFO - Thread 1: Detect browser error: {'level': 'WARNING', 'message': 'https://github.githubassets.com/assets/14312-5e06208defc2.js 9 Deprecated API for given entry type.', 'source': 'javascript', 'timestamp': 1768557840003}
2026-01-16 18:04:15,407 - web_test.multi_agent_thread - INFO - Thread 1: Detect browser error: {'level': 'WARNING', 'message': "https://github.com/ - The resource https://github.githubassets.com/assets/mona-sans-14595085164a.woff2 was preloaded using link preload but not used within a few seconds from the window's load event. Please make sure it has an appropriate `as` value and it is preloaded intentionally.", 'source': 'javascript', 'timestamp': 1768557846501}
2026-01-16 18:04:15,407 - web_test.multi_agent_thread - INFO - Thread 1: Detect browser error: {'level': 'WARNING', 'message': "https://github.com/ - The resource https://github.githubassets.com/assets/mona-sans-14595085164a.woff2 was preloaded using link preload but not used within a few seconds from the window's load event. Please make sure it has an appropriate `as` value and it is preloaded intentionally.", 'source': 'javascript', 'timestamp': 1768557850226}
2026-01-16 18:04:15,408 - web_test.multi_agent_thread - INFO - Thread 1: Initial state: ActionSetWithExecutionTimesState(action_number=101, action_execution_time_histogram=[101, 0, 0, 0, 0, 0, 0, 0, 0, 0], url=https://github.com/)
2026-01-16 18:04:16,441 - web_test.multi_agent_thread - INFO - Thread 0: Detect browser error: {'level': 'SEVERE', 'message': "https://github.githubassets.com/assets/78298-e2b301acbc0e.js 0:4954 Uncaught DOMException: Failed to execute 'matches' on 'Element': '[open]:not(:modal)' is not a valid selector.", 'source': 'javascript', 'timestamp': 1768557838839}
2026-01-16 18:04:16,441 - web_test.multi_agent_thread - INFO - Thread 0: Detect browser error: {'level': 'SEVERE', 'message': "https://github.githubassets.com/assets/78298-e2b301acbc0e.js 0:4954 Uncaught DOMException: Failed to execute 'matches' on 'Element': '[open]:not(:modal)' is not a valid selector.", 'source': 'javascript', 'timestamp': 1768557838841}
2026-01-16 18:04:16,441 - web_test.multi_agent_thread - INFO - Thread 0: Detect browser error: {'level': 'WARNING', 'message': 'https://github.githubassets.com/assets/14312-5e06208defc2.js 9 Deprecated API for given entry type.', 'source': 'javascript', 'timestamp': 1768557840004}
2026-01-16 18:04:16,441 - web_test.multi_agent_thread - INFO - Thread 0: Detect browser error: {'level': 'WARNING', 'message': "https://github.com/ - The resource https://github.githubassets.com/assets/mona-sans-14595085164a.woff2 was preloaded using link preload but not used within a few seconds from the window's load event. Please make sure it has an appropriate `as` value and it is preloaded intentionally.", 'source': 'javascript', 'timestamp': 1768557847480}
2026-01-16 18:04:16,441 - web_test.multi_agent_thread - INFO - Thread 0: Initial state: ActionSetWithExecutionTimesState(action_number=101, action_execution_time_histogram=[101, 0, 0, 0, 0, 0, 0, 0, 0, 0], url=https://github.com/)
2026-01-16 18:04:17,522 - web_test.multi_agent_thread - INFO - Thread 3: Detect browser error: {'level': 'SEVERE', 'message': "https://github.githubassets.com/assets/78298-e2b301acbc0e.js 0:4954 Uncaught DOMException: Failed to execute 'matches' on 'Element': '[open]:not(:modal)' is not a valid selector.", 'source': 'javascript', 'timestamp': 1768557841766}
2026-01-16 18:04:17,523 - web_test.multi_agent_thread - INFO - Thread 3: Detect browser error: {'level': 'SEVERE', 'message': "https://github.githubassets.com/assets/78298-e2b301acbc0e.js 0:4954 Uncaught DOMException: Failed to execute 'matches' on 'Element': '[open]:not(:modal)' is not a valid selector.", 'source': 'javascript', 'timestamp': 1768557841769}
2026-01-16 18:04:17,523 - web_test.multi_agent_thread - INFO - Thread 3: Detect browser error: {'level': 'WARNING', 'message': 'https://github.githubassets.com/assets/14312-5e06208defc2.js 9 Deprecated API for given entry type.', 'source': 'javascript', 'timestamp': 1768557842165}
2026-01-16 18:04:17,523 - web_test.multi_agent_thread - INFO - Thread 3: Detect browser error: {'level': 'WARNING', 'message': "https://github.com/ - The resource https://github.githubassets.com/assets/mona-sans-14595085164a.woff2 was preloaded using link preload but not used within a few seconds from the window's load event. Please make sure it has an appropriate `as` value and it is preloaded intentionally.", 'source': 'javascript', 'timestamp': 1768557848164}
2026-01-16 18:04:17,523 - web_test.multi_agent_thread - INFO - Thread 3: Detect browser error: {'level': 'WARNING', 'message': "https://github.com/ - The resource https://github.githubassets.com/assets/mona-sans-14595085164a.woff2 was preloaded using link preload but not used within a few seconds from the window's load event. Please make sure it has an appropriate `as` value and it is preloaded intentionally.", 'source': 'javascript', 'timestamp': 1768557852119}
2026-01-16 18:04:17,523 - web_test.multi_agent_thread - INFO - Thread 3: Initial state: ActionSetWithExecutionTimesState(action_number=101, action_execution_time_histogram=[101, 0, 0, 0, 0, 0, 0, 0, 0, 0], url=https://github.com/)
2026-01-16 18:04:18,587 - web_test.multi_agent_thread - INFO - Thread 2: Detect browser error: {'level': 'SEVERE', 'message': "https://github.githubassets.com/assets/78298-e2b301acbc0e.js 0:4954 Uncaught DOMException: Failed to execute 'matches' on 'Element': '[open]:not(:modal)' is not a valid selector.", 'source': 'javascript', 'timestamp': 1768557840928}
2026-01-16 18:04:18,588 - web_test.multi_agent_thread - INFO - Thread 2: Detect browser error: {'level': 'SEVERE', 'message': "https://github.githubassets.com/assets/78298-e2b301acbc0e.js 0:4954 Uncaught DOMException: Failed to execute 'matches' on 'Element': '[open]:not(:modal)' is not a valid selector.", 'source': 'javascript', 'timestamp': 1768557840931}
2026-01-16 18:04:18,588 - web_test.multi_agent_thread - INFO - Thread 2: Detect browser error: {'level': 'WARNING', 'message': 'https://github.githubassets.com/assets/14312-5e06208defc2.js 9 Deprecated API for given entry type.', 'source': 'javascript', 'timestamp': 1768557841884}
2026-01-16 18:04:18,588 - web_test.multi_agent_thread - INFO - Thread 2: Detect browser error: {'level': 'WARNING', 'message': "https://github.com/ - The resource https://github.githubassets.com/assets/mona-sans-14595085164a.woff2 was preloaded using link preload but not used within a few seconds from the window's load event. Please make sure it has an appropriate `as` value and it is preloaded intentionally.", 'source': 'javascript', 'timestamp': 1768557849413}
2026-01-16 18:04:18,588 - web_test.multi_agent_thread - INFO - Thread 2: Detect browser error: {'level': 'WARNING', 'message': "https://github.com/ - The resource https://github.githubassets.com/assets/mona-sans-14595085164a.woff2 was preloaded using link preload but not used within a few seconds from the window's load event. Please make sure it has an appropriate `as` value and it is preloaded intentionally.", 'source': 'javascript', 'timestamp': 1768557853163}
2026-01-16 18:04:18,588 - web_test.multi_agent_thread - INFO - Thread 2: Initial state: ActionSetWithExecutionTimesState(action_number=101, action_execution_time_histogram=[101, 0, 0, 0, 0, 0, 0, 0, 0, 0], url=https://github.com/)
2026-01-16 18:04:20,250 - web_test.multi_agent_thread - INFO - Thread 4: Detect browser error: {'level': 'SEVERE', 'message': "https://github.githubassets.com/assets/78298-e2b301acbc0e.js 0:4954 Uncaught DOMException: Failed to execute 'matches' on 'Element': '[open]:not(:modal)' is not a valid selector.", 'source': 'javascript', 'timestamp': 1768557843128}
2026-01-16 18:04:20,250 - web_test.multi_agent_thread - INFO - Thread 4: Detect browser error: {'level': 'SEVERE', 'message': "https://github.githubassets.com/assets/78298-e2b301acbc0e.js 0:4954 Uncaught DOMException: Failed to execute 'matches' on 'Element': '[open]:not(:modal)' is not a valid selector.", 'source': 'javascript', 'timestamp': 1768557843131}
2026-01-16 18:04:20,250 - web_test.multi_agent_thread - INFO - Thread 4: Detect browser error: {'level': 'WARNING', 'message': 'https://github.githubassets.com/assets/14312-5e06208defc2.js 9 Deprecated API for given entry type.', 'source': 'javascript', 'timestamp': 1768557844217}
2026-01-16 18:04:20,250 - web_test.multi_agent_thread - INFO - Thread 4: Detect browser error: {'level': 'WARNING', 'message': "https://github.com/ - The resource https://github.githubassets.com/assets/mona-sans-14595085164a.woff2 was preloaded using link preload but not used within a few seconds from the window's load event. Please make sure it has an appropriate `as` value and it is preloaded intentionally.", 'source': 'javascript', 'timestamp': 1768557851316}
2026-01-16 18:04:20,250 - web_test.multi_agent_thread - INFO - Thread 4: Detect browser error: {'level': 'WARNING', 'message': "https://github.com/ - The resource https://github.githubassets.com/assets/mona-sans-14595085164a.woff2 was preloaded using link preload but not used within a few seconds from the window's load event. Please make sure it has an appropriate `as` value and it is preloaded intentionally.", 'source': 'javascript', 'timestamp': 1768557855212}
2026-01-16 18:04:20,250 - web_test.multi_agent_thread - INFO - Thread 4: Initial state: ActionSetWithExecutionTimesState(action_number=101, action_execution_time_histogram=[101, 0, 0, 0, 0, 0, 0, 0, 0, 0], url=https://github.com/)
2026-01-16 18:04:25,751 - web_test.multi_agent_thread - ERROR - Thread 1: Error happened
Traceback (most recent call last):
  File "/Users/harryhou/artifacts/web_test/multi_agent_thread.py", line 89, in run
    chosen_action = self.multi_agent_system.get_action(self.current_state, html, self.agent_name,
                                                       self.current_url, self.check_result)
  File "/Users/harryhou/artifacts/multi_agent/multi_agent_system.py", line 54, in get_action
    choose_action = self.get_action_algorithm(web_state, html, agent_name)
  File "/Users/harryhou/artifacts/multi_agent/impl/shaq.py", line 225, in get_action_algorithm
    q_values = self.agents_q[agent_name](input_tensor).flatten()
               ~~~~~~~~~~~~~~~~~~~~~~~~~^^^^^^^^^^^^^^
  File "/Users/harryhou/miniconda3/lib/python3.13/site-packages/torch/nn/modules/module.py", line 1775, in _wrapped_call_impl
    return self._call_impl(*args, **kwargs)
           ~~~~~~~~~~~~~~~^^^^^^^^^^^^^^^^^
  File "/Users/harryhou/miniconda3/lib/python3.13/site-packages/torch/nn/modules/module.py", line 1786, in _call_impl
    return forward_call(*args, **kwargs)
  File "/Users/harryhou/artifacts/model/dense_net.py", line 75, in forward
    x = self.conv1(x)
  File "/Users/harryhou/miniconda3/lib/python3.13/site-packages/torch/nn/modules/module.py", line 1775, in _wrapped_call_impl
    return self._call_impl(*args, **kwargs)
           ~~~~~~~~~~~~~~~^^^^^^^^^^^^^^^^^
  File "/Users/harryhou/miniconda3/lib/python3.13/site-packages/torch/nn/modules/module.py", line 1786, in _call_impl
    return forward_call(*args, **kwargs)
  File "/Users/harryhou/miniconda3/lib/python3.13/site-packages/torch/nn/modules/conv.py", line 371, in forward
    return self._conv_forward(input, self.weight, self.bias)
           ~~~~~~~~~~~~~~~~~~^^^^^^^^^^^^^^^^^^^^^^^^^^^^^^^
  File "/Users/harryhou/miniconda3/lib/python3.13/site-packages/torch/nn/modules/conv.py", line 366, in _conv_forward
    return F.conv1d(
           ~~~~~~~~^
        input, weight, bias, self.stride, self.padding, self.dilation, self.groups
        ^^^^^^^^^^^^^^^^^^^^^^^^^^^^^^^^^^^^^^^^^^^^^^^^^^^^^^^^^^^^^^^^^^^^^^^^^^
    )
    ^
RuntimeError: Given groups=1, weight of size [24, 1, 7], expected input[1, 101, 52] to have 1 channels, but got 101 channels instead
2026-01-16 18:04:26,732 - web_test.multi_agent_thread - ERROR - Thread 0: Error happened
Traceback (most recent call last):
  File "/Users/harryhou/artifacts/web_test/multi_agent_thread.py", line 89, in run
    chosen_action = self.multi_agent_system.get_action(self.current_state, html, self.agent_name,
                                                       self.current_url, self.check_result)
  File "/Users/harryhou/artifacts/multi_agent/multi_agent_system.py", line 54, in get_action
    choose_action = self.get_action_algorithm(web_state, html, agent_name)
  File "/Users/harryhou/artifacts/multi_agent/impl/shaq.py", line 225, in get_action_algorithm
    q_values = self.agents_q[agent_name](input_tensor).flatten()
               ~~~~~~~~~~~~~~~~~~~~~~~~~^^^^^^^^^^^^^^
  File "/Users/harryhou/miniconda3/lib/python3.13/site-packages/torch/nn/modules/module.py", line 1775, in _wrapped_call_impl
    return self._call_impl(*args, **kwargs)
           ~~~~~~~~~~~~~~~^^^^^^^^^^^^^^^^^
  File "/Users/harryhou/miniconda3/lib/python3.13/site-packages/torch/nn/modules/module.py", line 1786, in _call_impl
    return forward_call(*args, **kwargs)
  File "/Users/harryhou/artifacts/model/dense_net.py", line 75, in forward
    x = self.conv1(x)
  File "/Users/harryhou/miniconda3/lib/python3.13/site-packages/torch/nn/modules/module.py", line 1775, in _wrapped_call_impl
    return self._call_impl(*args, **kwargs)
           ~~~~~~~~~~~~~~~^^^^^^^^^^^^^^^^^
  File "/Users/harryhou/miniconda3/lib/python3.13/site-packages/torch/nn/modules/module.py", line 1786, in _call_impl
    return forward_call(*args, **kwargs)
  File "/Users/harryhou/miniconda3/lib/python3.13/site-packages/torch/nn/modules/conv.py", line 371, in forward
    return self._conv_forward(input, self.weight, self.bias)
           ~~~~~~~~~~~~~~~~~~^^^^^^^^^^^^^^^^^^^^^^^^^^^^^^^
  File "/Users/harryhou/miniconda3/lib/python3.13/site-packages/torch/nn/modules/conv.py", line 366, in _conv_forward
    return F.conv1d(
           ~~~~~~~~^
        input, weight, bias, self.stride, self.padding, self.dilation, self.groups
        ^^^^^^^^^^^^^^^^^^^^^^^^^^^^^^^^^^^^^^^^^^^^^^^^^^^^^^^^^^^^^^^^^^^^^^^^^^
    )
    ^
RuntimeError: Given groups=1, weight of size [24, 1, 7], expected input[1, 101, 52] to have 1 channels, but got 101 channels instead
2026-01-16 18:04:26,895 - web_test.multi_agent_thread - INFO - Thread 1: Webdriver restart successfully
2026-01-16 18:04:27,785 - web_test.multi_agent_thread - INFO - Thread 0: Webdriver restart successfully
2026-01-16 18:04:27,804 - web_test.multi_agent_thread - ERROR - Thread 3: Error happened
Traceback (most recent call last):
  File "/Users/harryhou/artifacts/web_test/multi_agent_thread.py", line 89, in run
    chosen_action = self.multi_agent_system.get_action(self.current_state, html, self.agent_name,
                                                       self.current_url, self.check_result)
  File "/Users/harryhou/artifacts/multi_agent/multi_agent_system.py", line 54, in get_action
    choose_action = self.get_action_algorithm(web_state, html, agent_name)
  File "/Users/harryhou/artifacts/multi_agent/impl/shaq.py", line 225, in get_action_algorithm
    q_values = self.agents_q[agent_name](input_tensor).flatten()
               ~~~~~~~~~~~~~~~~~~~~~~~~~^^^^^^^^^^^^^^
  File "/Users/harryhou/miniconda3/lib/python3.13/site-packages/torch/nn/modules/module.py", line 1775, in _wrapped_call_impl
    return self._call_impl(*args, **kwargs)
           ~~~~~~~~~~~~~~~^^^^^^^^^^^^^^^^^
  File "/Users/harryhou/miniconda3/lib/python3.13/site-packages/torch/nn/modules/module.py", line 1786, in _call_impl
    return forward_call(*args, **kwargs)
  File "/Users/harryhou/artifacts/model/dense_net.py", line 75, in forward
    x = self.conv1(x)
  File "/Users/harryhou/miniconda3/lib/python3.13/site-packages/torch/nn/modules/module.py", line 1775, in _wrapped_call_impl
    return self._call_impl(*args, **kwargs)
           ~~~~~~~~~~~~~~~^^^^^^^^^^^^^^^^^
  File "/Users/harryhou/miniconda3/lib/python3.13/site-packages/torch/nn/modules/module.py", line 1786, in _call_impl
    return forward_call(*args, **kwargs)
  File "/Users/harryhou/miniconda3/lib/python3.13/site-packages/torch/nn/modules/conv.py", line 371, in forward
    return self._conv_forward(input, self.weight, self.bias)
           ~~~~~~~~~~~~~~~~~~^^^^^^^^^^^^^^^^^^^^^^^^^^^^^^^
  File "/Users/harryhou/miniconda3/lib/python3.13/site-packages/torch/nn/modules/conv.py", line 366, in _conv_forward
    return F.conv1d(
           ~~~~~~~~^
        input, weight, bias, self.stride, self.padding, self.dilation, self.groups
        ^^^^^^^^^^^^^^^^^^^^^^^^^^^^^^^^^^^^^^^^^^^^^^^^^^^^^^^^^^^^^^^^^^^^^^^^^^
    )
    ^
RuntimeError: Given groups=1, weight of size [24, 1, 7], expected input[1, 101, 52] to have 1 channels, but got 101 channels instead
2026-01-16 18:04:28,916 - web_test.multi_agent_thread - INFO - Thread 3: Webdriver restart successfully
2026-01-16 18:04:28,929 - web_test.multi_agent_thread - ERROR - Thread 2: Error happened
Traceback (most recent call last):
  File "/Users/harryhou/artifacts/web_test/multi_agent_thread.py", line 89, in run
    chosen_action = self.multi_agent_system.get_action(self.current_state, html, self.agent_name,
                                                       self.current_url, self.check_result)
  File "/Users/harryhou/artifacts/multi_agent/multi_agent_system.py", line 54, in get_action
    choose_action = self.get_action_algorithm(web_state, html, agent_name)
  File "/Users/harryhou/artifacts/multi_agent/impl/shaq.py", line 225, in get_action_algorithm
    q_values = self.agents_q[agent_name](input_tensor).flatten()
               ~~~~~~~~~~~~~~~~~~~~~~~~~^^^^^^^^^^^^^^
  File "/Users/harryhou/miniconda3/lib/python3.13/site-packages/torch/nn/modules/module.py", line 1775, in _wrapped_call_impl
    return self._call_impl(*args, **kwargs)
           ~~~~~~~~~~~~~~~^^^^^^^^^^^^^^^^^
  File "/Users/harryhou/miniconda3/lib/python3.13/site-packages/torch/nn/modules/module.py", line 1786, in _call_impl
    return forward_call(*args, **kwargs)
  File "/Users/harryhou/artifacts/model/dense_net.py", line 75, in forward
    x = self.conv1(x)
  File "/Users/harryhou/miniconda3/lib/python3.13/site-packages/torch/nn/modules/module.py", line 1775, in _wrapped_call_impl
    return self._call_impl(*args, **kwargs)
           ~~~~~~~~~~~~~~~^^^^^^^^^^^^^^^^^
  File "/Users/harryhou/miniconda3/lib/python3.13/site-packages/torch/nn/modules/module.py", line 1786, in _call_impl
    return forward_call(*args, **kwargs)
  File "/Users/harryhou/miniconda3/lib/python3.13/site-packages/torch/nn/modules/conv.py", line 371, in forward
    return self._conv_forward(input, self.weight, self.bias)
           ~~~~~~~~~~~~~~~~~~^^^^^^^^^^^^^^^^^^^^^^^^^^^^^^^
  File "/Users/harryhou/miniconda3/lib/python3.13/site-packages/torch/nn/modules/conv.py", line 366, in _conv_forward
    return F.conv1d(
           ~~~~~~~~^
        input, weight, bias, self.stride, self.padding, self.dilation, self.groups
        ^^^^^^^^^^^^^^^^^^^^^^^^^^^^^^^^^^^^^^^^^^^^^^^^^^^^^^^^^^^^^^^^^^^^^^^^^^
    )
    ^
RuntimeError: Given groups=1, weight of size [24, 1, 7], expected input[1, 101, 52] to have 1 channels, but got 101 channels instead
2026-01-16 18:04:30,034 - web_test.multi_agent_thread - INFO - Thread 2: Webdriver restart successfully
2026-01-16 18:04:30,575 - web_test.multi_agent_thread - ERROR - Thread 4: Error happened
Traceback (most recent call last):
  File "/Users/harryhou/artifacts/web_test/multi_agent_thread.py", line 89, in run
    chosen_action = self.multi_agent_system.get_action(self.current_state, html, self.agent_name,
                                                       self.current_url, self.check_result)
  File "/Users/harryhou/artifacts/multi_agent/multi_agent_system.py", line 54, in get_action
    choose_action = self.get_action_algorithm(web_state, html, agent_name)
  File "/Users/harryhou/artifacts/multi_agent/impl/shaq.py", line 225, in get_action_algorithm
    q_values = self.agents_q[agent_name](input_tensor).flatten()
               ~~~~~~~~~~~~~~~~~~~~~~~~~^^^^^^^^^^^^^^
  File "/Users/harryhou/miniconda3/lib/python3.13/site-packages/torch/nn/modules/module.py", line 1775, in _wrapped_call_impl
    return self._call_impl(*args, **kwargs)
           ~~~~~~~~~~~~~~~^^^^^^^^^^^^^^^^^
  File "/Users/harryhou/miniconda3/lib/python3.13/site-packages/torch/nn/modules/module.py", line 1786, in _call_impl
    return forward_call(*args, **kwargs)
  File "/Users/harryhou/artifacts/model/dense_net.py", line 75, in forward
    x = self.conv1(x)
  File "/Users/harryhou/miniconda3/lib/python3.13/site-packages/torch/nn/modules/module.py", line 1775, in _wrapped_call_impl
    return self._call_impl(*args, **kwargs)
           ~~~~~~~~~~~~~~~^^^^^^^^^^^^^^^^^
  File "/Users/harryhou/miniconda3/lib/python3.13/site-packages/torch/nn/modules/module.py", line 1786, in _call_impl
    return forward_call(*args, **kwargs)
  File "/Users/harryhou/miniconda3/lib/python3.13/site-packages/torch/nn/modules/conv.py", line 371, in forward
    return self._conv_forward(input, self.weight, self.bias)
           ~~~~~~~~~~~~~~~~~~^^^^^^^^^^^^^^^^^^^^^^^^^^^^^^^
  File "/Users/harryhou/miniconda3/lib/python3.13/site-packages/torch/nn/modules/conv.py", line 366, in _conv_forward
    return F.conv1d(
           ~~~~~~~~^
        input, weight, bias, self.stride, self.padding, self.dilation, self.groups
        ^^^^^^^^^^^^^^^^^^^^^^^^^^^^^^^^^^^^^^^^^^^^^^^^^^^^^^^^^^^^^^^^^^^^^^^^^^
    )
    ^
RuntimeError: Given groups=1, weight of size [24, 1, 7], expected input[1, 101, 52] to have 1 channels, but got 101 channels instead
2026-01-16 18:04:32,277 - web_test.multi_agent_thread - INFO - Thread 4: Webdriver restart successfully
2026-01-16 18:04:45,090 - web_test.multi_agent_thread - INFO - Thread 1: Detect browser error: {'level': 'SEVERE', 'message': "https://github.githubassets.com/assets/78298-e2b301acbc0e.js 0:4954 Uncaught DOMException: Failed to execute 'matches' on 'Element': '[open]:not(:modal)' is not a valid selector.", 'source': 'javascript', 'timestamp': 1768557871039}
2026-01-16 18:04:45,091 - web_test.multi_agent_thread - INFO - Thread 1: Detect browser error: {'level': 'SEVERE', 'message': "https://github.githubassets.com/assets/78298-e2b301acbc0e.js 0:4954 Uncaught DOMException: Failed to execute 'matches' on 'Element': '[open]:not(:modal)' is not a valid selector.", 'source': 'javascript', 'timestamp': 1768557871042}
2026-01-16 18:04:45,091 - web_test.multi_agent_thread - INFO - Thread 1: Detect browser error: {'level': 'WARNING', 'message': 'https://github.githubassets.com/assets/14312-5e06208defc2.js 9 Deprecated API for given entry type.', 'source': 'javascript', 'timestamp': 1768557871264}
2026-01-16 18:04:45,091 - web_test.multi_agent_thread - INFO - Thread 1: Detect browser error: {'level': 'WARNING', 'message': "https://github.com/ - The resource https://github.githubassets.com/assets/mona-sans-14595085164a.woff2 was preloaded using link preload but not used within a few seconds from the window's load event. Please make sure it has an appropriate `as` value and it is preloaded intentionally.", 'source': 'javascript', 'timestamp': 1768557877508}
2026-01-16 18:04:45,091 - web_test.multi_agent_thread - INFO - Thread 1: Detect browser error: {'level': 'WARNING', 'message': "https://github.com/ - The resource https://github.githubassets.com/assets/mona-sans-14595085164a.woff2 was preloaded using link preload but not used within a few seconds from the window's load event. Please make sure it has an appropriate `as` value and it is preloaded intentionally.", 'source': 'javascript', 'timestamp': 1768557881446}
2026-01-16 18:04:45,092 - web_test.multi_agent_thread - INFO - Thread 1: Initial state: ActionSetWithExecutionTimesState(action_number=101, action_execution_time_histogram=[101, 0, 0, 0, 0, 0, 0, 0, 0, 0], url=https://github.com/)
2026-01-16 18:04:45,859 - web_test.multi_agent_thread - INFO - Thread 0: Detect browser error: {'level': 'SEVERE', 'message': "https://github.githubassets.com/assets/78298-e2b301acbc0e.js 0:4954 Uncaught DOMException: Failed to execute 'matches' on 'Element': '[open]:not(:modal)' is not a valid selector.", 'source': 'javascript', 'timestamp': 1768557872109}
2026-01-16 18:04:45,859 - web_test.multi_agent_thread - INFO - Thread 0: Detect browser error: {'level': 'SEVERE', 'message': "https://github.githubassets.com/assets/78298-e2b301acbc0e.js 0:4954 Uncaught DOMException: Failed to execute 'matches' on 'Element': '[open]:not(:modal)' is not a valid selector.", 'source': 'javascript', 'timestamp': 1768557872112}
2026-01-16 18:04:45,860 - web_test.multi_agent_thread - INFO - Thread 0: Detect browser error: {'level': 'WARNING', 'message': 'https://github.githubassets.com/assets/14312-5e06208defc2.js 9 Deprecated API for given entry type.', 'source': 'javascript', 'timestamp': 1768557872639}
2026-01-16 18:04:45,860 - web_test.multi_agent_thread - INFO - Thread 0: Detect browser error: {'level': 'WARNING', 'message': "https://github.com/ - The resource https://github.githubassets.com/assets/mona-sans-14595085164a.woff2 was preloaded using link preload but not used within a few seconds from the window's load event. Please make sure it has an appropriate `as` value and it is preloaded intentionally.", 'source': 'javascript', 'timestamp': 1768557878764}
2026-01-16 18:04:45,860 - web_test.multi_agent_thread - INFO - Thread 0: Detect browser error: {'level': 'WARNING', 'message': "https://github.com/ - The resource https://github.githubassets.com/assets/mona-sans-14595085164a.woff2 was preloaded using link preload but not used within a few seconds from the window's load event. Please make sure it has an appropriate `as` value and it is preloaded intentionally.", 'source': 'javascript', 'timestamp': 1768557882882}
2026-01-16 18:04:45,860 - web_test.multi_agent_thread - INFO - Thread 0: Initial state: ActionSetWithExecutionTimesState(action_number=101, action_execution_time_histogram=[101, 0, 0, 0, 0, 0, 0, 0, 0, 0], url=https://github.com/)
2026-01-16 18:04:47,386 - web_test.multi_agent_thread - INFO - Thread 2: Detect browser error: {'level': 'SEVERE', 'message': "https://github.githubassets.com/assets/78298-e2b301acbc0e.js 0:4954 Uncaught DOMException: Failed to execute 'matches' on 'Element': '[open]:not(:modal)' is not a valid selector.", 'source': 'javascript', 'timestamp': 1768557874410}
2026-01-16 18:04:47,386 - web_test.multi_agent_thread - INFO - Thread 2: Detect browser error: {'level': 'SEVERE', 'message': "https://github.githubassets.com/assets/78298-e2b301acbc0e.js 0:4954 Uncaught DOMException: Failed to execute 'matches' on 'Element': '[open]:not(:modal)' is not a valid selector.", 'source': 'javascript', 'timestamp': 1768557874414}
2026-01-16 18:04:47,386 - web_test.multi_agent_thread - INFO - Thread 2: Detect browser error: {'level': 'WARNING', 'message': 'https://github.githubassets.com/assets/14312-5e06208defc2.js 9 Deprecated API for given entry type.', 'source': 'javascript', 'timestamp': 1768557875507}
2026-01-16 18:04:47,386 - web_test.multi_agent_thread - INFO - Thread 2: Detect browser error: {'level': 'WARNING', 'message': "https://github.com/ - The resource https://github.githubassets.com/assets/mona-sans-14595085164a.woff2 was preloaded using link preload but not used within a few seconds from the window's load event. Please make sure it has an appropriate `as` value and it is preloaded intentionally.", 'source': 'javascript', 'timestamp': 1768557882574}
2026-01-16 18:04:47,386 - web_test.multi_agent_thread - INFO - Thread 2: Detect browser error: {'level': 'WARNING', 'message': "https://github.com/ - The resource https://github.githubassets.com/assets/mona-sans-14595085164a.woff2 was preloaded using link preload but not used within a few seconds from the window's load event. Please make sure it has an appropriate `as` value and it is preloaded intentionally.", 'source': 'javascript', 'timestamp': 1768557886604}
2026-01-16 18:04:47,386 - web_test.multi_agent_thread - INFO - Thread 2: Initial state: ActionSetWithExecutionTimesState(action_number=101, action_execution_time_histogram=[101, 0, 0, 0, 0, 0, 0, 0, 0, 0], url=https://github.com/)
2026-01-16 18:04:47,918 - web_test.multi_agent_thread - INFO - Thread 3: Detect browser error: {'level': 'SEVERE', 'message': "https://github.githubassets.com/assets/78298-e2b301acbc0e.js 0:4954 Uncaught DOMException: Failed to execute 'matches' on 'Element': '[open]:not(:modal)' is not a valid selector.", 'source': 'javascript', 'timestamp': 1768557873329}
2026-01-16 18:04:47,918 - web_test.multi_agent_thread - INFO - Thread 3: Detect browser error: {'level': 'SEVERE', 'message': "https://github.githubassets.com/assets/78298-e2b301acbc0e.js 0:4954 Uncaught DOMException: Failed to execute 'matches' on 'Element': '[open]:not(:modal)' is not a valid selector.", 'source': 'javascript', 'timestamp': 1768557873334}
2026-01-16 18:04:47,918 - web_test.multi_agent_thread - INFO - Thread 3: Detect browser error: {'level': 'WARNING', 'message': 'https://github.githubassets.com/assets/14312-5e06208defc2.js 9 Deprecated API for given entry type.', 'source': 'javascript', 'timestamp': 1768557874501}
2026-01-16 18:04:47,918 - web_test.multi_agent_thread - INFO - Thread 3: Detect browser error: {'level': 'WARNING', 'message': "https://github.com/ - The resource https://github.githubassets.com/assets/mona-sans-14595085164a.woff2 was preloaded using link preload but not used within a few seconds from the window's load event. Please make sure it has an appropriate `as` value and it is preloaded intentionally.", 'source': 'javascript', 'timestamp': 1768557880429}
2026-01-16 18:04:47,918 - web_test.multi_agent_thread - INFO - Thread 3: Initial state: ActionSetWithExecutionTimesState(action_number=103, action_execution_time_histogram=[103, 0, 0, 0, 0, 0, 0, 0, 0, 0], url=https://github.com/)
2026-01-16 18:04:48,739 - web_test.multi_agent_thread - INFO - Thread 4: Detect browser error: {'level': 'SEVERE', 'message': "https://github.githubassets.com/assets/78298-e2b301acbc0e.js 0:4954 Uncaught DOMException: Failed to execute 'matches' on 'Element': '[open]:not(:modal)' is not a valid selector.", 'source': 'javascript', 'timestamp': 1768557876636}
2026-01-16 18:04:48,739 - web_test.multi_agent_thread - INFO - Thread 4: Detect browser error: {'level': 'SEVERE', 'message': "https://github.githubassets.com/assets/78298-e2b301acbc0e.js 0:4954 Uncaught DOMException: Failed to execute 'matches' on 'Element': '[open]:not(:modal)' is not a valid selector.", 'source': 'javascript', 'timestamp': 1768557876643}
2026-01-16 18:04:48,739 - web_test.multi_agent_thread - INFO - Thread 4: Detect browser error: {'level': 'WARNING', 'message': 'https://github.githubassets.com/assets/14312-5e06208defc2.js 9 Deprecated API for given entry type.', 'source': 'javascript', 'timestamp': 1768557877761}
2026-01-16 18:04:48,739 - web_test.multi_agent_thread - INFO - Thread 4: Detect browser error: {'level': 'WARNING', 'message': "https://github.com/ - The resource https://github.githubassets.com/assets/mona-sans-14595085164a.woff2 was preloaded using link preload but not used within a few seconds from the window's load event. Please make sure it has an appropriate `as` value and it is preloaded intentionally.", 'source': 'javascript', 'timestamp': 1768557885117}
2026-01-16 18:04:48,739 - web_test.multi_agent_thread - INFO - Thread 4: Initial state: ActionSetWithExecutionTimesState(action_number=101, action_execution_time_histogram=[101, 0, 0, 0, 0, 0, 0, 0, 0, 0], url=https://github.com/)
2026-01-16 18:04:55,391 - web_test.multi_agent_thread - ERROR - Thread 1: Error happened
Traceback (most recent call last):
  File "/Users/harryhou/artifacts/web_test/multi_agent_thread.py", line 89, in run
    chosen_action = self.multi_agent_system.get_action(self.current_state, html, self.agent_name,
                                                       self.current_url, self.check_result)
  File "/Users/harryhou/artifacts/multi_agent/multi_agent_system.py", line 54, in get_action
    choose_action = self.get_action_algorithm(web_state, html, agent_name)
  File "/Users/harryhou/artifacts/multi_agent/impl/shaq.py", line 225, in get_action_algorithm
    q_values = self.agents_q[agent_name](input_tensor).flatten()
               ~~~~~~~~~~~~~~~~~~~~~~~~~^^^^^^^^^^^^^^
  File "/Users/harryhou/miniconda3/lib/python3.13/site-packages/torch/nn/modules/module.py", line 1775, in _wrapped_call_impl
    return self._call_impl(*args, **kwargs)
           ~~~~~~~~~~~~~~~^^^^^^^^^^^^^^^^^
  File "/Users/harryhou/miniconda3/lib/python3.13/site-packages/torch/nn/modules/module.py", line 1786, in _call_impl
    return forward_call(*args, **kwargs)
  File "/Users/harryhou/artifacts/model/dense_net.py", line 75, in forward
    x = self.conv1(x)
  File "/Users/harryhou/miniconda3/lib/python3.13/site-packages/torch/nn/modules/module.py", line 1775, in _wrapped_call_impl
    return self._call_impl(*args, **kwargs)
           ~~~~~~~~~~~~~~~^^^^^^^^^^^^^^^^^
  File "/Users/harryhou/miniconda3/lib/python3.13/site-packages/torch/nn/modules/module.py", line 1786, in _call_impl
    return forward_call(*args, **kwargs)
  File "/Users/harryhou/miniconda3/lib/python3.13/site-packages/torch/nn/modules/conv.py", line 371, in forward
    return self._conv_forward(input, self.weight, self.bias)
           ~~~~~~~~~~~~~~~~~~^^^^^^^^^^^^^^^^^^^^^^^^^^^^^^^
  File "/Users/harryhou/miniconda3/lib/python3.13/site-packages/torch/nn/modules/conv.py", line 366, in _conv_forward
    return F.conv1d(
           ~~~~~~~~^
        input, weight, bias, self.stride, self.padding, self.dilation, self.groups
        ^^^^^^^^^^^^^^^^^^^^^^^^^^^^^^^^^^^^^^^^^^^^^^^^^^^^^^^^^^^^^^^^^^^^^^^^^^
    )
    ^
RuntimeError: Given groups=1, weight of size [24, 1, 7], expected input[1, 101, 52] to have 1 channels, but got 101 channels instead
